INFO:root:creat table start...
INFO:root:2017-05-26 15:41:31
ERROR:root:argument must be 9-item sequence, not datetime.datetime
INFO:root:creat appPnt table start...
INFO:root:2017-05-26 15:44:17
INFO:root:create feature-->C:\Users\Administrator\AppData\Roaming\ESRI\Desktop10.3\ArcCatalog\PDB_PMSDB.sde\SDE.gis_app_measured_pnt20170525
INFO:root:creat table end...
INFO:root:creat appPnt table start...
INFO:root:2017-05-27 01:39:47
INFO:root:create feature-->C:\Users\Administrator\AppData\Roaming\ESRI\Desktop10.3\ArcCatalog\PDB_PMSDB.sde\SDE.gis_app_measured_pnt20170526
INFO:root:creat table end...
INFO:root:creat appPnt table start...
INFO:root:2017-05-27 14:57:42
INFO:root:create feature-->C:\Users\Administrator\AppData\Roaming\ESRI\Desktop10.3\ArcCatalog\PDB_PMSDB.sde\SDE.gis_app_measured_pnt20170525
ERROR:root:ERROR 000464: 无法获取独占方案锁。它正被其他应用程序编辑或使用。
执行(Delete)失败。

INFO:root:creat appPnt table start...
INFO:root:2017-05-27 14:58:45
INFO:root:create feature-->C:\Users\Administrator\AppData\Roaming\ESRI\Desktop10.3\ArcCatalog\PDB_PMSDB.sde\SDE.gis_app_measured_pnt20170525
INFO:root:creat table end...
INFO:root:creat appPnt table start...
INFO:root:2017-05-27 15:01:39
INFO:root:create feature-->C:\Users\Administrator\AppData\Roaming\ESRI\Desktop10.3\ArcCatalog\PDB_PMSDB.sde\SDE.gis_app_measured_pnt20170526
ERROR:root:ERROR 000601: 无法删除 C:\Users\Administrator\AppData\Roaming\ESRI\Desktop10.3\ArcCatalog\PDB_PMSDB.sde\SDE.gis_app_measured_pnt20170526。可能已被其他应用程序锁定。
执行(Delete)失败。

INFO:root:creat appPnt table start...
INFO:root:2017-05-27 15:03:06
INFO:root:create feature-->C:\Users\Administrator\AppData\Roaming\ESRI\Desktop10.3\ArcCatalog\PDB_PMSDB.sde\SDE.gis_app_measured_pnt20170526
ERROR:root:ERROR 000601: 无法删除 C:\Users\Administrator\AppData\Roaming\ESRI\Desktop10.3\ArcCatalog\PDB_PMSDB.sde\SDE.gis_app_measured_pnt20170526。可能已被其他应用程序锁定。
执行(Delete)失败。

INFO:root:creat appPnt table start...
INFO:root:2017-05-28 01:39:47
INFO:root:create feature-->C:\Users\Administrator\AppData\Roaming\ESRI\Desktop10.3\ArcCatalog\PDB_PMSDB.sde\SDE.gis_app_measured_pnt20170527
INFO:root:creat table end...
INFO:root:creat appPnt table start...
INFO:root:2017-05-29 01:39:47
INFO:root:create feature-->C:\Users\Administrator\AppData\Roaming\ESRI\Desktop10.3\ArcCatalog\PDB_PMSDB.sde\SDE.gis_app_measured_pnt20170528
INFO:root:creat table end...
INFO:root:creat appPnt table start...
INFO:root:2017-05-30 01:39:47
INFO:root:create feature-->C:\Users\Administrator\AppData\Roaming\ESRI\Desktop10.3\ArcCatalog\PDB_PMSDB.sde\SDE.gis_app_measured_pnt20170529
INFO:root:creat table end...
INFO:root:creat appPnt table start...
INFO:root:2017-05-31 01:39:47
INFO:root:create feature-->C:\Users\Administrator\AppData\Roaming\ESRI\Desktop10.3\ArcCatalog\PDB_PMSDB.sde\SDE.gis_app_measured_pnt20170530
INFO:root:creat table end...
INFO:root:creat appPnt table start...
INFO:root:2017-06-01 01:39:47
INFO:root:create feature-->C:\Users\Administrator\AppData\Roaming\ESRI\Desktop10.3\ArcCatalog\PDB_PMSDB.sde\SDE.gis_app_measured_pnt20170531
INFO:root:creat table end...
INFO:root:creat appPnt table start...
INFO:root:2017-06-02 01:39:47
INFO:root:create feature-->C:\Users\Administrator\AppData\Roaming\ESRI\Desktop10.3\ArcCatalog\PDB_PMSDB.sde\SDE.gis_app_measured_pnt20170601
INFO:root:creat table end...
INFO:root:creat appPnt table start...
INFO:root:2017-06-03 01:39:47
INFO:root:create feature-->C:\Users\Administrator\AppData\Roaming\ESRI\Desktop10.3\ArcCatalog\PDB_PMSDB.sde\SDE.gis_app_measured_pnt20170602
INFO:root:creat table end...
INFO:root:creat appPnt table start...
INFO:root:2017-06-04 01:39:47
INFO:root:create feature-->C:\Users\Administrator\AppData\Roaming\ESRI\Desktop10.3\ArcCatalog\PDB_PMSDB.sde\SDE.gis_app_measured_pnt20170603
INFO:root:creat table end...
INFO:root:creat appPnt table start...
INFO:root:2017-06-05 01:39:47
INFO:root:create feature-->C:\Users\Administrator\AppData\Roaming\ESRI\Desktop10.3\ArcCatalog\PDB_PMSDB.sde\SDE.gis_app_measured_pnt20170604
INFO:root:creat table end...
INFO:root:creat appPnt table start...
INFO:root:2017-06-06 01:39:47
INFO:root:create feature-->C:\Users\Administrator\AppData\Roaming\ESRI\Desktop10.3\ArcCatalog\PDB_PMSDB.sde\SDE.gis_app_measured_pnt20170605
INFO:root:creat table end...
INFO:root:creat appPnt table start...
INFO:root:2017-06-07 01:39:47
INFO:root:create feature-->C:\Users\Administrator\AppData\Roaming\ESRI\Desktop10.3\ArcCatalog\PDB_PMSDB.sde\SDE.gis_app_measured_pnt20170606
INFO:root:creat table end...
INFO:root:creat appPnt table start...
INFO:root:2017-06-08 01:39:47
INFO:root:create feature-->C:\Users\Administrator\AppData\Roaming\ESRI\Desktop10.3\ArcCatalog\PDB_PMSDB.sde\SDE.gis_app_measured_pnt20170607
INFO:root:creat table end...
INFO:root:creat appPnt table start...
INFO:root:2017-06-09 01:39:47
INFO:root:create feature-->C:\Users\Administrator\AppData\Roaming\ESRI\Desktop10.3\ArcCatalog\PDB_PMSDB.sde\SDE.gis_app_measured_pnt20170608
INFO:root:creat table end...
INFO:root:creat appPnt table start...
INFO:root:2017-06-10 01:39:47
INFO:root:create feature-->C:\Users\Administrator\AppData\Roaming\ESRI\Desktop10.3\ArcCatalog\PDB_PMSDB.sde\SDE.gis_app_measured_pnt20170609
INFO:root:creat table end...
INFO:root:creat appPnt table start...
INFO:root:2017-06-11 01:39:47
INFO:root:create feature-->C:\Users\Administrator\AppData\Roaming\ESRI\Desktop10.3\ArcCatalog\PDB_PMSDB.sde\SDE.gis_app_measured_pnt20170610
INFO:root:creat table end...
INFO:root:creat appPnt table start...
INFO:root:2017-06-12 01:39:47
INFO:root:create feature-->C:\Users\Administrator\AppData\Roaming\ESRI\Desktop10.3\ArcCatalog\PDB_PMSDB.sde\SDE.gis_app_measured_pnt20170611
INFO:root:creat table end...
INFO:root:creat appPnt table start...
INFO:root:2017-06-13 01:39:48
INFO:root:create feature-->C:\Users\Administrator\AppData\Roaming\ESRI\Desktop10.3\ArcCatalog\PDB_PMSDB.sde\SDE.gis_app_measured_pnt20170612
INFO:root:creat table end...
INFO:root:creat appPnt table start...
INFO:root:2017-06-14 01:39:47
INFO:root:create feature-->C:\Users\Administrator\AppData\Roaming\ESRI\Desktop10.3\ArcCatalog\PDB_PMSDB.sde\SDE.gis_app_measured_pnt20170613
INFO:root:creat table end...
INFO:root:creat appPnt table start...
INFO:root:2017-06-15 01:39:47
INFO:root:create feature-->C:\Users\Administrator\AppData\Roaming\ESRI\Desktop10.3\ArcCatalog\PDB_PMSDB.sde\SDE.gis_app_measured_pnt20170614
INFO:root:creat table end...
INFO:root:creat appPnt table start...
INFO:root:2017-06-16 01:39:47
INFO:root:create feature-->C:\Users\Administrator\AppData\Roaming\ESRI\Desktop10.3\ArcCatalog\PDB_PMSDB.sde\SDE.gis_app_measured_pnt20170615
INFO:root:creat table end...
INFO:root:creat appPnt table start...
INFO:root:2017-06-17 01:39:47
INFO:root:create feature-->C:\Users\Administrator\AppData\Roaming\ESRI\Desktop10.3\ArcCatalog\PDB_PMSDB.sde\SDE.gis_app_measured_pnt20170616
INFO:root:creat table end...
INFO:root:creat appPnt table start...
INFO:root:2017-06-18 01:39:48
INFO:root:create feature-->C:\Users\Administrator\AppData\Roaming\ESRI\Desktop10.3\ArcCatalog\PDB_PMSDB.sde\SDE.gis_app_measured_pnt20170617
INFO:root:creat table end...
INFO:root:creat appPnt table start...
INFO:root:2017-06-19 01:39:47
INFO:root:create feature-->C:\Users\Administrator\AppData\Roaming\ESRI\Desktop10.3\ArcCatalog\PDB_PMSDB.sde\SDE.gis_app_measured_pnt20170618
INFO:root:creat table end...
INFO:root:creat appPnt table start...
INFO:root:2017-06-20 01:39:47
INFO:root:create feature-->C:\Users\Administrator\AppData\Roaming\ESRI\Desktop10.3\ArcCatalog\PDB_PMSDB.sde\SDE.gis_app_measured_pnt20170619
INFO:root:creat table end...
INFO:root:creat appPnt table start...
INFO:root:2017-06-21 01:39:47
INFO:root:create feature-->C:\Users\Administrator\AppData\Roaming\ESRI\Desktop10.3\ArcCatalog\PDB_PMSDB.sde\SDE.gis_app_measured_pnt20170620
INFO:root:creat table end...
INFO:root:creat appPnt table start...
INFO:root:2017-06-22 01:39:47
INFO:root:create feature-->C:\Users\Administrator\AppData\Roaming\ESRI\Desktop10.3\ArcCatalog\PDB_PMSDB.sde\SDE.gis_app_measured_pnt20170621
INFO:root:creat table end...
INFO:root:creat appPnt table start...
INFO:root:2017-06-23 01:39:47
INFO:root:create feature-->C:\Users\Administrator\AppData\Roaming\ESRI\Desktop10.3\ArcCatalog\PDB_PMSDB.sde\SDE.gis_app_measured_pnt20170622
INFO:root:creat table end...
INFO:root:creat appPnt table start...
INFO:root:2017-06-24 01:39:47
INFO:root:create feature-->C:\Users\Administrator\AppData\Roaming\ESRI\Desktop10.3\ArcCatalog\PDB_PMSDB.sde\SDE.gis_app_measured_pnt20170623
INFO:root:creat table end...
INFO:root:creat appPnt table start...
INFO:root:2017-06-25 01:39:47
INFO:root:create feature-->C:\Users\Administrator\AppData\Roaming\ESRI\Desktop10.3\ArcCatalog\PDB_PMSDB.sde\SDE.gis_app_measured_pnt20170624
INFO:root:creat table end...
INFO:root:creat appPnt table start...
INFO:root:2017-06-26 01:39:47
INFO:root:create feature-->C:\Users\Administrator\AppData\Roaming\ESRI\Desktop10.3\ArcCatalog\PDB_PMSDB.sde\SDE.gis_app_measured_pnt20170625
INFO:root:creat table end...
INFO:root:creat appPnt table start...
INFO:root:2017-06-27 01:39:48
INFO:root:create feature-->C:\Users\Administrator\AppData\Roaming\ESRI\Desktop10.3\ArcCatalog\PDB_PMSDB.sde\SDE.gis_app_measured_pnt20170626
INFO:root:creat table end...
INFO:root:creat appPnt table start...
INFO:root:2017-06-28 01:39:47
INFO:root:create feature-->C:\Users\Administrator\AppData\Roaming\ESRI\Desktop10.3\ArcCatalog\PDB_PMSDB.sde\SDE.gis_app_measured_pnt20170627
INFO:root:creat table end...
INFO:root:creat appPnt table start...
INFO:root:2017-06-29 01:39:47
INFO:root:create feature-->C:\Users\Administrator\AppData\Roaming\ESRI\Desktop10.3\ArcCatalog\PDB_PMSDB.sde\SDE.gis_app_measured_pnt20170628
INFO:root:creat table end...
INFO:root:creat appPnt table start...
INFO:root:2017-06-30 01:39:47
INFO:root:create feature-->C:\Users\Administrator\AppData\Roaming\ESRI\Desktop10.3\ArcCatalog\PDB_PMSDB.sde\SDE.gis_app_measured_pnt20170629
INFO:root:creat table end...
INFO:root:creat appPnt table start...
INFO:root:2017-07-01 01:39:48
INFO:root:create feature-->C:\Users\Administrator\AppData\Roaming\ESRI\Desktop10.3\ArcCatalog\PDB_PMSDB.sde\SDE.gis_app_measured_pnt20170630
INFO:root:creat table end...
INFO:root:creat appPnt table start...
INFO:root:2017-07-02 01:39:47
INFO:root:create feature-->C:\Users\Administrator\AppData\Roaming\ESRI\Desktop10.3\ArcCatalog\PDB_PMSDB.sde\SDE.gis_app_measured_pnt20170701
INFO:root:creat table end...
INFO:root:creat appPnt table start...
INFO:root:2017-07-03 01:39:48
INFO:root:create feature-->C:\Users\Administrator\AppData\Roaming\ESRI\Desktop10.3\ArcCatalog\PDB_PMSDB.sde\SDE.gis_app_measured_pnt20170702
INFO:root:creat table end...
INFO:root:creat appPnt table start...
INFO:root:2017-07-04 01:39:47
INFO:root:create feature-->C:\Users\Administrator\AppData\Roaming\ESRI\Desktop10.3\ArcCatalog\PDB_PMSDB.sde\SDE.gis_app_measured_pnt20170703
INFO:root:creat table end...
INFO:root:creat appPnt table start...
INFO:root:2017-07-05 01:39:47
INFO:root:create feature-->C:\Users\Administrator\AppData\Roaming\ESRI\Desktop10.3\ArcCatalog\PDB_PMSDB.sde\SDE.gis_app_measured_pnt20170704
INFO:root:creat table end...
INFO:root:creat appPnt table start...
INFO:root:2017-07-06 01:39:48
INFO:root:create feature-->C:\Users\Administrator\AppData\Roaming\ESRI\Desktop10.3\ArcCatalog\PDB_PMSDB.sde\SDE.gis_app_measured_pnt20170705
INFO:root:creat table end...
INFO:root:creat appPnt table start...
INFO:root:2017-07-07 01:39:48
INFO:root:create feature-->C:\Users\Administrator\AppData\Roaming\ESRI\Desktop10.3\ArcCatalog\PDB_PMSDB.sde\SDE.gis_app_measured_pnt20170706
INFO:root:creat table end...
INFO:root:creat appPnt table start...
INFO:root:2017-07-08 01:39:48
INFO:root:create feature-->C:\Users\Administrator\AppData\Roaming\ESRI\Desktop10.3\ArcCatalog\PDB_PMSDB.sde\SDE.gis_app_measured_pnt20170707
INFO:root:creat table end...
INFO:root:creat appPnt table start...
INFO:root:2017-07-09 01:39:48
INFO:root:create feature-->C:\Users\Administrator\AppData\Roaming\ESRI\Desktop10.3\ArcCatalog\PDB_PMSDB.sde\SDE.gis_app_measured_pnt20170708
INFO:root:creat table end...
INFO:root:creat appPnt table start...
INFO:root:2017-07-10 01:39:48
INFO:root:create feature-->C:\Users\Administrator\AppData\Roaming\ESRI\Desktop10.3\ArcCatalog\PDB_PMSDB.sde\SDE.gis_app_measured_pnt20170709
INFO:root:creat table end...
INFO:root:creat appPnt table start...
INFO:root:2017-07-11 01:39:47
INFO:root:create feature-->C:\Users\Administrator\AppData\Roaming\ESRI\Desktop10.3\ArcCatalog\PDB_PMSDB.sde\SDE.gis_app_measured_pnt20170710
INFO:root:creat table end...
INFO:root:creat appPnt table start...
INFO:root:2017-07-12 01:39:47
INFO:root:create feature-->C:\Users\Administrator\AppData\Roaming\ESRI\Desktop10.3\ArcCatalog\PDB_PMSDB.sde\SDE.gis_app_measured_pnt20170711
INFO:root:creat table end...
INFO:root:creat appPnt table start...
INFO:root:2017-07-13 01:39:47
INFO:root:create feature-->C:\Users\Administrator\AppData\Roaming\ESRI\Desktop10.3\ArcCatalog\PDB_PMSDB.sde\SDE.gis_app_measured_pnt20170712
INFO:root:creat table end...
INFO:root:creat appPnt table start...
INFO:root:2017-07-14 01:39:47
INFO:root:create feature-->C:\Users\Administrator\AppData\Roaming\ESRI\Desktop10.3\ArcCatalog\PDB_PMSDB.sde\SDE.gis_app_measured_pnt20170713
INFO:root:creat table end...
INFO:root:creat appPnt table start...
INFO:root:2017-07-14 12:17:09
INFO:root:create feature-->C:\Users\Administrator\AppData\Roaming\ESRI\Desktop10.3\ArcCatalog\PDB_PMSDB.sde\SDE.gis_app_measured_pnt20170715
INFO:root:creat table end...
INFO:root:creat appPnt table start...
INFO:root:2017-07-15 01:39:47
INFO:root:create feature-->C:\Users\Administrator\AppData\Roaming\ESRI\Desktop10.3\ArcCatalog\PDB_PMSDB.sde\SDE.gis_app_measured_pnt20170716
INFO:root:creat table end...
INFO:root:creat appPnt table start...
INFO:root:2017-07-16 01:39:47
INFO:root:create feature-->C:\Users\Administrator\AppData\Roaming\ESRI\Desktop10.3\ArcCatalog\PDB_PMSDB.sde\SDE.gis_app_measured_pnt20170717
INFO:root:creat table end...
INFO:root:creat appPnt table start...
INFO:root:2017-07-17 01:39:47
INFO:root:create feature-->C:\Users\Administrator\AppData\Roaming\ESRI\Desktop10.3\ArcCatalog\PDB_PMSDB.sde\SDE.gis_app_measured_pnt20170718
INFO:root:creat table end...
INFO:root:creat appPnt table start...
INFO:root:2017-07-18 01:39:47
INFO:root:create feature-->C:\Users\Administrator\AppData\Roaming\ESRI\Desktop10.3\ArcCatalog\PDB_PMSDB.sde\SDE.gis_app_measured_pnt20170719
INFO:root:creat table end...
INFO:root:creat appPnt table start...
INFO:root:2017-07-19 01:39:47
INFO:root:create feature-->C:\Users\Administrator\AppData\Roaming\ESRI\Desktop10.3\ArcCatalog\PDB_PMSDB.sde\SDE.gis_app_measured_pnt20170720
INFO:root:creat table end...
INFO:root:creat appPnt table start...
INFO:root:2017-07-20 01:39:48
INFO:root:create feature-->C:\Users\Administrator\AppData\Roaming\ESRI\Desktop10.3\ArcCatalog\PDB_PMSDB.sde\SDE.gis_app_measured_pnt20170721
INFO:root:creat table end...
