INFO:root:coverGridsCount start...
INFO:root:2017-01-10 16:22:29
INFO:root:create feature-->C:\Users\Administrator\AppData\Roaming\ESRI\Desktop10.3\ArcCatalog\JZXNGis.sde\JZXN_GIS.DBO.GIS_COVER_GRIDS_COUNT20161206
ERROR:root:执行失败。参数无效。
ERROR 000732: 要素类位置: 数据集 C:\Users\Administrator\AppData\Roaming\ESRI\Desktop10.3\ArcCatalog\JZXNGis.sde 不存在或不受支持
ERROR 000732: 模板要素类: 数据集 C:\Users\Administrator\AppData\Roaming\ESRI\Desktop10.3\ArcCatalog\JZXNGis.sde\JZXN_GIS.DBO.GIS_COVER_GRIDS_COUNT_TEMP 不存在或不受支持
执行(CreateFeatureclass)失败。

INFO:root:coverGridsCount start...
INFO:root:2017-01-10 16:29:44
INFO:root:create feature-->C:\Users\Administrator\AppData\Roaming\ESRI\Desktop10.3\ArcCatalog\JZXNGis.sde\JZXN_GIS.DBO.GIS_COVER_GRIDS_COUNT20161206
ERROR:root:执行失败。参数无效。
ERROR 000732: 要素类位置: 数据集 C:\Users\Administrator\AppData\Roaming\ESRI\Desktop10.3\ArcCatalog\JZXNGis.sde 不存在或不受支持
ERROR 000732: 模板要素类: 数据集 C:\Users\Administrator\AppData\Roaming\ESRI\Desktop10.3\ArcCatalog\JZXNGis.sde\JZXN_GIS.DBO.GIS_COVER_GRIDS_COUNT_TEMP 不存在或不受支持
执行(CreateFeatureclass)失败。

INFO:root:coverGridsCount start...
INFO:root:2017-01-10 16:47:36
INFO:root:create feature-->C:\Users\Administrator\AppData\Roaming\ESRI\Desktop10.3\ArcCatalog\JZXNGis.sde\JZXN_GIS.DBO.GIS_COVER_GRIDS_COUNT20161206
INFO:root:excute sql.......
INFO:root:db connect success~
INFO:root:AddSpatialIndex...
INFO:root:coverGridsCount start...
INFO:root:2017-01-10 16:48:43
INFO:root:create feature-->C:\Users\Administrator\AppData\Roaming\ESRI\Desktop10.3\ArcCatalog\JZXNGis.sde\JZXN_GIS.DBO.GIS_COVER_GRIDS_COUNT20161206
ERROR:root:执行失败。参数无效。
ERROR 000732: 要素类位置: 数据集 C:\Users\Administrator\AppData\Roaming\ESRI\Desktop10.3\ArcCatalog\JZXNGis.sde 不存在或不受支持
ERROR 000732: 模板要素类: 数据集 C:\Users\Administrator\AppData\Roaming\ESRI\Desktop10.3\ArcCatalog\JZXNGis.sde\JZXN_GIS.DBO.GIS_COVER_GRIDS_COUNT_TEMP 不存在或不受支持
执行(CreateFeatureclass)失败。

INFO:root:coverGridsCount start...
INFO:root:2017-01-10 16:49:21
INFO:root:create feature-->C:\Users\Administrator\AppData\Roaming\ESRI\Desktop10.3\ArcCatalog\JZXNGis.sde\JZXN_GIS.DBO.GIS_COVER_GRIDS_COUNT20161206
ERROR:root:执行失败。参数无效。
ERROR 000732: 要素类位置: 数据集 C:\Users\Administrator\AppData\Roaming\ESRI\Desktop10.3\ArcCatalog\JZXNGis.sde 不存在或不受支持
ERROR 000732: 模板要素类: 数据集 C:\Users\Administrator\AppData\Roaming\ESRI\Desktop10.3\ArcCatalog\JZXNGis.sde\JZXN_GIS.DBO.GIS_COVER_GRIDS_COUNT_TEMP 不存在或不受支持
执行(CreateFeatureclass)失败。

INFO:root:coverGridsCount start...
INFO:root:2017-01-10 16:50:46
INFO:root:create feature-->C:\Users\Administrator\AppData\Roaming\ESRI\Desktop10.3\ArcCatalog\JZXNGis.sde\JZXN_GIS.DBO.GIS_COVER_GRIDS_COUNT20161206
ERROR:root:执行失败。参数无效。
ERROR 000732: 要素类位置: 数据集 C:\Users\Administrator\AppData\Roaming\ESRI\Desktop10.3\ArcCatalog\JZXNGis.sde 不存在或不受支持
ERROR 000732: 模板要素类: 数据集 C:\Users\Administrator\AppData\Roaming\ESRI\Desktop10.3\ArcCatalog\JZXNGis.sde\JZXN_GIS.DBO.GIS_COVER_GRIDS_COUNT_TEMP 不存在或不受支持
执行(CreateFeatureclass)失败。

INFO:root:coverGridsCount start...
INFO:root:2017-01-10 16:53:35
INFO:root:create feature-->C:\Users\Administrator\AppData\Roaming\ESRI\Desktop10.3\ArcCatalog\JZXNGis.sde\JZXN_GIS.DBO.GIS_COVER_GRIDS_COUNT20161206
INFO:root:excute sql.......
INFO:root:db connect success~
INFO:root:AddSpatialIndex...
INFO:root:coverGridsCount start...
INFO:root:2017-01-10 16:57:01
INFO:root:create feature-->C:\Users\Administrator\AppData\Roaming\ESRI\Desktop10.3\ArcCatalog\JZXNGis.sde\JZXN_GIS.DBO.GIS_COVER_GRIDS_COUNT20161206
ERROR:root:执行失败。参数无效。
ERROR 000732: 要素类位置: 数据集 C:\Users\Administrator\AppData\Roaming\ESRI\Desktop10.3\ArcCatalog\JZXNGis.sde 不存在或不受支持
ERROR 000732: 模板要素类: 数据集 C:\Users\Administrator\AppData\Roaming\ESRI\Desktop10.3\ArcCatalog\JZXNGis.sde\JZXN_GIS.DBO.GIS_COVER_GRIDS_COUNT_TEMP 不存在或不受支持
执行(CreateFeatureclass)失败。

INFO:root:coverGridsCount start...
INFO:root:2017-01-13 11:08:16
INFO:root:create feature-->C:\Users\Administrator\AppData\Roaming\ESRI\Desktop10.3\ArcCatalog\JZXNGis.sde\JZXN_GIS.DBO.GIS_COVER_GRIDS_COUNT20161206
ERROR:root:Object: 未找到工具或环境 <CreateFeatureclass_management>
INFO:root:coverGridsCount start...
INFO:root:2017-01-13 11:31:32
INFO:root:create feature-->C:\Users\Administrator\AppData\Roaming\ESRI\Desktop10.3\ArcCatalog\JZXNGis.sde\JZXN_GIS.DBO.GIS_COVER_GRIDS_COUNT20161206


INFO:root:coverGridsCount start...
INFO:root:2017-01-13 11:33:39
INFO:root:create feature-->C:\Users\Administrator\AppData\Roaming\ESRI\Desktop10.3\ArcCatalog\JZXNGis.sde\JZXN_GIS.DBO.GIS_COVER_GRIDS_COUNT20161206
INFO:root:excute sql.......
INFO:root:db connect success~
INFO:root:AddSpatialIndex...
INFO:root:coverGridsCount start...
INFO:root:2017-01-13 11:35:10
INFO:root:create feature-->C:\Users\Administrator\AppData\Roaming\ESRI\Desktop10.3\ArcCatalog\JZXNGis.sde\JZXN_GIS.DBO.GIS_COVER_GRIDS_COUNT20161206
ERROR:root:Object: 未找到工具或环境 <CreateFeatureclass_management>
INFO:root:coverGridsCount start...
INFO:root:2017-01-13 11:39:49
INFO:root:create feature-->C:\Users\Administrator\AppData\Roaming\ESRI\Desktop10.3\ArcCatalog\JZXNGis.sde\JZXN_GIS.DBO.GIS_COVER_GRIDS_COUNT20161206
INFO:root:excute sql.......
INFO:root:db connect success~
INFO:root:AddSpatialIndex...
INFO:root:coverGridsCount start...
INFO:root:2017-01-13 12:59:56
INFO:root:create feature-->C:\Users\Administrator\AppData\Roaming\ESRI\Desktop10.3\ArcCatalog\JZXNGis.sde\JZXN_GIS.DBO.GIS_COVER_GRIDS_COUNT20161206
INFO:root:excute sql.......
INFO:root:db connect success~
INFO:root:AddSpatialIndex...
INFO:root:coverGridsCount start...
INFO:root:2017-01-13 15:18:00
INFO:root:create feature-->C:\Users\Administrator\AppData\Roaming\ESRI\Desktop10.3\ArcCatalog\JZXNGis.sde\JZXN_GIS.DBO.GIS_COVER_GRIDS_COUNT20161201
INFO:root:excute sql.......
INFO:root:db connect success~
INFO:root:AddSpatialIndex...
INFO:root:coverGridsCount start...
INFO:root:2017-01-13 15:18:14
INFO:root:create feature-->C:\Users\Administrator\AppData\Roaming\ESRI\Desktop10.3\ArcCatalog\JZXNGis.sde\JZXN_GIS.DBO.GIS_COVER_GRIDS_COUNT20161201
INFO:root:excute sql.......
INFO:root:db connect success~
INFO:root:AddSpatialIndex...
INFO:root:coverGridsCount start...
INFO:root:2017-01-13 15:18:25
INFO:root:create feature-->C:\Users\Administrator\AppData\Roaming\ESRI\Desktop10.3\ArcCatalog\JZXNGis.sde\JZXN_GIS.DBO.GIS_COVER_GRIDS_COUNT20161206
INFO:root:excute sql.......
INFO:root:db connect success~
INFO:root:AddSpatialIndex...
INFO:root:coverGridsCount start...
INFO:root:2017-01-13 15:18:39
INFO:root:create feature-->C:\Users\Administrator\AppData\Roaming\ESRI\Desktop10.3\ArcCatalog\JZXNGis.sde\JZXN_GIS.DBO.GIS_COVER_GRIDS_COUNT20161226
ERROR:root:ERROR 000464: 无法获取独占方案锁。它正被其他应用程序编辑或使用。
执行(Delete)失败。

INFO:root:coverGridsCount start...
INFO:root:2017-01-13 15:18:45
INFO:root:create feature-->C:\Users\Administrator\AppData\Roaming\ESRI\Desktop10.3\ArcCatalog\JZXNGis.sde\JZXN_GIS.DBO.GIS_COVER_GRIDS_COUNT20161207
INFO:root:excute sql.......
INFO:root:db connect success~
INFO:root:AddSpatialIndex...
INFO:root:coverGridsCount start...
INFO:root:2017-04-24 10:50:21
INFO:root:create feature110-->C:\Users\Administrator\AppData\Roaming\ESRI\Desktop10.3\ArcCatalog\JZXNGis82.sde\JZXN_GIS.DBO.GIS_COVER_GRIDS_COUNT20170322
ERROR:root:执行失败。参数无效。
ERROR 000732: 要素类位置: 数据集 C:\Users\Administrator\AppData\Roaming\ESRI\Desktop10.3\ArcCatalog\JZXNGis82.sde 不存在或不受支持
ERROR 000732: 模板要素类: 数据集 C:\Users\Administrator\AppData\Roaming\ESRI\Desktop10.3\ArcCatalog\JZXNGis82.sde\JZXN_GIS.DBO.GIS_COVER_GRIDS_COUNT_TEMP 不存在或不受支持
执行(CreateFeatureclass)失败。

INFO:root:coverGridsCount start...
INFO:root:2017-04-24 10:53:15
INFO:root:create feature110-->C:\Users\Administrator\AppData\Roaming\ESRI\Desktop10.3\ArcCatalog\JZXNGis82.sde\JZXN_GIS.DBO.GIS_COVER_GRIDS_COUNT20170322
ERROR:root:执行失败。参数无效。
ERROR 000732: 要素类位置: 数据集 C:\Users\Administrator\AppData\Roaming\ESRI\Desktop10.3\ArcCatalog\JZXNGis82.sde 不存在或不受支持
ERROR 000732: 模板要素类: 数据集 C:\Users\Administrator\AppData\Roaming\ESRI\Desktop10.3\ArcCatalog\JZXNGis82.sde\JZXN_GIS.DBO.GIS_COVER_GRIDS_COUNT_TEMP 不存在或不受支持
执行(CreateFeatureclass)失败。

INFO:root:coverGridsCount start...
INFO:root:2017-04-24 10:55:30
INFO:root:create feature110-->C:\Users\Administrator\AppData\Roaming\ESRI\Desktop10.3\ArcCatalog\JZXNGis82.sde\JZXN_GIS.DBO.GIS_COVER_GRIDS_COUNT20170322
ERROR:root:执行失败。参数无效。
ERROR 000732: 要素类位置: 数据集 C:\Users\Administrator\AppData\Roaming\ESRI\Desktop10.3\ArcCatalog\JZXNGis82.sde 不存在或不受支持
ERROR 000732: 模板要素类: 数据集 C:\Users\Administrator\AppData\Roaming\ESRI\Desktop10.3\ArcCatalog\JZXNGis82.sde\JZXN_GIS.DBO.GIS_COVER_GRIDS_COUNT_TEMP 不存在或不受支持
执行(CreateFeatureclass)失败。

INFO:root:coverGridsCount start...
INFO:root:2017-04-24 10:58:41
INFO:root:create feature110-->C:\Users\huanghua\AppData\Roaming\ESRI\Desktop10.3\ArcCatalog\JZXNGis82.sde\JZXN_GIS.DBO.GIS_COVER_GRIDS_COUNT20170322
ERROR:root:执行失败。参数无效。
ERROR 000732: 要素类位置: 数据集 C:\Users\huanghua\AppData\Roaming\ESRI\Desktop10.3\ArcCatalog\JZXNGis82.sde 不存在或不受支持
ERROR 000732: 模板要素类: 数据集 C:\Users\huanghua\AppData\Roaming\ESRI\Desktop10.3\ArcCatalog\JZXNGis82.sde\JZXN_GIS.DBO.GIS_COVER_GRIDS_COUNT_TEMP 不存在或不受支持
执行(CreateFeatureclass)失败。

INFO:root:coverGridsCount start...
INFO:root:2017-04-24 11:06:56
INFO:root:create feature110-->C:\Users\Administrator\AppData\Roaming\ESRI\Desktop10.2\ArcCatalog\JZXNGis82.sde\JZXN_GIS.DBO.GIS_COVER_GRIDS_COUNT20170322
INFO:root:excute sql.......
INFO:root:db connect success~
INFO:root:AddSpatialIndex...
INFO:root:coverGridsCount start...
INFO:root:2017-04-24 11:12:08
INFO:root:create feature110-->C:\Users\Administrator\AppData\Roaming\ESRI\Desktop10.2\ArcCatalog\JZXNGis82.sde\JZXN_GIS.DBO.GIS_COVER_GRIDS_COUNT20170322
INFO:root:excute sql.......
INFO:root:db connect success~
INFO:root:AddSpatialIndex...
INFO:root:coverGridsCount start...
INFO:root:2017-04-24 14:38:27
INFO:root:create feature110-->C:\Users\Administrator\AppData\Roaming\ESRI\Desktop10.2\ArcCatalog\JZXNGis82.sde\JZXN_GIS.DBO.GIS_COVER_GRIDS_COUNT20170322
INFO:root:excute sql.......
INFO:root:db connect success~
INFO:root:AddSpatialIndex...
INFO:root:coverGridsCount start...
INFO:root:2017-04-28 09:21:07
INFO:root:create feature110-->C:\Users\Administrator\AppData\Roaming\ESRI\Desktop10.2\ArcCatalog\JZXNGis82.sde\JZXN_GIS.DBO.GIS_COVER_GRIDS_COUNT20170323
INFO:root:excute sql.......
INFO:root:db connect success~
INFO:root:AddSpatialIndex...
INFO:root:coverGridsCount start...
INFO:root:2017-04-28 09:21:27
INFO:root:create feature110-->C:\Users\Administrator\AppData\Roaming\ESRI\Desktop10.2\ArcCatalog\JZXNGis82.sde\JZXN_GIS.DBO.GIS_COVER_GRIDS_COUNT20170322
INFO:root:excute sql.......
INFO:root:db connect success~
INFO:root:AddSpatialIndex...
INFO:root:coverGridsCount start...
INFO:root:2017-05-09 18:11:40
INFO:root:create feature110-->C:\Users\Administrator\AppData\Roaming\ESRI\Desktop10.2\ArcCatalog\JZXNGis82.sde\JZXN_GIS.DBO.GIS_COVER_GRIDS_COUNT20170323
INFO:root:excute sql.......
INFO:root:db connect success~
INFO:root:AddSpatialIndex...
INFO:root:coverGridsCount start...
INFO:root:2017-05-24 17:49:22
INFO:root:create feature110-->C:\Users\Administrator\AppData\Roaming\ESRI\Desktop10.2\ArcCatalog\JZXNGis82.sde\JZXN_GIS.DBO.GIS_COVER_GRIDS_COUNT20170323
ERROR:root:ERROR 000464: 无法获取独占方案锁。它正被其他应用程序编辑或使用。
执行(Delete)失败。

INFO:root:coverGridsCount start...
INFO:root:2017-05-24 17:50:10
INFO:root:create feature110-->C:\Users\Administrator\AppData\Roaming\ESRI\Desktop10.2\ArcCatalog\JZXNGis82.sde\JZXN_GIS.DBO.GIS_COVER_GRIDS_COUNT20170324
INFO:root:excute sql.......
INFO:root:db connect success~
INFO:root:AddSpatialIndex...
INFO:root:coverGridsCount start...
INFO:root:2017-05-26 15:22:56
INFO:root:create feature110-->C:\Users\Administrator\AppData\Roaming\ESRI\Desktop10.2\ArcCatalog\JZXNGis82.sde\JZXN_GIS.DBO.GIS_COVER_GRIDS_COUNT20170512
INFO:root:excute sql.......
INFO:root:db connect success~
INFO:root:AddSpatialIndex...
INFO:root:coverGridsCount start...
INFO:root:2017-06-02 10:42:04
INFO:root:create feature110-->C:\Users\Administrator\AppData\Roaming\ESRI\Desktop10.2\ArcCatalog\JZXNGis82.sde\JZXN_GIS.DBO.GIS_COVER_GRIDS_COUNT20170513
INFO:root:excute sql.......
INFO:root:db connect success~
INFO:root:AddSpatialIndex...
INFO:root:coverGridsCount start...
INFO:root:2017-06-04 13:36:16
INFO:root:create feature110-->C:\Users\Administrator\AppData\Roaming\ESRI\Desktop10.2\ArcCatalog\JZXNGis82.sde\JZXN_GIS.DBO.GIS_COVER_GRIDS_COUNT20170513
ERROR:root:ERROR 000464: 无法获取独占方案锁。它正被其他应用程序编辑或使用。
执行(Delete)失败。

INFO:root:coverGridsCount start...
INFO:root:2017-06-04 13:37:37
INFO:root:create feature110-->C:\Users\Administrator\AppData\Roaming\ESRI\Desktop10.2\ArcCatalog\JZXNGis82.sde\JZXN_GIS.DBO.GIS_COVER_GRIDS_COUNT20170513
ERROR:root:ERROR 000464: 无法获取独占方案锁。它正被其他应用程序编辑或使用。
执行(Delete)失败。

INFO:root:coverGridsCount start...
INFO:root:2017-06-04 13:38:19
INFO:root:create feature110-->C:\Users\Administrator\AppData\Roaming\ESRI\Desktop10.2\ArcCatalog\JZXNGis82.sde\JZXN_GIS.DBO.GIS_COVER_GRIDS_COUNT20170513
INFO:root:excute sql.......
INFO:root:db connect success~
INFO:root:AddSpatialIndex...
INFO:root:coverGridsCount start...
INFO:root:2017-06-06 17:18:12
INFO:root:create feature110-->C:\Users\Administrator\AppData\Roaming\ESRI\Desktop10.2\ArcCatalog\JZXNGis82.sde\JZXN_GIS.DBO.GIS_COVER_GRIDS_COUNT20170513
ERROR:root:ERROR 000464: 无法获取独占方案锁。它正被其他应用程序编辑或使用。
执行(Delete)失败。

INFO:root:coverGridsCount start...
INFO:root:2017-06-06 17:18:25
INFO:root:create feature110-->C:\Users\Administrator\AppData\Roaming\ESRI\Desktop10.2\ArcCatalog\JZXNGis82.sde\JZXN_GIS.DBO.GIS_COVER_GRIDS_COUNT20170512
ERROR:root:ERROR 000464: 无法获取独占方案锁。它正被其他应用程序编辑或使用。
执行(Delete)失败。

INFO:root:coverGridsCount start...
INFO:root:2017-06-06 17:18:37
INFO:root:create feature110-->C:\Users\Administrator\AppData\Roaming\ESRI\Desktop10.2\ArcCatalog\JZXNGis82.sde\JZXN_GIS.DBO.GIS_COVER_GRIDS_COUNT20170514
INFO:root:excute sql.......
INFO:root:db connect success~
INFO:root:AddSpatialIndex...
INFO:root:coverGridsCount start...
INFO:root:2017-06-15 16:21:45
INFO:root:create feature110-->C:\Users\Administrator\AppData\Roaming\ESRI\Desktop10.2\ArcCatalog\JZXNGis82.sde\JZXN_GIS.DBO.GIS_COVER_GRIDS_COUNT20170602
INFO:root:excute sql.......
INFO:root:db connect success~
INFO:root:AddSpatialIndex...
INFO:root:coverGridsCount start...
INFO:root:2017-06-16 19:23:01
INFO:root:create feature110-->C:\Users\Administrator\AppData\Roaming\ESRI\Desktop10.2\ArcCatalog\JZXNGis82.sde\JZXN_GIS.DBO.GIS_COVER_GRIDS_COUNT20170602
INFO:root:excute sql.......
INFO:root:db connect success~
INFO:root:AddSpatialIndex...
INFO:root:coverGridsCount start...
INFO:root:2017-06-17 10:44:07
INFO:root:create feature110-->C:\Users\Administrator\AppData\Roaming\ESRI\Desktop10.2\ArcCatalog\JZXNGis82.sde\JZXN_GIS.DBO.GIS_COVER_GRIDS_COUNT20170602
INFO:root:excute sql.......
INFO:root:db connect success~
INFO:root:AddSpatialIndex...
