INFO:root:excute sql.......
ERROR:root:ORA-12514: TNS: ¼àÌı³ÌĞòµ±Ç°ÎŞ·¨Ê¶±ğÁ¬½ÓÃèÊö·ûÖĞÇëÇóµÄ·şÎñ

INFO:root:excute sql.......
INFO:root:db connect success~
ERROR:root:global name 'updateTaskState' is not defined
INFO:root:excute sql.......
INFO:root:db connect success~
ERROR:root:ERROR 000464: æ— æ³•è·å–ç‹¬å æ–¹æ¡ˆé”ã€‚å®ƒæ­£è¢«å…¶ä»–åº”ç”¨ç¨‹åºç¼–è¾‘æˆ–ä½¿ç”¨ã€‚
æ‰§è¡Œ(Delete)å¤±è´¥ã€‚

ERROR:root:ERROR 000464: æ— æ³•è·å–ç‹¬å æ–¹æ¡ˆé”ã€‚å®ƒæ­£è¢«å…¶ä»–åº”ç”¨ç¨‹åºç¼–è¾‘æˆ–ä½¿ç”¨ã€‚
æ‰§è¡Œ(Delete)å¤±è´¥ã€‚

INFO:root:excute sql.......
INFO:root:db connect success~
INFO:root:excute sql.......
INFO:root:db connect success~
INFO:root:excute sql.......
INFO:root:db connect success~
INFO:root:excute sql.......
INFO:root:db connect success~
INFO:root:excute sql.......
INFO:root:db connect success~
INFO:root:excute sql.......
INFO:root:db connect success~
ERROR:root:ORA-00001: Î¥·´Î¨Ò»Ô¼ÊøÌõ¼ş (SDE.R5984_SDE_ROWID_UK)

INFO:root:excute sql.......
INFO:root:db connect success~
INFO:root:excute sql.......
INFO:root:db connect success~
INFO:root:excute sql.......
INFO:root:db connect success~
INFO:root:excute sql.......
INFO:root:db connect success~
INFO:root:excute sql.......
INFO:root:db connect success~
INFO:root:excute sql.......
INFO:root:db connect success~
INFO:root:excute sql.......
INFO:root:db connect success~
INFO:root:excute sql.......
INFO:root:db connect success~
ERROR:root:ERROR 999999: æ‰§è¡Œå‡½æ•°æ—¶å‡ºé”™ã€‚
åŸºç¡€ DBMS é”™è¯¯ [ORA-29875: æ— æ³•æ‰§è¡Œ ODCIINDEXINSERT ä¾‹è¡Œç¨‹åº
ORA-00942: è¡¨æˆ–è§†å›¾ä¸å­˜åœ¨
ORA-06512: åœ¨ "SYS.DBMS_SQL", line 1120
ORA-06512: åœ¨ "SDE.ST_DOMAIN_METHODS", line 2071
]
æœªæ‰¾åˆ° DBMS è¡¨ [ORA-04043: å¯¹è±¡ SDE.GIS_MRO_GRID_JD_STAT201702 ä¸å­˜åœ¨
]
æ‰§è¡Œ(CreateFeatureclass)å¤±è´¥ã€‚

INFO:root:excute sql.......
INFO:root:db connect success~
ERROR:root:ORA-00942: ±í»òÊÓÍ¼²»´æÔÚ

INFO:root:excute sql.......
INFO:root:db connect success~
ERROR:root:ORA-01722: ÎŞĞ§Êı×Ö

INFO:root:excute sql.......
INFO:root:db connect success~
INFO:root:excute sql.......
INFO:root:db connect success~
INFO:root:excute sql.......
INFO:root:db connect success~
INFO:root:excute sql.......
INFO:root:db connect success~
ERROR:root:ERROR 000464: æ— æ³•è·å–ç‹¬å æ–¹æ¡ˆé”ã€‚å®ƒæ­£è¢«å…¶ä»–åº”ç”¨ç¨‹åºç¼–è¾‘æˆ–ä½¿ç”¨ã€‚
æ‰§è¡Œ(Delete)å¤±è´¥ã€‚

INFO:root:excute sql.......
INFO:root:db connect success~
INFO:root:excute sql.......
INFO:root:db connect success~
INFO:root:excute sql.......
INFO:root:db connect success~
INFO:root:excute sql.......
INFO:root:db connect success~
ERROR:root:ERROR 000464: æ— æ³•è·å–ç‹¬å æ–¹æ¡ˆé”ã€‚å®ƒæ­£è¢«å…¶ä»–åº”ç”¨ç¨‹åºç¼–è¾‘æˆ–ä½¿ç”¨ã€‚
æ‰§è¡Œ(Delete)å¤±è´¥ã€‚

INFO:root:excute sql.......
INFO:root:db connect success~
INFO:root:excute sql.......
INFO:root:db connect success~
