INFO:root:开始时间:2016-07-27 10:36:42
INFO:root:delete complaint!
INFO:root:FUJIANBUILDINGREGION_XM_DISS6 complaint!
INFO:root:FUJIANBUILDINGREGION_XM_DISS7 complaint!
INFO:root:FUJIANBUILDINGREGION_XM_DISS8 complaint!
INFO:root:FUJIANBUILDINGREGION_XM_DISS9 complaint!
INFO:root:GIS_COVER_GRIDS_SELECT_ANALYSIS complaint!
INFO:root:GIS_COVER_GRIDS_SELECT_ANALYSIS10 complaint!
INFO:root:GIS_COVER_GRIDS_SELECT_ANALYSIS2 complaint!
INFO:root:GIS_COVER_GRIDS_SELECT_ANALYSIS3 complaint!
INFO:root:GIS_COVER_GRIDS_SELECT_ANALYSIS50 complaint!
INFO:root:GIS_ZNGH_POINTS complaint!
INFO:root:GIS_ZNGH_SF_BUILDING_REGION complaint!
INFO:root:GIS_ZNGH_SF_POINTS complaint!
INFO:root:GIS_ZNGH_WEAKCOVER_CLUSTER complaint!
INFO:root:GIS_ZNGH_WEAKCOVER_CLUSTER10 complaint!
INFO:root:GIS_ZNGH_WEAKCOVER_CLUSTER2 complaint!
INFO:root:GIS_ZNGH_WEAKCOVER_CLUSTER3 complaint!
INFO:root:GIS_ZNGH_WEAKCOVER_CLUSTER50 complaint!
INFO:root:结束时间:2016-07-27 10:41:32
INFO:root:开始时间:2016-07-28 18:17:43
INFO:root:delete complaint!
INFO:root:FUJIANBUILDINGREGION_XM_DISS6 complaint!
INFO:root:FUJIANBUILDINGREGION_XM_DISS7 complaint!
INFO:root:FUJIANBUILDINGREGION_XM_DISS8 complaint!
INFO:root:FUJIANBUILDINGREGION_XM_DISS9 complaint!
INFO:root:GIS_COVER_GRIDS_SELECT_ANALYSIS complaint!
INFO:root:GIS_COVER_GRIDS_SELECT_ANALYSIS10 complaint!
INFO:root:GIS_COVER_GRIDS_SELECT_ANALYSIS2 complaint!
INFO:root:GIS_COVER_GRIDS_SELECT_ANALYSIS3 complaint!
INFO:root:GIS_COVER_GRIDS_SELECT_ANALYSIS50 complaint!
INFO:root:GIS_ZNGH_POINTS complaint!
INFO:root:GIS_ZNGH_SF_BUILDING_REGION complaint!
INFO:root:GIS_ZNGH_SF_POINTS complaint!
INFO:root:GIS_ZNGH_WEAKCOVER_CLUSTER complaint!
INFO:root:GIS_ZNGH_WEAKCOVER_CLUSTER10 complaint!
INFO:root:GIS_ZNGH_WEAKCOVER_CLUSTER2 complaint!
INFO:root:GIS_ZNGH_WEAKCOVER_CLUSTER3 complaint!
INFO:root:GIS_ZNGH_WEAKCOVER_CLUSTER50 complaint!
INFO:root:结束时间:2016-07-28 18:23:26
INFO:root:开始时间:2016-08-01 15:23:07
INFO:root:delete complaint!
INFO:root:FUJIANBUILDINGREGION_XM_DISS6 complaint!
INFO:root:FUJIANBUILDINGREGION_XM_DISS7 complaint!
INFO:root:FUJIANBUILDINGREGION_XM_DISS8 complaint!
INFO:root:FUJIANBUILDINGREGION_XM_DISS9 complaint!
INFO:root:GIS_COVER_GRIDS_SELECT_ANALYSIS complaint!
INFO:root:GIS_COVER_GRIDS_SELECT_ANALYSIS10 complaint!
INFO:root:GIS_COVER_GRIDS_SELECT_ANALYSIS2 complaint!
INFO:root:GIS_COVER_GRIDS_SELECT_ANALYSIS3 complaint!
INFO:root:GIS_COVER_GRIDS_SELECT_ANALYSIS50 complaint!
INFO:root:GIS_ZNGH_POINTS complaint!
INFO:root:GIS_ZNGH_SF_BUILDING_REGION complaint!
INFO:root:GIS_ZNGH_SF_POINTS complaint!
INFO:root:GIS_ZNGH_WEAKCOVER_CLUSTER complaint!
INFO:root:GIS_ZNGH_WEAKCOVER_CLUSTER10 complaint!
INFO:root:GIS_ZNGH_WEAKCOVER_CLUSTER2 complaint!
INFO:root:GIS_ZNGH_WEAKCOVER_CLUSTER3 complaint!
INFO:root:GIS_ZNGH_WEAKCOVER_CLUSTER50 complaint!
INFO:root:结束时间:2016-08-01 15:28:34
INFO:root:开始时间:2016-08-03 14:34:37
INFO:root:delete complaint!
INFO:root:FUJIANBUILDINGREGION_XM_DISS6 complaint!
INFO:root:FUJIANBUILDINGREGION_XM_DISS7 complaint!
INFO:root:FUJIANBUILDINGREGION_XM_DISS8 complaint!
INFO:root:FUJIANBUILDINGREGION_XM_DISS9 complaint!
INFO:root:GIS_COVER_GRIDS_SELECT_ANALYSIS complaint!
INFO:root:GIS_COVER_GRIDS_SELECT_ANALYSIS10 complaint!
INFO:root:GIS_COVER_GRIDS_SELECT_ANALYSIS2 complaint!
INFO:root:GIS_COVER_GRIDS_SELECT_ANALYSIS3 complaint!
INFO:root:GIS_COVER_GRIDS_SELECT_ANALYSIS50 complaint!
INFO:root:GIS_ZNGH_POINTS complaint!
INFO:root:GIS_ZNGH_SF_BUILDING_REGION complaint!
INFO:root:GIS_ZNGH_SF_POINTS complaint!
INFO:root:GIS_ZNGH_WEAKCOVER_CLUSTER complaint!
INFO:root:GIS_ZNGH_WEAKCOVER_CLUSTER10 complaint!
INFO:root:GIS_ZNGH_WEAKCOVER_CLUSTER2 complaint!
INFO:root:GIS_ZNGH_WEAKCOVER_CLUSTER3 complaint!
INFO:root:GIS_ZNGH_WEAKCOVER_CLUSTER50 complaint!
INFO:root:结束时间:2016-08-03 14:40:01
INFO:root:开始时间:2016-08-11 18:26:40
INFO:root:delete complaint!
INFO:root:FUJIANBUILDINGREGION_XM_DISS6 complaint!
INFO:root:FUJIANBUILDINGREGION_XM_DISS7 complaint!
INFO:root:FUJIANBUILDINGREGION_XM_DISS8 complaint!
INFO:root:FUJIANBUILDINGREGION_XM_DISS9 complaint!
INFO:root:GIS_COVER_GRIDS_SELECT_ANALYSIS complaint!
INFO:root:GIS_COVER_GRIDS_SELECT_ANALYSIS10 complaint!
INFO:root:GIS_COVER_GRIDS_SELECT_ANALYSIS2 complaint!
INFO:root:GIS_COVER_GRIDS_SELECT_ANALYSIS3 complaint!
INFO:root:GIS_COVER_GRIDS_SELECT_ANALYSIS50 complaint!
INFO:root:GIS_ZNGH_POINTS complaint!
INFO:root:GIS_ZNGH_SF_BUILDING_REGION complaint!
INFO:root:GIS_ZNGH_SF_POINTS complaint!
INFO:root:GIS_ZNGH_WEAKCOVER_CLUSTER complaint!
INFO:root:GIS_ZNGH_WEAKCOVER_CLUSTER10 complaint!
INFO:root:GIS_ZNGH_WEAKCOVER_CLUSTER2 complaint!
INFO:root:GIS_ZNGH_WEAKCOVER_CLUSTER3 complaint!
INFO:root:GIS_ZNGH_WEAKCOVER_CLUSTER50 complaint!
INFO:root:结束时间:2016-08-11 18:32:31
INFO:root:开始时间:2016-08-12 15:00:49
INFO:root:delete complaint!
INFO:root:FUJIANBUILDINGREGION_XM_DISS6 complaint!
INFO:root:FUJIANBUILDINGREGION_XM_DISS7 complaint!
INFO:root:FUJIANBUILDINGREGION_XM_DISS8 complaint!
INFO:root:FUJIANBUILDINGREGION_XM_DISS9 complaint!
INFO:root:GIS_COVER_GRIDS_SELECT_ANALYSIS complaint!
INFO:root:GIS_COVER_GRIDS_SELECT_ANALYSIS10 complaint!
INFO:root:GIS_COVER_GRIDS_SELECT_ANALYSIS2 complaint!
INFO:root:GIS_COVER_GRIDS_SELECT_ANALYSIS3 complaint!
INFO:root:GIS_COVER_GRIDS_SELECT_ANALYSIS50 complaint!
INFO:root:GIS_ZNGH_POINTS complaint!
INFO:root:GIS_ZNGH_SF_BUILDING_REGION complaint!
INFO:root:GIS_ZNGH_SF_POINTS complaint!
INFO:root:GIS_ZNGH_WEAKCOVER_CLUSTER complaint!
INFO:root:GIS_ZNGH_WEAKCOVER_CLUSTER10 complaint!
INFO:root:GIS_ZNGH_WEAKCOVER_CLUSTER2 complaint!
INFO:root:GIS_ZNGH_WEAKCOVER_CLUSTER3 complaint!
INFO:root:GIS_ZNGH_WEAKCOVER_CLUSTER50 complaint!
INFO:root:结束时间:2016-08-12 15:07:03
INFO:root:开始时间:2016-08-24 11:50:40
INFO:root:delete complaint!
INFO:root:FUJIANBUILDINGREGION_XM_DISS6 complaint!
INFO:root:FUJIANBUILDINGREGION_XM_DISS7 complaint!
INFO:root:FUJIANBUILDINGREGION_XM_DISS8 complaint!
INFO:root:FUJIANBUILDINGREGION_XM_DISS9 complaint!
INFO:root:GIS_COVER_GRIDS_SELECT_ANALYSIS complaint!
INFO:root:GIS_COVER_GRIDS_SELECT_ANALYSIS10 complaint!
INFO:root:GIS_COVER_GRIDS_SELECT_ANALYSIS2 complaint!
INFO:root:GIS_COVER_GRIDS_SELECT_ANALYSIS3 complaint!
INFO:root:GIS_COVER_GRIDS_SELECT_ANALYSIS50 complaint!
INFO:root:GIS_ZNGH_POINTS complaint!
INFO:root:GIS_ZNGH_SF_BUILDING_REGION complaint!
INFO:root:GIS_ZNGH_SF_POINTS complaint!
INFO:root:GIS_ZNGH_WEAKCOVER_CLUSTER complaint!
INFO:root:GIS_ZNGH_WEAKCOVER_CLUSTER10 complaint!
INFO:root:GIS_ZNGH_WEAKCOVER_CLUSTER2 complaint!
INFO:root:GIS_ZNGH_WEAKCOVER_CLUSTER3 complaint!
INFO:root:GIS_ZNGH_WEAKCOVER_CLUSTER50 complaint!
INFO:root:结束时间:2016-08-24 11:57:57
INFO:root:开始时间:2016-08-29 14:43:55
INFO:root:delete complaint!
INFO:root:FUJIANBUILDINGREGION_XM_DISS6 complaint!
INFO:root:FUJIANBUILDINGREGION_XM_DISS7 complaint!
INFO:root:FUJIANBUILDINGREGION_XM_DISS8 complaint!
INFO:root:FUJIANBUILDINGREGION_XM_DISS9 complaint!
INFO:root:GIS_COVER_GRIDS_SELECT_ANALYSIS complaint!
INFO:root:GIS_COVER_GRIDS_SELECT_ANALYSIS10 complaint!
INFO:root:GIS_COVER_GRIDS_SELECT_ANALYSIS2 complaint!
INFO:root:GIS_COVER_GRIDS_SELECT_ANALYSIS3 complaint!
INFO:root:GIS_COVER_GRIDS_SELECT_ANALYSIS50 complaint!
INFO:root:GIS_ZNGH_POINTS complaint!
INFO:root:GIS_ZNGH_SF_BUILDING_REGION complaint!
INFO:root:GIS_ZNGH_SF_POINTS complaint!
INFO:root:GIS_ZNGH_WEAKCOVER_CLUSTER complaint!
INFO:root:GIS_ZNGH_WEAKCOVER_CLUSTER10 complaint!
INFO:root:GIS_ZNGH_WEAKCOVER_CLUSTER2 complaint!
INFO:root:GIS_ZNGH_WEAKCOVER_CLUSTER3 complaint!
INFO:root:GIS_ZNGH_WEAKCOVER_CLUSTER50 complaint!
INFO:root:结束时间:2016-08-29 14:52:10
INFO:root:开始时间:2016-10-14 15:48:51
INFO:root:delete complaint!
INFO:root:FUJIANBUILDINGREGION_XM_DISS6 complaint!
INFO:root:FUJIANBUILDINGREGION_XM_DISS7 complaint!
INFO:root:FUJIANBUILDINGREGION_XM_DISS8 complaint!
INFO:root:FUJIANBUILDINGREGION_XM_DISS9 complaint!
INFO:root:GIS_COVER_GRIDS_SELECT_ANALYSIS complaint!
INFO:root:GIS_COVER_GRIDS_SELECT_ANALYSIS10 complaint!
INFO:root:GIS_COVER_GRIDS_SELECT_ANALYSIS2 complaint!
INFO:root:GIS_COVER_GRIDS_SELECT_ANALYSIS3 complaint!
INFO:root:GIS_COVER_GRIDS_SELECT_ANALYSIS50 complaint!
INFO:root:GIS_ZNGH_POINTS complaint!
INFO:root:GIS_ZNGH_SF_BUILDING_REGION complaint!
INFO:root:GIS_ZNGH_SF_POINTS complaint!
INFO:root:GIS_ZNGH_WEAKCOVER_CLUSTER complaint!
INFO:root:GIS_ZNGH_WEAKCOVER_CLUSTER10 complaint!
INFO:root:GIS_ZNGH_WEAKCOVER_CLUSTER2 complaint!
INFO:root:GIS_ZNGH_WEAKCOVER_CLUSTER3 complaint!
INFO:root:GIS_ZNGH_WEAKCOVER_CLUSTER50 complaint!
INFO:root:结束时间:2016-10-14 15:53:54
INFO:root:开始时间:2016-10-14 16:11:38
INFO:root:开始时间:2016-10-14 16:12:11
INFO:root:delete complaint!
INFO:root:FUJIANBUILDINGREGION_XM_DISS6 complaint!
INFO:root:FUJIANBUILDINGREGION_XM_DISS7 complaint!
INFO:root:FUJIANBUILDINGREGION_XM_DISS8 complaint!
INFO:root:FUJIANBUILDINGREGION_XM_DISS9 complaint!
INFO:root:GIS_COVER_GRIDS_SELECT_ANALYSIS complaint!
INFO:root:GIS_COVER_GRIDS_SELECT_ANALYSIS10 complaint!
INFO:root:GIS_COVER_GRIDS_SELECT_ANALYSIS2 complaint!
INFO:root:GIS_COVER_GRIDS_SELECT_ANALYSIS3 complaint!
INFO:root:GIS_COVER_GRIDS_SELECT_ANALYSIS50 complaint!
INFO:root:GIS_ZNGH_POINTS complaint!
INFO:root:GIS_ZNGH_SF_BUILDING_REGION complaint!
INFO:root:GIS_ZNGH_SF_POINTS complaint!
INFO:root:GIS_ZNGH_WEAKCOVER_CLUSTER complaint!
INFO:root:GIS_ZNGH_WEAKCOVER_CLUSTER10 complaint!
INFO:root:GIS_ZNGH_WEAKCOVER_CLUSTER2 complaint!
INFO:root:GIS_ZNGH_WEAKCOVER_CLUSTER3 complaint!
INFO:root:GIS_ZNGH_WEAKCOVER_CLUSTER50 complaint!
INFO:root:结束时间:2016-10-14 16:17:55
INFO:root:开始时间:2016-10-29 23:12:46
INFO:root:delete complaint!
INFO:root:FUJIANBUILDINGREGION_XM_DISS6 complaint!
INFO:root:FUJIANBUILDINGREGION_XM_DISS7 complaint!
INFO:root:FUJIANBUILDINGREGION_XM_DISS8 complaint!
INFO:root:FUJIANBUILDINGREGION_XM_DISS9 complaint!
INFO:root:GIS_COVER_GRIDS_SELECT_ANALYSIS complaint!
INFO:root:GIS_COVER_GRIDS_SELECT_ANALYSIS10 complaint!
INFO:root:GIS_COVER_GRIDS_SELECT_ANALYSIS2 complaint!
INFO:root:GIS_COVER_GRIDS_SELECT_ANALYSIS3 complaint!
INFO:root:GIS_COVER_GRIDS_SELECT_ANALYSIS50 complaint!
INFO:root:GIS_ZNGH_POINTS complaint!
INFO:root:GIS_ZNGH_SF_BUILDING_REGION complaint!
INFO:root:GIS_ZNGH_SF_POINTS complaint!
INFO:root:GIS_ZNGH_WEAKCOVER_CLUSTER complaint!
INFO:root:GIS_ZNGH_WEAKCOVER_CLUSTER10 complaint!
INFO:root:GIS_ZNGH_WEAKCOVER_CLUSTER2 complaint!
INFO:root:GIS_ZNGH_WEAKCOVER_CLUSTER3 complaint!
INFO:root:GIS_ZNGH_WEAKCOVER_CLUSTER50 complaint!
INFO:root:结束时间:2016-10-29 23:27:30
INFO:root:开始时间:2016-11-05 14:52:26
INFO:root:delete complaint!
INFO:root:FUJIANBUILDINGREGION_XM_DISS6 complaint!
INFO:root:FUJIANBUILDINGREGION_XM_DISS7 complaint!
INFO:root:FUJIANBUILDINGREGION_XM_DISS8 complaint!
INFO:root:FUJIANBUILDINGREGION_XM_DISS9 complaint!
INFO:root:GIS_COVER_GRIDS_SELECT_ANALYSIS complaint!
INFO:root:GIS_COVER_GRIDS_SELECT_ANALYSIS10 complaint!
INFO:root:GIS_COVER_GRIDS_SELECT_ANALYSIS2 complaint!
INFO:root:GIS_COVER_GRIDS_SELECT_ANALYSIS3 complaint!
INFO:root:GIS_COVER_GRIDS_SELECT_ANALYSIS50 complaint!
INFO:root:GIS_ZNGH_POINTS complaint!
INFO:root:GIS_ZNGH_SF_BUILDING_REGION complaint!
INFO:root:GIS_ZNGH_SF_POINTS complaint!
INFO:root:GIS_ZNGH_WEAKCOVER_CLUSTER complaint!
INFO:root:GIS_ZNGH_WEAKCOVER_CLUSTER10 complaint!
INFO:root:GIS_ZNGH_WEAKCOVER_CLUSTER2 complaint!
INFO:root:GIS_ZNGH_WEAKCOVER_CLUSTER3 complaint!
INFO:root:GIS_ZNGH_WEAKCOVER_CLUSTER50 complaint!
INFO:root:结束时间:2016-11-05 14:59:54
INFO:root:开始时间:2016-11-09 10:26:10
INFO:root:delete complaint!
INFO:root:FUJIANBUILDINGREGION_XM_DISS6 complaint!
INFO:root:FUJIANBUILDINGREGION_XM_DISS7 complaint!
INFO:root:FUJIANBUILDINGREGION_XM_DISS8 complaint!
INFO:root:FUJIANBUILDINGREGION_XM_DISS9 complaint!
INFO:root:GIS_COVER_GRIDS_SELECT_ANALYSIS complaint!
INFO:root:GIS_COVER_GRIDS_SELECT_ANALYSIS10 complaint!
INFO:root:GIS_COVER_GRIDS_SELECT_ANALYSIS2 complaint!
INFO:root:GIS_COVER_GRIDS_SELECT_ANALYSIS3 complaint!
INFO:root:GIS_COVER_GRIDS_SELECT_ANALYSIS50 complaint!
INFO:root:GIS_ZNGH_POINTS complaint!
INFO:root:GIS_ZNGH_SF_BUILDING_REGION complaint!
INFO:root:GIS_ZNGH_SF_POINTS complaint!
INFO:root:GIS_ZNGH_WEAKCOVER_CLUSTER complaint!
INFO:root:GIS_ZNGH_WEAKCOVER_CLUSTER10 complaint!
INFO:root:GIS_ZNGH_WEAKCOVER_CLUSTER2 complaint!
INFO:root:GIS_ZNGH_WEAKCOVER_CLUSTER3 complaint!
INFO:root:GIS_ZNGH_WEAKCOVER_CLUSTER50 complaint!
INFO:root:结束时间:2016-11-09 10:35:50
INFO:root:开始时间:2016-11-29 15:44:25
INFO:root:delete complaint!
INFO:root:GIS_COVER_GRIDS_SELECT_ANALYSIS complaint!
INFO:root:GIS_COVER_GRIDS_SELECT_ANALYSIS10 complaint!
INFO:root:GIS_COVER_GRIDS_SELECT_ANALYSIS2 complaint!
INFO:root:GIS_COVER_GRIDS_SELECT_ANALYSIS3 complaint!
INFO:root:GIS_COVER_GRIDS_SELECT_ANALYSIS50 complaint!
INFO:root:GIS_ZNGH_POINTS complaint!
INFO:root:GIS_ZNGH_WEAKCOVER_CLUSTER complaint!
INFO:root:GIS_ZNGH_WEAKCOVER_CLUSTER10 complaint!
INFO:root:GIS_ZNGH_WEAKCOVER_CLUSTER2 complaint!
INFO:root:GIS_ZNGH_WEAKCOVER_CLUSTER3 complaint!
INFO:root:GIS_ZNGH_WEAKCOVER_CLUSTER50 complaint!
INFO:root:结束时间:2016-11-29 15:49:34
INFO:root:开始时间:2016-12-01 15:06:20
INFO:root:delete complaint!
INFO:root:GIS_COVER_GRIDS_SELECT_ANALYSIS complaint!
INFO:root:GIS_COVER_GRIDS_SELECT_ANALYSIS10 complaint!
INFO:root:GIS_COVER_GRIDS_SELECT_ANALYSIS2 complaint!
INFO:root:GIS_COVER_GRIDS_SELECT_ANALYSIS3 complaint!
INFO:root:GIS_COVER_GRIDS_SELECT_ANALYSIS50 complaint!
INFO:root:GIS_ZNGH_POINTS complaint!
INFO:root:GIS_ZNGH_WEAKCOVER_CLUSTER complaint!
INFO:root:GIS_ZNGH_WEAKCOVER_CLUSTER10 complaint!
INFO:root:GIS_ZNGH_WEAKCOVER_CLUSTER2 complaint!
INFO:root:GIS_ZNGH_WEAKCOVER_CLUSTER3 complaint!
INFO:root:GIS_ZNGH_WEAKCOVER_CLUSTER50 complaint!
INFO:root:结束时间:2016-12-01 15:14:59
INFO:root:开始时间:2016-12-07 09:59:38
INFO:root:delete complaint!
INFO:root:GIS_COVER_GRIDS_SELECT_ANALYSIS complaint!
INFO:root:GIS_COVER_GRIDS_SELECT_ANALYSIS10 complaint!
INFO:root:GIS_COVER_GRIDS_SELECT_ANALYSIS2 complaint!
INFO:root:GIS_COVER_GRIDS_SELECT_ANALYSIS3 complaint!
INFO:root:GIS_COVER_GRIDS_SELECT_ANALYSIS50 complaint!
INFO:root:GIS_ZNGH_POINTS complaint!
INFO:root:GIS_ZNGH_WEAKCOVER_CLUSTER complaint!
INFO:root:GIS_ZNGH_WEAKCOVER_CLUSTER10 complaint!
INFO:root:GIS_ZNGH_WEAKCOVER_CLUSTER2 complaint!
INFO:root:GIS_ZNGH_WEAKCOVER_CLUSTER3 complaint!
INFO:root:GIS_ZNGH_WEAKCOVER_CLUSTER50 complaint!
INFO:root:结束时间:2016-12-07 10:07:04
INFO:root:开始时间:2016-12-26 15:02:18
INFO:root:delete complaint!
INFO:root:GIS_COVER_GRIDS_SELECT_ANALYSIS complaint!
INFO:root:GIS_COVER_GRIDS_SELECT_ANALYSIS10 complaint!
INFO:root:GIS_COVER_GRIDS_SELECT_ANALYSIS2 complaint!
INFO:root:GIS_COVER_GRIDS_SELECT_ANALYSIS3 complaint!
INFO:root:GIS_COVER_GRIDS_SELECT_ANALYSIS50 complaint!
INFO:root:GIS_ZNGH_POINTS complaint!
INFO:root:GIS_ZNGH_WEAKCOVER_CLUSTER complaint!
INFO:root:GIS_ZNGH_WEAKCOVER_CLUSTER10 complaint!
INFO:root:GIS_ZNGH_WEAKCOVER_CLUSTER2 complaint!
INFO:root:GIS_ZNGH_WEAKCOVER_CLUSTER3 complaint!
INFO:root:GIS_ZNGH_WEAKCOVER_CLUSTER50 complaint!
INFO:root:结束时间:2016-12-26 15:15:05
INFO:root:开始时间:2017-01-07 11:55:57
INFO:root:开始时间:2017-01-07 12:05:59
INFO:root:delete complaint!
INFO:root:GIS_COVER_GRIDS_SELECT_ANALYSIS complaint!
INFO:root:GIS_COVER_GRIDS_SELECT_ANALYSIS10 complaint!
INFO:root:GIS_COVER_GRIDS_SELECT_ANALYSIS2 complaint!
INFO:root:GIS_ZNGH_POINTS complaint!
INFO:root:GIS_ZNGH_WEAKCOVER_CLUSTER complaint!
INFO:root:GIS_ZNGH_WEAKCOVER_CLUSTER10 complaint!
INFO:root:GIS_ZNGH_WEAKCOVER_CLUSTER2 complaint!
INFO:root:结束时间:2017-01-07 12:12:37
INFO:root:开始时间:2017-01-16 15:32:17
INFO:root:delete complaint!
INFO:root:GIS_COVER_GRIDS_SELECT_ANALYSIS complaint!
INFO:root:GIS_COVER_GRIDS_SELECT_ANALYSIS10 complaint!
INFO:root:GIS_COVER_GRIDS_SELECT_ANALYSIS2 complaint!
INFO:root:GIS_ZNGH_POINTS complaint!
INFO:root:GIS_ZNGH_WEAKCOVER_CLUSTER complaint!
INFO:root:GIS_ZNGH_WEAKCOVER_CLUSTER10 complaint!
INFO:root:GIS_ZNGH_WEAKCOVER_CLUSTER2 complaint!
INFO:root:结束时间:2017-01-16 15:38:15
INFO:root:开始时间:2017-01-18 10:13:21
INFO:root:delete complaint!
INFO:root:GIS_COVER_GRIDS_SELECT_ANALYSIS complaint!
INFO:root:GIS_COVER_GRIDS_SELECT_ANALYSIS10 complaint!
INFO:root:GIS_COVER_GRIDS_SELECT_ANALYSIS2 complaint!
INFO:root:GIS_ZNGH_POINTS complaint!
INFO:root:GIS_ZNGH_WEAKCOVER_CLUSTER complaint!
INFO:root:GIS_ZNGH_WEAKCOVER_CLUSTER10 complaint!
INFO:root:GIS_ZNGH_WEAKCOVER_CLUSTER2 complaint!
INFO:root:结束时间:2017-01-18 10:16:58
INFO:root:开始时间:2017-01-20 16:43:06
INFO:root:delete complaint!
INFO:root:GIS_COVER_GRIDS_SELECT_ANALYSIS complaint!
INFO:root:GIS_COVER_GRIDS_SELECT_ANALYSIS10 complaint!
INFO:root:GIS_COVER_GRIDS_SELECT_ANALYSIS2 complaint!
INFO:root:GIS_ZNGH_POINTS complaint!
INFO:root:GIS_ZNGH_WEAKCOVER_CLUSTER complaint!
INFO:root:GIS_ZNGH_WEAKCOVER_CLUSTER10 complaint!
INFO:root:GIS_ZNGH_WEAKCOVER_CLUSTER2 complaint!
INFO:root:结束时间:2017-01-20 16:51:51
INFO:root:开始时间:2017-01-22 14:40:53
INFO:root:delete complaint!
INFO:root:GIS_COVER_GRIDS_SELECT_ANALYSIS complaint!
INFO:root:GIS_COVER_GRIDS_SELECT_ANALYSIS10 complaint!
INFO:root:GIS_COVER_GRIDS_SELECT_ANALYSIS2 complaint!
INFO:root:GIS_ZNGH_POINTS complaint!
INFO:root:GIS_ZNGH_WEAKCOVER_CLUSTER complaint!
INFO:root:GIS_ZNGH_WEAKCOVER_CLUSTER10 complaint!
INFO:root:GIS_ZNGH_WEAKCOVER_CLUSTER2 complaint!
INFO:root:结束时间:2017-01-22 14:49:51
INFO:root:开始时间:2017-02-13 15:07:56
INFO:root:delete complaint!
INFO:root:GIS_COVER_GRIDS_SELECT_ANALYSIS complaint!
INFO:root:GIS_COVER_GRIDS_SELECT_ANALYSIS10 complaint!
INFO:root:GIS_COVER_GRIDS_SELECT_ANALYSIS2 complaint!
INFO:root:GIS_ZNGH_POINTS complaint!
INFO:root:GIS_ZNGH_WEAKCOVER_CLUSTER complaint!
INFO:root:GIS_ZNGH_WEAKCOVER_CLUSTER10 complaint!
INFO:root:GIS_ZNGH_WEAKCOVER_CLUSTER2 complaint!
INFO:root:结束时间:2017-02-13 15:31:00
INFO:root:开始时间:2017-02-19 13:59:21
INFO:root:delete complaint!
INFO:root:GIS_COVER_GRIDS_SELECT_ANALYSIS complaint!
INFO:root:GIS_COVER_GRIDS_SELECT_ANALYSIS10 complaint!
INFO:root:GIS_COVER_GRIDS_SELECT_ANALYSIS2 complaint!
INFO:root:GIS_ZNGH_POINTS complaint!
INFO:root:GIS_ZNGH_WEAKCOVER_CLUSTER complaint!
INFO:root:GIS_ZNGH_WEAKCOVER_CLUSTER10 complaint!
INFO:root:GIS_ZNGH_WEAKCOVER_CLUSTER2 complaint!
INFO:root:结束时间:2017-02-19 14:03:00
INFO:root:开始时间:2017-02-27 09:10:46
INFO:root:delete complaint!
INFO:root:GIS_COVER_GRIDS_SELECT_ANALYSIS complaint!
INFO:root:GIS_COVER_GRIDS_SELECT_ANALYSIS10 complaint!
INFO:root:GIS_COVER_GRIDS_SELECT_ANALYSIS2 complaint!
INFO:root:GIS_ZNGH_POINTS complaint!
INFO:root:GIS_ZNGH_WEAKCOVER_CLUSTER complaint!
INFO:root:GIS_ZNGH_WEAKCOVER_CLUSTER10 complaint!
INFO:root:GIS_ZNGH_WEAKCOVER_CLUSTER2 complaint!
INFO:root:结束时间:2017-02-27 09:15:11
INFO:root:开始时间:2017-04-13 16:31:53
INFO:root:delete complaint!
INFO:root:GIS_COVER_GRIDS_SELECT_ANALYSIS complaint!
INFO:root:GIS_COVER_GRIDS_SELECT_ANALYSIS10 complaint!
INFO:root:GIS_COVER_GRIDS_SELECT_ANALYSIS2 complaint!
INFO:root:GIS_ZNGH_POINTS complaint!
INFO:root:GIS_ZNGH_WEAKCOVER_CLUSTER complaint!
INFO:root:GIS_ZNGH_WEAKCOVER_CLUSTER10 complaint!
INFO:root:GIS_ZNGH_WEAKCOVER_CLUSTER2 complaint!
INFO:root:结束时间:2017-04-13 16:40:16
INFO:root:开始时间:2017-04-20 09:35:20
INFO:root:delete complaint!
INFO:root:GIS_COVER_GRIDS_SELECT_ANALYSIS complaint!
INFO:root:GIS_COVER_GRIDS_SELECT_ANALYSIS10 complaint!
INFO:root:GIS_COVER_GRIDS_SELECT_ANALYSIS2 complaint!
INFO:root:GIS_ZNGH_POINTS complaint!
INFO:root:GIS_ZNGH_WEAKCOVER_CLUSTER complaint!
INFO:root:GIS_ZNGH_WEAKCOVER_CLUSTER10 complaint!
INFO:root:GIS_ZNGH_WEAKCOVER_CLUSTER2 complaint!
INFO:root:结束时间:2017-04-20 09:42:22
INFO:root:开始时间:2017-04-26 09:01:57
INFO:root:delete complaint!
INFO:root:GIS_COVER_GRIDS_SELECT_ANALYSIS complaint!
INFO:root:GIS_COVER_GRIDS_SELECT_ANALYSIS10 complaint!
INFO:root:GIS_COVER_GRIDS_SELECT_ANALYSIS2 complaint!
INFO:root:GIS_ZNGH_POINTS complaint!
INFO:root:GIS_ZNGH_WEAKCOVER_CLUSTER complaint!
INFO:root:GIS_ZNGH_WEAKCOVER_CLUSTER10 complaint!
INFO:root:GIS_ZNGH_WEAKCOVER_CLUSTER2 complaint!
INFO:root:结束时间:2017-04-26 09:10:47
INFO:root:开始时间:2017-04-26 09:26:47
INFO:root:delete complaint!
INFO:root:GIS_COVER_GRIDS_SELECT_ANALYSIS complaint!
INFO:root:GIS_COVER_GRIDS_SELECT_ANALYSIS10 complaint!
INFO:root:GIS_COVER_GRIDS_SELECT_ANALYSIS2 complaint!
INFO:root:GIS_ZNGH_POINTS complaint!
INFO:root:GIS_ZNGH_WEAKCOVER_CLUSTER complaint!
INFO:root:GIS_ZNGH_WEAKCOVER_CLUSTER10 complaint!
INFO:root:GIS_ZNGH_WEAKCOVER_CLUSTER2 complaint!
INFO:root:结束时间:2017-04-26 09:36:28
INFO:root:开始时间:2017-05-02 11:47:59
INFO:root:delete complaint!
INFO:root:GIS_COVER_GRIDS_SELECT_ANALYSIS complaint!
INFO:root:GIS_COVER_GRIDS_SELECT_ANALYSIS10 complaint!
INFO:root:GIS_COVER_GRIDS_SELECT_ANALYSIS2 complaint!
INFO:root:GIS_ZNGH_POINTS complaint!
INFO:root:GIS_ZNGH_WEAKCOVER_CLUSTER complaint!
INFO:root:GIS_ZNGH_WEAKCOVER_CLUSTER10 complaint!
INFO:root:GIS_ZNGH_WEAKCOVER_CLUSTER2 complaint!
INFO:root:结束时间:2017-05-02 11:55:48
INFO:root:开始时间:2017-05-10 09:04:34
INFO:root:delete complaint!
INFO:root:GIS_COVER_GRIDS_SELECT_ANALYSIS complaint!
INFO:root:GIS_COVER_GRIDS_SELECT_ANALYSIS10 complaint!
INFO:root:GIS_COVER_GRIDS_SELECT_ANALYSIS2 complaint!
INFO:root:GIS_ZNGH_POINTS complaint!
INFO:root:GIS_ZNGH_WEAKCOVER_CLUSTER complaint!
INFO:root:GIS_ZNGH_WEAKCOVER_CLUSTER10 complaint!
INFO:root:GIS_ZNGH_WEAKCOVER_CLUSTER2 complaint!
INFO:root:结束时间:2017-05-10 09:16:42
INFO:root:开始时间:2017-05-25 12:07:03
INFO:root:delete complaint!
INFO:root:GIS_COVER_GRIDS_SELECT_ANALYSIS complaint!
INFO:root:GIS_COVER_GRIDS_SELECT_ANALYSIS10 complaint!
INFO:root:GIS_COVER_GRIDS_SELECT_ANALYSIS2 complaint!
INFO:root:GIS_ZNGH_POINTS complaint!
INFO:root:GIS_ZNGH_WEAKCOVER_CLUSTER complaint!
INFO:root:GIS_ZNGH_WEAKCOVER_CLUSTER10 complaint!
INFO:root:GIS_ZNGH_WEAKCOVER_CLUSTER2 complaint!
INFO:root:结束时间:2017-05-25 12:12:32
INFO:root:开始时间:2017-05-31 10:18:43
INFO:root:delete complaint!
INFO:root:GIS_COVER_GRIDS_SELECT_ANALYSIS complaint!
INFO:root:GIS_COVER_GRIDS_SELECT_ANALYSIS10 complaint!
INFO:root:GIS_COVER_GRIDS_SELECT_ANALYSIS2 complaint!
INFO:root:GIS_ZNGH_POINTS complaint!
INFO:root:GIS_ZNGH_WEAKCOVER_CLUSTER complaint!
INFO:root:GIS_ZNGH_WEAKCOVER_CLUSTER10 complaint!
INFO:root:GIS_ZNGH_WEAKCOVER_CLUSTER2 complaint!
INFO:root:结束时间:2017-05-31 10:31:38
INFO:root:开始时间:2017-06-02 17:27:44
INFO:root:delete complaint!
INFO:root:开始时间:2017-06-02 17:36:08
INFO:root:delete complaint!
INFO:root:GIS_COVER_GRIDS_SELECT_ANALYSIS complaint!
INFO:root:GIS_COVER_GRIDS_SELECT_ANALYSIS10 complaint!
INFO:root:GIS_COVER_GRIDS_SELECT_ANALYSIS2 complaint!
INFO:root:GIS_ZNGH_POINTS complaint!
INFO:root:GIS_ZNGH_WEAKCOVER_CLUSTER complaint!
INFO:root:GIS_ZNGH_WEAKCOVER_CLUSTER10 complaint!
INFO:root:GIS_ZNGH_WEAKCOVER_CLUSTER2 complaint!
INFO:root:结束时间:2017-06-02 17:50:06
INFO:root:开始时间:2017-06-02 17:58:01
INFO:root:delete complaint!
INFO:root:GIS_COVER_GRIDS_SELECT_ANALYSIS complaint!
INFO:root:GIS_COVER_GRIDS_SELECT_ANALYSIS10 complaint!
INFO:root:GIS_COVER_GRIDS_SELECT_ANALYSIS2 complaint!
INFO:root:GIS_ZNGH_POINTS complaint!
INFO:root:GIS_ZNGH_WEAKCOVER_CLUSTER complaint!
INFO:root:GIS_ZNGH_WEAKCOVER_CLUSTER10 complaint!
INFO:root:GIS_ZNGH_WEAKCOVER_CLUSTER2 complaint!
INFO:root:结束时间:2017-06-02 18:10:43
INFO:root:开始时间:2017-06-05 09:08:55
INFO:root:delete complaint!
INFO:root:GIS_COVER_GRIDS_SELECT_ANALYSIS complaint!
INFO:root:GIS_COVER_GRIDS_SELECT_ANALYSIS10 complaint!
INFO:root:GIS_COVER_GRIDS_SELECT_ANALYSIS2 complaint!
INFO:root:GIS_ZNGH_POINTS complaint!
INFO:root:GIS_ZNGH_WEAKCOVER_CLUSTER complaint!
INFO:root:GIS_ZNGH_WEAKCOVER_CLUSTER10 complaint!
INFO:root:GIS_ZNGH_WEAKCOVER_CLUSTER2 complaint!
INFO:root:结束时间:2017-06-05 09:25:04
INFO:root:开始时间:2017-06-07 09:10:01
INFO:root:delete complaint!
INFO:root:GIS_COVER_GRIDS_SELECT_ANALYSIS complaint!
INFO:root:GIS_COVER_GRIDS_SELECT_ANALYSIS10 complaint!
INFO:root:GIS_COVER_GRIDS_SELECT_ANALYSIS2 complaint!
INFO:root:GIS_ZNGH_POINTS complaint!
INFO:root:GIS_ZNGH_WEAKCOVER_CLUSTER complaint!
INFO:root:GIS_ZNGH_WEAKCOVER_CLUSTER10 complaint!
INFO:root:GIS_ZNGH_WEAKCOVER_CLUSTER2 complaint!
INFO:root:结束时间:2017-06-07 09:15:32
INFO:root:开始时间:2017-06-16 19:00:32
INFO:root:delete complaint!
INFO:root:GIS_COVER_GRIDS_SELECT_ANALYSIS complaint!
INFO:root:GIS_COVER_GRIDS_SELECT_ANALYSIS10 complaint!
INFO:root:GIS_COVER_GRIDS_SELECT_ANALYSIS2 complaint!
INFO:root:GIS_ZNGH_POINTS complaint!
INFO:root:GIS_ZNGH_WEAKCOVER_CLUSTER complaint!
INFO:root:GIS_ZNGH_WEAKCOVER_CLUSTER10 complaint!
INFO:root:GIS_ZNGH_WEAKCOVER_CLUSTER2 complaint!
INFO:root:结束时间:2017-06-16 19:06:26
INFO:root:开始时间:2017-06-16 20:30:21
INFO:root:delete complaint!
INFO:root:开始时间:2017-06-16 20:33:07
INFO:root:delete complaint!
INFO:root:GIS_COVER_GRIDS_SELECT_ANALYSIS complaint!
INFO:root:GIS_COVER_GRIDS_SELECT_ANALYSIS10 complaint!
INFO:root:GIS_COVER_GRIDS_SELECT_ANALYSIS2 complaint!
INFO:root:GIS_ZNGH_POINTS complaint!
INFO:root:GIS_ZNGH_WEAKCOVER_CLUSTER complaint!
INFO:root:GIS_ZNGH_WEAKCOVER_CLUSTER10 complaint!
INFO:root:GIS_ZNGH_WEAKCOVER_CLUSTER2 complaint!
INFO:root:结束时间:2017-06-16 20:38:46
INFO:root:开始时间:2017-06-17 16:47:01
INFO:root:delete complaint!
INFO:root:GIS_COVER_GRIDS_SELECT_ANALYSIS complaint!
INFO:root:GIS_COVER_GRIDS_SELECT_ANALYSIS10 complaint!
INFO:root:GIS_COVER_GRIDS_SELECT_ANALYSIS2 complaint!
INFO:root:GIS_ZNGH_POINTS complaint!
INFO:root:GIS_ZNGH_WEAKCOVER_CLUSTER complaint!
INFO:root:GIS_ZNGH_WEAKCOVER_CLUSTER10 complaint!
INFO:root:GIS_ZNGH_WEAKCOVER_CLUSTER2 complaint!
INFO:root:结束时间:2017-06-17 16:52:56
INFO:root:开始时间:2017-06-28 10:22:25
INFO:root:delete complaint!
INFO:root:GIS_COVER_GRIDS_SELECT_ANALYSIS complaint!
INFO:root:GIS_COVER_GRIDS_SELECT_ANALYSIS10 complaint!
INFO:root:GIS_COVER_GRIDS_SELECT_ANALYSIS2 complaint!
INFO:root:GIS_ZNGH_POINTS complaint!
INFO:root:GIS_ZNGH_WEAKCOVER_CLUSTER complaint!
INFO:root:GIS_ZNGH_WEAKCOVER_CLUSTER10 complaint!
INFO:root:GIS_ZNGH_WEAKCOVER_CLUSTER2 complaint!
INFO:root:结束时间:2017-06-28 10:29:28
INFO:root:开始时间:2017-07-08 17:01:26
INFO:root:delete complaint!
INFO:root:GIS_COVER_GRIDS_SELECT_ANALYSIS complaint!
INFO:root:GIS_ZNGH_POINTS complaint!
INFO:root:GIS_ZNGH_WEAKCOVER_CLUSTER complaint!
INFO:root:结束时间:2017-07-08 17:06:54
