INFO:root:delete exists PointInCache
INFO:root:开始时间:2016-05-04 17:25:26 结束时间:2016-05-04 17:36:31
INFO:root:delete exists PointInCache
INFO:root:开始时间:2016-05-05 10:34:47 结束时间:2016-05-05 10:44:58
INFO:root:delete exists PointInCache
INFO:root:开始时间:2016-05-06 08:20:04 结束时间:2016-05-06 08:32:20
INFO:root:delete exists PointInCache
INFO:root:开始时间:2016-05-07 08:20:04 结束时间:2016-05-07 08:31:22
INFO:root:delete exists PointInCache
INFO:root:开始时间:2016-05-08 08:20:04 结束时间:2016-05-08 08:31:23
INFO:root:delete exists PointInCache
INFO:root:开始时间:2016-05-09 08:20:04 结束时间:2016-05-09 08:30:47
INFO:root:delete exists PointInCache
INFO:root:开始时间:2016-05-10 08:20:04 结束时间:2016-05-10 08:30:58
INFO:root:delete exists PointInCache
INFO:root:开始时间:2016-05-11 08:20:04 结束时间:2016-05-11 08:30:44
INFO:root:delete exists PointInCache
INFO:root:开始时间:2016-05-12 08:20:04 结束时间:2016-05-12 08:31:08
INFO:root:delete exists PointInCache
INFO:root:开始时间:2016-05-13 09:21:24 结束时间:2016-05-13 09:44:27
INFO:root:delete exists PointInCache
INFO:root:开始时间:2016-05-14 08:20:04 结束时间:2016-05-14 08:30:52
INFO:root:delete exists PointInCache
INFO:root:开始时间:2016-05-15 08:20:04 结束时间:2016-05-15 08:30:37
INFO:root:delete exists PointInCache
INFO:root:开始时间:2016-05-16 08:20:04 结束时间:2016-05-16 08:30:42
INFO:root:delete exists PointInCache
INFO:root:开始时间:2016-05-17 08:20:04 结束时间:2016-05-17 08:30:12
INFO:root:delete exists PointInCache
INFO:root:开始时间:2016-05-18 08:20:04 结束时间:2016-05-18 08:30:54
INFO:root:delete exists PointInCache
INFO:root:开始时间:2016-05-19 08:20:04 结束时间:2016-05-19 08:30:32
INFO:root:delete exists PointInCache
INFO:root:开始时间:2016-05-20 08:20:04 结束时间:2016-05-20 08:30:44
INFO:root:delete exists PointInCache
INFO:root:开始时间:2016-05-21 08:20:04 结束时间:2016-05-21 08:30:31
INFO:root:delete exists PointInCache
INFO:root:开始时间:2016-05-22 08:20:04 结束时间:2016-05-22 08:30:31
INFO:root:delete exists PointInCache
INFO:root:开始时间:2016-05-23 08:20:04 结束时间:2016-05-23 08:30:36
INFO:root:delete exists PointInCache
INFO:root:开始时间:2016-05-24 08:20:04 结束时间:2016-05-24 08:30:44
INFO:root:delete exists PointInCache
INFO:root:开始时间:2016-05-25 08:20:04 结束时间:2016-05-25 08:30:13
INFO:root:delete exists PointInCache
INFO:root:开始时间:2016-05-26 08:20:04 结束时间:2016-05-26 08:30:48
INFO:root:delete exists PointInCache
INFO:root:开始时间:2016-05-27 08:20:04 结束时间:2016-05-27 08:30:34
INFO:root:delete exists PointInCache
INFO:root:开始时间:2016-05-28 08:20:04 结束时间:2016-05-28 08:30:38
INFO:root:delete exists PointInCache
INFO:root:开始时间:2016-05-29 08:20:04 结束时间:2016-05-29 08:30:12
INFO:root:delete exists PointInCache
INFO:root:开始时间:2016-05-30 08:20:04 结束时间:2016-05-30 08:30:36
INFO:root:delete exists PointInCache
INFO:root:开始时间:2016-05-31 08:20:04 结束时间:2016-05-31 08:30:30
INFO:root:delete exists PointInCache
INFO:root:开始时间:2016-06-01 08:20:04 结束时间:2016-06-01 08:30:38
INFO:root:delete exists PointInCache
INFO:root:开始时间:2016-06-02 08:20:04 结束时间:2016-06-02 08:30:46
INFO:root:delete exists PointInCache
INFO:root:开始时间:2016-06-03 08:20:04 结束时间:2016-06-03 08:31:22
INFO:root:delete exists PointInCache
INFO:root:开始时间:2016-06-04 08:20:04 结束时间:2016-06-04 08:30:50
INFO:root:delete exists PointInCache
INFO:root:开始时间:2016-06-05 08:20:04 结束时间:2016-06-05 08:30:26
INFO:root:delete exists PointInCache
INFO:root:开始时间:2016-06-06 08:20:04 结束时间:2016-06-06 08:30:50
INFO:root:delete exists PointInCache
INFO:root:开始时间:2016-06-07 08:20:04 结束时间:2016-06-07 08:30:27
INFO:root:delete exists PointInCache
INFO:root:开始时间:2016-06-08 08:20:04 结束时间:2016-06-08 08:30:28
INFO:root:delete exists PointInCache
INFO:root:开始时间:2016-06-09 08:20:04 结束时间:2016-06-09 08:31:01
INFO:root:delete exists PointInCache
INFO:root:开始时间:2016-06-10 08:20:04 结束时间:2016-06-10 08:30:46
INFO:root:delete exists PointInCache
INFO:root:开始时间:2016-06-11 08:20:04 结束时间:2016-06-11 08:30:51
INFO:root:delete exists PointInCache
INFO:root:开始时间:2016-06-12 08:20:04 结束时间:2016-06-12 08:30:45
INFO:root:delete exists PointInCache
INFO:root:开始时间:2016-06-13 08:20:04 结束时间:2016-06-13 08:30:42
INFO:root:delete exists PointInCache
INFO:root:开始时间:2016-06-14 08:20:04 结束时间:2016-06-14 08:30:41
INFO:root:delete exists PointInCache
INFO:root:开始时间:2016-06-15 08:20:04 结束时间:2016-06-15 08:30:36
INFO:root:delete exists PointInCache
INFO:root:开始时间:2016-06-16 08:20:04 结束时间:2016-06-16 08:31:10
INFO:root:delete exists PointInCache
INFO:root:开始时间:2016-06-17 08:20:04 结束时间:2016-06-17 08:30:39
INFO:root:delete exists PointInCache
INFO:root:开始时间:2016-06-18 08:20:04 结束时间:2016-06-18 08:30:46
INFO:root:delete exists PointInCache
INFO:root:开始时间:2016-06-19 08:20:04 结束时间:2016-06-19 08:30:35
INFO:root:delete exists PointInCache
INFO:root:开始时间:2016-06-20 08:20:04 结束时间:2016-06-20 08:30:33
INFO:root:delete exists PointInCache
INFO:root:开始时间:2016-06-21 08:20:04 结束时间:2016-06-21 08:30:49
INFO:root:delete exists PointInCache
INFO:root:开始时间:2016-06-22 08:20:04 结束时间:2016-06-22 08:31:25
INFO:root:delete exists PointInCache
INFO:root:开始时间:2016-06-23 08:20:04 结束时间:2016-06-23 08:30:45
INFO:root:delete exists PointInCache
INFO:root:开始时间:2016-06-24 08:20:04 结束时间:2016-06-24 08:30:39
INFO:root:delete exists PointInCache
INFO:root:delete exists PointInCache
INFO:root:开始时间:2016-06-26 08:20:04 结束时间:2016-06-26 08:29:43
INFO:root:delete exists PointInCache
INFO:root:开始时间:2016-06-27 08:20:04 结束时间:2016-06-27 08:31:00
INFO:root:delete exists PointInCache
INFO:root:开始时间:2016-06-28 08:20:04 结束时间:2016-06-28 08:30:48
INFO:root:delete exists PointInCache
INFO:root:开始时间:2016-06-29 08:20:04 结束时间:2016-06-29 08:30:47
INFO:root:delete exists PointInCache
INFO:root:开始时间:2016-06-30 08:20:04 结束时间:2016-06-30 08:30:54
INFO:root:delete exists PointInCache
INFO:root:开始时间:2016-07-01 08:20:04 结束时间:2016-07-01 08:30:45
INFO:root:delete exists PointInCache
INFO:root:开始时间:2016-07-02 08:20:04 结束时间:2016-07-02 08:30:47
INFO:root:delete exists PointInCache
INFO:root:开始时间:2016-07-03 08:20:04 结束时间:2016-07-03 08:30:53
INFO:root:delete exists PointInCache
INFO:root:开始时间:2016-07-04 08:20:04 结束时间:2016-07-04 08:31:02
INFO:root:delete exists PointInCache
INFO:root:开始时间:2016-07-05 08:20:04 结束时间:2016-07-05 08:30:46
INFO:root:delete exists PointInCache
INFO:root:开始时间:2016-07-06 08:20:04 结束时间:2016-07-06 08:31:02
INFO:root:delete exists PointInCache
INFO:root:开始时间:2016-07-07 08:20:04 结束时间:2016-07-07 08:30:54
INFO:root:delete exists PointInCache
INFO:root:开始时间:2016-07-08 08:20:04 结束时间:2016-07-08 08:30:48
INFO:root:delete exists PointInCache
INFO:root:开始时间:2016-07-09 08:20:04 结束时间:2016-07-09 08:31:00
INFO:root:delete exists PointInCache
INFO:root:开始时间:2016-07-10 08:20:04 结束时间:2016-07-10 08:30:38
INFO:root:delete exists PointInCache
INFO:root:开始时间:2016-07-11 08:20:04 结束时间:2016-07-11 08:30:27
INFO:root:delete exists PointInCache
INFO:root:开始时间:2016-07-12 08:20:04 结束时间:2016-07-12 08:30:39
INFO:root:delete exists PointInCache
INFO:root:开始时间:2016-07-13 08:20:04 结束时间:2016-07-13 08:31:00
INFO:root:delete exists PointInCache
INFO:root:开始时间:2016-07-14 08:20:04 结束时间:2016-07-14 08:30:58
INFO:root:delete exists PointInCache
INFO:root:开始时间:2016-07-15 08:20:04 结束时间:2016-07-15 08:30:54
INFO:root:delete exists PointInCache
INFO:root:开始时间:2016-07-16 08:20:04 结束时间:2016-07-16 08:31:10
INFO:root:delete exists PointInCache
INFO:root:开始时间:2016-07-17 08:20:04 结束时间:2016-07-17 08:30:49
INFO:root:delete exists PointInCache
INFO:root:开始时间:2016-07-18 08:20:04 结束时间:2016-07-18 08:31:03
INFO:root:delete exists PointInCache
INFO:root:开始时间:2016-07-19 08:20:05 结束时间:2016-07-19 08:30:51
INFO:root:delete exists PointInCache
INFO:root:开始时间:2016-07-20 08:20:04 结束时间:2016-07-20 08:30:51
INFO:root:delete exists PointInCache
INFO:root:开始时间:2016-07-21 08:20:04 结束时间:2016-07-21 08:31:00
INFO:root:delete exists PointInCache
INFO:root:开始时间:2016-07-22 08:20:04 结束时间:2016-07-22 08:31:06
INFO:root:delete exists PointInCache
INFO:root:开始时间:2016-07-23 08:20:04 结束时间:2016-07-23 08:31:00
INFO:root:delete exists PointInCache
INFO:root:开始时间:2016-07-24 08:20:04 结束时间:2016-07-24 08:31:10
INFO:root:delete exists PointInCache
INFO:root:开始时间:2016-07-25 08:20:04 结束时间:2016-07-25 08:30:45
INFO:root:delete exists PointInCache
INFO:root:开始时间:2016-07-26 08:20:04 结束时间:2016-07-26 08:30:40
INFO:root:delete exists PointInCache
INFO:root:开始时间:2016-07-27 08:20:04 结束时间:2016-07-27 08:30:45
INFO:root:delete exists PointInCache
INFO:root:开始时间:2016-07-28 08:20:04 结束时间:2016-07-28 08:30:50
INFO:root:delete exists PointInCache
INFO:root:开始时间:2016-07-29 08:20:04 结束时间:2016-07-29 08:30:45
INFO:root:delete exists PointInCache
INFO:root:开始时间:2016-07-30 08:20:04 结束时间:2016-07-30 08:31:19
INFO:root:delete exists PointInCache
INFO:root:开始时间:2016-07-31 08:20:04 结束时间:2016-07-31 08:31:02
INFO:root:delete exists PointInCache
INFO:root:开始时间:2016-08-01 08:20:04 结束时间:2016-08-01 08:31:21
INFO:root:delete exists PointInCache
INFO:root:开始时间:2016-08-02 08:20:04 结束时间:2016-08-02 08:30:39
INFO:root:delete exists PointInCache
INFO:root:开始时间:2016-08-03 08:20:05 结束时间:2016-08-03 08:31:16
INFO:root:delete exists PointInCache
INFO:root:开始时间:2016-08-04 08:20:04 结束时间:2016-08-04 08:31:06
INFO:root:delete exists PointInCache
INFO:root:开始时间:2016-08-05 08:20:04 结束时间:2016-08-05 08:30:36
INFO:root:delete exists PointInCache
INFO:root:开始时间:2016-08-06 08:20:04 结束时间:2016-08-06 08:30:40
INFO:root:delete exists PointInCache
INFO:root:开始时间:2016-08-07 08:20:04 结束时间:2016-08-07 08:30:49
INFO:root:delete exists PointInCache
INFO:root:开始时间:2016-08-08 08:20:04 结束时间:2016-08-08 08:31:00
INFO:root:delete exists PointInCache
INFO:root:开始时间:2016-08-09 08:20:05 结束时间:2016-08-09 08:30:51
INFO:root:delete exists PointInCache
INFO:root:开始时间:2016-08-10 08:20:04 结束时间:2016-08-10 08:30:56
INFO:root:delete exists PointInCache
INFO:root:开始时间:2016-08-11 08:20:04 结束时间:2016-08-11 08:30:56
INFO:root:delete exists PointInCache
INFO:root:开始时间:2016-08-12 08:20:04 结束时间:2016-08-12 08:30:45
INFO:root:delete exists PointInCache
INFO:root:开始时间:2016-08-13 08:20:04 结束时间:2016-08-13 08:30:48
INFO:root:delete exists PointInCache
INFO:root:开始时间:2016-08-14 08:20:04 结束时间:2016-08-14 08:31:03
INFO:root:delete exists PointInCache
INFO:root:开始时间:2016-08-15 08:20:04 结束时间:2016-08-15 08:30:49
INFO:root:delete exists PointInCache
INFO:root:开始时间:2016-08-16 08:20:04 结束时间:2016-08-16 08:30:49
INFO:root:delete exists PointInCache
INFO:root:开始时间:2016-08-17 08:20:04 结束时间:2016-08-17 08:31:04
INFO:root:delete exists PointInCache
INFO:root:开始时间:2016-08-18 08:20:04 结束时间:2016-08-18 08:30:41
INFO:root:delete exists PointInCache
INFO:root:开始时间:2016-08-19 08:20:04 结束时间:2016-08-19 08:30:59
INFO:root:delete exists PointInCache
INFO:root:开始时间:2016-08-20 08:20:04 结束时间:2016-08-20 08:30:59
INFO:root:delete exists PointInCache
INFO:root:开始时间:2016-08-21 08:20:04 结束时间:2016-08-21 08:30:51
INFO:root:delete exists PointInCache
INFO:root:开始时间:2016-08-22 08:20:04 结束时间:2016-08-22 08:30:55
INFO:root:delete exists PointInCache
INFO:root:开始时间:2016-08-23 08:20:04 结束时间:2016-08-23 08:31:17
INFO:root:delete exists PointInCache
ERROR:root:ERROR 000258: 输出 C:\Users\Administrator\AppData\Roaming\ESRI\Desktop10.3\ArcCatalog\JGYH_SQL97.sde\JGYH.DBO.GIS_OBJECT_GSMPNT_ZJJ_FWJ 已存在
执行(CreateFeatureclass)失败。

INFO:root:delete exists PointInCache
INFO:root:开始时间:2016-08-25 08:20:04 结束时间:2016-08-25 08:30:49
INFO:root:delete exists PointInCache
INFO:root:开始时间:2016-08-26 08:20:04 结束时间:2016-08-26 08:31:26
INFO:root:delete exists PointInCache
INFO:root:开始时间:2016-08-27 08:20:04 结束时间:2016-08-27 08:31:32
INFO:root:delete exists PointInCache
INFO:root:开始时间:2016-08-28 08:20:04 结束时间:2016-08-28 08:30:44
INFO:root:delete exists PointInCache
INFO:root:开始时间:2016-08-29 08:20:04 结束时间:2016-08-29 08:31:00
INFO:root:delete exists PointInCache
INFO:root:开始时间:2016-08-31 09:54:12 结束时间:2016-08-31 10:06:08
INFO:root:delete exists PointInCache
INFO:root:开始时间:2016-09-01 08:20:04 结束时间:2016-09-01 08:31:09
INFO:root:delete exists PointInCache
INFO:root:开始时间:2016-09-02 08:20:04 结束时间:2016-09-02 08:30:45
INFO:root:delete exists PointInCache
INFO:root:开始时间:2016-09-03 08:20:04 结束时间:2016-09-03 08:30:44
INFO:root:delete exists PointInCache
INFO:root:开始时间:2016-09-04 08:20:04 结束时间:2016-09-04 08:30:52
INFO:root:delete exists PointInCache
INFO:root:开始时间:2016-09-05 08:20:04 结束时间:2016-09-05 08:30:41
INFO:root:delete exists PointInCache
INFO:root:开始时间:2016-09-06 08:20:04 结束时间:2016-09-06 08:30:50
INFO:root:delete exists PointInCache
INFO:root:开始时间:2016-09-07 08:20:04 结束时间:2016-09-07 08:31:21
INFO:root:delete exists PointInCache
INFO:root:开始时间:2016-09-08 08:20:04 结束时间:2016-09-08 08:29:55
INFO:root:delete exists PointInCache
INFO:root:开始时间:2016-09-09 08:20:04 结束时间:2016-09-09 08:30:04
INFO:root:delete exists PointInCache
INFO:root:开始时间:2016-09-10 08:20:04 结束时间:2016-09-10 08:29:52
INFO:root:delete exists PointInCache
INFO:root:开始时间:2016-09-11 08:20:04 结束时间:2016-09-11 08:20:12
INFO:root:delete exists PointInCache
INFO:root:开始时间:2016-09-12 08:20:04 结束时间:2016-09-12 08:29:38
INFO:root:delete exists PointInCache
INFO:root:开始时间:2016-09-13 08:20:04 结束时间:2016-09-13 08:29:55
INFO:root:delete exists PointInCache
INFO:root:开始时间:2016-09-14 08:20:04 结束时间:2016-09-14 08:29:55
INFO:root:delete exists PointInCache
INFO:root:开始时间:2016-09-15 08:20:04 结束时间:2016-09-15 08:29:56
INFO:root:delete exists PointInCache
INFO:root:开始时间:2016-09-16 08:20:04 结束时间:2016-09-16 08:30:04
INFO:root:delete exists PointInCache
INFO:root:开始时间:2016-09-17 08:20:04 结束时间:2016-09-17 08:29:48
INFO:root:delete exists PointInCache
INFO:root:delete exists PointInCache
INFO:root:开始时间:2016-09-18 10:27:29 结束时间:2016-09-18 10:37:30
INFO:root:delete exists PointInCache
INFO:root:开始时间:2016-09-18 10:40:39 结束时间:2016-09-18 10:50:37
INFO:root:delete exists PointInCache
INFO:root:开始时间:2016-09-18 16:01:12 结束时间:2016-09-18 16:11:17
INFO:root:delete exists PointInCache
INFO:root:开始时间:2016-09-19 08:20:04 结束时间:2016-09-19 08:29:54
INFO:root:delete exists PointInCache
INFO:root:开始时间:2016-09-20 08:20:04 结束时间:2016-09-20 08:30:02
INFO:root:delete exists PointInCache
INFO:root:开始时间:2016-09-21 08:20:04 结束时间:2016-09-21 08:30:01
INFO:root:delete exists PointInCache
INFO:root:开始时间:2016-09-22 08:20:04 结束时间:2016-09-22 08:30:27
INFO:root:delete exists PointInCache
INFO:root:开始时间:2016-09-23 08:20:05 结束时间:2016-09-23 08:30:17
INFO:root:delete exists PointInCache
INFO:root:开始时间:2016-09-24 08:20:04 结束时间:2016-09-24 08:30:06
INFO:root:delete exists PointInCache
INFO:root:开始时间:2016-09-25 08:20:04 结束时间:2016-09-25 08:29:54
INFO:root:delete exists PointInCache
INFO:root:开始时间:2016-09-26 08:20:04 结束时间:2016-09-26 08:29:55
INFO:root:delete exists PointInCache
INFO:root:开始时间:2016-09-27 08:20:04 结束时间:2016-09-27 08:30:00
INFO:root:delete exists PointInCache
INFO:root:开始时间:2016-09-28 08:20:05 结束时间:2016-09-28 08:30:04
INFO:root:delete exists PointInCache
INFO:root:开始时间:2016-09-29 08:20:04 结束时间:2016-09-29 08:30:18
INFO:root:delete exists PointInCache
INFO:root:开始时间:2016-09-30 08:20:04 结束时间:2016-09-30 08:30:16
INFO:root:delete exists PointInCache
INFO:root:开始时间:2016-10-01 08:20:04 结束时间:2016-10-01 08:30:12
INFO:root:delete exists PointInCache
INFO:root:开始时间:2016-10-02 08:20:05 结束时间:2016-10-02 08:29:56
INFO:root:delete exists PointInCache
INFO:root:开始时间:2016-10-03 08:20:05 结束时间:2016-10-03 08:29:50
INFO:root:delete exists PointInCache
INFO:root:开始时间:2016-10-04 08:20:04 结束时间:2016-10-04 08:29:59
INFO:root:delete exists PointInCache
INFO:root:开始时间:2016-10-05 08:20:04 结束时间:2016-10-05 08:29:58
INFO:root:delete exists PointInCache
INFO:root:开始时间:2016-10-06 08:20:04 结束时间:2016-10-06 08:30:17
INFO:root:delete exists PointInCache
INFO:root:开始时间:2016-10-07 08:20:04 结束时间:2016-10-07 08:30:07
INFO:root:delete exists PointInCache
INFO:root:开始时间:2016-10-08 08:20:04 结束时间:2016-10-08 08:29:58
INFO:root:delete exists PointInCache
INFO:root:开始时间:2016-10-09 08:20:04 结束时间:2016-10-09 08:29:55
INFO:root:delete exists PointInCache
INFO:root:开始时间:2016-10-10 08:20:04 结束时间:2016-10-10 08:30:17
INFO:root:delete exists PointInCache
INFO:root:开始时间:2016-10-11 08:20:04 结束时间:2016-10-11 08:30:10
INFO:root:delete exists PointInCache
INFO:root:开始时间:2016-10-12 08:20:04 结束时间:2016-10-12 08:30:08
INFO:root:delete exists PointInCache
INFO:root:开始时间:2016-10-13 08:20:04 结束时间:2016-10-13 08:30:14
INFO:root:delete exists PointInCache
INFO:root:开始时间:2016-10-14 08:20:04 结束时间:2016-10-14 08:30:09
INFO:root:delete exists PointInCache
INFO:root:开始时间:2016-10-15 08:20:04 结束时间:2016-10-15 08:30:05
INFO:root:delete exists PointInCache
INFO:root:开始时间:2016-10-16 08:20:05 结束时间:2016-10-16 08:30:12
INFO:root:delete exists PointInCache
INFO:root:开始时间:2016-10-17 08:20:04 结束时间:2016-10-17 08:30:01
INFO:root:delete exists PointInCache
INFO:root:开始时间:2016-10-18 08:20:04 结束时间:2016-10-18 08:31:06
INFO:root:delete exists PointInCache
INFO:root:开始时间:2016-10-19 08:20:04 结束时间:2016-10-19 08:30:01
INFO:root:delete exists PointInCache
INFO:root:开始时间:2016-10-20 08:20:04 结束时间:2016-10-20 08:30:10
INFO:root:delete exists PointInCache
INFO:root:开始时间:2016-10-21 08:20:04 结束时间:2016-10-21 08:30:08
INFO:root:delete exists PointInCache
INFO:root:开始时间:2016-10-22 08:20:04 结束时间:2016-10-22 08:30:05
INFO:root:delete exists PointInCache
INFO:root:开始时间:2016-10-23 08:20:04 结束时间:2016-10-23 08:30:05
INFO:root:delete exists PointInCache
INFO:root:开始时间:2016-10-24 08:20:04 结束时间:2016-10-24 08:30:08
INFO:root:delete exists PointInCache
INFO:root:开始时间:2016-10-25 08:20:04 结束时间:2016-10-25 08:30:03
INFO:root:delete exists PointInCache
INFO:root:开始时间:2016-10-26 08:20:04 结束时间:2016-10-26 08:30:12
INFO:root:delete exists PointInCache
INFO:root:开始时间:2016-10-27 08:20:04 结束时间:2016-10-27 08:30:13
INFO:root:delete exists PointInCache
INFO:root:开始时间:2016-10-28 08:20:04 结束时间:2016-10-28 08:29:55
INFO:root:delete exists PointInCache
INFO:root:开始时间:2016-10-29 08:20:04 结束时间:2016-10-29 08:29:48
INFO:root:delete exists PointInCache
INFO:root:开始时间:2016-10-30 08:20:04 结束时间:2016-10-30 08:30:17
INFO:root:delete exists PointInCache
INFO:root:开始时间:2016-10-31 08:20:04 结束时间:2016-10-31 08:29:59
INFO:root:delete exists PointInCache
INFO:root:开始时间:2016-11-01 08:20:04 结束时间:2016-11-01 08:30:12
INFO:root:delete exists PointInCache
INFO:root:开始时间:2016-11-02 08:20:04 结束时间:2016-11-02 08:29:59
INFO:root:delete exists PointInCache
INFO:root:开始时间:2016-11-03 08:20:04 结束时间:2016-11-03 08:30:07
INFO:root:delete exists PointInCache
INFO:root:开始时间:2016-11-04 08:20:04 结束时间:2016-11-04 08:30:19
INFO:root:delete exists PointInCache
INFO:root:开始时间:2016-11-05 08:20:04 结束时间:2016-11-05 08:30:11
INFO:root:delete exists PointInCache
INFO:root:开始时间:2016-11-06 08:20:04 结束时间:2016-11-06 08:30:07
INFO:root:delete exists PointInCache
INFO:root:开始时间:2016-11-07 08:20:04 结束时间:2016-11-07 08:29:54
INFO:root:delete exists PointInCache
INFO:root:开始时间:2016-11-08 08:20:04 结束时间:2016-11-08 08:29:56
INFO:root:delete exists PointInCache
INFO:root:开始时间:2016-11-09 08:20:04 结束时间:2016-11-09 08:30:01
INFO:root:delete exists PointInCache
INFO:root:开始时间:2016-11-10 08:20:04 结束时间:2016-11-10 08:20:13
INFO:root:delete exists PointInCache
INFO:root:开始时间:2016-11-11 08:20:04 结束时间:2016-11-11 08:30:03
INFO:root:delete exists PointInCache
INFO:root:开始时间:2016-11-12 08:20:04 结束时间:2016-11-12 08:30:18
INFO:root:delete exists PointInCache
INFO:root:开始时间:2016-11-13 08:20:04 结束时间:2016-11-13 08:30:17
INFO:root:delete exists PointInCache
INFO:root:开始时间:2016-11-14 08:20:04 结束时间:2016-11-14 08:30:32
INFO:root:delete exists PointInCache
INFO:root:开始时间:2016-11-15 08:20:04 结束时间:2016-11-15 08:30:19
INFO:root:delete exists PointInCache
INFO:root:开始时间:2016-11-16 08:20:04 结束时间:2016-11-16 08:30:11
INFO:root:delete exists PointInCache
INFO:root:开始时间:2016-11-17 08:20:04 结束时间:2016-11-17 08:30:01
INFO:root:delete exists PointInCache
INFO:root:开始时间:2016-11-18 08:20:04 结束时间:2016-11-18 08:29:57
INFO:root:delete exists PointInCache
INFO:root:开始时间:2016-11-19 08:20:05 结束时间:2016-11-19 08:30:11
INFO:root:delete exists PointInCache
INFO:root:开始时间:2016-11-20 08:20:04 结束时间:2016-11-20 08:30:12
INFO:root:delete exists PointInCache
INFO:root:开始时间:2016-11-21 08:20:04 结束时间:2016-11-21 08:30:19
INFO:root:delete exists PointInCache
INFO:root:开始时间:2016-11-22 08:20:04 结束时间:2016-11-22 08:30:02
INFO:root:delete exists PointInCache
INFO:root:开始时间:2016-11-23 08:20:04 结束时间:2016-11-23 08:30:03
INFO:root:delete exists PointInCache
INFO:root:开始时间:2016-11-24 08:20:04 结束时间:2016-11-24 08:30:11
INFO:root:delete exists PointInCache
INFO:root:开始时间:2016-11-25 08:20:04 结束时间:2016-11-25 08:30:16
INFO:root:delete exists PointInCache
INFO:root:开始时间:2016-11-26 08:20:04 结束时间:2016-11-26 08:30:12
INFO:root:delete exists PointInCache
INFO:root:开始时间:2016-11-27 08:20:04 结束时间:2016-11-27 08:30:19
INFO:root:delete exists PointInCache
INFO:root:开始时间:2016-11-28 08:20:04 结束时间:2016-11-28 08:30:25
INFO:root:delete exists PointInCache
INFO:root:开始时间:2016-11-29 08:20:04 结束时间:2016-11-29 08:30:16
INFO:root:delete exists PointInCache
INFO:root:开始时间:2016-11-30 08:20:05 结束时间:2016-11-30 08:30:02
INFO:root:delete exists PointInCache
INFO:root:开始时间:2016-12-01 08:20:04 结束时间:2016-12-01 08:30:34
INFO:root:delete exists PointInCache
INFO:root:开始时间:2016-12-02 08:20:04 结束时间:2016-12-02 08:30:31
INFO:root:delete exists PointInCache
INFO:root:开始时间:2016-12-03 08:20:04 结束时间:2016-12-03 08:30:15
INFO:root:delete exists PointInCache
INFO:root:开始时间:2016-12-04 08:20:04 结束时间:2016-12-04 08:30:26
INFO:root:delete exists PointInCache
INFO:root:开始时间:2016-12-05 08:20:04 结束时间:2016-12-05 08:30:22
INFO:root:delete exists PointInCache
INFO:root:开始时间:2016-12-06 08:20:04 结束时间:2016-12-06 08:30:17
INFO:root:delete exists PointInCache
INFO:root:开始时间:2016-12-07 08:20:04 结束时间:2016-12-07 08:30:32
INFO:root:delete exists PointInCache
INFO:root:开始时间:2016-12-08 08:20:04 结束时间:2016-12-08 08:31:28
INFO:root:delete exists PointInCache
INFO:root:开始时间:2016-12-09 08:20:04 结束时间:2016-12-09 08:31:11
INFO:root:delete exists PointInCache
INFO:root:开始时间:2016-12-10 08:20:04 结束时间:2016-12-10 08:31:03
INFO:root:delete exists PointInCache
INFO:root:开始时间:2016-12-11 08:20:04 结束时间:2016-12-11 08:31:02
INFO:root:delete exists PointInCache
INFO:root:开始时间:2016-12-12 08:20:04 结束时间:2016-12-12 08:31:31
INFO:root:delete exists PointInCache
INFO:root:开始时间:2016-12-13 08:20:04 结束时间:2016-12-13 08:31:05
INFO:root:delete exists PointInCache
INFO:root:开始时间:2016-12-14 08:20:04 结束时间:2016-12-14 08:31:16
INFO:root:delete exists PointInCache
INFO:root:开始时间:2016-12-15 08:20:04 结束时间:2016-12-15 08:30:58
INFO:root:delete exists PointInCache
INFO:root:开始时间:2016-12-16 08:20:04 结束时间:2016-12-16 08:31:09
INFO:root:delete exists PointInCache
INFO:root:开始时间:2016-12-17 08:20:04 结束时间:2016-12-17 08:30:59
INFO:root:delete exists PointInCache
INFO:root:开始时间:2016-12-18 08:20:05 结束时间:2016-12-18 08:30:59
INFO:root:delete exists PointInCache
INFO:root:开始时间:2016-12-19 08:20:04 结束时间:2016-12-19 08:31:20
INFO:root:delete exists PointInCache
INFO:root:开始时间:2016-12-20 08:20:04 结束时间:2016-12-20 08:30:49
INFO:root:delete exists PointInCache
INFO:root:开始时间:2016-12-21 08:20:04 结束时间:2016-12-21 08:30:51
INFO:root:delete exists PointInCache
INFO:root:开始时间:2016-12-22 08:20:04 结束时间:2016-12-22 08:31:02
INFO:root:delete exists PointInCache
INFO:root:开始时间:2016-12-23 08:20:04 结束时间:2016-12-23 08:31:07
INFO:root:delete exists PointInCache
INFO:root:开始时间:2016-12-24 08:20:04 结束时间:2016-12-24 08:31:24
INFO:root:delete exists PointInCache
INFO:root:开始时间:2016-12-25 08:20:04 结束时间:2016-12-25 08:31:15
INFO:root:delete exists PointInCache
INFO:root:开始时间:2016-12-26 08:20:04 结束时间:2016-12-26 08:31:34
INFO:root:delete exists PointInCache
INFO:root:开始时间:2016-12-27 08:20:04 结束时间:2016-12-27 08:31:04
INFO:root:delete exists PointInCache
INFO:root:开始时间:2016-12-28 08:20:04 结束时间:2016-12-28 08:31:24
INFO:root:delete exists PointInCache
INFO:root:开始时间:2016-12-29 08:20:04 结束时间:2016-12-29 08:31:11
INFO:root:delete exists PointInCache
INFO:root:开始时间:2016-12-30 08:20:04 结束时间:2016-12-30 08:30:58
INFO:root:delete exists PointInCache
INFO:root:开始时间:2016-12-31 08:20:04 结束时间:2016-12-31 08:30:49
INFO:root:delete exists PointInCache
INFO:root:开始时间:2017-01-01 08:20:04 结束时间:2017-01-01 08:30:59
INFO:root:delete exists PointInCache
INFO:root:开始时间:2017-01-02 08:20:04 结束时间:2017-01-02 08:30:56
INFO:root:delete exists PointInCache
INFO:root:开始时间:2017-01-03 08:20:04 结束时间:2017-01-03 08:31:18
INFO:root:delete exists PointInCache
INFO:root:开始时间:2017-01-04 08:20:04 结束时间:2017-01-04 08:30:53
INFO:root:delete exists PointInCache
INFO:root:开始时间:2017-01-05 08:20:04 结束时间:2017-01-05 08:31:02
INFO:root:delete exists PointInCache
INFO:root:开始时间:2017-01-06 08:20:04 结束时间:2017-01-06 08:31:23
INFO:root:delete exists PointInCache
INFO:root:开始时间:2017-01-07 08:20:04 结束时间:2017-01-07 08:31:02
INFO:root:delete exists PointInCache
INFO:root:开始时间:2017-01-08 08:20:04 结束时间:2017-01-08 08:31:12
INFO:root:delete exists PointInCache
INFO:root:开始时间:2017-01-09 08:20:04 结束时间:2017-01-09 08:30:48
INFO:root:delete exists PointInCache
INFO:root:开始时间:2017-01-10 08:20:04 结束时间:2017-01-10 08:30:57
INFO:root:delete exists PointInCache
INFO:root:开始时间:2017-01-11 08:20:04 结束时间:2017-01-11 08:31:48
INFO:root:delete exists PointInCache
INFO:root:开始时间:2017-01-12 08:20:04 结束时间:2017-01-12 08:31:14
INFO:root:delete exists PointInCache
INFO:root:开始时间:2017-01-13 08:20:04 结束时间:2017-01-13 08:31:15
INFO:root:delete exists PointInCache
INFO:root:开始时间:2017-01-14 08:20:04 结束时间:2017-01-14 08:31:01
INFO:root:delete exists PointInCache
INFO:root:开始时间:2017-01-15 08:20:04 结束时间:2017-01-15 08:31:11
INFO:root:delete exists PointInCache
INFO:root:开始时间:2017-01-16 08:20:04 结束时间:2017-01-16 08:31:04
INFO:root:delete exists PointInCache
INFO:root:开始时间:2017-01-17 08:20:04 结束时间:2017-01-17 08:31:11
INFO:root:delete exists PointInCache
INFO:root:开始时间:2017-01-18 08:20:04 结束时间:2017-01-18 08:31:03
INFO:root:delete exists PointInCache
INFO:root:开始时间:2017-01-19 08:20:04 结束时间:2017-01-19 08:31:04
INFO:root:delete exists PointInCache
INFO:root:开始时间:2017-01-20 08:20:04 结束时间:2017-01-20 08:31:15
INFO:root:delete exists PointInCache
INFO:root:开始时间:2017-01-21 08:20:04 结束时间:2017-01-21 08:31:05
INFO:root:delete exists PointInCache
INFO:root:开始时间:2017-01-22 08:20:04 结束时间:2017-01-22 08:31:22
INFO:root:delete exists PointInCache
INFO:root:开始时间:2017-01-23 08:20:04 结束时间:2017-01-23 08:31:12
INFO:root:delete exists PointInCache
INFO:root:开始时间:2017-01-24 08:20:04 结束时间:2017-01-24 08:32:14
INFO:root:delete exists PointInCache
INFO:root:开始时间:2017-01-25 08:20:04 结束时间:2017-01-25 08:31:06
INFO:root:delete exists PointInCache
INFO:root:开始时间:2017-01-26 08:20:04 结束时间:2017-01-26 08:31:22
INFO:root:delete exists PointInCache
INFO:root:开始时间:2017-01-27 08:20:04 结束时间:2017-01-27 08:31:16
INFO:root:delete exists PointInCache
INFO:root:开始时间:2017-01-28 08:20:04 结束时间:2017-01-28 08:31:17
INFO:root:delete exists PointInCache
INFO:root:开始时间:2017-01-29 08:20:04 结束时间:2017-01-29 08:31:02
INFO:root:delete exists PointInCache
INFO:root:开始时间:2017-01-30 08:20:04 结束时间:2017-01-30 08:31:18
INFO:root:delete exists PointInCache
INFO:root:开始时间:2017-01-31 08:20:04 结束时间:2017-01-31 08:31:23
INFO:root:delete exists PointInCache
INFO:root:开始时间:2017-02-01 08:20:05 结束时间:2017-02-01 08:31:23
INFO:root:delete exists PointInCache
INFO:root:开始时间:2017-02-02 08:20:04 结束时间:2017-02-02 08:31:20
INFO:root:delete exists PointInCache
INFO:root:开始时间:2017-02-03 08:20:04 结束时间:2017-02-03 08:31:21
INFO:root:delete exists PointInCache
INFO:root:开始时间:2017-02-04 08:20:04 结束时间:2017-02-04 08:31:26
INFO:root:delete exists PointInCache
INFO:root:开始时间:2017-02-05 08:20:04 结束时间:2017-02-05 08:31:28
INFO:root:delete exists PointInCache
INFO:root:开始时间:2017-02-06 08:20:04 结束时间:2017-02-06 08:31:55
INFO:root:delete exists PointInCache
INFO:root:开始时间:2017-02-07 08:20:04 结束时间:2017-02-07 08:31:19
INFO:root:delete exists PointInCache
INFO:root:开始时间:2017-02-08 08:20:04 结束时间:2017-02-08 08:31:18
INFO:root:delete exists PointInCache
INFO:root:开始时间:2017-02-09 08:20:04 结束时间:2017-02-09 08:31:37
INFO:root:delete exists PointInCache
INFO:root:开始时间:2017-02-10 08:20:04 结束时间:2017-02-10 08:31:45
INFO:root:delete exists PointInCache
INFO:root:开始时间:2017-02-11 08:20:04 结束时间:2017-02-11 08:31:37
INFO:root:delete exists PointInCache
INFO:root:开始时间:2017-02-12 08:20:04 结束时间:2017-02-12 08:32:24
INFO:root:delete exists PointInCache
INFO:root:开始时间:2017-02-13 08:20:04 结束时间:2017-02-13 08:31:28
INFO:root:delete exists PointInCache
INFO:root:开始时间:2017-02-14 08:20:04 结束时间:2017-02-14 08:21:08
INFO:root:delete exists PointInCache
INFO:root:开始时间:2017-02-15 08:20:04 结束时间:2017-02-15 08:20:52
INFO:root:delete exists PointInCache
INFO:root:开始时间:2017-02-16 08:20:04 结束时间:2017-02-16 08:31:55
INFO:root:delete exists PointInCache
INFO:root:开始时间:2017-02-17 08:20:04 结束时间:2017-02-17 08:30:57
INFO:root:delete exists PointInCache
INFO:root:开始时间:2017-02-18 08:20:04 结束时间:2017-02-18 08:31:06
INFO:root:delete exists PointInCache
INFO:root:开始时间:2017-02-19 08:20:04 结束时间:2017-02-19 08:31:42
INFO:root:delete exists PointInCache
INFO:root:开始时间:2017-02-20 08:20:05 结束时间:2017-02-20 08:30:52
INFO:root:delete exists PointInCache
INFO:root:开始时间:2017-02-21 08:20:05 结束时间:2017-02-21 08:31:16
INFO:root:delete exists PointInCache
INFO:root:开始时间:2017-02-22 08:20:04 结束时间:2017-02-22 08:30:35
INFO:root:delete exists PointInCache
INFO:root:开始时间:2017-02-23 08:20:04 结束时间:2017-02-23 08:30:45
INFO:root:delete exists PointInCache
INFO:root:开始时间:2017-02-24 08:20:04 结束时间:2017-02-24 08:30:39
INFO:root:delete exists PointInCache
INFO:root:开始时间:2017-02-25 08:20:04 结束时间:2017-02-25 08:30:58
INFO:root:delete exists PointInCache
INFO:root:开始时间:2017-02-26 08:20:04 结束时间:2017-02-26 08:30:49
INFO:root:delete exists PointInCache
INFO:root:开始时间:2017-02-27 08:20:04 结束时间:2017-02-27 08:30:57
INFO:root:delete exists PointInCache
INFO:root:开始时间:2017-02-28 08:20:04 结束时间:2017-02-28 08:30:53
INFO:root:delete exists PointInCache
INFO:root:开始时间:2017-03-01 08:20:04 结束时间:2017-03-01 08:30:53
INFO:root:delete exists PointInCache
INFO:root:开始时间:2017-03-02 08:20:04 结束时间:2017-03-02 08:30:57
INFO:root:delete exists PointInCache
INFO:root:开始时间:2017-03-03 08:20:04 结束时间:2017-03-03 08:31:38
INFO:root:delete exists PointInCache
INFO:root:开始时间:2017-03-04 08:20:04 结束时间:2017-03-04 08:31:00
INFO:root:delete exists PointInCache
INFO:root:开始时间:2017-03-05 08:20:04 结束时间:2017-03-05 08:31:00
INFO:root:delete exists PointInCache
INFO:root:开始时间:2017-03-06 08:20:04 结束时间:2017-03-06 08:30:51
INFO:root:delete exists PointInCache
INFO:root:开始时间:2017-03-07 08:20:04 结束时间:2017-03-07 08:30:55
INFO:root:delete exists PointInCache
INFO:root:开始时间:2017-03-08 08:20:04 结束时间:2017-03-08 08:30:46
INFO:root:delete exists PointInCache
INFO:root:开始时间:2017-03-09 08:20:04 结束时间:2017-03-09 08:30:47
INFO:root:delete exists PointInCache
INFO:root:开始时间:2017-03-10 08:20:04 结束时间:2017-03-10 08:33:12
INFO:root:delete exists PointInCache
INFO:root:开始时间:2017-03-11 08:20:04 结束时间:2017-03-11 08:31:11
INFO:root:delete exists PointInCache
INFO:root:开始时间:2017-03-12 08:20:04 结束时间:2017-03-12 08:31:04
INFO:root:delete exists PointInCache
INFO:root:开始时间:2017-03-13 08:20:04 结束时间:2017-03-13 08:31:00
INFO:root:delete exists PointInCache
INFO:root:开始时间:2017-03-14 08:20:04 结束时间:2017-03-14 08:31:03
INFO:root:delete exists PointInCache
INFO:root:开始时间:2017-03-15 08:20:04 结束时间:2017-03-15 08:30:59
INFO:root:delete exists PointInCache
INFO:root:开始时间:2017-03-16 08:20:04 结束时间:2017-03-16 08:30:46
INFO:root:delete exists PointInCache
INFO:root:开始时间:2017-03-17 08:20:04 结束时间:2017-03-17 08:30:57
INFO:root:delete exists PointInCache
INFO:root:开始时间:2017-03-18 08:20:04 结束时间:2017-03-18 08:30:55
INFO:root:delete exists PointInCache
INFO:root:开始时间:2017-03-19 08:20:04 结束时间:2017-03-19 08:30:58
INFO:root:delete exists PointInCache
INFO:root:开始时间:2017-03-20 08:20:04 结束时间:2017-03-20 08:31:09
INFO:root:delete exists PointInCache
INFO:root:开始时间:2017-03-21 08:20:04 结束时间:2017-03-21 08:31:14
INFO:root:delete exists PointInCache
INFO:root:开始时间:2017-03-22 08:20:04 结束时间:2017-03-22 08:31:39
INFO:root:delete exists PointInCache
INFO:root:开始时间:2017-03-23 08:20:04 结束时间:2017-03-23 08:31:14
INFO:root:delete exists PointInCache
INFO:root:开始时间:2017-03-24 08:20:04 结束时间:2017-03-24 08:30:50
INFO:root:delete exists PointInCache
INFO:root:开始时间:2017-03-25 08:20:04 结束时间:2017-03-25 08:30:52
INFO:root:delete exists PointInCache
INFO:root:开始时间:2017-03-26 08:20:04 结束时间:2017-03-26 08:30:47
INFO:root:delete exists PointInCache
INFO:root:开始时间:2017-03-27 08:20:04 结束时间:2017-03-27 08:30:59
INFO:root:delete exists PointInCache
INFO:root:开始时间:2017-03-28 08:20:04 结束时间:2017-03-28 08:30:53
INFO:root:delete exists PointInCache
INFO:root:开始时间:2017-03-29 08:20:04 结束时间:2017-03-29 08:30:53
INFO:root:delete exists PointInCache
INFO:root:开始时间:2017-03-30 08:20:04 结束时间:2017-03-30 08:31:17
INFO:root:delete exists PointInCache
INFO:root:开始时间:2017-03-31 08:20:04 结束时间:2017-03-31 08:31:22
INFO:root:delete exists PointInCache
INFO:root:开始时间:2017-04-01 08:20:04 结束时间:2017-04-01 08:30:59
INFO:root:delete exists PointInCache
INFO:root:开始时间:2017-04-02 08:20:04 结束时间:2017-04-02 08:31:05
INFO:root:delete exists PointInCache
INFO:root:开始时间:2017-04-03 08:20:04 结束时间:2017-04-03 08:31:00
INFO:root:delete exists PointInCache
INFO:root:开始时间:2017-04-04 08:20:04 结束时间:2017-04-04 08:30:49
INFO:root:delete exists PointInCache
INFO:root:开始时间:2017-04-05 08:20:04 结束时间:2017-04-05 08:30:57
INFO:root:delete exists PointInCache
INFO:root:开始时间:2017-04-06 08:20:04 结束时间:2017-04-06 08:30:57
INFO:root:delete exists PointInCache
INFO:root:开始时间:2017-04-07 08:20:04 结束时间:2017-04-07 08:30:45
INFO:root:delete exists PointInCache
INFO:root:开始时间:2017-04-08 08:20:04 结束时间:2017-04-08 08:33:07
INFO:root:delete exists PointInCache
INFO:root:开始时间:2017-04-09 08:20:04 结束时间:2017-04-09 08:31:08
INFO:root:delete exists PointInCache
INFO:root:开始时间:2017-04-10 08:20:05 结束时间:2017-04-10 08:30:52
INFO:root:delete exists PointInCache
INFO:root:开始时间:2017-04-11 08:20:04 结束时间:2017-04-11 08:31:25
INFO:root:delete exists PointInCache
INFO:root:开始时间:2017-04-12 08:20:04 结束时间:2017-04-12 08:32:13
INFO:root:delete exists PointInCache
INFO:root:开始时间:2017-04-13 08:20:04 结束时间:2017-04-13 08:31:09
INFO:root:delete exists PointInCache
INFO:root:开始时间:2017-04-14 08:20:04 结束时间:2017-04-14 08:31:27
INFO:root:delete exists PointInCache
INFO:root:开始时间:2017-04-15 08:20:04 结束时间:2017-04-15 08:33:17
INFO:root:delete exists PointInCache
INFO:root:开始时间:2017-04-16 08:20:04 结束时间:2017-04-16 08:31:35
INFO:root:delete exists PointInCache
INFO:root:开始时间:2017-04-17 08:20:04 结束时间:2017-04-17 08:31:11
INFO:root:delete exists PointInCache
INFO:root:开始时间:2017-04-18 08:20:04 结束时间:2017-04-18 08:30:49
INFO:root:delete exists PointInCache
INFO:root:开始时间:2017-04-19 08:20:04 结束时间:2017-04-19 08:31:16
INFO:root:delete exists PointInCache
INFO:root:开始时间:2017-04-20 08:20:04 结束时间:2017-04-20 08:30:40
INFO:root:delete exists PointInCache
INFO:root:开始时间:2017-04-21 08:20:04 结束时间:2017-04-21 08:32:18
INFO:root:delete exists PointInCache
INFO:root:开始时间:2017-04-22 08:20:04 结束时间:2017-04-22 08:30:41
INFO:root:delete exists PointInCache
INFO:root:开始时间:2017-04-23 08:20:04 结束时间:2017-04-23 08:30:53
INFO:root:delete exists PointInCache
INFO:root:开始时间:2017-04-24 08:20:04 结束时间:2017-04-24 08:31:18
INFO:root:delete exists PointInCache
INFO:root:开始时间:2017-04-25 08:20:04 结束时间:2017-04-25 08:32:13
INFO:root:delete exists PointInCache
INFO:root:开始时间:2017-04-26 08:20:04 结束时间:2017-04-26 08:30:56
INFO:root:delete exists PointInCache
INFO:root:开始时间:2017-04-27 08:20:04 结束时间:2017-04-27 08:31:07
INFO:root:delete exists PointInCache
INFO:root:开始时间:2017-04-28 08:20:04 结束时间:2017-04-28 08:31:08
INFO:root:delete exists PointInCache
INFO:root:开始时间:2017-04-29 08:20:04 结束时间:2017-04-29 08:30:42
INFO:root:delete exists PointInCache
INFO:root:开始时间:2017-04-30 08:20:04 结束时间:2017-04-30 08:30:57
INFO:root:delete exists PointInCache
INFO:root:开始时间:2017-05-01 08:20:04 结束时间:2017-05-01 08:31:06
INFO:root:delete exists PointInCache
INFO:root:开始时间:2017-05-02 08:20:04 结束时间:2017-05-02 08:31:30
INFO:root:delete exists PointInCache
INFO:root:开始时间:2017-05-03 08:20:04 结束时间:2017-05-03 08:31:16
INFO:root:delete exists PointInCache
INFO:root:开始时间:2017-05-04 08:20:04 结束时间:2017-05-04 08:31:15
INFO:root:delete exists PointInCache
INFO:root:开始时间:2017-05-05 08:20:04 结束时间:2017-05-05 08:31:06
INFO:root:delete exists PointInCache
INFO:root:开始时间:2017-05-06 08:20:04 结束时间:2017-05-06 08:31:09
INFO:root:delete exists PointInCache
INFO:root:开始时间:2017-05-07 08:20:04 结束时间:2017-05-07 08:30:59
INFO:root:delete exists PointInCache
INFO:root:开始时间:2017-05-08 08:20:04 结束时间:2017-05-08 08:31:08
INFO:root:delete exists PointInCache
INFO:root:开始时间:2017-05-09 08:20:04 结束时间:2017-05-09 08:31:19
INFO:root:delete exists PointInCache
INFO:root:开始时间:2017-05-10 08:20:04 结束时间:2017-05-10 08:31:10
INFO:root:delete exists PointInCache
INFO:root:开始时间:2017-05-11 08:20:04 结束时间:2017-05-11 08:31:20
INFO:root:delete exists PointInCache
ERROR:root:ERROR 999999: 执行函数时出错。
执行(CreateFeatureclass)失败。

INFO:root:delete exists PointInCache
ERROR:root:ERROR 999999: 执行函数时出错。
执行(CreateFeatureclass)失败。

INFO:root:delete exists PointInCache
ERROR:root:ERROR 999999: 执行函数时出错。
执行(CreateFeatureclass)失败。

INFO:root:delete exists PointInCache
ERROR:root:ERROR 999999: 执行函数时出错。
执行(CreateFeatureclass)失败。

INFO:root:delete exists PointInCache
ERROR:root:ERROR 999999: 执行函数时出错。
执行(CreateFeatureclass)失败。

INFO:root:delete exists PointInCache
ERROR:root:ERROR 999999: 执行函数时出错。
执行(CreateFeatureclass)失败。

INFO:root:delete exists PointInCache
ERROR:root:ERROR 999999: 执行函数时出错。
执行(CreateFeatureclass)失败。

INFO:root:delete exists PointInCache
ERROR:root:ERROR 999999: 执行函数时出错。
执行(CreateFeatureclass)失败。

INFO:root:delete exists PointInCache
ERROR:root:ERROR 999999: 执行函数时出错。
执行(CreateFeatureclass)失败。

INFO:root:delete exists PointInCache
ERROR:root:ERROR 999999: 执行函数时出错。
执行(CreateFeatureclass)失败。

INFO:root:delete exists PointInCache
ERROR:root:ERROR 999999: 执行函数时出错。
执行(CreateFeatureclass)失败。

INFO:root:delete exists PointInCache
ERROR:root:ERROR 999999: 执行函数时出错。
执行(CreateFeatureclass)失败。

INFO:root:delete exists PointInCache
ERROR:root:ERROR 999999: 执行函数时出错。
执行(CreateFeatureclass)失败。

INFO:root:delete exists PointInCache
ERROR:root:ERROR 999999: 执行函数时出错。
执行(CreateFeatureclass)失败。

INFO:root:delete exists PointInCache
ERROR:root:ERROR 999999: 执行函数时出错。
执行(CreateFeatureclass)失败。

INFO:root:delete exists PointInCache
ERROR:root:ERROR 999999: 执行函数时出错。
执行(CreateFeatureclass)失败。

INFO:root:delete exists PointInCache
ERROR:root:ERROR 999999: 执行函数时出错。
执行(CreateFeatureclass)失败。

INFO:root:delete exists PointInCache
ERROR:root:ERROR 999999: 执行函数时出错。
执行(CreateFeatureclass)失败。

INFO:root:delete exists PointInCache
ERROR:root:ERROR 999999: 执行函数时出错。
执行(CreateFeatureclass)失败。

INFO:root:delete exists PointInCache
ERROR:root:ERROR 999999: 执行函数时出错。
执行(CreateFeatureclass)失败。

INFO:root:delete exists PointInCache
ERROR:root:ERROR 999999: 执行函数时出错。
执行(CreateFeatureclass)失败。

INFO:root:delete exists PointInCache
ERROR:root:ERROR 999999: 执行函数时出错。
执行(CreateFeatureclass)失败。

INFO:root:delete exists PointInCache
ERROR:root:ERROR 999999: 执行函数时出错。
执行(CreateFeatureclass)失败。

INFO:root:delete exists PointInCache
INFO:root:开始时间:2017-06-04 08:20:04 结束时间:2017-06-04 08:31:26
INFO:root:delete exists PointInCache
INFO:root:开始时间:2017-06-05 08:20:04 结束时间:2017-06-05 08:32:10
INFO:root:delete exists PointInCache
ERROR:root:ERROR 999999: 执行函数时出错。
执行(CreateFeatureclass)失败。

INFO:root:delete exists PointInCache
INFO:root:开始时间:2017-06-07 08:20:04 结束时间:2017-06-07 08:30:58
INFO:root:delete exists PointInCache
ERROR:root:ERROR 000464: 无法获取独占方案锁。它正被其他应用程序编辑或使用。
执行(Delete)失败。

INFO:root:delete exists PointInCache
ERROR:root:ERROR 000464: 无法获取独占方案锁。它正被其他应用程序编辑或使用。
执行(Delete)失败。

INFO:root:delete exists PointInCache
ERROR:root:ERROR 000464: 无法获取独占方案锁。它正被其他应用程序编辑或使用。
执行(Delete)失败。

INFO:root:delete exists PointInCache
ERROR:root:ERROR 000464: 无法获取独占方案锁。它正被其他应用程序编辑或使用。
执行(Delete)失败。

INFO:root:delete exists PointInCache
ERROR:root:ERROR 000464: 无法获取独占方案锁。它正被其他应用程序编辑或使用。
执行(Delete)失败。

INFO:root:delete exists PointInCache
ERROR:root:ERROR 000464: 无法获取独占方案锁。它正被其他应用程序编辑或使用。
执行(Delete)失败。

INFO:root:delete exists PointInCache
ERROR:root:ERROR 000464: 无法获取独占方案锁。它正被其他应用程序编辑或使用。
执行(Delete)失败。

INFO:root:delete exists PointInCache
ERROR:root:ERROR 000464: 无法获取独占方案锁。它正被其他应用程序编辑或使用。
执行(Delete)失败。

INFO:root:delete exists PointInCache
ERROR:root:ERROR 000464: 无法获取独占方案锁。它正被其他应用程序编辑或使用。
执行(Delete)失败。

INFO:root:delete exists PointInCache
ERROR:root:ERROR 000464: 无法获取独占方案锁。它正被其他应用程序编辑或使用。
执行(Delete)失败。

INFO:root:delete exists PointInCache
ERROR:root:ERROR 999999: 执行函数时出错。
执行(CreateFeatureclass)失败。

INFO:root:delete exists PointInCache
ERROR:root:ERROR 999999: 执行函数时出错。
执行(CreateFeatureclass)失败。

INFO:root:delete exists PointInCache
INFO:root:开始时间:2017-06-20 08:20:04 结束时间:2017-06-20 08:30:34
INFO:root:delete exists PointInCache
INFO:root:开始时间:2017-06-21 08:20:04 结束时间:2017-06-21 08:31:07
INFO:root:delete exists PointInCache
INFO:root:开始时间:2017-06-22 08:20:04 结束时间:2017-06-22 08:31:13
INFO:root:delete exists PointInCache
ERROR:root:ERROR 000464: 无法获取独占方案锁。它正被其他应用程序编辑或使用。
执行(Delete)失败。

INFO:root:delete exists PointInCache
ERROR:root:ERROR 000464: 无法获取独占方案锁。它正被其他应用程序编辑或使用。
执行(Delete)失败。

INFO:root:delete exists PointInCache
ERROR:root:ERROR 000464: 无法获取独占方案锁。它正被其他应用程序编辑或使用。
执行(Delete)失败。

INFO:root:delete exists PointInCache
ERROR:root:ERROR 000464: 无法获取独占方案锁。它正被其他应用程序编辑或使用。
执行(Delete)失败。

INFO:root:delete exists PointInCache
INFO:root:开始时间:2017-06-27 08:20:04 结束时间:2017-06-27 08:30:47
INFO:root:delete exists PointInCache
ERROR:root:ERROR 000464: 无法获取独占方案锁。它正被其他应用程序编辑或使用。
执行(Delete)失败。

INFO:root:delete exists PointInCache
ERROR:root:ERROR 000464: 无法获取独占方案锁。它正被其他应用程序编辑或使用。
执行(Delete)失败。

INFO:root:delete exists PointInCache
ERROR:root:ERROR 000464: 无法获取独占方案锁。它正被其他应用程序编辑或使用。
执行(Delete)失败。

INFO:root:delete exists PointInCache
ERROR:root:ERROR 000464: 无法获取独占方案锁。它正被其他应用程序编辑或使用。
执行(Delete)失败。

INFO:root:delete exists PointInCache
ERROR:root:ERROR 000464: 无法获取独占方案锁。它正被其他应用程序编辑或使用。
执行(Delete)失败。

INFO:root:delete exists PointInCache
INFO:root:开始时间:2017-07-03 08:20:04 结束时间:2017-07-03 08:31:07
INFO:root:delete exists PointInCache
INFO:root:开始时间:2017-07-04 08:20:04 结束时间:2017-07-04 08:30:46
INFO:root:delete exists PointInCache
INFO:root:开始时间:2017-07-05 08:20:04 结束时间:2017-07-05 08:30:55
INFO:root:delete exists PointInCache
INFO:root:开始时间:2017-07-06 08:20:04 结束时间:2017-07-06 08:31:01
INFO:root:delete exists PointInCache
INFO:root:开始时间:2017-07-07 08:20:05 结束时间:2017-07-07 08:31:09
INFO:root:delete exists PointInCache
INFO:root:开始时间:2017-07-08 08:20:04 结束时间:2017-07-08 08:31:10
INFO:root:delete exists PointInCache
INFO:root:开始时间:2017-07-09 08:20:04 结束时间:2017-07-09 08:31:25
INFO:root:delete exists PointInCache
INFO:root:开始时间:2017-07-10 08:20:05 结束时间:2017-07-10 08:30:41
INFO:root:delete exists PointInCache
INFO:root:开始时间:2017-07-11 08:20:05 结束时间:2017-07-11 08:30:46
INFO:root:delete exists PointInCache
INFO:root:开始时间:2017-07-12 08:20:05 结束时间:2017-07-12 08:31:03
INFO:root:delete exists PointInCache
INFO:root:开始时间:2017-07-13 08:20:04 结束时间:2017-07-13 08:30:31
INFO:root:delete exists PointInCache
INFO:root:开始时间:2017-07-14 08:20:04 结束时间:2017-07-14 08:31:07
INFO:root:delete exists PointInCache
INFO:root:开始时间:2017-07-15 08:20:04 结束时间:2017-07-15 08:30:57
INFO:root:delete exists PointInCache
INFO:root:开始时间:2017-07-16 08:20:04 结束时间:2017-07-16 08:31:11
INFO:root:delete exists PointInCache
INFO:root:开始时间:2017-07-17 08:20:04 结束时间:2017-07-17 08:31:19
INFO:root:delete exists PointInCache
INFO:root:开始时间:2017-07-18 08:20:04 结束时间:2017-07-18 08:31:00
INFO:root:delete exists PointInCache
INFO:root:开始时间:2017-07-19 08:20:04 结束时间:2017-07-19 08:30:48
INFO:root:delete exists PointInCache
INFO:root:开始时间:2017-07-20 08:20:04 结束时间:2017-07-20 08:31:08
