INFO:root:2016-05-04 17:24:37
INFO:root:创建GSM基站要素类
INFO:root:筛选当天的GSM基站生成要素
INFO:root:创建TD基站要素类
INFO:root:筛选当天的TD基站生成要素
INFO:root:创建LTE基站要素类
INFO:root:筛选当天的LTE基站生成要素
INFO:root:2016-05-05 11:02:14
INFO:root:创建GSM基站要素类
INFO:root:筛选当天的GSM基站生成要素
INFO:root:创建TD基站要素类
INFO:root:筛选当天的TD基站生成要素
INFO:root:创建LTE基站要素类
INFO:root:筛选当天的LTE基站生成要素
INFO:root:2016-05-06 06:30:05
INFO:root:创建GSM基站要素类
INFO:root:筛选当天的GSM基站生成要素
INFO:root:创建TD基站要素类
INFO:root:筛选当天的TD基站生成要素
INFO:root:创建LTE基站要素类
INFO:root:筛选当天的LTE基站生成要素
INFO:root:2016-05-07 06:30:05
INFO:root:创建GSM基站要素类
INFO:root:筛选当天的GSM基站生成要素
INFO:root:创建TD基站要素类
INFO:root:筛选当天的TD基站生成要素
INFO:root:创建LTE基站要素类
INFO:root:筛选当天的LTE基站生成要素
INFO:root:2016-05-08 06:30:05
INFO:root:创建GSM基站要素类
INFO:root:筛选当天的GSM基站生成要素
INFO:root:创建TD基站要素类
INFO:root:筛选当天的TD基站生成要素
INFO:root:创建LTE基站要素类
INFO:root:筛选当天的LTE基站生成要素
INFO:root:2016-05-09 06:30:04
INFO:root:创建GSM基站要素类
INFO:root:筛选当天的GSM基站生成要素
INFO:root:创建TD基站要素类
INFO:root:筛选当天的TD基站生成要素
INFO:root:创建LTE基站要素类
INFO:root:筛选当天的LTE基站生成要素
INFO:root:2016-05-10 06:30:05
INFO:root:创建GSM基站要素类
INFO:root:筛选当天的GSM基站生成要素
INFO:root:创建TD基站要素类
INFO:root:筛选当天的TD基站生成要素
INFO:root:创建LTE基站要素类
INFO:root:筛选当天的LTE基站生成要素
INFO:root:2016-05-11 06:30:05
INFO:root:创建GSM基站要素类
INFO:root:筛选当天的GSM基站生成要素
INFO:root:创建TD基站要素类
INFO:root:筛选当天的TD基站生成要素
INFO:root:创建LTE基站要素类
INFO:root:筛选当天的LTE基站生成要素
INFO:root:2016-05-12 06:30:05
INFO:root:创建GSM基站要素类
INFO:root:筛选当天的GSM基站生成要素
INFO:root:创建TD基站要素类
INFO:root:筛选当天的TD基站生成要素
INFO:root:创建LTE基站要素类
INFO:root:筛选当天的LTE基站生成要素
ERROR:root:ERROR 999999: 执行函数时出错。
无效的列值 [Invalid column value] [GONGZHAN_INFO_TD]
INFO:root:2016-05-13 09:21:29
INFO:root:创建GSM基站要素类
INFO:root:筛选当天的GSM基站生成要素
INFO:root:创建TD基站要素类
INFO:root:筛选当天的TD基站生成要素
INFO:root:创建LTE基站要素类
INFO:root:筛选当天的LTE基站生成要素
INFO:root:2016-05-14 06:30:05
INFO:root:创建GSM基站要素类
INFO:root:筛选当天的GSM基站生成要素
INFO:root:创建TD基站要素类
INFO:root:筛选当天的TD基站生成要素
INFO:root:创建LTE基站要素类
INFO:root:筛选当天的LTE基站生成要素
INFO:root:2016-05-15 06:30:05
INFO:root:创建GSM基站要素类
INFO:root:筛选当天的GSM基站生成要素
INFO:root:创建TD基站要素类
INFO:root:筛选当天的TD基站生成要素
INFO:root:创建LTE基站要素类
INFO:root:筛选当天的LTE基站生成要素
INFO:root:2016-05-16 06:30:04
INFO:root:创建GSM基站要素类
INFO:root:筛选当天的GSM基站生成要素
INFO:root:创建TD基站要素类
INFO:root:筛选当天的TD基站生成要素
INFO:root:创建LTE基站要素类
INFO:root:筛选当天的LTE基站生成要素
INFO:root:2016-05-17 06:30:05
INFO:root:创建GSM基站要素类
INFO:root:筛选当天的GSM基站生成要素
INFO:root:创建TD基站要素类
INFO:root:筛选当天的TD基站生成要素
INFO:root:创建LTE基站要素类
INFO:root:筛选当天的LTE基站生成要素
INFO:root:2016-05-18 06:30:05
INFO:root:创建GSM基站要素类
INFO:root:筛选当天的GSM基站生成要素
INFO:root:创建TD基站要素类
INFO:root:筛选当天的TD基站生成要素
INFO:root:创建LTE基站要素类
INFO:root:筛选当天的LTE基站生成要素
INFO:root:2016-05-19 06:30:04
INFO:root:创建GSM基站要素类
INFO:root:筛选当天的GSM基站生成要素
INFO:root:创建TD基站要素类
INFO:root:筛选当天的TD基站生成要素
INFO:root:创建LTE基站要素类
INFO:root:筛选当天的LTE基站生成要素
INFO:root:2016-05-20 06:30:05
INFO:root:创建GSM基站要素类
INFO:root:筛选当天的GSM基站生成要素
INFO:root:创建TD基站要素类
INFO:root:筛选当天的TD基站生成要素
INFO:root:创建LTE基站要素类
INFO:root:筛选当天的LTE基站生成要素
INFO:root:2016-05-21 06:30:05
INFO:root:创建GSM基站要素类
INFO:root:筛选当天的GSM基站生成要素
INFO:root:创建TD基站要素类
INFO:root:筛选当天的TD基站生成要素
INFO:root:创建LTE基站要素类
INFO:root:筛选当天的LTE基站生成要素
INFO:root:2016-05-22 06:30:04
INFO:root:创建GSM基站要素类
INFO:root:筛选当天的GSM基站生成要素
INFO:root:创建TD基站要素类
INFO:root:筛选当天的TD基站生成要素
INFO:root:创建LTE基站要素类
INFO:root:筛选当天的LTE基站生成要素
INFO:root:2016-05-23 06:30:05
INFO:root:创建GSM基站要素类
INFO:root:筛选当天的GSM基站生成要素
INFO:root:创建TD基站要素类
INFO:root:筛选当天的TD基站生成要素
INFO:root:创建LTE基站要素类
INFO:root:筛选当天的LTE基站生成要素
INFO:root:2016-05-24 06:30:05
INFO:root:创建GSM基站要素类
INFO:root:筛选当天的GSM基站生成要素
INFO:root:创建TD基站要素类
INFO:root:筛选当天的TD基站生成要素
INFO:root:创建LTE基站要素类
INFO:root:筛选当天的LTE基站生成要素
INFO:root:2016-05-25 06:30:05
INFO:root:创建GSM基站要素类
INFO:root:筛选当天的GSM基站生成要素
INFO:root:创建TD基站要素类
INFO:root:筛选当天的TD基站生成要素
INFO:root:创建LTE基站要素类
INFO:root:筛选当天的LTE基站生成要素
INFO:root:2016-05-26 06:30:05
INFO:root:创建GSM基站要素类
INFO:root:筛选当天的GSM基站生成要素
INFO:root:创建TD基站要素类
INFO:root:筛选当天的TD基站生成要素
INFO:root:创建LTE基站要素类
INFO:root:筛选当天的LTE基站生成要素
INFO:root:2016-05-27 06:30:05
INFO:root:创建GSM基站要素类
INFO:root:筛选当天的GSM基站生成要素
INFO:root:创建TD基站要素类
INFO:root:筛选当天的TD基站生成要素
INFO:root:创建LTE基站要素类
INFO:root:筛选当天的LTE基站生成要素
INFO:root:2016-05-28 06:30:05
INFO:root:创建GSM基站要素类
INFO:root:筛选当天的GSM基站生成要素
INFO:root:创建TD基站要素类
INFO:root:筛选当天的TD基站生成要素
INFO:root:创建LTE基站要素类
INFO:root:筛选当天的LTE基站生成要素
INFO:root:2016-05-29 06:30:05
INFO:root:创建GSM基站要素类
INFO:root:筛选当天的GSM基站生成要素
INFO:root:创建TD基站要素类
INFO:root:筛选当天的TD基站生成要素
INFO:root:创建LTE基站要素类
INFO:root:筛选当天的LTE基站生成要素
INFO:root:2016-05-30 06:30:05
INFO:root:创建GSM基站要素类
INFO:root:筛选当天的GSM基站生成要素
INFO:root:创建TD基站要素类
INFO:root:筛选当天的TD基站生成要素
INFO:root:创建LTE基站要素类
INFO:root:筛选当天的LTE基站生成要素
INFO:root:2016-05-31 06:30:05
INFO:root:创建GSM基站要素类
INFO:root:筛选当天的GSM基站生成要素
INFO:root:创建TD基站要素类
INFO:root:筛选当天的TD基站生成要素
INFO:root:创建LTE基站要素类
INFO:root:筛选当天的LTE基站生成要素
INFO:root:2016-06-01 06:30:05
INFO:root:创建GSM基站要素类
INFO:root:筛选当天的GSM基站生成要素
INFO:root:创建TD基站要素类
INFO:root:筛选当天的TD基站生成要素
INFO:root:创建LTE基站要素类
INFO:root:筛选当天的LTE基站生成要素
INFO:root:2016-06-02 06:30:05
INFO:root:创建GSM基站要素类
INFO:root:筛选当天的GSM基站生成要素
INFO:root:创建TD基站要素类
INFO:root:筛选当天的TD基站生成要素
INFO:root:创建LTE基站要素类
INFO:root:筛选当天的LTE基站生成要素
INFO:root:2016-06-03 06:30:05
INFO:root:创建GSM基站要素类
INFO:root:筛选当天的GSM基站生成要素
INFO:root:创建TD基站要素类
INFO:root:筛选当天的TD基站生成要素
INFO:root:创建LTE基站要素类
INFO:root:筛选当天的LTE基站生成要素
INFO:root:2016-06-04 06:30:04
INFO:root:创建GSM基站要素类
INFO:root:筛选当天的GSM基站生成要素
INFO:root:创建TD基站要素类
INFO:root:筛选当天的TD基站生成要素
INFO:root:创建LTE基站要素类
INFO:root:筛选当天的LTE基站生成要素
INFO:root:2016-06-05 06:30:04
INFO:root:创建GSM基站要素类
INFO:root:筛选当天的GSM基站生成要素
INFO:root:创建TD基站要素类
INFO:root:筛选当天的TD基站生成要素
INFO:root:创建LTE基站要素类
INFO:root:筛选当天的LTE基站生成要素
INFO:root:2016-06-06 06:30:05
INFO:root:创建GSM基站要素类
INFO:root:筛选当天的GSM基站生成要素
INFO:root:创建TD基站要素类
INFO:root:筛选当天的TD基站生成要素
INFO:root:创建LTE基站要素类
INFO:root:筛选当天的LTE基站生成要素
INFO:root:2016-06-07 06:30:05
INFO:root:创建GSM基站要素类
INFO:root:筛选当天的GSM基站生成要素
INFO:root:创建TD基站要素类
INFO:root:筛选当天的TD基站生成要素
INFO:root:创建LTE基站要素类
INFO:root:筛选当天的LTE基站生成要素
INFO:root:2016-06-08 06:30:04
INFO:root:创建GSM基站要素类
INFO:root:筛选当天的GSM基站生成要素
INFO:root:创建TD基站要素类
INFO:root:筛选当天的TD基站生成要素
INFO:root:创建LTE基站要素类
INFO:root:筛选当天的LTE基站生成要素
INFO:root:2016-06-09 06:30:05
INFO:root:创建GSM基站要素类
INFO:root:筛选当天的GSM基站生成要素
INFO:root:创建TD基站要素类
INFO:root:筛选当天的TD基站生成要素
INFO:root:创建LTE基站要素类
INFO:root:筛选当天的LTE基站生成要素
INFO:root:2016-06-10 06:30:04
INFO:root:创建GSM基站要素类
INFO:root:筛选当天的GSM基站生成要素
INFO:root:创建TD基站要素类
INFO:root:筛选当天的TD基站生成要素
INFO:root:创建LTE基站要素类
INFO:root:筛选当天的LTE基站生成要素
INFO:root:2016-06-11 06:30:05
INFO:root:创建GSM基站要素类
INFO:root:筛选当天的GSM基站生成要素
INFO:root:创建TD基站要素类
INFO:root:筛选当天的TD基站生成要素
INFO:root:创建LTE基站要素类
INFO:root:筛选当天的LTE基站生成要素
INFO:root:2016-06-12 06:30:05
INFO:root:创建GSM基站要素类
INFO:root:筛选当天的GSM基站生成要素
INFO:root:创建TD基站要素类
INFO:root:筛选当天的TD基站生成要素
INFO:root:创建LTE基站要素类
INFO:root:筛选当天的LTE基站生成要素
INFO:root:2016-06-13 06:30:05
INFO:root:创建GSM基站要素类
INFO:root:筛选当天的GSM基站生成要素
INFO:root:创建TD基站要素类
INFO:root:筛选当天的TD基站生成要素
INFO:root:创建LTE基站要素类
INFO:root:筛选当天的LTE基站生成要素
INFO:root:2016-06-14 06:30:05
INFO:root:创建GSM基站要素类
INFO:root:筛选当天的GSM基站生成要素
INFO:root:创建TD基站要素类
INFO:root:筛选当天的TD基站生成要素
INFO:root:创建LTE基站要素类
INFO:root:筛选当天的LTE基站生成要素
INFO:root:2016-06-15 06:30:05
INFO:root:创建GSM基站要素类
INFO:root:筛选当天的GSM基站生成要素
INFO:root:创建TD基站要素类
INFO:root:筛选当天的TD基站生成要素
INFO:root:创建LTE基站要素类
INFO:root:筛选当天的LTE基站生成要素
INFO:root:2016-06-16 06:30:05
INFO:root:创建GSM基站要素类
INFO:root:筛选当天的GSM基站生成要素
INFO:root:创建TD基站要素类
INFO:root:筛选当天的TD基站生成要素
INFO:root:创建LTE基站要素类
INFO:root:筛选当天的LTE基站生成要素
INFO:root:2016-06-17 06:30:05
INFO:root:创建GSM基站要素类
INFO:root:筛选当天的GSM基站生成要素
INFO:root:创建TD基站要素类
INFO:root:筛选当天的TD基站生成要素
INFO:root:创建LTE基站要素类
INFO:root:筛选当天的LTE基站生成要素
INFO:root:2016-06-18 06:30:04
INFO:root:创建GSM基站要素类
INFO:root:筛选当天的GSM基站生成要素
INFO:root:创建TD基站要素类
INFO:root:筛选当天的TD基站生成要素
INFO:root:创建LTE基站要素类
INFO:root:筛选当天的LTE基站生成要素
INFO:root:2016-06-19 06:30:05
INFO:root:创建GSM基站要素类
INFO:root:筛选当天的GSM基站生成要素
INFO:root:创建TD基站要素类
INFO:root:筛选当天的TD基站生成要素
INFO:root:创建LTE基站要素类
INFO:root:筛选当天的LTE基站生成要素
INFO:root:2016-06-20 06:30:05
INFO:root:创建GSM基站要素类
INFO:root:筛选当天的GSM基站生成要素
INFO:root:创建TD基站要素类
INFO:root:筛选当天的TD基站生成要素
INFO:root:创建LTE基站要素类
INFO:root:筛选当天的LTE基站生成要素
INFO:root:2016-06-21 06:30:05
INFO:root:创建GSM基站要素类
INFO:root:筛选当天的GSM基站生成要素
INFO:root:创建TD基站要素类
INFO:root:筛选当天的TD基站生成要素
INFO:root:创建LTE基站要素类
INFO:root:筛选当天的LTE基站生成要素
INFO:root:2016-06-22 06:30:05
INFO:root:创建GSM基站要素类
INFO:root:筛选当天的GSM基站生成要素
INFO:root:创建TD基站要素类
INFO:root:筛选当天的TD基站生成要素
INFO:root:创建LTE基站要素类
INFO:root:筛选当天的LTE基站生成要素
INFO:root:2016-06-23 06:30:05
INFO:root:创建GSM基站要素类
INFO:root:筛选当天的GSM基站生成要素
INFO:root:创建TD基站要素类
INFO:root:筛选当天的TD基站生成要素
INFO:root:创建LTE基站要素类
INFO:root:筛选当天的LTE基站生成要素
INFO:root:2016-06-24 06:30:04
INFO:root:创建GSM基站要素类
INFO:root:筛选当天的GSM基站生成要素
INFO:root:创建TD基站要素类
INFO:root:筛选当天的TD基站生成要素
INFO:root:创建LTE基站要素类
INFO:root:筛选当天的LTE基站生成要素
INFO:root:2016-06-25 06:30:04
INFO:root:创建GSM基站要素类
INFO:root:筛选当天的GSM基站生成要素
INFO:root:创建TD基站要素类
INFO:root:筛选当天的TD基站生成要素
INFO:root:创建LTE基站要素类
INFO:root:筛选当天的LTE基站生成要素
INFO:root:2016-06-26 06:30:05
INFO:root:创建GSM基站要素类
INFO:root:筛选当天的GSM基站生成要素
INFO:root:创建TD基站要素类
INFO:root:筛选当天的TD基站生成要素
INFO:root:创建LTE基站要素类
INFO:root:筛选当天的LTE基站生成要素
INFO:root:2016-06-27 06:30:05
INFO:root:创建GSM基站要素类
INFO:root:筛选当天的GSM基站生成要素
INFO:root:创建TD基站要素类
INFO:root:筛选当天的TD基站生成要素
INFO:root:创建LTE基站要素类
INFO:root:筛选当天的LTE基站生成要素
INFO:root:2016-06-28 06:30:04
INFO:root:创建GSM基站要素类
INFO:root:筛选当天的GSM基站生成要素
INFO:root:创建TD基站要素类
INFO:root:筛选当天的TD基站生成要素
INFO:root:创建LTE基站要素类
INFO:root:筛选当天的LTE基站生成要素
INFO:root:2016-06-29 06:30:05
INFO:root:创建GSM基站要素类
INFO:root:筛选当天的GSM基站生成要素
INFO:root:创建TD基站要素类
INFO:root:筛选当天的TD基站生成要素
INFO:root:创建LTE基站要素类
INFO:root:筛选当天的LTE基站生成要素
INFO:root:2016-06-30 06:30:05
INFO:root:创建GSM基站要素类
INFO:root:筛选当天的GSM基站生成要素
INFO:root:创建TD基站要素类
INFO:root:筛选当天的TD基站生成要素
INFO:root:创建LTE基站要素类
INFO:root:筛选当天的LTE基站生成要素
INFO:root:2016-07-01 06:30:05
INFO:root:创建GSM基站要素类
INFO:root:筛选当天的GSM基站生成要素
INFO:root:创建TD基站要素类
INFO:root:筛选当天的TD基站生成要素
INFO:root:创建LTE基站要素类
INFO:root:筛选当天的LTE基站生成要素
INFO:root:2016-07-02 06:30:05
INFO:root:创建GSM基站要素类
INFO:root:筛选当天的GSM基站生成要素
INFO:root:创建TD基站要素类
INFO:root:筛选当天的TD基站生成要素
INFO:root:创建LTE基站要素类
INFO:root:筛选当天的LTE基站生成要素
INFO:root:2016-07-03 06:30:05
INFO:root:创建GSM基站要素类
INFO:root:筛选当天的GSM基站生成要素
INFO:root:创建TD基站要素类
INFO:root:筛选当天的TD基站生成要素
INFO:root:创建LTE基站要素类
INFO:root:筛选当天的LTE基站生成要素
INFO:root:2016-07-04 06:30:04
INFO:root:创建GSM基站要素类
INFO:root:筛选当天的GSM基站生成要素
INFO:root:创建TD基站要素类
INFO:root:筛选当天的TD基站生成要素
INFO:root:创建LTE基站要素类
INFO:root:筛选当天的LTE基站生成要素
INFO:root:2016-07-05 06:30:04
INFO:root:创建GSM基站要素类
INFO:root:筛选当天的GSM基站生成要素
INFO:root:创建TD基站要素类
INFO:root:筛选当天的TD基站生成要素
INFO:root:创建LTE基站要素类
INFO:root:筛选当天的LTE基站生成要素
INFO:root:2016-07-06 06:30:04
INFO:root:创建GSM基站要素类
INFO:root:筛选当天的GSM基站生成要素
INFO:root:创建TD基站要素类
INFO:root:筛选当天的TD基站生成要素
INFO:root:创建LTE基站要素类
INFO:root:筛选当天的LTE基站生成要素
INFO:root:2016-07-07 06:30:04
INFO:root:创建GSM基站要素类
INFO:root:筛选当天的GSM基站生成要素
INFO:root:创建TD基站要素类
INFO:root:筛选当天的TD基站生成要素
INFO:root:创建LTE基站要素类
INFO:root:筛选当天的LTE基站生成要素
INFO:root:2016-07-08 06:30:05
INFO:root:创建GSM基站要素类
INFO:root:筛选当天的GSM基站生成要素
INFO:root:创建TD基站要素类
INFO:root:筛选当天的TD基站生成要素
INFO:root:创建LTE基站要素类
INFO:root:筛选当天的LTE基站生成要素
INFO:root:2016-07-09 06:30:05
INFO:root:创建GSM基站要素类
INFO:root:筛选当天的GSM基站生成要素
INFO:root:创建TD基站要素类
INFO:root:筛选当天的TD基站生成要素
INFO:root:创建LTE基站要素类
INFO:root:筛选当天的LTE基站生成要素
INFO:root:2016-07-10 06:30:04
INFO:root:创建GSM基站要素类
INFO:root:筛选当天的GSM基站生成要素
INFO:root:创建TD基站要素类
INFO:root:筛选当天的TD基站生成要素
INFO:root:创建LTE基站要素类
INFO:root:筛选当天的LTE基站生成要素
INFO:root:2016-07-11 06:30:04
INFO:root:创建GSM基站要素类
INFO:root:筛选当天的GSM基站生成要素
INFO:root:创建TD基站要素类
INFO:root:筛选当天的TD基站生成要素
INFO:root:创建LTE基站要素类
INFO:root:筛选当天的LTE基站生成要素
INFO:root:2016-07-12 06:30:05
INFO:root:创建GSM基站要素类
INFO:root:筛选当天的GSM基站生成要素
INFO:root:创建TD基站要素类
INFO:root:筛选当天的TD基站生成要素
INFO:root:创建LTE基站要素类
INFO:root:筛选当天的LTE基站生成要素
INFO:root:2016-07-13 06:30:04
INFO:root:创建GSM基站要素类
INFO:root:筛选当天的GSM基站生成要素
INFO:root:创建TD基站要素类
INFO:root:筛选当天的TD基站生成要素
INFO:root:创建LTE基站要素类
INFO:root:筛选当天的LTE基站生成要素
INFO:root:2016-07-14 06:30:04
INFO:root:创建GSM基站要素类
INFO:root:筛选当天的GSM基站生成要素
INFO:root:创建TD基站要素类
INFO:root:筛选当天的TD基站生成要素
INFO:root:创建LTE基站要素类
INFO:root:筛选当天的LTE基站生成要素
INFO:root:2016-07-15 06:30:05
INFO:root:创建GSM基站要素类
INFO:root:筛选当天的GSM基站生成要素
INFO:root:创建TD基站要素类
INFO:root:筛选当天的TD基站生成要素
INFO:root:创建LTE基站要素类
INFO:root:筛选当天的LTE基站生成要素
INFO:root:2016-07-16 06:30:05
INFO:root:创建GSM基站要素类
INFO:root:筛选当天的GSM基站生成要素
INFO:root:创建TD基站要素类
INFO:root:筛选当天的TD基站生成要素
INFO:root:创建LTE基站要素类
INFO:root:筛选当天的LTE基站生成要素
INFO:root:2016-07-17 06:30:04
INFO:root:创建GSM基站要素类
INFO:root:筛选当天的GSM基站生成要素
INFO:root:创建TD基站要素类
INFO:root:筛选当天的TD基站生成要素
INFO:root:创建LTE基站要素类
INFO:root:筛选当天的LTE基站生成要素
INFO:root:2016-07-18 06:30:05
INFO:root:创建GSM基站要素类
INFO:root:筛选当天的GSM基站生成要素
INFO:root:创建TD基站要素类
INFO:root:筛选当天的TD基站生成要素
INFO:root:创建LTE基站要素类
INFO:root:筛选当天的LTE基站生成要素
INFO:root:2016-07-19 06:30:04
INFO:root:创建GSM基站要素类
INFO:root:筛选当天的GSM基站生成要素
INFO:root:创建TD基站要素类
INFO:root:筛选当天的TD基站生成要素
INFO:root:创建LTE基站要素类
INFO:root:筛选当天的LTE基站生成要素
INFO:root:2016-07-20 06:30:04
INFO:root:创建GSM基站要素类
INFO:root:筛选当天的GSM基站生成要素
INFO:root:创建TD基站要素类
INFO:root:筛选当天的TD基站生成要素
INFO:root:创建LTE基站要素类
INFO:root:筛选当天的LTE基站生成要素
INFO:root:2016-07-21 06:30:04
INFO:root:创建GSM基站要素类
INFO:root:筛选当天的GSM基站生成要素
INFO:root:创建TD基站要素类
INFO:root:筛选当天的TD基站生成要素
INFO:root:创建LTE基站要素类
INFO:root:筛选当天的LTE基站生成要素
INFO:root:2016-07-22 06:30:05
INFO:root:创建GSM基站要素类
INFO:root:筛选当天的GSM基站生成要素
INFO:root:创建TD基站要素类
INFO:root:筛选当天的TD基站生成要素
INFO:root:创建LTE基站要素类
INFO:root:筛选当天的LTE基站生成要素
INFO:root:2016-07-23 06:30:04
INFO:root:创建GSM基站要素类
INFO:root:筛选当天的GSM基站生成要素
INFO:root:创建TD基站要素类
INFO:root:筛选当天的TD基站生成要素
INFO:root:创建LTE基站要素类
INFO:root:筛选当天的LTE基站生成要素
INFO:root:2016-07-24 06:30:05
INFO:root:创建GSM基站要素类
INFO:root:筛选当天的GSM基站生成要素
INFO:root:创建TD基站要素类
INFO:root:筛选当天的TD基站生成要素
INFO:root:创建LTE基站要素类
INFO:root:筛选当天的LTE基站生成要素
INFO:root:2016-07-25 06:30:05
INFO:root:创建GSM基站要素类
INFO:root:筛选当天的GSM基站生成要素
INFO:root:创建TD基站要素类
INFO:root:筛选当天的TD基站生成要素
INFO:root:创建LTE基站要素类
INFO:root:筛选当天的LTE基站生成要素
INFO:root:2016-07-26 06:30:05
INFO:root:创建GSM基站要素类
INFO:root:筛选当天的GSM基站生成要素
INFO:root:创建TD基站要素类
INFO:root:筛选当天的TD基站生成要素
INFO:root:创建LTE基站要素类
INFO:root:筛选当天的LTE基站生成要素
INFO:root:2016-07-27 06:30:05
INFO:root:创建GSM基站要素类
INFO:root:筛选当天的GSM基站生成要素
INFO:root:创建TD基站要素类
INFO:root:筛选当天的TD基站生成要素
INFO:root:创建LTE基站要素类
INFO:root:筛选当天的LTE基站生成要素
INFO:root:2016-07-28 06:30:05
INFO:root:创建GSM基站要素类
INFO:root:筛选当天的GSM基站生成要素
INFO:root:创建TD基站要素类
INFO:root:筛选当天的TD基站生成要素
INFO:root:创建LTE基站要素类
INFO:root:筛选当天的LTE基站生成要素
INFO:root:2016-07-29 06:30:05
INFO:root:创建GSM基站要素类
INFO:root:筛选当天的GSM基站生成要素
INFO:root:创建TD基站要素类
INFO:root:筛选当天的TD基站生成要素
INFO:root:创建LTE基站要素类
INFO:root:筛选当天的LTE基站生成要素
INFO:root:2016-07-30 06:30:05
INFO:root:创建GSM基站要素类
INFO:root:筛选当天的GSM基站生成要素
INFO:root:创建TD基站要素类
INFO:root:筛选当天的TD基站生成要素
INFO:root:创建LTE基站要素类
INFO:root:筛选当天的LTE基站生成要素
INFO:root:2016-07-31 06:30:04
INFO:root:创建GSM基站要素类
INFO:root:筛选当天的GSM基站生成要素
INFO:root:创建TD基站要素类
INFO:root:筛选当天的TD基站生成要素
INFO:root:创建LTE基站要素类
INFO:root:筛选当天的LTE基站生成要素
INFO:root:2016-08-01 06:30:04
INFO:root:创建GSM基站要素类
INFO:root:筛选当天的GSM基站生成要素
INFO:root:创建TD基站要素类
INFO:root:筛选当天的TD基站生成要素
INFO:root:创建LTE基站要素类
INFO:root:筛选当天的LTE基站生成要素
INFO:root:2016-08-02 06:30:04
INFO:root:创建GSM基站要素类
INFO:root:筛选当天的GSM基站生成要素
INFO:root:创建TD基站要素类
INFO:root:筛选当天的TD基站生成要素
INFO:root:创建LTE基站要素类
INFO:root:筛选当天的LTE基站生成要素
INFO:root:2016-08-03 06:30:05
INFO:root:创建GSM基站要素类
INFO:root:筛选当天的GSM基站生成要素
INFO:root:创建TD基站要素类
INFO:root:筛选当天的TD基站生成要素
INFO:root:创建LTE基站要素类
INFO:root:筛选当天的LTE基站生成要素
INFO:root:2016-08-04 06:30:05
INFO:root:创建GSM基站要素类
INFO:root:筛选当天的GSM基站生成要素
INFO:root:创建TD基站要素类
INFO:root:筛选当天的TD基站生成要素
INFO:root:创建LTE基站要素类
INFO:root:筛选当天的LTE基站生成要素
INFO:root:2016-08-05 06:30:05
INFO:root:创建GSM基站要素类
INFO:root:筛选当天的GSM基站生成要素
INFO:root:创建TD基站要素类
INFO:root:筛选当天的TD基站生成要素
INFO:root:创建LTE基站要素类
INFO:root:筛选当天的LTE基站生成要素
INFO:root:2016-08-06 06:30:04
INFO:root:创建GSM基站要素类
INFO:root:筛选当天的GSM基站生成要素
INFO:root:创建TD基站要素类
INFO:root:筛选当天的TD基站生成要素
INFO:root:创建LTE基站要素类
INFO:root:筛选当天的LTE基站生成要素
INFO:root:2016-08-07 06:30:05
INFO:root:创建GSM基站要素类
INFO:root:筛选当天的GSM基站生成要素
INFO:root:创建TD基站要素类
INFO:root:筛选当天的TD基站生成要素
INFO:root:创建LTE基站要素类
INFO:root:筛选当天的LTE基站生成要素
INFO:root:2016-08-08 06:30:05
INFO:root:创建GSM基站要素类
INFO:root:筛选当天的GSM基站生成要素
INFO:root:创建TD基站要素类
INFO:root:筛选当天的TD基站生成要素
INFO:root:创建LTE基站要素类
INFO:root:筛选当天的LTE基站生成要素
INFO:root:2016-08-09 06:30:05
INFO:root:创建GSM基站要素类
INFO:root:筛选当天的GSM基站生成要素
INFO:root:创建TD基站要素类
INFO:root:筛选当天的TD基站生成要素
INFO:root:创建LTE基站要素类
INFO:root:筛选当天的LTE基站生成要素
INFO:root:2016-08-10 06:30:04
INFO:root:创建GSM基站要素类
INFO:root:筛选当天的GSM基站生成要素
INFO:root:创建TD基站要素类
INFO:root:筛选当天的TD基站生成要素
INFO:root:创建LTE基站要素类
INFO:root:筛选当天的LTE基站生成要素
INFO:root:2016-08-11 06:30:04
INFO:root:创建GSM基站要素类
INFO:root:筛选当天的GSM基站生成要素
INFO:root:创建TD基站要素类
INFO:root:筛选当天的TD基站生成要素
INFO:root:创建LTE基站要素类
INFO:root:筛选当天的LTE基站生成要素
INFO:root:2016-08-12 06:30:05
INFO:root:创建GSM基站要素类
INFO:root:筛选当天的GSM基站生成要素
INFO:root:创建TD基站要素类
INFO:root:筛选当天的TD基站生成要素
INFO:root:创建LTE基站要素类
INFO:root:筛选当天的LTE基站生成要素
INFO:root:2016-08-13 06:30:05
INFO:root:创建GSM基站要素类
INFO:root:筛选当天的GSM基站生成要素
INFO:root:创建TD基站要素类
INFO:root:筛选当天的TD基站生成要素
INFO:root:创建LTE基站要素类
INFO:root:筛选当天的LTE基站生成要素
INFO:root:2016-08-14 06:30:05
INFO:root:创建GSM基站要素类
INFO:root:筛选当天的GSM基站生成要素
INFO:root:创建TD基站要素类
INFO:root:筛选当天的TD基站生成要素
INFO:root:创建LTE基站要素类
INFO:root:筛选当天的LTE基站生成要素
INFO:root:2016-08-15 06:30:04
INFO:root:创建GSM基站要素类
INFO:root:筛选当天的GSM基站生成要素
INFO:root:创建TD基站要素类
INFO:root:筛选当天的TD基站生成要素
INFO:root:创建LTE基站要素类
INFO:root:筛选当天的LTE基站生成要素
INFO:root:2016-08-16 06:30:05
INFO:root:创建GSM基站要素类
INFO:root:筛选当天的GSM基站生成要素
INFO:root:创建TD基站要素类
INFO:root:筛选当天的TD基站生成要素
INFO:root:创建LTE基站要素类
INFO:root:筛选当天的LTE基站生成要素
INFO:root:2016-08-17 06:30:04
INFO:root:创建GSM基站要素类
INFO:root:筛选当天的GSM基站生成要素
INFO:root:创建TD基站要素类
INFO:root:筛选当天的TD基站生成要素
INFO:root:创建LTE基站要素类
INFO:root:筛选当天的LTE基站生成要素
INFO:root:2016-08-18 06:30:04
INFO:root:创建GSM基站要素类
INFO:root:筛选当天的GSM基站生成要素
INFO:root:创建TD基站要素类
INFO:root:筛选当天的TD基站生成要素
INFO:root:创建LTE基站要素类
INFO:root:筛选当天的LTE基站生成要素
INFO:root:2016-08-19 06:30:05
INFO:root:创建GSM基站要素类
INFO:root:筛选当天的GSM基站生成要素
INFO:root:创建TD基站要素类
INFO:root:筛选当天的TD基站生成要素
INFO:root:创建LTE基站要素类
INFO:root:筛选当天的LTE基站生成要素
INFO:root:2016-08-20 06:30:04
INFO:root:创建GSM基站要素类
INFO:root:筛选当天的GSM基站生成要素
INFO:root:创建TD基站要素类
INFO:root:筛选当天的TD基站生成要素
INFO:root:创建LTE基站要素类
INFO:root:筛选当天的LTE基站生成要素
INFO:root:2016-08-21 06:30:05
INFO:root:创建GSM基站要素类
INFO:root:筛选当天的GSM基站生成要素
INFO:root:创建TD基站要素类
INFO:root:筛选当天的TD基站生成要素
INFO:root:创建LTE基站要素类
INFO:root:筛选当天的LTE基站生成要素
INFO:root:2016-08-22 06:30:05
INFO:root:创建GSM基站要素类
INFO:root:筛选当天的GSM基站生成要素
INFO:root:创建TD基站要素类
INFO:root:筛选当天的TD基站生成要素
INFO:root:创建LTE基站要素类
INFO:root:筛选当天的LTE基站生成要素
INFO:root:2016-08-23 06:30:04
INFO:root:创建GSM基站要素类
INFO:root:筛选当天的GSM基站生成要素
INFO:root:创建TD基站要素类
INFO:root:筛选当天的TD基站生成要素
INFO:root:创建LTE基站要素类
INFO:root:筛选当天的LTE基站生成要素
INFO:root:2016-08-24 06:30:05
INFO:root:创建GSM基站要素类
INFO:root:筛选当天的GSM基站生成要素
INFO:root:创建TD基站要素类
INFO:root:筛选当天的TD基站生成要素
INFO:root:创建LTE基站要素类
INFO:root:筛选当天的LTE基站生成要素
INFO:root:2016-08-25 06:30:05
INFO:root:创建GSM基站要素类
INFO:root:筛选当天的GSM基站生成要素
INFO:root:创建TD基站要素类
INFO:root:筛选当天的TD基站生成要素
INFO:root:创建LTE基站要素类
INFO:root:筛选当天的LTE基站生成要素
INFO:root:2016-08-26 06:30:05
INFO:root:创建GSM基站要素类
INFO:root:筛选当天的GSM基站生成要素
INFO:root:创建TD基站要素类
INFO:root:筛选当天的TD基站生成要素
INFO:root:创建LTE基站要素类
INFO:root:筛选当天的LTE基站生成要素
INFO:root:2016-08-27 06:30:05
INFO:root:创建GSM基站要素类
INFO:root:筛选当天的GSM基站生成要素
INFO:root:创建TD基站要素类
INFO:root:筛选当天的TD基站生成要素
INFO:root:创建LTE基站要素类
INFO:root:筛选当天的LTE基站生成要素
INFO:root:2016-08-28 06:30:05
INFO:root:创建GSM基站要素类
INFO:root:筛选当天的GSM基站生成要素
INFO:root:创建TD基站要素类
INFO:root:筛选当天的TD基站生成要素
INFO:root:创建LTE基站要素类
INFO:root:筛选当天的LTE基站生成要素
INFO:root:2016-08-29 06:30:04
INFO:root:创建GSM基站要素类
INFO:root:筛选当天的GSM基站生成要素
INFO:root:创建TD基站要素类
INFO:root:筛选当天的TD基站生成要素
INFO:root:创建LTE基站要素类
INFO:root:筛选当天的LTE基站生成要素
INFO:root:2016-08-31 09:54:10
INFO:root:创建GSM基站要素类
INFO:root:筛选当天的GSM基站生成要素
INFO:root:创建TD基站要素类
INFO:root:筛选当天的TD基站生成要素
INFO:root:创建LTE基站要素类
INFO:root:筛选当天的LTE基站生成要素
INFO:root:2016-09-01 06:30:04
INFO:root:创建GSM基站要素类
INFO:root:筛选当天的GSM基站生成要素
INFO:root:创建TD基站要素类
INFO:root:筛选当天的TD基站生成要素
INFO:root:创建LTE基站要素类
INFO:root:筛选当天的LTE基站生成要素
INFO:root:2016-09-02 06:30:05
INFO:root:创建GSM基站要素类
INFO:root:筛选当天的GSM基站生成要素
INFO:root:创建TD基站要素类
INFO:root:筛选当天的TD基站生成要素
INFO:root:创建LTE基站要素类
INFO:root:筛选当天的LTE基站生成要素
INFO:root:2016-09-03 06:30:05
INFO:root:创建GSM基站要素类
INFO:root:筛选当天的GSM基站生成要素
INFO:root:创建TD基站要素类
INFO:root:筛选当天的TD基站生成要素
INFO:root:创建LTE基站要素类
INFO:root:筛选当天的LTE基站生成要素
INFO:root:2016-09-04 06:30:04
INFO:root:创建GSM基站要素类
INFO:root:筛选当天的GSM基站生成要素
INFO:root:创建TD基站要素类
INFO:root:筛选当天的TD基站生成要素
INFO:root:创建LTE基站要素类
INFO:root:筛选当天的LTE基站生成要素
INFO:root:2016-09-05 06:30:05
INFO:root:创建GSM基站要素类
INFO:root:筛选当天的GSM基站生成要素
INFO:root:创建TD基站要素类
INFO:root:筛选当天的TD基站生成要素
INFO:root:创建LTE基站要素类
INFO:root:筛选当天的LTE基站生成要素
INFO:root:2016-09-06 06:30:05
INFO:root:创建GSM基站要素类
INFO:root:筛选当天的GSM基站生成要素
INFO:root:创建TD基站要素类
INFO:root:筛选当天的TD基站生成要素
INFO:root:创建LTE基站要素类
INFO:root:筛选当天的LTE基站生成要素
INFO:root:2016-09-07 06:30:05
INFO:root:创建GSM基站要素类
INFO:root:筛选当天的GSM基站生成要素
INFO:root:创建TD基站要素类
INFO:root:筛选当天的TD基站生成要素
INFO:root:创建LTE基站要素类
INFO:root:筛选当天的LTE基站生成要素
INFO:root:2016-09-08 06:30:05
INFO:root:创建GSM基站要素类
INFO:root:筛选当天的GSM基站生成要素
INFO:root:创建TD基站要素类
INFO:root:筛选当天的TD基站生成要素
INFO:root:创建LTE基站要素类
INFO:root:筛选当天的LTE基站生成要素
INFO:root:2016-09-09 06:30:05
INFO:root:创建GSM基站要素类
INFO:root:筛选当天的GSM基站生成要素
INFO:root:创建TD基站要素类
INFO:root:筛选当天的TD基站生成要素
INFO:root:创建LTE基站要素类
INFO:root:筛选当天的LTE基站生成要素
INFO:root:2016-09-10 06:30:05
INFO:root:创建GSM基站要素类
INFO:root:筛选当天的GSM基站生成要素
INFO:root:创建TD基站要素类
INFO:root:筛选当天的TD基站生成要素
INFO:root:创建LTE基站要素类
INFO:root:筛选当天的LTE基站生成要素
INFO:root:2016-09-11 06:30:05
INFO:root:创建GSM基站要素类
INFO:root:筛选当天的GSM基站生成要素
INFO:root:创建TD基站要素类
INFO:root:筛选当天的TD基站生成要素
INFO:root:创建LTE基站要素类
INFO:root:筛选当天的LTE基站生成要素
INFO:root:2016-09-12 06:30:05
INFO:root:创建GSM基站要素类
INFO:root:筛选当天的GSM基站生成要素
INFO:root:创建TD基站要素类
INFO:root:筛选当天的TD基站生成要素
INFO:root:创建LTE基站要素类
INFO:root:筛选当天的LTE基站生成要素
INFO:root:2016-09-13 06:30:04
INFO:root:创建GSM基站要素类
INFO:root:筛选当天的GSM基站生成要素
INFO:root:创建TD基站要素类
INFO:root:筛选当天的TD基站生成要素
INFO:root:创建LTE基站要素类
INFO:root:筛选当天的LTE基站生成要素
INFO:root:2016-09-14 06:30:05
INFO:root:创建GSM基站要素类
INFO:root:筛选当天的GSM基站生成要素
INFO:root:创建TD基站要素类
INFO:root:筛选当天的TD基站生成要素
INFO:root:创建LTE基站要素类
INFO:root:筛选当天的LTE基站生成要素
INFO:root:2016-09-15 06:30:05
INFO:root:创建GSM基站要素类
INFO:root:筛选当天的GSM基站生成要素
INFO:root:创建TD基站要素类
INFO:root:筛选当天的TD基站生成要素
INFO:root:创建LTE基站要素类
INFO:root:筛选当天的LTE基站生成要素
INFO:root:2016-09-16 06:30:05
INFO:root:创建GSM基站要素类
INFO:root:筛选当天的GSM基站生成要素
INFO:root:创建TD基站要素类
INFO:root:筛选当天的TD基站生成要素
INFO:root:创建LTE基站要素类
INFO:root:筛选当天的LTE基站生成要素
INFO:root:2016-09-17 06:30:05
INFO:root:创建GSM基站要素类
INFO:root:筛选当天的GSM基站生成要素
INFO:root:创建TD基站要素类
INFO:root:筛选当天的TD基站生成要素
INFO:root:创建LTE基站要素类
INFO:root:筛选当天的LTE基站生成要素
INFO:root:2016-09-18 06:30:05
INFO:root:创建GSM基站要素类
INFO:root:筛选当天的GSM基站生成要素
INFO:root:2016-09-18 10:27:20
INFO:root:创建GSM基站要素类
ERROR:root:ERROR 000464: 无法获取独占方案锁。它正被其他应用程序编辑或使用。
执行(Delete)失败。

INFO:root:2016-09-18 10:40:37
INFO:root:创建GSM基站要素类
ERROR:root:ERROR 000464: 无法获取独占方案锁。它正被其他应用程序编辑或使用。
执行(Delete)失败。

INFO:root:2016-09-18 16:01:09
INFO:root:创建GSM基站要素类
ERROR:root:ERROR 000464: 无法获取独占方案锁。它正被其他应用程序编辑或使用。
执行(Delete)失败。

INFO:root:2016-09-18 16:50:31
INFO:root:创建GSM基站要素类
INFO:root:筛选当天的GSM基站生成要素
INFO:root:创建TD基站要素类
INFO:root:筛选当天的TD基站生成要素
INFO:root:创建LTE基站要素类
INFO:root:筛选当天的LTE基站生成要素
INFO:root:2016-09-19 06:30:05
INFO:root:创建GSM基站要素类
INFO:root:筛选当天的GSM基站生成要素
INFO:root:创建TD基站要素类
INFO:root:筛选当天的TD基站生成要素
INFO:root:创建LTE基站要素类
INFO:root:筛选当天的LTE基站生成要素
INFO:root:2016-09-20 06:30:04
INFO:root:创建GSM基站要素类
INFO:root:筛选当天的GSM基站生成要素
INFO:root:创建TD基站要素类
INFO:root:筛选当天的TD基站生成要素
INFO:root:创建LTE基站要素类
INFO:root:筛选当天的LTE基站生成要素
INFO:root:2016-09-21 06:30:05
INFO:root:创建GSM基站要素类
INFO:root:筛选当天的GSM基站生成要素
INFO:root:创建TD基站要素类
INFO:root:筛选当天的TD基站生成要素
INFO:root:创建LTE基站要素类
INFO:root:筛选当天的LTE基站生成要素
INFO:root:2016-09-22 06:30:05
INFO:root:创建GSM基站要素类
INFO:root:筛选当天的GSM基站生成要素
INFO:root:创建TD基站要素类
INFO:root:筛选当天的TD基站生成要素
INFO:root:创建LTE基站要素类
INFO:root:筛选当天的LTE基站生成要素
INFO:root:2016-09-23 06:30:04
INFO:root:创建GSM基站要素类
INFO:root:筛选当天的GSM基站生成要素
INFO:root:创建TD基站要素类
INFO:root:筛选当天的TD基站生成要素
INFO:root:创建LTE基站要素类
INFO:root:筛选当天的LTE基站生成要素
INFO:root:2016-09-24 06:30:05
INFO:root:创建GSM基站要素类
INFO:root:筛选当天的GSM基站生成要素
INFO:root:创建TD基站要素类
INFO:root:筛选当天的TD基站生成要素
INFO:root:创建LTE基站要素类
INFO:root:筛选当天的LTE基站生成要素
INFO:root:2016-09-25 06:30:05
INFO:root:创建GSM基站要素类
INFO:root:筛选当天的GSM基站生成要素
INFO:root:创建TD基站要素类
INFO:root:筛选当天的TD基站生成要素
INFO:root:创建LTE基站要素类
INFO:root:筛选当天的LTE基站生成要素
INFO:root:2016-09-26 06:30:05
INFO:root:创建GSM基站要素类
INFO:root:筛选当天的GSM基站生成要素
INFO:root:创建TD基站要素类
INFO:root:筛选当天的TD基站生成要素
INFO:root:创建LTE基站要素类
INFO:root:筛选当天的LTE基站生成要素
INFO:root:2016-09-27 06:30:05
INFO:root:创建GSM基站要素类
INFO:root:筛选当天的GSM基站生成要素
INFO:root:创建TD基站要素类
INFO:root:筛选当天的TD基站生成要素
INFO:root:创建LTE基站要素类
INFO:root:筛选当天的LTE基站生成要素
INFO:root:2016-09-28 06:30:04
INFO:root:创建GSM基站要素类
INFO:root:筛选当天的GSM基站生成要素
INFO:root:创建TD基站要素类
INFO:root:筛选当天的TD基站生成要素
INFO:root:创建LTE基站要素类
INFO:root:筛选当天的LTE基站生成要素
INFO:root:2016-09-29 06:30:05
INFO:root:创建GSM基站要素类
INFO:root:筛选当天的GSM基站生成要素
INFO:root:创建TD基站要素类
INFO:root:筛选当天的TD基站生成要素
INFO:root:创建LTE基站要素类
INFO:root:筛选当天的LTE基站生成要素
INFO:root:2016-09-30 06:30:05
INFO:root:创建GSM基站要素类
INFO:root:筛选当天的GSM基站生成要素
INFO:root:创建TD基站要素类
INFO:root:筛选当天的TD基站生成要素
INFO:root:创建LTE基站要素类
INFO:root:筛选当天的LTE基站生成要素
INFO:root:2016-10-01 06:30:04
INFO:root:创建GSM基站要素类
INFO:root:筛选当天的GSM基站生成要素
INFO:root:创建TD基站要素类
INFO:root:筛选当天的TD基站生成要素
INFO:root:创建LTE基站要素类
INFO:root:筛选当天的LTE基站生成要素
INFO:root:2016-10-02 06:30:04
INFO:root:创建GSM基站要素类
INFO:root:筛选当天的GSM基站生成要素
INFO:root:创建TD基站要素类
INFO:root:筛选当天的TD基站生成要素
INFO:root:创建LTE基站要素类
INFO:root:筛选当天的LTE基站生成要素
INFO:root:2016-10-03 06:30:05
INFO:root:创建GSM基站要素类
INFO:root:筛选当天的GSM基站生成要素
INFO:root:创建TD基站要素类
INFO:root:筛选当天的TD基站生成要素
INFO:root:创建LTE基站要素类
INFO:root:筛选当天的LTE基站生成要素
INFO:root:2016-10-04 06:30:05
INFO:root:创建GSM基站要素类
INFO:root:筛选当天的GSM基站生成要素
INFO:root:创建TD基站要素类
INFO:root:筛选当天的TD基站生成要素
INFO:root:创建LTE基站要素类
INFO:root:筛选当天的LTE基站生成要素
INFO:root:2016-10-05 06:30:04
INFO:root:创建GSM基站要素类
INFO:root:筛选当天的GSM基站生成要素
INFO:root:创建TD基站要素类
INFO:root:筛选当天的TD基站生成要素
INFO:root:创建LTE基站要素类
INFO:root:筛选当天的LTE基站生成要素
INFO:root:2016-10-06 06:30:05
INFO:root:创建GSM基站要素类
INFO:root:筛选当天的GSM基站生成要素
INFO:root:创建TD基站要素类
INFO:root:筛选当天的TD基站生成要素
INFO:root:创建LTE基站要素类
INFO:root:筛选当天的LTE基站生成要素
INFO:root:2016-10-07 06:30:05
INFO:root:创建GSM基站要素类
INFO:root:筛选当天的GSM基站生成要素
INFO:root:创建TD基站要素类
INFO:root:筛选当天的TD基站生成要素
INFO:root:创建LTE基站要素类
INFO:root:筛选当天的LTE基站生成要素
INFO:root:2016-10-08 06:30:05
INFO:root:创建GSM基站要素类
INFO:root:筛选当天的GSM基站生成要素
INFO:root:创建TD基站要素类
INFO:root:筛选当天的TD基站生成要素
INFO:root:创建LTE基站要素类
INFO:root:筛选当天的LTE基站生成要素
INFO:root:2016-10-09 06:30:04
INFO:root:创建GSM基站要素类
INFO:root:筛选当天的GSM基站生成要素
INFO:root:创建TD基站要素类
INFO:root:筛选当天的TD基站生成要素
INFO:root:创建LTE基站要素类
INFO:root:筛选当天的LTE基站生成要素
INFO:root:2016-10-10 06:30:05
INFO:root:创建GSM基站要素类
INFO:root:筛选当天的GSM基站生成要素
INFO:root:创建TD基站要素类
INFO:root:筛选当天的TD基站生成要素
INFO:root:创建LTE基站要素类
INFO:root:筛选当天的LTE基站生成要素
INFO:root:2016-10-11 06:30:05
INFO:root:创建GSM基站要素类
INFO:root:筛选当天的GSM基站生成要素
INFO:root:创建TD基站要素类
INFO:root:筛选当天的TD基站生成要素
INFO:root:创建LTE基站要素类
INFO:root:筛选当天的LTE基站生成要素
INFO:root:2016-10-12 06:30:05
INFO:root:创建GSM基站要素类
INFO:root:筛选当天的GSM基站生成要素
INFO:root:创建TD基站要素类
INFO:root:筛选当天的TD基站生成要素
INFO:root:创建LTE基站要素类
INFO:root:筛选当天的LTE基站生成要素
INFO:root:2016-10-13 06:30:05
INFO:root:创建GSM基站要素类
INFO:root:筛选当天的GSM基站生成要素
INFO:root:创建TD基站要素类
INFO:root:筛选当天的TD基站生成要素
INFO:root:创建LTE基站要素类
INFO:root:筛选当天的LTE基站生成要素
INFO:root:2016-10-14 06:30:05
INFO:root:创建GSM基站要素类
INFO:root:筛选当天的GSM基站生成要素
INFO:root:创建TD基站要素类
INFO:root:筛选当天的TD基站生成要素
INFO:root:创建LTE基站要素类
INFO:root:筛选当天的LTE基站生成要素
INFO:root:2016-10-15 06:30:04
INFO:root:创建GSM基站要素类
INFO:root:筛选当天的GSM基站生成要素
INFO:root:创建TD基站要素类
INFO:root:筛选当天的TD基站生成要素
INFO:root:创建LTE基站要素类
INFO:root:筛选当天的LTE基站生成要素
INFO:root:2016-10-16 06:30:05
INFO:root:创建GSM基站要素类
INFO:root:筛选当天的GSM基站生成要素
INFO:root:创建TD基站要素类
INFO:root:筛选当天的TD基站生成要素
INFO:root:创建LTE基站要素类
INFO:root:筛选当天的LTE基站生成要素
INFO:root:2016-10-17 06:30:05
INFO:root:创建GSM基站要素类
INFO:root:筛选当天的GSM基站生成要素
INFO:root:创建TD基站要素类
INFO:root:筛选当天的TD基站生成要素
INFO:root:创建LTE基站要素类
INFO:root:筛选当天的LTE基站生成要素
INFO:root:2016-10-18 06:30:05
INFO:root:创建GSM基站要素类
INFO:root:筛选当天的GSM基站生成要素
INFO:root:创建TD基站要素类
INFO:root:筛选当天的TD基站生成要素
INFO:root:创建LTE基站要素类
INFO:root:筛选当天的LTE基站生成要素
INFO:root:2016-10-19 06:30:05
INFO:root:创建GSM基站要素类
INFO:root:筛选当天的GSM基站生成要素
INFO:root:创建TD基站要素类
INFO:root:筛选当天的TD基站生成要素
INFO:root:创建LTE基站要素类
INFO:root:筛选当天的LTE基站生成要素
INFO:root:2016-10-20 06:30:05
INFO:root:创建GSM基站要素类
INFO:root:筛选当天的GSM基站生成要素
INFO:root:创建TD基站要素类
INFO:root:筛选当天的TD基站生成要素
INFO:root:创建LTE基站要素类
INFO:root:筛选当天的LTE基站生成要素
INFO:root:2016-10-21 06:30:05
INFO:root:创建GSM基站要素类
INFO:root:筛选当天的GSM基站生成要素
INFO:root:创建TD基站要素类
INFO:root:筛选当天的TD基站生成要素
INFO:root:创建LTE基站要素类
INFO:root:筛选当天的LTE基站生成要素
INFO:root:2016-10-22 06:30:18
INFO:root:创建GSM基站要素类
INFO:root:筛选当天的GSM基站生成要素
INFO:root:创建TD基站要素类
INFO:root:筛选当天的TD基站生成要素
INFO:root:创建LTE基站要素类
INFO:root:筛选当天的LTE基站生成要素
INFO:root:2016-10-23 06:30:04
INFO:root:创建GSM基站要素类
INFO:root:筛选当天的GSM基站生成要素
INFO:root:创建TD基站要素类
INFO:root:筛选当天的TD基站生成要素
INFO:root:创建LTE基站要素类
INFO:root:筛选当天的LTE基站生成要素
INFO:root:2016-10-24 06:30:05
INFO:root:创建GSM基站要素类
INFO:root:筛选当天的GSM基站生成要素
INFO:root:创建TD基站要素类
INFO:root:筛选当天的TD基站生成要素
INFO:root:创建LTE基站要素类
INFO:root:筛选当天的LTE基站生成要素
INFO:root:2016-10-25 06:30:04
INFO:root:创建GSM基站要素类
INFO:root:筛选当天的GSM基站生成要素
INFO:root:创建TD基站要素类
INFO:root:筛选当天的TD基站生成要素
INFO:root:创建LTE基站要素类
INFO:root:筛选当天的LTE基站生成要素
INFO:root:2016-10-26 06:30:05
INFO:root:创建GSM基站要素类
INFO:root:筛选当天的GSM基站生成要素
INFO:root:创建TD基站要素类
INFO:root:筛选当天的TD基站生成要素
INFO:root:创建LTE基站要素类
INFO:root:筛选当天的LTE基站生成要素
INFO:root:2016-10-27 06:30:05
INFO:root:创建GSM基站要素类
INFO:root:筛选当天的GSM基站生成要素
INFO:root:创建TD基站要素类
INFO:root:筛选当天的TD基站生成要素
INFO:root:创建LTE基站要素类
INFO:root:筛选当天的LTE基站生成要素
INFO:root:2016-10-28 06:30:05
INFO:root:创建GSM基站要素类
INFO:root:筛选当天的GSM基站生成要素
INFO:root:创建TD基站要素类
INFO:root:筛选当天的TD基站生成要素
INFO:root:创建LTE基站要素类
INFO:root:筛选当天的LTE基站生成要素
INFO:root:2016-10-29 06:30:05
INFO:root:创建GSM基站要素类
INFO:root:筛选当天的GSM基站生成要素
INFO:root:创建TD基站要素类
INFO:root:筛选当天的TD基站生成要素
INFO:root:创建LTE基站要素类
INFO:root:筛选当天的LTE基站生成要素
INFO:root:2016-10-30 06:30:04
INFO:root:创建GSM基站要素类
INFO:root:筛选当天的GSM基站生成要素
INFO:root:创建TD基站要素类
INFO:root:筛选当天的TD基站生成要素
INFO:root:创建LTE基站要素类
INFO:root:筛选当天的LTE基站生成要素
INFO:root:2016-10-31 06:30:05
INFO:root:创建GSM基站要素类
INFO:root:筛选当天的GSM基站生成要素
INFO:root:创建TD基站要素类
INFO:root:筛选当天的TD基站生成要素
INFO:root:创建LTE基站要素类
INFO:root:筛选当天的LTE基站生成要素
INFO:root:2016-11-01 06:30:04
INFO:root:创建GSM基站要素类
INFO:root:筛选当天的GSM基站生成要素
INFO:root:创建TD基站要素类
INFO:root:筛选当天的TD基站生成要素
INFO:root:创建LTE基站要素类
INFO:root:筛选当天的LTE基站生成要素
INFO:root:2016-11-02 06:30:05
INFO:root:创建GSM基站要素类
INFO:root:筛选当天的GSM基站生成要素
INFO:root:创建TD基站要素类
INFO:root:筛选当天的TD基站生成要素
INFO:root:创建LTE基站要素类
INFO:root:筛选当天的LTE基站生成要素
INFO:root:2016-11-03 06:30:05
INFO:root:创建GSM基站要素类
INFO:root:筛选当天的GSM基站生成要素
INFO:root:创建TD基站要素类
INFO:root:筛选当天的TD基站生成要素
INFO:root:创建LTE基站要素类
INFO:root:筛选当天的LTE基站生成要素
INFO:root:2016-11-04 06:30:05
INFO:root:创建GSM基站要素类
INFO:root:筛选当天的GSM基站生成要素
INFO:root:创建TD基站要素类
INFO:root:筛选当天的TD基站生成要素
INFO:root:创建LTE基站要素类
INFO:root:筛选当天的LTE基站生成要素
INFO:root:2016-11-05 06:30:05
INFO:root:创建GSM基站要素类
INFO:root:筛选当天的GSM基站生成要素
INFO:root:创建TD基站要素类
INFO:root:筛选当天的TD基站生成要素
INFO:root:创建LTE基站要素类
INFO:root:筛选当天的LTE基站生成要素
INFO:root:2016-11-06 06:30:04
INFO:root:创建GSM基站要素类
INFO:root:筛选当天的GSM基站生成要素
INFO:root:创建TD基站要素类
INFO:root:筛选当天的TD基站生成要素
INFO:root:创建LTE基站要素类
INFO:root:筛选当天的LTE基站生成要素
INFO:root:2016-11-07 06:30:05
INFO:root:创建GSM基站要素类
INFO:root:筛选当天的GSM基站生成要素
INFO:root:创建TD基站要素类
INFO:root:筛选当天的TD基站生成要素
INFO:root:创建LTE基站要素类
INFO:root:筛选当天的LTE基站生成要素
INFO:root:2016-11-08 06:30:05
INFO:root:创建GSM基站要素类
INFO:root:筛选当天的GSM基站生成要素
INFO:root:创建TD基站要素类
INFO:root:筛选当天的TD基站生成要素
INFO:root:创建LTE基站要素类
INFO:root:筛选当天的LTE基站生成要素
INFO:root:2016-11-09 06:30:05
INFO:root:创建GSM基站要素类
INFO:root:筛选当天的GSM基站生成要素
INFO:root:创建TD基站要素类
INFO:root:筛选当天的TD基站生成要素
INFO:root:创建LTE基站要素类
INFO:root:筛选当天的LTE基站生成要素
INFO:root:2016-11-10 06:30:05
INFO:root:创建GSM基站要素类
INFO:root:筛选当天的GSM基站生成要素
INFO:root:2016-11-10 10:13:01
INFO:root:创建GSM基站要素类
ERROR:root:ERROR 000464: 无法获取独占方案锁。它正被其他应用程序编辑或使用。
执行(Delete)失败。

INFO:root:2016-11-10 10:19:45
INFO:root:创建GSM基站要素类
INFO:root:筛选当天的GSM基站生成要素
INFO:root:创建TD基站要素类
INFO:root:筛选当天的TD基站生成要素
INFO:root:创建LTE基站要素类
INFO:root:筛选当天的LTE基站生成要素
INFO:root:2016-11-11 06:30:04
INFO:root:创建GSM基站要素类
INFO:root:筛选当天的GSM基站生成要素
INFO:root:创建TD基站要素类
INFO:root:筛选当天的TD基站生成要素
INFO:root:创建LTE基站要素类
INFO:root:筛选当天的LTE基站生成要素
INFO:root:2016-11-12 06:30:05
INFO:root:创建GSM基站要素类
INFO:root:筛选当天的GSM基站生成要素
INFO:root:创建TD基站要素类
INFO:root:筛选当天的TD基站生成要素
INFO:root:创建LTE基站要素类
INFO:root:筛选当天的LTE基站生成要素
INFO:root:2016-11-13 06:30:05
INFO:root:创建GSM基站要素类
INFO:root:筛选当天的GSM基站生成要素
INFO:root:创建TD基站要素类
INFO:root:筛选当天的TD基站生成要素
INFO:root:创建LTE基站要素类
INFO:root:筛选当天的LTE基站生成要素
INFO:root:2016-11-14 06:30:04
INFO:root:创建GSM基站要素类
INFO:root:筛选当天的GSM基站生成要素
INFO:root:创建TD基站要素类
INFO:root:筛选当天的TD基站生成要素
INFO:root:创建LTE基站要素类
INFO:root:筛选当天的LTE基站生成要素
INFO:root:2016-11-15 06:30:04
INFO:root:创建GSM基站要素类
INFO:root:筛选当天的GSM基站生成要素
INFO:root:创建TD基站要素类
INFO:root:筛选当天的TD基站生成要素
INFO:root:创建LTE基站要素类
INFO:root:筛选当天的LTE基站生成要素
INFO:root:2016-11-16 06:30:04
INFO:root:创建GSM基站要素类
INFO:root:筛选当天的GSM基站生成要素
INFO:root:创建TD基站要素类
INFO:root:筛选当天的TD基站生成要素
INFO:root:创建LTE基站要素类
INFO:root:筛选当天的LTE基站生成要素
INFO:root:2016-11-17 06:30:05
INFO:root:创建GSM基站要素类
INFO:root:筛选当天的GSM基站生成要素
INFO:root:创建TD基站要素类
INFO:root:筛选当天的TD基站生成要素
INFO:root:创建LTE基站要素类
INFO:root:筛选当天的LTE基站生成要素
INFO:root:2016-11-18 06:30:04
INFO:root:创建GSM基站要素类
INFO:root:筛选当天的GSM基站生成要素
INFO:root:创建TD基站要素类
INFO:root:筛选当天的TD基站生成要素
INFO:root:创建LTE基站要素类
INFO:root:筛选当天的LTE基站生成要素
INFO:root:2016-11-19 06:30:04
INFO:root:创建GSM基站要素类
INFO:root:筛选当天的GSM基站生成要素
INFO:root:创建TD基站要素类
INFO:root:筛选当天的TD基站生成要素
INFO:root:创建LTE基站要素类
INFO:root:筛选当天的LTE基站生成要素
INFO:root:2016-11-20 06:30:05
INFO:root:创建GSM基站要素类
INFO:root:筛选当天的GSM基站生成要素
INFO:root:创建TD基站要素类
INFO:root:筛选当天的TD基站生成要素
INFO:root:创建LTE基站要素类
INFO:root:筛选当天的LTE基站生成要素
INFO:root:2016-11-21 06:30:05
INFO:root:创建GSM基站要素类
INFO:root:筛选当天的GSM基站生成要素
INFO:root:创建TD基站要素类
INFO:root:筛选当天的TD基站生成要素
INFO:root:创建LTE基站要素类
INFO:root:筛选当天的LTE基站生成要素
INFO:root:2016-11-22 06:30:05
INFO:root:创建GSM基站要素类
INFO:root:筛选当天的GSM基站生成要素
INFO:root:创建TD基站要素类
INFO:root:筛选当天的TD基站生成要素
INFO:root:创建LTE基站要素类
INFO:root:筛选当天的LTE基站生成要素
INFO:root:2016-11-23 06:30:05
INFO:root:创建GSM基站要素类
INFO:root:筛选当天的GSM基站生成要素
INFO:root:创建TD基站要素类
INFO:root:筛选当天的TD基站生成要素
INFO:root:创建LTE基站要素类
INFO:root:筛选当天的LTE基站生成要素
INFO:root:2016-11-24 06:30:05
INFO:root:创建GSM基站要素类
INFO:root:筛选当天的GSM基站生成要素
INFO:root:创建TD基站要素类
INFO:root:筛选当天的TD基站生成要素
INFO:root:创建LTE基站要素类
INFO:root:筛选当天的LTE基站生成要素
INFO:root:2016-11-25 06:30:05
INFO:root:创建GSM基站要素类
INFO:root:筛选当天的GSM基站生成要素
INFO:root:创建TD基站要素类
INFO:root:筛选当天的TD基站生成要素
INFO:root:创建LTE基站要素类
INFO:root:筛选当天的LTE基站生成要素
INFO:root:2016-11-26 06:30:05
INFO:root:创建GSM基站要素类
INFO:root:筛选当天的GSM基站生成要素
INFO:root:创建TD基站要素类
INFO:root:筛选当天的TD基站生成要素
INFO:root:创建LTE基站要素类
INFO:root:筛选当天的LTE基站生成要素
INFO:root:2016-11-27 06:30:04
INFO:root:创建GSM基站要素类
INFO:root:筛选当天的GSM基站生成要素
INFO:root:创建TD基站要素类
INFO:root:筛选当天的TD基站生成要素
INFO:root:创建LTE基站要素类
INFO:root:筛选当天的LTE基站生成要素
INFO:root:2016-11-28 06:30:04
INFO:root:创建GSM基站要素类
INFO:root:筛选当天的GSM基站生成要素
INFO:root:创建TD基站要素类
INFO:root:筛选当天的TD基站生成要素
INFO:root:创建LTE基站要素类
INFO:root:筛选当天的LTE基站生成要素
INFO:root:2016-11-29 06:30:05
INFO:root:创建GSM基站要素类
INFO:root:筛选当天的GSM基站生成要素
INFO:root:创建TD基站要素类
INFO:root:筛选当天的TD基站生成要素
INFO:root:创建LTE基站要素类
INFO:root:筛选当天的LTE基站生成要素
INFO:root:2016-11-30 06:30:05
INFO:root:创建GSM基站要素类
INFO:root:筛选当天的GSM基站生成要素
INFO:root:创建TD基站要素类
INFO:root:筛选当天的TD基站生成要素
INFO:root:创建LTE基站要素类
INFO:root:筛选当天的LTE基站生成要素
INFO:root:2016-12-01 06:30:05
INFO:root:创建GSM基站要素类
INFO:root:筛选当天的GSM基站生成要素
INFO:root:创建TD基站要素类
INFO:root:筛选当天的TD基站生成要素
INFO:root:创建LTE基站要素类
INFO:root:筛选当天的LTE基站生成要素
INFO:root:2016-12-02 06:30:05
INFO:root:创建GSM基站要素类
INFO:root:筛选当天的GSM基站生成要素
INFO:root:创建TD基站要素类
INFO:root:筛选当天的TD基站生成要素
INFO:root:创建LTE基站要素类
INFO:root:筛选当天的LTE基站生成要素
INFO:root:2016-12-03 06:30:05
INFO:root:创建GSM基站要素类
INFO:root:筛选当天的GSM基站生成要素
INFO:root:创建TD基站要素类
INFO:root:筛选当天的TD基站生成要素
INFO:root:创建LTE基站要素类
INFO:root:筛选当天的LTE基站生成要素
INFO:root:2016-12-04 06:30:05
INFO:root:创建GSM基站要素类
INFO:root:筛选当天的GSM基站生成要素
INFO:root:创建TD基站要素类
INFO:root:筛选当天的TD基站生成要素
INFO:root:创建LTE基站要素类
INFO:root:筛选当天的LTE基站生成要素
INFO:root:2016-12-05 06:30:05
INFO:root:创建GSM基站要素类
INFO:root:筛选当天的GSM基站生成要素
INFO:root:创建TD基站要素类
INFO:root:筛选当天的TD基站生成要素
INFO:root:创建LTE基站要素类
INFO:root:筛选当天的LTE基站生成要素
INFO:root:2016-12-06 06:30:04
INFO:root:创建GSM基站要素类
INFO:root:筛选当天的GSM基站生成要素
INFO:root:创建TD基站要素类
INFO:root:筛选当天的TD基站生成要素
INFO:root:创建LTE基站要素类
INFO:root:筛选当天的LTE基站生成要素
INFO:root:2016-12-07 06:30:05
INFO:root:创建GSM基站要素类
INFO:root:筛选当天的GSM基站生成要素
INFO:root:创建TD基站要素类
INFO:root:筛选当天的TD基站生成要素
INFO:root:创建LTE基站要素类
INFO:root:筛选当天的LTE基站生成要素
INFO:root:2016-12-08 06:30:05
INFO:root:创建GSM基站要素类
INFO:root:筛选当天的GSM基站生成要素
INFO:root:创建TD基站要素类
INFO:root:筛选当天的TD基站生成要素
INFO:root:创建LTE基站要素类
INFO:root:筛选当天的LTE基站生成要素
INFO:root:2016-12-09 06:30:04
INFO:root:创建GSM基站要素类
INFO:root:筛选当天的GSM基站生成要素
INFO:root:创建TD基站要素类
INFO:root:筛选当天的TD基站生成要素
INFO:root:创建LTE基站要素类
INFO:root:筛选当天的LTE基站生成要素
INFO:root:2016-12-10 06:30:05
INFO:root:创建GSM基站要素类
INFO:root:筛选当天的GSM基站生成要素
INFO:root:创建TD基站要素类
INFO:root:筛选当天的TD基站生成要素
INFO:root:创建LTE基站要素类
INFO:root:筛选当天的LTE基站生成要素
INFO:root:2016-12-11 06:30:04
INFO:root:创建GSM基站要素类
INFO:root:筛选当天的GSM基站生成要素
INFO:root:创建TD基站要素类
INFO:root:筛选当天的TD基站生成要素
INFO:root:创建LTE基站要素类
INFO:root:筛选当天的LTE基站生成要素
INFO:root:2016-12-12 06:30:05
INFO:root:创建GSM基站要素类
INFO:root:筛选当天的GSM基站生成要素
INFO:root:创建TD基站要素类
INFO:root:筛选当天的TD基站生成要素
INFO:root:创建LTE基站要素类
INFO:root:筛选当天的LTE基站生成要素
INFO:root:2016-12-13 06:30:04
INFO:root:创建GSM基站要素类
INFO:root:筛选当天的GSM基站生成要素
INFO:root:创建TD基站要素类
INFO:root:筛选当天的TD基站生成要素
INFO:root:创建LTE基站要素类
INFO:root:筛选当天的LTE基站生成要素
INFO:root:2016-12-14 06:30:05
INFO:root:创建GSM基站要素类
INFO:root:筛选当天的GSM基站生成要素
INFO:root:创建TD基站要素类
INFO:root:筛选当天的TD基站生成要素
INFO:root:创建LTE基站要素类
INFO:root:筛选当天的LTE基站生成要素
INFO:root:2016-12-15 06:30:05
INFO:root:创建GSM基站要素类
INFO:root:筛选当天的GSM基站生成要素
INFO:root:创建TD基站要素类
INFO:root:筛选当天的TD基站生成要素
INFO:root:创建LTE基站要素类
INFO:root:筛选当天的LTE基站生成要素
INFO:root:2016-12-16 06:30:05
INFO:root:创建GSM基站要素类
INFO:root:筛选当天的GSM基站生成要素
INFO:root:创建TD基站要素类
INFO:root:筛选当天的TD基站生成要素
INFO:root:创建LTE基站要素类
INFO:root:筛选当天的LTE基站生成要素
INFO:root:2016-12-17 06:30:04
INFO:root:创建GSM基站要素类
INFO:root:筛选当天的GSM基站生成要素
INFO:root:创建TD基站要素类
INFO:root:筛选当天的TD基站生成要素
INFO:root:创建LTE基站要素类
INFO:root:筛选当天的LTE基站生成要素
INFO:root:2016-12-18 06:30:04
INFO:root:创建GSM基站要素类
INFO:root:筛选当天的GSM基站生成要素
INFO:root:创建TD基站要素类
INFO:root:筛选当天的TD基站生成要素
INFO:root:创建LTE基站要素类
INFO:root:筛选当天的LTE基站生成要素
INFO:root:2016-12-19 06:30:04
INFO:root:创建GSM基站要素类
INFO:root:筛选当天的GSM基站生成要素
INFO:root:创建TD基站要素类
INFO:root:筛选当天的TD基站生成要素
INFO:root:创建LTE基站要素类
INFO:root:筛选当天的LTE基站生成要素
INFO:root:2016-12-20 06:30:05
INFO:root:创建GSM基站要素类
INFO:root:筛选当天的GSM基站生成要素
INFO:root:创建TD基站要素类
INFO:root:筛选当天的TD基站生成要素
INFO:root:创建LTE基站要素类
INFO:root:筛选当天的LTE基站生成要素
INFO:root:2016-12-21 06:30:05
INFO:root:创建GSM基站要素类
INFO:root:筛选当天的GSM基站生成要素
INFO:root:创建TD基站要素类
INFO:root:筛选当天的TD基站生成要素
INFO:root:创建LTE基站要素类
INFO:root:筛选当天的LTE基站生成要素
INFO:root:2016-12-22 06:30:04
INFO:root:创建GSM基站要素类
INFO:root:筛选当天的GSM基站生成要素
INFO:root:创建TD基站要素类
INFO:root:筛选当天的TD基站生成要素
INFO:root:创建LTE基站要素类
INFO:root:筛选当天的LTE基站生成要素
INFO:root:2016-12-23 06:30:05
INFO:root:创建GSM基站要素类
INFO:root:筛选当天的GSM基站生成要素
INFO:root:创建TD基站要素类
INFO:root:筛选当天的TD基站生成要素
INFO:root:创建LTE基站要素类
INFO:root:筛选当天的LTE基站生成要素
INFO:root:2016-12-24 06:30:04
INFO:root:创建GSM基站要素类
INFO:root:筛选当天的GSM基站生成要素
INFO:root:创建TD基站要素类
INFO:root:筛选当天的TD基站生成要素
INFO:root:创建LTE基站要素类
INFO:root:筛选当天的LTE基站生成要素
INFO:root:2016-12-25 06:30:05
INFO:root:创建GSM基站要素类
INFO:root:筛选当天的GSM基站生成要素
INFO:root:创建TD基站要素类
INFO:root:筛选当天的TD基站生成要素
INFO:root:创建LTE基站要素类
INFO:root:筛选当天的LTE基站生成要素
INFO:root:2016-12-26 06:30:05
INFO:root:创建GSM基站要素类
INFO:root:筛选当天的GSM基站生成要素
INFO:root:创建TD基站要素类
INFO:root:筛选当天的TD基站生成要素
INFO:root:创建LTE基站要素类
INFO:root:筛选当天的LTE基站生成要素
INFO:root:2016-12-27 06:30:04
INFO:root:创建GSM基站要素类
INFO:root:筛选当天的GSM基站生成要素
INFO:root:创建TD基站要素类
INFO:root:筛选当天的TD基站生成要素
INFO:root:创建LTE基站要素类
INFO:root:筛选当天的LTE基站生成要素
INFO:root:2016-12-28 06:30:05
INFO:root:创建GSM基站要素类
INFO:root:筛选当天的GSM基站生成要素
INFO:root:创建TD基站要素类
INFO:root:筛选当天的TD基站生成要素
INFO:root:创建LTE基站要素类
INFO:root:筛选当天的LTE基站生成要素
INFO:root:2016-12-29 06:30:04
INFO:root:创建GSM基站要素类
INFO:root:筛选当天的GSM基站生成要素
INFO:root:创建TD基站要素类
INFO:root:筛选当天的TD基站生成要素
INFO:root:创建LTE基站要素类
INFO:root:筛选当天的LTE基站生成要素
INFO:root:2016-12-30 06:30:05
INFO:root:创建GSM基站要素类
INFO:root:筛选当天的GSM基站生成要素
INFO:root:创建TD基站要素类
INFO:root:筛选当天的TD基站生成要素
INFO:root:创建LTE基站要素类
INFO:root:筛选当天的LTE基站生成要素
INFO:root:2016-12-31 06:30:05
INFO:root:创建GSM基站要素类
INFO:root:筛选当天的GSM基站生成要素
INFO:root:创建TD基站要素类
INFO:root:筛选当天的TD基站生成要素
INFO:root:创建LTE基站要素类
INFO:root:筛选当天的LTE基站生成要素
INFO:root:2017-01-01 06:30:05
INFO:root:创建GSM基站要素类
INFO:root:筛选当天的GSM基站生成要素
INFO:root:创建TD基站要素类
INFO:root:筛选当天的TD基站生成要素
INFO:root:创建LTE基站要素类
INFO:root:筛选当天的LTE基站生成要素
INFO:root:2017-01-02 06:30:04
INFO:root:创建GSM基站要素类
INFO:root:筛选当天的GSM基站生成要素
INFO:root:创建TD基站要素类
INFO:root:筛选当天的TD基站生成要素
INFO:root:创建LTE基站要素类
INFO:root:筛选当天的LTE基站生成要素
INFO:root:2017-01-03 06:30:04
INFO:root:创建GSM基站要素类
INFO:root:筛选当天的GSM基站生成要素
INFO:root:创建TD基站要素类
INFO:root:筛选当天的TD基站生成要素
INFO:root:创建LTE基站要素类
INFO:root:筛选当天的LTE基站生成要素
INFO:root:2017-01-04 06:30:05
INFO:root:创建GSM基站要素类
INFO:root:筛选当天的GSM基站生成要素
INFO:root:创建TD基站要素类
INFO:root:筛选当天的TD基站生成要素
INFO:root:创建LTE基站要素类
INFO:root:筛选当天的LTE基站生成要素
INFO:root:2017-01-05 06:30:04
INFO:root:创建GSM基站要素类
INFO:root:筛选当天的GSM基站生成要素
INFO:root:创建TD基站要素类
INFO:root:筛选当天的TD基站生成要素
INFO:root:创建LTE基站要素类
INFO:root:筛选当天的LTE基站生成要素
INFO:root:2017-01-06 06:30:05
INFO:root:创建GSM基站要素类
INFO:root:筛选当天的GSM基站生成要素
INFO:root:创建TD基站要素类
INFO:root:筛选当天的TD基站生成要素
INFO:root:创建LTE基站要素类
INFO:root:筛选当天的LTE基站生成要素
INFO:root:2017-01-07 06:30:04
INFO:root:创建GSM基站要素类
INFO:root:筛选当天的GSM基站生成要素
INFO:root:创建TD基站要素类
INFO:root:筛选当天的TD基站生成要素
INFO:root:创建LTE基站要素类
INFO:root:筛选当天的LTE基站生成要素
INFO:root:2017-01-08 06:30:04
INFO:root:创建GSM基站要素类
INFO:root:筛选当天的GSM基站生成要素
INFO:root:创建TD基站要素类
INFO:root:筛选当天的TD基站生成要素
INFO:root:创建LTE基站要素类
INFO:root:筛选当天的LTE基站生成要素
INFO:root:2017-01-09 06:30:05
INFO:root:创建GSM基站要素类
INFO:root:筛选当天的GSM基站生成要素
INFO:root:创建TD基站要素类
INFO:root:筛选当天的TD基站生成要素
INFO:root:创建LTE基站要素类
INFO:root:筛选当天的LTE基站生成要素
INFO:root:2017-01-10 06:30:05
INFO:root:创建GSM基站要素类
INFO:root:筛选当天的GSM基站生成要素
INFO:root:创建TD基站要素类
INFO:root:筛选当天的TD基站生成要素
INFO:root:创建LTE基站要素类
INFO:root:筛选当天的LTE基站生成要素
INFO:root:2017-01-11 06:30:05
INFO:root:创建GSM基站要素类
INFO:root:筛选当天的GSM基站生成要素
INFO:root:创建TD基站要素类
INFO:root:筛选当天的TD基站生成要素
INFO:root:创建LTE基站要素类
INFO:root:筛选当天的LTE基站生成要素
INFO:root:2017-01-12 06:30:05
INFO:root:创建GSM基站要素类
INFO:root:筛选当天的GSM基站生成要素
INFO:root:创建TD基站要素类
INFO:root:筛选当天的TD基站生成要素
INFO:root:创建LTE基站要素类
INFO:root:筛选当天的LTE基站生成要素
INFO:root:2017-01-13 06:30:05
INFO:root:创建GSM基站要素类
INFO:root:筛选当天的GSM基站生成要素
INFO:root:创建TD基站要素类
INFO:root:筛选当天的TD基站生成要素
INFO:root:创建LTE基站要素类
INFO:root:筛选当天的LTE基站生成要素
INFO:root:2017-01-14 06:30:04
INFO:root:创建GSM基站要素类
INFO:root:筛选当天的GSM基站生成要素
INFO:root:创建TD基站要素类
INFO:root:筛选当天的TD基站生成要素
INFO:root:创建LTE基站要素类
INFO:root:筛选当天的LTE基站生成要素
INFO:root:2017-01-15 06:30:05
INFO:root:创建GSM基站要素类
INFO:root:筛选当天的GSM基站生成要素
INFO:root:创建TD基站要素类
INFO:root:筛选当天的TD基站生成要素
INFO:root:创建LTE基站要素类
INFO:root:筛选当天的LTE基站生成要素
INFO:root:2017-01-16 06:30:05
INFO:root:创建GSM基站要素类
INFO:root:筛选当天的GSM基站生成要素
INFO:root:创建TD基站要素类
INFO:root:筛选当天的TD基站生成要素
INFO:root:创建LTE基站要素类
INFO:root:筛选当天的LTE基站生成要素
INFO:root:2017-01-17 06:30:05
INFO:root:创建GSM基站要素类
INFO:root:筛选当天的GSM基站生成要素
INFO:root:创建TD基站要素类
INFO:root:筛选当天的TD基站生成要素
INFO:root:创建LTE基站要素类
INFO:root:筛选当天的LTE基站生成要素
INFO:root:2017-01-18 06:30:05
INFO:root:创建GSM基站要素类
INFO:root:筛选当天的GSM基站生成要素
INFO:root:创建TD基站要素类
INFO:root:筛选当天的TD基站生成要素
INFO:root:创建LTE基站要素类
INFO:root:筛选当天的LTE基站生成要素
INFO:root:2017-01-19 06:30:05
INFO:root:创建GSM基站要素类
INFO:root:筛选当天的GSM基站生成要素
INFO:root:创建TD基站要素类
INFO:root:筛选当天的TD基站生成要素
INFO:root:创建LTE基站要素类
INFO:root:筛选当天的LTE基站生成要素
INFO:root:2017-01-20 06:30:05
INFO:root:创建GSM基站要素类
INFO:root:筛选当天的GSM基站生成要素
INFO:root:创建TD基站要素类
INFO:root:筛选当天的TD基站生成要素
INFO:root:创建LTE基站要素类
INFO:root:筛选当天的LTE基站生成要素
INFO:root:2017-01-21 06:30:05
INFO:root:创建GSM基站要素类
INFO:root:筛选当天的GSM基站生成要素
INFO:root:创建TD基站要素类
INFO:root:筛选当天的TD基站生成要素
INFO:root:创建LTE基站要素类
INFO:root:筛选当天的LTE基站生成要素
INFO:root:2017-01-22 06:30:05
INFO:root:创建GSM基站要素类
INFO:root:筛选当天的GSM基站生成要素
INFO:root:创建TD基站要素类
INFO:root:筛选当天的TD基站生成要素
INFO:root:创建LTE基站要素类
INFO:root:筛选当天的LTE基站生成要素
INFO:root:2017-01-23 06:30:04
INFO:root:创建GSM基站要素类
INFO:root:筛选当天的GSM基站生成要素
INFO:root:创建TD基站要素类
INFO:root:筛选当天的TD基站生成要素
INFO:root:创建LTE基站要素类
INFO:root:筛选当天的LTE基站生成要素
INFO:root:2017-01-24 06:30:05
INFO:root:创建GSM基站要素类
INFO:root:筛选当天的GSM基站生成要素
INFO:root:创建TD基站要素类
INFO:root:筛选当天的TD基站生成要素
INFO:root:创建LTE基站要素类
INFO:root:筛选当天的LTE基站生成要素
INFO:root:2017-01-25 06:30:05
INFO:root:创建GSM基站要素类
INFO:root:筛选当天的GSM基站生成要素
INFO:root:创建TD基站要素类
INFO:root:筛选当天的TD基站生成要素
INFO:root:创建LTE基站要素类
INFO:root:筛选当天的LTE基站生成要素
INFO:root:2017-01-26 06:30:04
INFO:root:创建GSM基站要素类
INFO:root:筛选当天的GSM基站生成要素
INFO:root:创建TD基站要素类
INFO:root:筛选当天的TD基站生成要素
INFO:root:创建LTE基站要素类
INFO:root:筛选当天的LTE基站生成要素
INFO:root:2017-01-27 06:30:05
INFO:root:创建GSM基站要素类
INFO:root:筛选当天的GSM基站生成要素
INFO:root:创建TD基站要素类
INFO:root:筛选当天的TD基站生成要素
INFO:root:创建LTE基站要素类
INFO:root:筛选当天的LTE基站生成要素
INFO:root:2017-01-28 06:30:05
INFO:root:创建GSM基站要素类
INFO:root:筛选当天的GSM基站生成要素
INFO:root:创建TD基站要素类
INFO:root:筛选当天的TD基站生成要素
INFO:root:创建LTE基站要素类
INFO:root:筛选当天的LTE基站生成要素
INFO:root:2017-01-29 06:30:05
INFO:root:创建GSM基站要素类
INFO:root:筛选当天的GSM基站生成要素
INFO:root:创建TD基站要素类
INFO:root:筛选当天的TD基站生成要素
INFO:root:创建LTE基站要素类
INFO:root:筛选当天的LTE基站生成要素
INFO:root:2017-01-30 06:30:04
INFO:root:创建GSM基站要素类
INFO:root:筛选当天的GSM基站生成要素
INFO:root:创建TD基站要素类
INFO:root:筛选当天的TD基站生成要素
INFO:root:创建LTE基站要素类
INFO:root:筛选当天的LTE基站生成要素
INFO:root:2017-01-31 06:30:05
INFO:root:创建GSM基站要素类
INFO:root:筛选当天的GSM基站生成要素
INFO:root:创建TD基站要素类
INFO:root:筛选当天的TD基站生成要素
INFO:root:创建LTE基站要素类
INFO:root:筛选当天的LTE基站生成要素
INFO:root:2017-02-01 06:30:05
INFO:root:创建GSM基站要素类
INFO:root:筛选当天的GSM基站生成要素
INFO:root:创建TD基站要素类
INFO:root:筛选当天的TD基站生成要素
INFO:root:创建LTE基站要素类
INFO:root:筛选当天的LTE基站生成要素
INFO:root:2017-02-02 06:30:04
INFO:root:创建GSM基站要素类
INFO:root:筛选当天的GSM基站生成要素
INFO:root:创建TD基站要素类
INFO:root:筛选当天的TD基站生成要素
INFO:root:创建LTE基站要素类
INFO:root:筛选当天的LTE基站生成要素
INFO:root:2017-02-03 06:30:05
INFO:root:创建GSM基站要素类
INFO:root:筛选当天的GSM基站生成要素
INFO:root:创建TD基站要素类
INFO:root:筛选当天的TD基站生成要素
INFO:root:创建LTE基站要素类
INFO:root:筛选当天的LTE基站生成要素
INFO:root:2017-02-04 06:30:05
INFO:root:创建GSM基站要素类
INFO:root:筛选当天的GSM基站生成要素
INFO:root:创建TD基站要素类
INFO:root:筛选当天的TD基站生成要素
INFO:root:创建LTE基站要素类
INFO:root:筛选当天的LTE基站生成要素
INFO:root:2017-02-05 06:30:05
INFO:root:创建GSM基站要素类
INFO:root:筛选当天的GSM基站生成要素
INFO:root:创建TD基站要素类
INFO:root:筛选当天的TD基站生成要素
INFO:root:创建LTE基站要素类
INFO:root:筛选当天的LTE基站生成要素
INFO:root:2017-02-06 06:30:04
INFO:root:创建GSM基站要素类
INFO:root:筛选当天的GSM基站生成要素
INFO:root:创建TD基站要素类
INFO:root:筛选当天的TD基站生成要素
INFO:root:创建LTE基站要素类
INFO:root:筛选当天的LTE基站生成要素
INFO:root:2017-02-07 06:30:05
INFO:root:创建GSM基站要素类
INFO:root:筛选当天的GSM基站生成要素
INFO:root:创建TD基站要素类
INFO:root:筛选当天的TD基站生成要素
INFO:root:创建LTE基站要素类
INFO:root:筛选当天的LTE基站生成要素
INFO:root:2017-02-08 06:30:04
INFO:root:创建GSM基站要素类
INFO:root:筛选当天的GSM基站生成要素
INFO:root:创建TD基站要素类
INFO:root:筛选当天的TD基站生成要素
INFO:root:创建LTE基站要素类
INFO:root:筛选当天的LTE基站生成要素
INFO:root:2017-02-09 06:30:04
INFO:root:创建GSM基站要素类
INFO:root:筛选当天的GSM基站生成要素
INFO:root:创建TD基站要素类
INFO:root:筛选当天的TD基站生成要素
INFO:root:创建LTE基站要素类
INFO:root:筛选当天的LTE基站生成要素
INFO:root:2017-02-10 06:30:05
INFO:root:创建GSM基站要素类
INFO:root:筛选当天的GSM基站生成要素
INFO:root:创建TD基站要素类
INFO:root:筛选当天的TD基站生成要素
INFO:root:创建LTE基站要素类
INFO:root:筛选当天的LTE基站生成要素
INFO:root:2017-02-11 06:30:05
INFO:root:创建GSM基站要素类
INFO:root:筛选当天的GSM基站生成要素
INFO:root:创建TD基站要素类
INFO:root:筛选当天的TD基站生成要素
INFO:root:创建LTE基站要素类
INFO:root:筛选当天的LTE基站生成要素
INFO:root:2017-02-12 06:30:04
INFO:root:创建GSM基站要素类
INFO:root:筛选当天的GSM基站生成要素
INFO:root:创建TD基站要素类
INFO:root:筛选当天的TD基站生成要素
INFO:root:创建LTE基站要素类
INFO:root:筛选当天的LTE基站生成要素
INFO:root:2017-02-13 06:30:05
INFO:root:创建GSM基站要素类
INFO:root:筛选当天的GSM基站生成要素
INFO:root:创建TD基站要素类
INFO:root:筛选当天的TD基站生成要素
INFO:root:创建LTE基站要素类
INFO:root:筛选当天的LTE基站生成要素
INFO:root:2017-02-14 06:30:05
INFO:root:创建GSM基站要素类
INFO:root:筛选当天的GSM基站生成要素
INFO:root:创建TD基站要素类
INFO:root:筛选当天的TD基站生成要素
INFO:root:创建LTE基站要素类
INFO:root:筛选当天的LTE基站生成要素
INFO:root:2017-02-15 06:30:05
INFO:root:创建GSM基站要素类
INFO:root:筛选当天的GSM基站生成要素
INFO:root:创建TD基站要素类
INFO:root:筛选当天的TD基站生成要素
INFO:root:创建LTE基站要素类
INFO:root:筛选当天的LTE基站生成要素
INFO:root:2017-02-15 16:05:26
INFO:root:创建GSM基站要素类
ERROR:root:ERROR 000464: 无法获取独占方案锁。它正被其他应用程序编辑或使用。
执行(Delete)失败。

INFO:root:2017-02-15 16:05:45
INFO:root:创建GSM基站要素类
ERROR:root:ERROR 000464: 无法获取独占方案锁。它正被其他应用程序编辑或使用。
执行(Delete)失败。

INFO:root:2017-02-15 16:06:34
INFO:root:创建GSM基站要素类
ERROR:root:ERROR 000464: 无法获取独占方案锁。它正被其他应用程序编辑或使用。
执行(Delete)失败。

INFO:root:2017-02-15 16:09:02
INFO:root:创建GSM基站要素类
INFO:root:筛选当天的GSM基站生成要素
INFO:root:创建TD基站要素类
ERROR:root:ERROR 000464: 无法获取独占方案锁。它正被其他应用程序编辑或使用。
执行(Delete)失败。

INFO:root:2017-02-15 16:25:14
INFO:root:创建GSM基站要素类
INFO:root:创建TD基站要素类
INFO:root:筛选当天的TD基站生成要素
INFO:root:创建LTE基站要素类
ERROR:root:ERROR 000464: 无法获取独占方案锁。它正被其他应用程序编辑或使用。
执行(Delete)失败。

INFO:root:2017-02-15 16:29:18
INFO:root:创建GSM基站要素类
INFO:root:创建TD基站要素类
INFO:root:创建LTE基站要素类
ERROR:root:ERROR 000464: 无法获取独占方案锁。它正被其他应用程序编辑或使用。
执行(Delete)失败。

INFO:root:2017-02-15 16:30:30
INFO:root:创建GSM基站要素类
INFO:root:创建TD基站要素类
INFO:root:创建LTE基站要素类
INFO:root:筛选当天的LTE基站生成要素
INFO:root:2017-02-16 06:30:05
INFO:root:创建GSM基站要素类
INFO:root:筛选当天的GSM基站生成要素
INFO:root:创建TD基站要素类
INFO:root:筛选当天的TD基站生成要素
INFO:root:创建LTE基站要素类
INFO:root:筛选当天的LTE基站生成要素
INFO:root:2017-02-17 06:30:05
INFO:root:创建GSM基站要素类
INFO:root:筛选当天的GSM基站生成要素
INFO:root:创建TD基站要素类
INFO:root:筛选当天的TD基站生成要素
INFO:root:创建LTE基站要素类
INFO:root:筛选当天的LTE基站生成要素
INFO:root:2017-02-18 06:30:05
INFO:root:创建GSM基站要素类
INFO:root:筛选当天的GSM基站生成要素
INFO:root:创建TD基站要素类
INFO:root:筛选当天的TD基站生成要素
INFO:root:创建LTE基站要素类
INFO:root:筛选当天的LTE基站生成要素
INFO:root:2017-02-19 06:30:05
INFO:root:创建GSM基站要素类
INFO:root:筛选当天的GSM基站生成要素
INFO:root:创建TD基站要素类
INFO:root:筛选当天的TD基站生成要素
INFO:root:创建LTE基站要素类
INFO:root:筛选当天的LTE基站生成要素
INFO:root:2017-02-20 06:30:04
INFO:root:创建GSM基站要素类
INFO:root:筛选当天的GSM基站生成要素
INFO:root:创建TD基站要素类
INFO:root:筛选当天的TD基站生成要素
INFO:root:创建LTE基站要素类
INFO:root:筛选当天的LTE基站生成要素
INFO:root:2017-02-21 06:30:05
INFO:root:创建GSM基站要素类
INFO:root:筛选当天的GSM基站生成要素
INFO:root:创建TD基站要素类
INFO:root:筛选当天的TD基站生成要素
INFO:root:创建LTE基站要素类
INFO:root:筛选当天的LTE基站生成要素
INFO:root:2017-02-22 06:30:05
INFO:root:创建GSM基站要素类
INFO:root:筛选当天的GSM基站生成要素
INFO:root:创建TD基站要素类
INFO:root:筛选当天的TD基站生成要素
INFO:root:创建LTE基站要素类
INFO:root:筛选当天的LTE基站生成要素
INFO:root:2017-02-23 06:30:04
INFO:root:创建GSM基站要素类
INFO:root:筛选当天的GSM基站生成要素
INFO:root:创建TD基站要素类
INFO:root:筛选当天的TD基站生成要素
INFO:root:创建LTE基站要素类
INFO:root:筛选当天的LTE基站生成要素
INFO:root:2017-02-24 06:30:04
INFO:root:创建GSM基站要素类
INFO:root:筛选当天的GSM基站生成要素
INFO:root:创建TD基站要素类
INFO:root:筛选当天的TD基站生成要素
INFO:root:创建LTE基站要素类
INFO:root:筛选当天的LTE基站生成要素
INFO:root:2017-02-25 06:30:05
INFO:root:创建GSM基站要素类
INFO:root:筛选当天的GSM基站生成要素
INFO:root:创建TD基站要素类
INFO:root:筛选当天的TD基站生成要素
INFO:root:创建LTE基站要素类
INFO:root:筛选当天的LTE基站生成要素
INFO:root:2017-02-26 06:30:05
INFO:root:创建GSM基站要素类
INFO:root:筛选当天的GSM基站生成要素
INFO:root:创建TD基站要素类
INFO:root:筛选当天的TD基站生成要素
INFO:root:创建LTE基站要素类
INFO:root:筛选当天的LTE基站生成要素
INFO:root:2017-02-27 06:30:05
INFO:root:创建GSM基站要素类
INFO:root:筛选当天的GSM基站生成要素
INFO:root:创建TD基站要素类
INFO:root:筛选当天的TD基站生成要素
INFO:root:创建LTE基站要素类
INFO:root:筛选当天的LTE基站生成要素
INFO:root:2017-02-28 06:30:05
INFO:root:创建GSM基站要素类
INFO:root:筛选当天的GSM基站生成要素
INFO:root:创建TD基站要素类
INFO:root:筛选当天的TD基站生成要素
INFO:root:创建LTE基站要素类
INFO:root:筛选当天的LTE基站生成要素
INFO:root:2017-03-01 06:30:05
INFO:root:创建GSM基站要素类
INFO:root:筛选当天的GSM基站生成要素
INFO:root:创建TD基站要素类
INFO:root:筛选当天的TD基站生成要素
INFO:root:创建LTE基站要素类
INFO:root:筛选当天的LTE基站生成要素
INFO:root:2017-03-02 06:30:04
INFO:root:创建GSM基站要素类
INFO:root:筛选当天的GSM基站生成要素
INFO:root:创建TD基站要素类
INFO:root:筛选当天的TD基站生成要素
INFO:root:创建LTE基站要素类
INFO:root:筛选当天的LTE基站生成要素
INFO:root:2017-03-03 06:30:05
INFO:root:创建GSM基站要素类
INFO:root:筛选当天的GSM基站生成要素
INFO:root:创建TD基站要素类
INFO:root:筛选当天的TD基站生成要素
INFO:root:创建LTE基站要素类
INFO:root:筛选当天的LTE基站生成要素
INFO:root:2017-03-04 06:30:05
INFO:root:创建GSM基站要素类
INFO:root:筛选当天的GSM基站生成要素
INFO:root:创建TD基站要素类
INFO:root:筛选当天的TD基站生成要素
INFO:root:创建LTE基站要素类
INFO:root:筛选当天的LTE基站生成要素
INFO:root:2017-03-05 06:30:05
INFO:root:创建GSM基站要素类
INFO:root:筛选当天的GSM基站生成要素
INFO:root:创建TD基站要素类
INFO:root:筛选当天的TD基站生成要素
INFO:root:创建LTE基站要素类
INFO:root:筛选当天的LTE基站生成要素
INFO:root:2017-03-06 06:30:04
INFO:root:创建GSM基站要素类
INFO:root:筛选当天的GSM基站生成要素
INFO:root:创建TD基站要素类
INFO:root:筛选当天的TD基站生成要素
INFO:root:创建LTE基站要素类
INFO:root:筛选当天的LTE基站生成要素
INFO:root:2017-03-07 06:30:05
INFO:root:创建GSM基站要素类
INFO:root:筛选当天的GSM基站生成要素
INFO:root:创建TD基站要素类
INFO:root:筛选当天的TD基站生成要素
INFO:root:创建LTE基站要素类
INFO:root:筛选当天的LTE基站生成要素
INFO:root:2017-03-08 06:30:05
INFO:root:创建GSM基站要素类
INFO:root:筛选当天的GSM基站生成要素
INFO:root:创建TD基站要素类
INFO:root:筛选当天的TD基站生成要素
INFO:root:创建LTE基站要素类
INFO:root:筛选当天的LTE基站生成要素
INFO:root:2017-03-09 06:30:04
INFO:root:创建GSM基站要素类
INFO:root:筛选当天的GSM基站生成要素
INFO:root:创建TD基站要素类
INFO:root:筛选当天的TD基站生成要素
INFO:root:创建LTE基站要素类
INFO:root:筛选当天的LTE基站生成要素
INFO:root:2017-03-10 06:30:05
INFO:root:创建GSM基站要素类
INFO:root:筛选当天的GSM基站生成要素
INFO:root:创建TD基站要素类
INFO:root:筛选当天的TD基站生成要素
INFO:root:创建LTE基站要素类
INFO:root:筛选当天的LTE基站生成要素
INFO:root:2017-03-11 06:30:05
INFO:root:创建GSM基站要素类
INFO:root:筛选当天的GSM基站生成要素
INFO:root:创建TD基站要素类
INFO:root:筛选当天的TD基站生成要素
INFO:root:创建LTE基站要素类
INFO:root:筛选当天的LTE基站生成要素
INFO:root:2017-03-12 06:30:04
INFO:root:创建GSM基站要素类
INFO:root:筛选当天的GSM基站生成要素
INFO:root:创建TD基站要素类
INFO:root:筛选当天的TD基站生成要素
INFO:root:创建LTE基站要素类
INFO:root:筛选当天的LTE基站生成要素
INFO:root:2017-03-13 06:30:05
INFO:root:创建GSM基站要素类
INFO:root:筛选当天的GSM基站生成要素
INFO:root:创建TD基站要素类
INFO:root:筛选当天的TD基站生成要素
INFO:root:创建LTE基站要素类
INFO:root:筛选当天的LTE基站生成要素
INFO:root:2017-03-14 06:30:04
INFO:root:创建GSM基站要素类
INFO:root:筛选当天的GSM基站生成要素
INFO:root:创建TD基站要素类
INFO:root:筛选当天的TD基站生成要素
INFO:root:创建LTE基站要素类
INFO:root:筛选当天的LTE基站生成要素
INFO:root:2017-03-15 06:30:04
INFO:root:创建GSM基站要素类
INFO:root:筛选当天的GSM基站生成要素
INFO:root:创建TD基站要素类
INFO:root:筛选当天的TD基站生成要素
INFO:root:创建LTE基站要素类
INFO:root:筛选当天的LTE基站生成要素
INFO:root:2017-03-16 06:30:04
INFO:root:创建GSM基站要素类
INFO:root:筛选当天的GSM基站生成要素
INFO:root:创建TD基站要素类
INFO:root:筛选当天的TD基站生成要素
INFO:root:创建LTE基站要素类
INFO:root:筛选当天的LTE基站生成要素
INFO:root:2017-03-17 06:30:05
INFO:root:创建GSM基站要素类
INFO:root:筛选当天的GSM基站生成要素
INFO:root:创建TD基站要素类
INFO:root:筛选当天的TD基站生成要素
INFO:root:创建LTE基站要素类
INFO:root:筛选当天的LTE基站生成要素
INFO:root:2017-03-18 06:30:05
INFO:root:创建GSM基站要素类
INFO:root:筛选当天的GSM基站生成要素
INFO:root:创建TD基站要素类
INFO:root:筛选当天的TD基站生成要素
INFO:root:创建LTE基站要素类
INFO:root:筛选当天的LTE基站生成要素
INFO:root:2017-03-19 06:30:05
INFO:root:创建GSM基站要素类
INFO:root:筛选当天的GSM基站生成要素
INFO:root:创建TD基站要素类
INFO:root:筛选当天的TD基站生成要素
INFO:root:创建LTE基站要素类
INFO:root:筛选当天的LTE基站生成要素
INFO:root:2017-03-20 06:30:05
INFO:root:创建GSM基站要素类
INFO:root:筛选当天的GSM基站生成要素
INFO:root:创建TD基站要素类
INFO:root:筛选当天的TD基站生成要素
INFO:root:创建LTE基站要素类
INFO:root:筛选当天的LTE基站生成要素
INFO:root:2017-03-21 06:30:04
INFO:root:创建GSM基站要素类
INFO:root:筛选当天的GSM基站生成要素
INFO:root:创建TD基站要素类
INFO:root:筛选当天的TD基站生成要素
INFO:root:创建LTE基站要素类
INFO:root:筛选当天的LTE基站生成要素
INFO:root:2017-03-22 06:30:05
INFO:root:创建GSM基站要素类
INFO:root:筛选当天的GSM基站生成要素
INFO:root:创建TD基站要素类
INFO:root:筛选当天的TD基站生成要素
INFO:root:创建LTE基站要素类
INFO:root:筛选当天的LTE基站生成要素
INFO:root:2017-03-23 06:30:04
INFO:root:创建GSM基站要素类
INFO:root:筛选当天的GSM基站生成要素
INFO:root:创建TD基站要素类
INFO:root:筛选当天的TD基站生成要素
INFO:root:创建LTE基站要素类
INFO:root:筛选当天的LTE基站生成要素
INFO:root:2017-03-24 06:30:05
INFO:root:创建GSM基站要素类
INFO:root:筛选当天的GSM基站生成要素
INFO:root:创建TD基站要素类
INFO:root:筛选当天的TD基站生成要素
INFO:root:创建LTE基站要素类
INFO:root:筛选当天的LTE基站生成要素
INFO:root:2017-03-25 06:30:05
INFO:root:创建GSM基站要素类
INFO:root:筛选当天的GSM基站生成要素
INFO:root:创建TD基站要素类
INFO:root:筛选当天的TD基站生成要素
INFO:root:创建LTE基站要素类
INFO:root:筛选当天的LTE基站生成要素
INFO:root:2017-03-26 06:30:05
INFO:root:创建GSM基站要素类
INFO:root:筛选当天的GSM基站生成要素
INFO:root:创建TD基站要素类
INFO:root:筛选当天的TD基站生成要素
INFO:root:创建LTE基站要素类
INFO:root:筛选当天的LTE基站生成要素
INFO:root:2017-03-27 06:30:04
INFO:root:创建GSM基站要素类
INFO:root:筛选当天的GSM基站生成要素
INFO:root:创建TD基站要素类
INFO:root:筛选当天的TD基站生成要素
INFO:root:创建LTE基站要素类
INFO:root:筛选当天的LTE基站生成要素
INFO:root:2017-03-28 06:30:05
INFO:root:创建GSM基站要素类
INFO:root:筛选当天的GSM基站生成要素
INFO:root:创建TD基站要素类
INFO:root:筛选当天的TD基站生成要素
INFO:root:创建LTE基站要素类
INFO:root:筛选当天的LTE基站生成要素
INFO:root:2017-03-29 06:30:05
INFO:root:创建GSM基站要素类
INFO:root:筛选当天的GSM基站生成要素
INFO:root:创建TD基站要素类
INFO:root:筛选当天的TD基站生成要素
INFO:root:创建LTE基站要素类
INFO:root:筛选当天的LTE基站生成要素
INFO:root:2017-03-30 06:30:05
INFO:root:创建GSM基站要素类
INFO:root:筛选当天的GSM基站生成要素
INFO:root:创建TD基站要素类
INFO:root:筛选当天的TD基站生成要素
INFO:root:创建LTE基站要素类
INFO:root:筛选当天的LTE基站生成要素
INFO:root:2017-03-31 06:30:04
INFO:root:创建GSM基站要素类
INFO:root:筛选当天的GSM基站生成要素
INFO:root:创建TD基站要素类
INFO:root:筛选当天的TD基站生成要素
INFO:root:创建LTE基站要素类
INFO:root:筛选当天的LTE基站生成要素
INFO:root:2017-04-01 06:30:05
INFO:root:创建GSM基站要素类
INFO:root:筛选当天的GSM基站生成要素
INFO:root:创建TD基站要素类
INFO:root:筛选当天的TD基站生成要素
INFO:root:创建LTE基站要素类
INFO:root:筛选当天的LTE基站生成要素
INFO:root:2017-04-02 06:30:04
INFO:root:创建GSM基站要素类
INFO:root:筛选当天的GSM基站生成要素
INFO:root:创建TD基站要素类
INFO:root:筛选当天的TD基站生成要素
INFO:root:创建LTE基站要素类
INFO:root:筛选当天的LTE基站生成要素
INFO:root:2017-04-03 06:30:05
INFO:root:创建GSM基站要素类
INFO:root:筛选当天的GSM基站生成要素
INFO:root:创建TD基站要素类
INFO:root:筛选当天的TD基站生成要素
INFO:root:创建LTE基站要素类
INFO:root:筛选当天的LTE基站生成要素
INFO:root:2017-04-04 06:30:05
INFO:root:创建GSM基站要素类
INFO:root:筛选当天的GSM基站生成要素
INFO:root:创建TD基站要素类
INFO:root:筛选当天的TD基站生成要素
INFO:root:创建LTE基站要素类
INFO:root:筛选当天的LTE基站生成要素
INFO:root:2017-04-05 06:30:05
INFO:root:创建GSM基站要素类
INFO:root:筛选当天的GSM基站生成要素
INFO:root:创建TD基站要素类
INFO:root:筛选当天的TD基站生成要素
INFO:root:创建LTE基站要素类
INFO:root:筛选当天的LTE基站生成要素
INFO:root:2017-04-06 06:30:05
INFO:root:创建GSM基站要素类
INFO:root:筛选当天的GSM基站生成要素
INFO:root:创建TD基站要素类
INFO:root:筛选当天的TD基站生成要素
INFO:root:创建LTE基站要素类
INFO:root:筛选当天的LTE基站生成要素
INFO:root:2017-04-07 06:30:05
INFO:root:创建GSM基站要素类
INFO:root:筛选当天的GSM基站生成要素
INFO:root:创建TD基站要素类
INFO:root:筛选当天的TD基站生成要素
INFO:root:创建LTE基站要素类
INFO:root:筛选当天的LTE基站生成要素
INFO:root:2017-04-08 06:30:04
INFO:root:创建GSM基站要素类
INFO:root:筛选当天的GSM基站生成要素
INFO:root:创建TD基站要素类
INFO:root:筛选当天的TD基站生成要素
INFO:root:创建LTE基站要素类
INFO:root:筛选当天的LTE基站生成要素
INFO:root:2017-04-09 06:30:05
INFO:root:创建GSM基站要素类
INFO:root:筛选当天的GSM基站生成要素
INFO:root:创建TD基站要素类
INFO:root:筛选当天的TD基站生成要素
INFO:root:创建LTE基站要素类
INFO:root:筛选当天的LTE基站生成要素
INFO:root:2017-04-10 06:30:05
INFO:root:创建GSM基站要素类
INFO:root:筛选当天的GSM基站生成要素
INFO:root:创建TD基站要素类
INFO:root:筛选当天的TD基站生成要素
INFO:root:创建LTE基站要素类
INFO:root:筛选当天的LTE基站生成要素
INFO:root:2017-04-11 06:30:05
INFO:root:创建GSM基站要素类
INFO:root:筛选当天的GSM基站生成要素
INFO:root:创建TD基站要素类
INFO:root:筛选当天的TD基站生成要素
INFO:root:创建LTE基站要素类
INFO:root:筛选当天的LTE基站生成要素
INFO:root:2017-04-12 06:30:05
INFO:root:创建GSM基站要素类
INFO:root:筛选当天的GSM基站生成要素
INFO:root:创建TD基站要素类
INFO:root:筛选当天的TD基站生成要素
INFO:root:创建LTE基站要素类
INFO:root:筛选当天的LTE基站生成要素
INFO:root:2017-04-13 06:30:05
INFO:root:创建GSM基站要素类
INFO:root:筛选当天的GSM基站生成要素
INFO:root:创建TD基站要素类
INFO:root:筛选当天的TD基站生成要素
INFO:root:创建LTE基站要素类
INFO:root:筛选当天的LTE基站生成要素
INFO:root:2017-04-14 06:30:05
INFO:root:创建GSM基站要素类
INFO:root:筛选当天的GSM基站生成要素
INFO:root:创建TD基站要素类
INFO:root:筛选当天的TD基站生成要素
INFO:root:创建LTE基站要素类
INFO:root:筛选当天的LTE基站生成要素
INFO:root:2017-04-15 06:30:05
INFO:root:创建GSM基站要素类
INFO:root:筛选当天的GSM基站生成要素
INFO:root:创建TD基站要素类
INFO:root:筛选当天的TD基站生成要素
INFO:root:创建LTE基站要素类
INFO:root:筛选当天的LTE基站生成要素
INFO:root:2017-04-16 06:30:05
INFO:root:创建GSM基站要素类
INFO:root:筛选当天的GSM基站生成要素
INFO:root:创建TD基站要素类
INFO:root:筛选当天的TD基站生成要素
INFO:root:创建LTE基站要素类
INFO:root:筛选当天的LTE基站生成要素
INFO:root:2017-04-17 06:30:05
INFO:root:创建GSM基站要素类
INFO:root:筛选当天的GSM基站生成要素
INFO:root:创建TD基站要素类
INFO:root:筛选当天的TD基站生成要素
INFO:root:创建LTE基站要素类
INFO:root:筛选当天的LTE基站生成要素
INFO:root:2017-04-18 06:30:05
INFO:root:创建GSM基站要素类
INFO:root:筛选当天的GSM基站生成要素
INFO:root:创建TD基站要素类
INFO:root:筛选当天的TD基站生成要素
INFO:root:创建LTE基站要素类
INFO:root:筛选当天的LTE基站生成要素
INFO:root:2017-04-19 06:30:04
INFO:root:创建GSM基站要素类
INFO:root:筛选当天的GSM基站生成要素
INFO:root:创建TD基站要素类
INFO:root:筛选当天的TD基站生成要素
INFO:root:创建LTE基站要素类
INFO:root:筛选当天的LTE基站生成要素
INFO:root:2017-04-20 06:30:04
INFO:root:创建GSM基站要素类
INFO:root:筛选当天的GSM基站生成要素
INFO:root:创建TD基站要素类
INFO:root:筛选当天的TD基站生成要素
INFO:root:创建LTE基站要素类
INFO:root:筛选当天的LTE基站生成要素
INFO:root:2017-04-21 06:30:05
INFO:root:创建GSM基站要素类
INFO:root:筛选当天的GSM基站生成要素
INFO:root:创建TD基站要素类
INFO:root:筛选当天的TD基站生成要素
INFO:root:创建LTE基站要素类
INFO:root:筛选当天的LTE基站生成要素
INFO:root:2017-04-22 06:30:05
INFO:root:创建GSM基站要素类
INFO:root:筛选当天的GSM基站生成要素
INFO:root:创建TD基站要素类
INFO:root:筛选当天的TD基站生成要素
INFO:root:创建LTE基站要素类
INFO:root:筛选当天的LTE基站生成要素
INFO:root:2017-04-23 06:30:05
INFO:root:创建GSM基站要素类
INFO:root:筛选当天的GSM基站生成要素
INFO:root:创建TD基站要素类
INFO:root:筛选当天的TD基站生成要素
INFO:root:创建LTE基站要素类
INFO:root:筛选当天的LTE基站生成要素
INFO:root:2017-04-24 06:30:05
INFO:root:创建GSM基站要素类
INFO:root:筛选当天的GSM基站生成要素
INFO:root:创建TD基站要素类
INFO:root:筛选当天的TD基站生成要素
INFO:root:创建LTE基站要素类
INFO:root:筛选当天的LTE基站生成要素
INFO:root:2017-04-25 06:30:04
INFO:root:创建GSM基站要素类
INFO:root:筛选当天的GSM基站生成要素
INFO:root:创建TD基站要素类
INFO:root:筛选当天的TD基站生成要素
INFO:root:创建LTE基站要素类
INFO:root:筛选当天的LTE基站生成要素
INFO:root:2017-04-26 06:30:05
INFO:root:创建GSM基站要素类
INFO:root:筛选当天的GSM基站生成要素
INFO:root:创建TD基站要素类
INFO:root:筛选当天的TD基站生成要素
INFO:root:创建LTE基站要素类
INFO:root:筛选当天的LTE基站生成要素
INFO:root:2017-04-27 06:30:05
INFO:root:创建GSM基站要素类
INFO:root:筛选当天的GSM基站生成要素
INFO:root:创建TD基站要素类
INFO:root:筛选当天的TD基站生成要素
INFO:root:创建LTE基站要素类
INFO:root:筛选当天的LTE基站生成要素
INFO:root:2017-04-28 06:30:05
INFO:root:创建GSM基站要素类
INFO:root:筛选当天的GSM基站生成要素
INFO:root:创建TD基站要素类
INFO:root:筛选当天的TD基站生成要素
INFO:root:创建LTE基站要素类
INFO:root:筛选当天的LTE基站生成要素
INFO:root:2017-04-29 06:30:05
INFO:root:创建GSM基站要素类
INFO:root:筛选当天的GSM基站生成要素
INFO:root:创建TD基站要素类
INFO:root:筛选当天的TD基站生成要素
INFO:root:创建LTE基站要素类
INFO:root:筛选当天的LTE基站生成要素
INFO:root:2017-04-30 06:30:05
INFO:root:创建GSM基站要素类
INFO:root:筛选当天的GSM基站生成要素
INFO:root:创建TD基站要素类
INFO:root:筛选当天的TD基站生成要素
INFO:root:创建LTE基站要素类
INFO:root:筛选当天的LTE基站生成要素
INFO:root:2017-05-01 06:30:05
INFO:root:创建GSM基站要素类
INFO:root:筛选当天的GSM基站生成要素
INFO:root:创建TD基站要素类
INFO:root:筛选当天的TD基站生成要素
INFO:root:创建LTE基站要素类
INFO:root:筛选当天的LTE基站生成要素
INFO:root:2017-05-02 06:30:05
INFO:root:创建GSM基站要素类
INFO:root:筛选当天的GSM基站生成要素
INFO:root:创建TD基站要素类
INFO:root:筛选当天的TD基站生成要素
INFO:root:创建LTE基站要素类
INFO:root:筛选当天的LTE基站生成要素
INFO:root:2017-05-03 06:30:05
INFO:root:创建GSM基站要素类
INFO:root:筛选当天的GSM基站生成要素
INFO:root:创建TD基站要素类
INFO:root:筛选当天的TD基站生成要素
INFO:root:创建LTE基站要素类
INFO:root:筛选当天的LTE基站生成要素
INFO:root:2017-05-04 06:30:05
INFO:root:创建GSM基站要素类
INFO:root:筛选当天的GSM基站生成要素
INFO:root:创建TD基站要素类
INFO:root:筛选当天的TD基站生成要素
INFO:root:创建LTE基站要素类
INFO:root:筛选当天的LTE基站生成要素
INFO:root:2017-05-05 06:30:05
INFO:root:创建GSM基站要素类
INFO:root:筛选当天的GSM基站生成要素
INFO:root:创建TD基站要素类
INFO:root:筛选当天的TD基站生成要素
INFO:root:创建LTE基站要素类
INFO:root:筛选当天的LTE基站生成要素
INFO:root:2017-05-06 06:30:06
INFO:root:创建GSM基站要素类
INFO:root:筛选当天的GSM基站生成要素
INFO:root:创建TD基站要素类
INFO:root:筛选当天的TD基站生成要素
INFO:root:创建LTE基站要素类
INFO:root:筛选当天的LTE基站生成要素
INFO:root:2017-05-07 06:30:05
INFO:root:创建GSM基站要素类
INFO:root:筛选当天的GSM基站生成要素
INFO:root:创建TD基站要素类
INFO:root:筛选当天的TD基站生成要素
INFO:root:创建LTE基站要素类
INFO:root:筛选当天的LTE基站生成要素
INFO:root:2017-05-08 06:30:05
INFO:root:创建GSM基站要素类
INFO:root:筛选当天的GSM基站生成要素
INFO:root:创建TD基站要素类
INFO:root:筛选当天的TD基站生成要素
INFO:root:创建LTE基站要素类
INFO:root:筛选当天的LTE基站生成要素
INFO:root:2017-05-09 06:30:05
INFO:root:创建GSM基站要素类
INFO:root:筛选当天的GSM基站生成要素
INFO:root:创建TD基站要素类
INFO:root:筛选当天的TD基站生成要素
INFO:root:创建LTE基站要素类
INFO:root:筛选当天的LTE基站生成要素
INFO:root:2017-05-10 06:30:05
INFO:root:创建GSM基站要素类
INFO:root:筛选当天的GSM基站生成要素
INFO:root:创建TD基站要素类
INFO:root:筛选当天的TD基站生成要素
INFO:root:创建LTE基站要素类
INFO:root:筛选当天的LTE基站生成要素
INFO:root:2017-05-11 06:30:05
INFO:root:创建GSM基站要素类
INFO:root:筛选当天的GSM基站生成要素
INFO:root:创建TD基站要素类
INFO:root:筛选当天的TD基站生成要素
INFO:root:创建LTE基站要素类
INFO:root:筛选当天的LTE基站生成要素
INFO:root:2017-05-12 06:30:04
INFO:root:创建GSM基站要素类
INFO:root:筛选当天的GSM基站生成要素
INFO:root:创建TD基站要素类
INFO:root:筛选当天的TD基站生成要素
INFO:root:创建LTE基站要素类
INFO:root:筛选当天的LTE基站生成要素
INFO:root:2017-05-13 06:30:05
INFO:root:创建GSM基站要素类
INFO:root:筛选当天的GSM基站生成要素
INFO:root:创建TD基站要素类
INFO:root:筛选当天的TD基站生成要素
INFO:root:创建LTE基站要素类
INFO:root:筛选当天的LTE基站生成要素
INFO:root:2017-05-14 06:30:04
INFO:root:创建GSM基站要素类
INFO:root:筛选当天的GSM基站生成要素
INFO:root:创建TD基站要素类
INFO:root:筛选当天的TD基站生成要素
INFO:root:创建LTE基站要素类
INFO:root:筛选当天的LTE基站生成要素
INFO:root:2017-05-15 06:30:05
INFO:root:创建GSM基站要素类
INFO:root:筛选当天的GSM基站生成要素
INFO:root:创建TD基站要素类
INFO:root:筛选当天的TD基站生成要素
INFO:root:创建LTE基站要素类
INFO:root:筛选当天的LTE基站生成要素
INFO:root:2017-05-16 06:30:05
INFO:root:创建GSM基站要素类
INFO:root:筛选当天的GSM基站生成要素
INFO:root:创建TD基站要素类
INFO:root:筛选当天的TD基站生成要素
INFO:root:创建LTE基站要素类
INFO:root:筛选当天的LTE基站生成要素
INFO:root:2017-05-17 06:30:04
INFO:root:创建GSM基站要素类
INFO:root:筛选当天的GSM基站生成要素
INFO:root:创建TD基站要素类
INFO:root:筛选当天的TD基站生成要素
INFO:root:创建LTE基站要素类
INFO:root:筛选当天的LTE基站生成要素
INFO:root:2017-05-18 06:30:05
INFO:root:创建GSM基站要素类
INFO:root:筛选当天的GSM基站生成要素
INFO:root:创建TD基站要素类
INFO:root:筛选当天的TD基站生成要素
INFO:root:创建LTE基站要素类
INFO:root:筛选当天的LTE基站生成要素
INFO:root:2017-05-19 06:30:05
INFO:root:创建GSM基站要素类
INFO:root:筛选当天的GSM基站生成要素
INFO:root:创建TD基站要素类
INFO:root:筛选当天的TD基站生成要素
INFO:root:创建LTE基站要素类
INFO:root:筛选当天的LTE基站生成要素
INFO:root:2017-05-20 06:30:04
INFO:root:创建GSM基站要素类
INFO:root:筛选当天的GSM基站生成要素
INFO:root:创建TD基站要素类
INFO:root:筛选当天的TD基站生成要素
INFO:root:创建LTE基站要素类
INFO:root:筛选当天的LTE基站生成要素
INFO:root:2017-05-21 06:30:04
INFO:root:创建GSM基站要素类
INFO:root:筛选当天的GSM基站生成要素
INFO:root:创建TD基站要素类
INFO:root:筛选当天的TD基站生成要素
INFO:root:创建LTE基站要素类
INFO:root:筛选当天的LTE基站生成要素
INFO:root:2017-05-22 06:30:05
INFO:root:创建GSM基站要素类
INFO:root:筛选当天的GSM基站生成要素
INFO:root:创建TD基站要素类
INFO:root:筛选当天的TD基站生成要素
INFO:root:创建LTE基站要素类
INFO:root:筛选当天的LTE基站生成要素
INFO:root:2017-05-23 06:30:05
INFO:root:创建GSM基站要素类
INFO:root:筛选当天的GSM基站生成要素
INFO:root:创建TD基站要素类
INFO:root:筛选当天的TD基站生成要素
INFO:root:创建LTE基站要素类
INFO:root:筛选当天的LTE基站生成要素
INFO:root:2017-05-24 06:30:05
INFO:root:创建GSM基站要素类
INFO:root:筛选当天的GSM基站生成要素
INFO:root:创建TD基站要素类
INFO:root:筛选当天的TD基站生成要素
INFO:root:创建LTE基站要素类
INFO:root:筛选当天的LTE基站生成要素
INFO:root:2017-05-25 06:30:04
INFO:root:创建GSM基站要素类
INFO:root:筛选当天的GSM基站生成要素
INFO:root:创建TD基站要素类
INFO:root:筛选当天的TD基站生成要素
INFO:root:创建LTE基站要素类
INFO:root:筛选当天的LTE基站生成要素
INFO:root:2017-05-26 06:30:05
INFO:root:创建GSM基站要素类
INFO:root:筛选当天的GSM基站生成要素
INFO:root:创建TD基站要素类
INFO:root:筛选当天的TD基站生成要素
INFO:root:创建LTE基站要素类
INFO:root:筛选当天的LTE基站生成要素
INFO:root:2017-05-27 06:30:05
INFO:root:创建GSM基站要素类
INFO:root:筛选当天的GSM基站生成要素
INFO:root:创建TD基站要素类
INFO:root:筛选当天的TD基站生成要素
INFO:root:创建LTE基站要素类
INFO:root:筛选当天的LTE基站生成要素
INFO:root:2017-05-28 06:30:05
INFO:root:创建GSM基站要素类
INFO:root:筛选当天的GSM基站生成要素
INFO:root:创建TD基站要素类
INFO:root:筛选当天的TD基站生成要素
INFO:root:创建LTE基站要素类
INFO:root:筛选当天的LTE基站生成要素
INFO:root:2017-05-29 06:30:05
INFO:root:创建GSM基站要素类
INFO:root:筛选当天的GSM基站生成要素
INFO:root:创建TD基站要素类
INFO:root:筛选当天的TD基站生成要素
INFO:root:创建LTE基站要素类
INFO:root:筛选当天的LTE基站生成要素
INFO:root:2017-05-30 06:30:05
INFO:root:创建GSM基站要素类
INFO:root:筛选当天的GSM基站生成要素
INFO:root:创建TD基站要素类
INFO:root:筛选当天的TD基站生成要素
INFO:root:创建LTE基站要素类
INFO:root:筛选当天的LTE基站生成要素
INFO:root:2017-05-31 06:30:05
INFO:root:创建GSM基站要素类
INFO:root:筛选当天的GSM基站生成要素
INFO:root:创建TD基站要素类
INFO:root:筛选当天的TD基站生成要素
INFO:root:创建LTE基站要素类
INFO:root:筛选当天的LTE基站生成要素
INFO:root:2017-06-01 06:30:04
INFO:root:创建GSM基站要素类
INFO:root:筛选当天的GSM基站生成要素
INFO:root:创建TD基站要素类
INFO:root:筛选当天的TD基站生成要素
INFO:root:创建LTE基站要素类
INFO:root:筛选当天的LTE基站生成要素
INFO:root:2017-06-02 06:30:04
INFO:root:创建GSM基站要素类
INFO:root:筛选当天的GSM基站生成要素
INFO:root:创建TD基站要素类
INFO:root:筛选当天的TD基站生成要素
INFO:root:创建LTE基站要素类
INFO:root:筛选当天的LTE基站生成要素
INFO:root:2017-06-03 06:30:05
INFO:root:创建GSM基站要素类
INFO:root:筛选当天的GSM基站生成要素
INFO:root:创建TD基站要素类
INFO:root:筛选当天的TD基站生成要素
INFO:root:创建LTE基站要素类
INFO:root:筛选当天的LTE基站生成要素
INFO:root:2017-06-04 06:30:05
INFO:root:创建GSM基站要素类
INFO:root:筛选当天的GSM基站生成要素
INFO:root:创建TD基站要素类
INFO:root:筛选当天的TD基站生成要素
INFO:root:创建LTE基站要素类
INFO:root:筛选当天的LTE基站生成要素
INFO:root:2017-06-05 06:30:04
INFO:root:创建GSM基站要素类
INFO:root:筛选当天的GSM基站生成要素
INFO:root:创建TD基站要素类
INFO:root:筛选当天的TD基站生成要素
INFO:root:创建LTE基站要素类
INFO:root:筛选当天的LTE基站生成要素
INFO:root:2017-06-06 06:30:05
INFO:root:创建GSM基站要素类
INFO:root:筛选当天的GSM基站生成要素
INFO:root:创建TD基站要素类
INFO:root:筛选当天的TD基站生成要素
INFO:root:创建LTE基站要素类
INFO:root:筛选当天的LTE基站生成要素
INFO:root:2017-06-07 06:30:05
INFO:root:创建GSM基站要素类
INFO:root:筛选当天的GSM基站生成要素
INFO:root:创建TD基站要素类
INFO:root:筛选当天的TD基站生成要素
INFO:root:创建LTE基站要素类
INFO:root:筛选当天的LTE基站生成要素
INFO:root:2017-06-08 06:30:05
INFO:root:创建GSM基站要素类
INFO:root:筛选当天的GSM基站生成要素
INFO:root:创建TD基站要素类
INFO:root:筛选当天的TD基站生成要素
INFO:root:创建LTE基站要素类
INFO:root:筛选当天的LTE基站生成要素
INFO:root:2017-06-09 06:30:05
INFO:root:创建GSM基站要素类
INFO:root:筛选当天的GSM基站生成要素
INFO:root:创建TD基站要素类
INFO:root:筛选当天的TD基站生成要素
INFO:root:创建LTE基站要素类
INFO:root:筛选当天的LTE基站生成要素
INFO:root:2017-06-10 06:30:05
INFO:root:创建GSM基站要素类
INFO:root:筛选当天的GSM基站生成要素
INFO:root:创建TD基站要素类
INFO:root:筛选当天的TD基站生成要素
INFO:root:创建LTE基站要素类
INFO:root:筛选当天的LTE基站生成要素
INFO:root:2017-06-11 06:30:05
INFO:root:创建GSM基站要素类
INFO:root:筛选当天的GSM基站生成要素
INFO:root:创建TD基站要素类
INFO:root:筛选当天的TD基站生成要素
INFO:root:创建LTE基站要素类
INFO:root:筛选当天的LTE基站生成要素
INFO:root:2017-06-12 06:30:05
INFO:root:创建GSM基站要素类
INFO:root:筛选当天的GSM基站生成要素
INFO:root:创建TD基站要素类
INFO:root:筛选当天的TD基站生成要素
INFO:root:创建LTE基站要素类
INFO:root:筛选当天的LTE基站生成要素
INFO:root:2017-06-13 06:30:05
INFO:root:创建GSM基站要素类
INFO:root:筛选当天的GSM基站生成要素
INFO:root:创建TD基站要素类
INFO:root:筛选当天的TD基站生成要素
INFO:root:创建LTE基站要素类
INFO:root:筛选当天的LTE基站生成要素
INFO:root:2017-06-14 06:30:05
INFO:root:创建GSM基站要素类
INFO:root:筛选当天的GSM基站生成要素
INFO:root:创建TD基站要素类
INFO:root:筛选当天的TD基站生成要素
INFO:root:创建LTE基站要素类
INFO:root:筛选当天的LTE基站生成要素
INFO:root:2017-06-15 06:30:05
INFO:root:创建GSM基站要素类
INFO:root:筛选当天的GSM基站生成要素
INFO:root:创建TD基站要素类
INFO:root:筛选当天的TD基站生成要素
INFO:root:创建LTE基站要素类
INFO:root:筛选当天的LTE基站生成要素
INFO:root:2017-06-16 06:30:05
INFO:root:创建GSM基站要素类
INFO:root:筛选当天的GSM基站生成要素
INFO:root:创建TD基站要素类
INFO:root:筛选当天的TD基站生成要素
INFO:root:创建LTE基站要素类
INFO:root:筛选当天的LTE基站生成要素
INFO:root:2017-06-17 06:30:05
INFO:root:创建GSM基站要素类
INFO:root:筛选当天的GSM基站生成要素
INFO:root:创建TD基站要素类
INFO:root:筛选当天的TD基站生成要素
INFO:root:创建LTE基站要素类
INFO:root:筛选当天的LTE基站生成要素
INFO:root:2017-06-18 06:30:05
INFO:root:创建GSM基站要素类
INFO:root:筛选当天的GSM基站生成要素
INFO:root:创建TD基站要素类
INFO:root:筛选当天的TD基站生成要素
INFO:root:创建LTE基站要素类
INFO:root:筛选当天的LTE基站生成要素
INFO:root:2017-06-19 06:30:05
INFO:root:创建GSM基站要素类
INFO:root:筛选当天的GSM基站生成要素
INFO:root:创建TD基站要素类
INFO:root:筛选当天的TD基站生成要素
INFO:root:创建LTE基站要素类
INFO:root:筛选当天的LTE基站生成要素
INFO:root:2017-06-20 06:30:05
INFO:root:创建GSM基站要素类
INFO:root:筛选当天的GSM基站生成要素
INFO:root:创建TD基站要素类
INFO:root:筛选当天的TD基站生成要素
INFO:root:创建LTE基站要素类
INFO:root:筛选当天的LTE基站生成要素
INFO:root:2017-06-21 06:30:05
INFO:root:创建GSM基站要素类
INFO:root:筛选当天的GSM基站生成要素
INFO:root:创建TD基站要素类
INFO:root:筛选当天的TD基站生成要素
INFO:root:创建LTE基站要素类
INFO:root:筛选当天的LTE基站生成要素
INFO:root:2017-06-22 06:30:05
INFO:root:创建GSM基站要素类
INFO:root:筛选当天的GSM基站生成要素
INFO:root:创建TD基站要素类
INFO:root:筛选当天的TD基站生成要素
INFO:root:创建LTE基站要素类
INFO:root:筛选当天的LTE基站生成要素
INFO:root:2017-06-23 06:30:05
INFO:root:创建GSM基站要素类
INFO:root:筛选当天的GSM基站生成要素
INFO:root:创建TD基站要素类
INFO:root:筛选当天的TD基站生成要素
INFO:root:创建LTE基站要素类
INFO:root:筛选当天的LTE基站生成要素
INFO:root:2017-06-24 06:30:05
INFO:root:创建GSM基站要素类
INFO:root:筛选当天的GSM基站生成要素
INFO:root:创建TD基站要素类
INFO:root:筛选当天的TD基站生成要素
INFO:root:创建LTE基站要素类
INFO:root:筛选当天的LTE基站生成要素
INFO:root:2017-06-25 06:30:05
INFO:root:创建GSM基站要素类
INFO:root:筛选当天的GSM基站生成要素
INFO:root:创建TD基站要素类
INFO:root:筛选当天的TD基站生成要素
INFO:root:创建LTE基站要素类
INFO:root:筛选当天的LTE基站生成要素
INFO:root:2017-06-26 06:30:05
INFO:root:创建GSM基站要素类
INFO:root:筛选当天的GSM基站生成要素
INFO:root:创建TD基站要素类
INFO:root:筛选当天的TD基站生成要素
INFO:root:创建LTE基站要素类
INFO:root:筛选当天的LTE基站生成要素
INFO:root:2017-06-27 06:30:04
INFO:root:创建GSM基站要素类
INFO:root:筛选当天的GSM基站生成要素
INFO:root:创建TD基站要素类
INFO:root:筛选当天的TD基站生成要素
INFO:root:创建LTE基站要素类
INFO:root:筛选当天的LTE基站生成要素
INFO:root:2017-06-28 06:30:05
INFO:root:创建GSM基站要素类
INFO:root:筛选当天的GSM基站生成要素
INFO:root:创建TD基站要素类
INFO:root:筛选当天的TD基站生成要素
INFO:root:创建LTE基站要素类
INFO:root:筛选当天的LTE基站生成要素
INFO:root:2017-06-29 06:30:05
INFO:root:创建GSM基站要素类
INFO:root:筛选当天的GSM基站生成要素
INFO:root:创建TD基站要素类
INFO:root:筛选当天的TD基站生成要素
INFO:root:创建LTE基站要素类
INFO:root:筛选当天的LTE基站生成要素
INFO:root:2017-06-30 06:30:05
INFO:root:创建GSM基站要素类
INFO:root:筛选当天的GSM基站生成要素
INFO:root:创建TD基站要素类
INFO:root:筛选当天的TD基站生成要素
INFO:root:创建LTE基站要素类
INFO:root:筛选当天的LTE基站生成要素
INFO:root:2017-07-01 06:30:05
INFO:root:创建GSM基站要素类
INFO:root:筛选当天的GSM基站生成要素
INFO:root:创建TD基站要素类
INFO:root:筛选当天的TD基站生成要素
INFO:root:创建LTE基站要素类
INFO:root:筛选当天的LTE基站生成要素
INFO:root:2017-07-02 06:30:05
INFO:root:创建GSM基站要素类
INFO:root:筛选当天的GSM基站生成要素
INFO:root:创建TD基站要素类
INFO:root:筛选当天的TD基站生成要素
INFO:root:创建LTE基站要素类
INFO:root:筛选当天的LTE基站生成要素
INFO:root:2017-07-03 06:30:05
INFO:root:创建GSM基站要素类
INFO:root:筛选当天的GSM基站生成要素
INFO:root:创建TD基站要素类
INFO:root:筛选当天的TD基站生成要素
INFO:root:创建LTE基站要素类
INFO:root:筛选当天的LTE基站生成要素
INFO:root:2017-07-04 06:30:05
INFO:root:创建GSM基站要素类
INFO:root:筛选当天的GSM基站生成要素
INFO:root:创建TD基站要素类
INFO:root:筛选当天的TD基站生成要素
INFO:root:创建LTE基站要素类
INFO:root:筛选当天的LTE基站生成要素
INFO:root:2017-07-05 06:30:04
INFO:root:创建GSM基站要素类
INFO:root:筛选当天的GSM基站生成要素
INFO:root:创建TD基站要素类
INFO:root:筛选当天的TD基站生成要素
INFO:root:创建LTE基站要素类
INFO:root:筛选当天的LTE基站生成要素
INFO:root:2017-07-06 06:30:05
INFO:root:创建GSM基站要素类
INFO:root:筛选当天的GSM基站生成要素
INFO:root:创建TD基站要素类
INFO:root:筛选当天的TD基站生成要素
INFO:root:创建LTE基站要素类
INFO:root:筛选当天的LTE基站生成要素
INFO:root:2017-07-07 06:30:05
INFO:root:创建GSM基站要素类
INFO:root:筛选当天的GSM基站生成要素
INFO:root:创建TD基站要素类
INFO:root:筛选当天的TD基站生成要素
INFO:root:创建LTE基站要素类
INFO:root:筛选当天的LTE基站生成要素
INFO:root:2017-07-08 06:30:05
INFO:root:创建GSM基站要素类
INFO:root:筛选当天的GSM基站生成要素
INFO:root:创建TD基站要素类
INFO:root:筛选当天的TD基站生成要素
INFO:root:创建LTE基站要素类
INFO:root:筛选当天的LTE基站生成要素
INFO:root:2017-07-09 06:30:05
INFO:root:创建GSM基站要素类
INFO:root:筛选当天的GSM基站生成要素
INFO:root:创建TD基站要素类
INFO:root:筛选当天的TD基站生成要素
INFO:root:创建LTE基站要素类
INFO:root:筛选当天的LTE基站生成要素
INFO:root:2017-07-10 06:30:05
INFO:root:创建GSM基站要素类
INFO:root:筛选当天的GSM基站生成要素
INFO:root:创建TD基站要素类
INFO:root:筛选当天的TD基站生成要素
INFO:root:创建LTE基站要素类
INFO:root:筛选当天的LTE基站生成要素
INFO:root:2017-07-11 06:30:05
INFO:root:创建GSM基站要素类
INFO:root:筛选当天的GSM基站生成要素
INFO:root:创建TD基站要素类
INFO:root:筛选当天的TD基站生成要素
INFO:root:创建LTE基站要素类
INFO:root:筛选当天的LTE基站生成要素
INFO:root:2017-07-12 06:30:05
INFO:root:创建GSM基站要素类
INFO:root:筛选当天的GSM基站生成要素
INFO:root:创建TD基站要素类
INFO:root:筛选当天的TD基站生成要素
INFO:root:创建LTE基站要素类
INFO:root:筛选当天的LTE基站生成要素
INFO:root:2017-07-13 06:30:05
INFO:root:创建GSM基站要素类
INFO:root:筛选当天的GSM基站生成要素
INFO:root:创建TD基站要素类
INFO:root:筛选当天的TD基站生成要素
INFO:root:创建LTE基站要素类
INFO:root:筛选当天的LTE基站生成要素
INFO:root:2017-07-14 06:30:05
INFO:root:创建GSM基站要素类
INFO:root:筛选当天的GSM基站生成要素
INFO:root:创建TD基站要素类
INFO:root:筛选当天的TD基站生成要素
INFO:root:创建LTE基站要素类
INFO:root:筛选当天的LTE基站生成要素
INFO:root:2017-07-15 06:30:05
INFO:root:创建GSM基站要素类
INFO:root:筛选当天的GSM基站生成要素
INFO:root:创建TD基站要素类
INFO:root:筛选当天的TD基站生成要素
INFO:root:创建LTE基站要素类
INFO:root:筛选当天的LTE基站生成要素
INFO:root:2017-07-16 06:30:05
INFO:root:创建GSM基站要素类
INFO:root:筛选当天的GSM基站生成要素
INFO:root:创建TD基站要素类
INFO:root:筛选当天的TD基站生成要素
INFO:root:创建LTE基站要素类
INFO:root:筛选当天的LTE基站生成要素
INFO:root:2017-07-17 06:30:05
INFO:root:创建GSM基站要素类
INFO:root:筛选当天的GSM基站生成要素
INFO:root:创建TD基站要素类
INFO:root:筛选当天的TD基站生成要素
INFO:root:创建LTE基站要素类
INFO:root:筛选当天的LTE基站生成要素
INFO:root:2017-07-18 06:30:05
INFO:root:创建GSM基站要素类
INFO:root:筛选当天的GSM基站生成要素
INFO:root:创建TD基站要素类
INFO:root:筛选当天的TD基站生成要素
INFO:root:创建LTE基站要素类
INFO:root:筛选当天的LTE基站生成要素
INFO:root:2017-07-19 06:30:05
INFO:root:创建GSM基站要素类
INFO:root:筛选当天的GSM基站生成要素
INFO:root:创建TD基站要素类
INFO:root:筛选当天的TD基站生成要素
INFO:root:创建LTE基站要素类
INFO:root:筛选当天的LTE基站生成要素
INFO:root:2017-07-20 06:30:05
INFO:root:创建GSM基站要素类
INFO:root:筛选当天的GSM基站生成要素
INFO:root:创建TD基站要素类
INFO:root:筛选当天的TD基站生成要素
INFO:root:创建LTE基站要素类
INFO:root:筛选当天的LTE基站生成要素
