ERROR:root:“C:\Users\Administrator\AppData\Roaming\ESRI\Desktop10.2\ArcCatalog\WangYouCellThiess60.sde\WangYouCellThiess.DBO.GIS_CELL_TSSPOLY_LTE20160502”不存在
INFO:root:delete exists ZJJ_DETAIL
INFO:root:PolygonNeighbors_analysis begin
INFO:root:PolygonNeighbors_analysis success
INFO:root:AddField_management success
INFO:root:开始时间:2016-05-04 17:48:02 结束时间:2016-05-04 17:55:05
INFO:root:delete exists ZJJ_DETAIL
INFO:root:PolygonNeighbors_analysis begin
INFO:root:PolygonNeighbors_analysis success
INFO:root:AddField_management success
INFO:root:开始时间:2016-05-05 14:30:04 结束时间:2016-05-05 14:37:08
INFO:root:delete exists ZJJ_DETAIL
INFO:root:PolygonNeighbors_analysis begin
INFO:root:PolygonNeighbors_analysis success
INFO:root:AddField_management success
INFO:root:开始时间:2016-05-06 14:30:04 结束时间:2016-05-06 14:36:51
INFO:root:delete exists ZJJ_DETAIL
INFO:root:PolygonNeighbors_analysis begin
INFO:root:PolygonNeighbors_analysis success
INFO:root:AddField_management success
INFO:root:开始时间:2016-05-07 14:30:04 结束时间:2016-05-07 14:36:57
INFO:root:delete exists ZJJ_DETAIL
INFO:root:PolygonNeighbors_analysis begin
INFO:root:PolygonNeighbors_analysis success
INFO:root:AddField_management success
INFO:root:开始时间:2016-05-08 14:30:04 结束时间:2016-05-08 14:36:46
INFO:root:delete exists ZJJ_DETAIL
INFO:root:PolygonNeighbors_analysis begin
INFO:root:PolygonNeighbors_analysis success
INFO:root:AddField_management success
INFO:root:开始时间:2016-05-09 14:30:04 结束时间:2016-05-09 14:36:50
INFO:root:delete exists ZJJ_DETAIL
INFO:root:PolygonNeighbors_analysis begin
INFO:root:PolygonNeighbors_analysis success
INFO:root:AddField_management success
INFO:root:开始时间:2016-05-10 14:30:04 结束时间:2016-05-10 14:36:59
INFO:root:delete exists ZJJ_DETAIL
INFO:root:PolygonNeighbors_analysis begin
INFO:root:PolygonNeighbors_analysis success
INFO:root:AddField_management success
INFO:root:开始时间:2016-05-11 14:30:04 结束时间:2016-05-11 14:37:09
INFO:root:delete exists ZJJ_DETAIL
INFO:root:PolygonNeighbors_analysis begin
INFO:root:PolygonNeighbors_analysis success
INFO:root:AddField_management success
INFO:root:开始时间:2016-05-13 14:30:04 结束时间:2016-05-13 14:37:00
INFO:root:delete exists ZJJ_DETAIL
INFO:root:PolygonNeighbors_analysis begin
INFO:root:PolygonNeighbors_analysis success
INFO:root:AddField_management success
INFO:root:开始时间:2016-05-14 14:30:04 结束时间:2016-05-14 14:36:54
INFO:root:delete exists ZJJ_DETAIL
INFO:root:PolygonNeighbors_analysis begin
INFO:root:PolygonNeighbors_analysis success
INFO:root:AddField_management success
INFO:root:开始时间:2016-05-15 14:30:04 结束时间:2016-05-15 14:37:02
INFO:root:delete exists ZJJ_DETAIL
INFO:root:PolygonNeighbors_analysis begin
INFO:root:PolygonNeighbors_analysis success
INFO:root:AddField_management success
INFO:root:开始时间:2016-05-16 14:30:04 结束时间:2016-05-16 14:36:59
INFO:root:delete exists ZJJ_DETAIL
INFO:root:PolygonNeighbors_analysis begin
INFO:root:PolygonNeighbors_analysis success
INFO:root:AddField_management success
INFO:root:开始时间:2016-05-17 14:30:04 结束时间:2016-05-17 14:37:00
INFO:root:delete exists ZJJ_DETAIL
INFO:root:PolygonNeighbors_analysis begin
INFO:root:PolygonNeighbors_analysis success
INFO:root:AddField_management success
INFO:root:开始时间:2016-05-18 14:30:04 结束时间:2016-05-18 14:37:06
INFO:root:delete exists ZJJ_DETAIL
INFO:root:PolygonNeighbors_analysis begin
INFO:root:PolygonNeighbors_analysis success
INFO:root:AddField_management success
INFO:root:开始时间:2016-05-19 14:30:04 结束时间:2016-05-19 14:37:24
INFO:root:delete exists ZJJ_DETAIL
INFO:root:PolygonNeighbors_analysis begin
INFO:root:PolygonNeighbors_analysis success
INFO:root:AddField_management success
INFO:root:开始时间:2016-05-20 14:30:04 结束时间:2016-05-20 14:37:03
INFO:root:delete exists ZJJ_DETAIL
INFO:root:PolygonNeighbors_analysis begin
INFO:root:PolygonNeighbors_analysis success
INFO:root:AddField_management success
INFO:root:开始时间:2016-05-21 14:30:04 结束时间:2016-05-21 14:37:03
INFO:root:delete exists ZJJ_DETAIL
INFO:root:PolygonNeighbors_analysis begin
INFO:root:PolygonNeighbors_analysis success
INFO:root:AddField_management success
INFO:root:开始时间:2016-05-22 14:30:04 结束时间:2016-05-22 14:37:08
INFO:root:delete exists ZJJ_DETAIL
INFO:root:PolygonNeighbors_analysis begin
INFO:root:PolygonNeighbors_analysis success
INFO:root:AddField_management success
INFO:root:开始时间:2016-05-23 14:30:04 结束时间:2016-05-23 14:36:51
INFO:root:delete exists ZJJ_DETAIL
INFO:root:PolygonNeighbors_analysis begin
INFO:root:PolygonNeighbors_analysis success
INFO:root:AddField_management success
INFO:root:开始时间:2016-05-24 14:30:04 结束时间:2016-05-24 14:37:14
INFO:root:delete exists ZJJ_DETAIL
INFO:root:PolygonNeighbors_analysis begin
INFO:root:PolygonNeighbors_analysis success
INFO:root:AddField_management success
INFO:root:开始时间:2016-05-25 14:30:04 结束时间:2016-05-25 14:37:07
INFO:root:delete exists ZJJ_DETAIL
INFO:root:PolygonNeighbors_analysis begin
INFO:root:PolygonNeighbors_analysis success
INFO:root:AddField_management success
INFO:root:开始时间:2016-05-26 14:30:04 结束时间:2016-05-26 14:37:09
INFO:root:delete exists ZJJ_DETAIL
INFO:root:PolygonNeighbors_analysis begin
INFO:root:PolygonNeighbors_analysis success
INFO:root:AddField_management success
INFO:root:开始时间:2016-05-27 14:30:04 结束时间:2016-05-27 14:37:07
INFO:root:delete exists ZJJ_DETAIL
INFO:root:PolygonNeighbors_analysis begin
INFO:root:PolygonNeighbors_analysis success
INFO:root:AddField_management success
INFO:root:开始时间:2016-05-28 14:30:04 结束时间:2016-05-28 14:36:57
INFO:root:delete exists ZJJ_DETAIL
INFO:root:PolygonNeighbors_analysis begin
INFO:root:PolygonNeighbors_analysis success
INFO:root:AddField_management success
INFO:root:开始时间:2016-05-29 14:30:04 结束时间:2016-05-29 14:37:00
INFO:root:delete exists ZJJ_DETAIL
INFO:root:PolygonNeighbors_analysis begin
INFO:root:PolygonNeighbors_analysis success
INFO:root:AddField_management success
INFO:root:开始时间:2016-05-30 14:30:04 结束时间:2016-05-30 14:37:05
INFO:root:delete exists ZJJ_DETAIL
INFO:root:PolygonNeighbors_analysis begin
INFO:root:PolygonNeighbors_analysis success
INFO:root:AddField_management success
INFO:root:开始时间:2016-05-31 14:30:04 结束时间:2016-05-31 14:37:06
INFO:root:delete exists ZJJ_DETAIL
INFO:root:PolygonNeighbors_analysis begin
INFO:root:PolygonNeighbors_analysis success
INFO:root:AddField_management success
INFO:root:开始时间:2016-06-01 14:30:04 结束时间:2016-06-01 14:37:03
INFO:root:delete exists ZJJ_DETAIL
INFO:root:PolygonNeighbors_analysis begin
INFO:root:PolygonNeighbors_analysis success
INFO:root:AddField_management success
INFO:root:开始时间:2016-06-02 14:30:04 结束时间:2016-06-02 14:37:00
INFO:root:delete exists ZJJ_DETAIL
INFO:root:PolygonNeighbors_analysis begin
INFO:root:PolygonNeighbors_analysis success
INFO:root:AddField_management success
INFO:root:开始时间:2016-06-03 14:30:04 结束时间:2016-06-03 14:37:05
INFO:root:delete exists ZJJ_DETAIL
INFO:root:PolygonNeighbors_analysis begin
INFO:root:PolygonNeighbors_analysis success
INFO:root:AddField_management success
INFO:root:开始时间:2016-06-04 14:30:04 结束时间:2016-06-04 14:37:05
INFO:root:delete exists ZJJ_DETAIL
INFO:root:PolygonNeighbors_analysis begin
INFO:root:PolygonNeighbors_analysis success
INFO:root:AddField_management success
INFO:root:开始时间:2016-06-05 14:30:04 结束时间:2016-06-05 14:37:00
INFO:root:delete exists ZJJ_DETAIL
INFO:root:PolygonNeighbors_analysis begin
INFO:root:PolygonNeighbors_analysis success
INFO:root:AddField_management success
INFO:root:开始时间:2016-06-06 14:30:04 结束时间:2016-06-06 14:37:14
INFO:root:delete exists ZJJ_DETAIL
INFO:root:PolygonNeighbors_analysis begin
INFO:root:PolygonNeighbors_analysis success
INFO:root:AddField_management success
INFO:root:开始时间:2016-06-07 14:30:04 结束时间:2016-06-07 14:36:56
INFO:root:delete exists ZJJ_DETAIL
INFO:root:PolygonNeighbors_analysis begin
INFO:root:PolygonNeighbors_analysis success
INFO:root:AddField_management success
INFO:root:开始时间:2016-06-08 14:30:04 结束时间:2016-06-08 14:37:15
INFO:root:delete exists ZJJ_DETAIL
INFO:root:PolygonNeighbors_analysis begin
INFO:root:PolygonNeighbors_analysis success
INFO:root:AddField_management success
INFO:root:开始时间:2016-06-10 14:30:04 结束时间:2016-06-10 14:37:06
INFO:root:delete exists ZJJ_DETAIL
INFO:root:PolygonNeighbors_analysis begin
INFO:root:PolygonNeighbors_analysis success
INFO:root:AddField_management success
INFO:root:开始时间:2016-06-11 14:30:04 结束时间:2016-06-11 14:37:14
INFO:root:delete exists ZJJ_DETAIL
INFO:root:PolygonNeighbors_analysis begin
INFO:root:PolygonNeighbors_analysis success
INFO:root:AddField_management success
INFO:root:开始时间:2016-06-12 14:30:04 结束时间:2016-06-12 14:37:12
INFO:root:delete exists ZJJ_DETAIL
INFO:root:PolygonNeighbors_analysis begin
INFO:root:PolygonNeighbors_analysis success
INFO:root:AddField_management success
INFO:root:开始时间:2016-06-13 14:30:04 结束时间:2016-06-13 14:37:16
INFO:root:delete exists ZJJ_DETAIL
INFO:root:PolygonNeighbors_analysis begin
INFO:root:PolygonNeighbors_analysis success
INFO:root:AddField_management success
INFO:root:开始时间:2016-06-14 14:30:04 结束时间:2016-06-14 14:37:11
INFO:root:delete exists ZJJ_DETAIL
INFO:root:PolygonNeighbors_analysis begin
INFO:root:PolygonNeighbors_analysis success
INFO:root:AddField_management success
INFO:root:开始时间:2016-06-15 14:30:04 结束时间:2016-06-15 14:37:12
INFO:root:delete exists ZJJ_DETAIL
INFO:root:PolygonNeighbors_analysis begin
INFO:root:PolygonNeighbors_analysis success
INFO:root:AddField_management success
INFO:root:开始时间:2016-06-16 14:30:04 结束时间:2016-06-16 14:37:08
INFO:root:delete exists ZJJ_DETAIL
INFO:root:PolygonNeighbors_analysis begin
INFO:root:PolygonNeighbors_analysis success
INFO:root:AddField_management success
INFO:root:开始时间:2016-06-17 14:30:04 结束时间:2016-06-17 14:37:19
INFO:root:delete exists ZJJ_DETAIL
INFO:root:PolygonNeighbors_analysis begin
INFO:root:PolygonNeighbors_analysis success
INFO:root:AddField_management success
INFO:root:开始时间:2016-06-18 14:30:04 结束时间:2016-06-18 14:37:17
INFO:root:delete exists ZJJ_DETAIL
INFO:root:PolygonNeighbors_analysis begin
INFO:root:PolygonNeighbors_analysis success
INFO:root:AddField_management success
INFO:root:开始时间:2016-06-19 14:30:04 结束时间:2016-06-19 14:37:14
INFO:root:delete exists ZJJ_DETAIL
INFO:root:PolygonNeighbors_analysis begin
INFO:root:PolygonNeighbors_analysis success
INFO:root:AddField_management success
INFO:root:开始时间:2016-06-20 14:30:04 结束时间:2016-06-20 14:37:16
INFO:root:delete exists ZJJ_DETAIL
INFO:root:PolygonNeighbors_analysis begin
INFO:root:PolygonNeighbors_analysis success
INFO:root:AddField_management success
INFO:root:开始时间:2016-06-21 14:30:04 结束时间:2016-06-21 14:37:08
INFO:root:delete exists ZJJ_DETAIL
INFO:root:PolygonNeighbors_analysis begin
INFO:root:PolygonNeighbors_analysis success
INFO:root:AddField_management success
INFO:root:开始时间:2016-06-22 14:30:04 结束时间:2016-06-22 14:37:10
INFO:root:delete exists ZJJ_DETAIL
INFO:root:PolygonNeighbors_analysis begin
INFO:root:PolygonNeighbors_analysis success
INFO:root:AddField_management success
INFO:root:开始时间:2016-06-23 14:30:04 结束时间:2016-06-23 14:37:17
INFO:root:delete exists ZJJ_DETAIL
INFO:root:PolygonNeighbors_analysis begin
INFO:root:PolygonNeighbors_analysis success
INFO:root:AddField_management success
INFO:root:开始时间:2016-06-24 14:30:04 结束时间:2016-06-24 14:37:14
INFO:root:delete exists ZJJ_DETAIL
INFO:root:PolygonNeighbors_analysis begin
INFO:root:PolygonNeighbors_analysis success
INFO:root:AddField_management success
INFO:root:开始时间:2016-06-25 14:30:04 结束时间:2016-06-25 14:37:20
INFO:root:delete exists ZJJ_DETAIL
INFO:root:PolygonNeighbors_analysis begin
INFO:root:PolygonNeighbors_analysis success
INFO:root:AddField_management success
INFO:root:开始时间:2016-06-27 14:30:04 结束时间:2016-06-27 14:37:20
INFO:root:delete exists ZJJ_DETAIL
INFO:root:PolygonNeighbors_analysis begin
INFO:root:PolygonNeighbors_analysis success
INFO:root:AddField_management success
INFO:root:开始时间:2016-06-28 14:30:04 结束时间:2016-06-28 14:37:18
INFO:root:delete exists ZJJ_DETAIL
INFO:root:PolygonNeighbors_analysis begin
INFO:root:PolygonNeighbors_analysis success
INFO:root:AddField_management success
INFO:root:开始时间:2016-06-29 14:30:04 结束时间:2016-06-29 14:37:17
INFO:root:delete exists ZJJ_DETAIL
INFO:root:PolygonNeighbors_analysis begin
INFO:root:PolygonNeighbors_analysis success
INFO:root:AddField_management success
INFO:root:开始时间:2016-06-30 14:30:04 结束时间:2016-06-30 14:37:11
INFO:root:delete exists ZJJ_DETAIL
INFO:root:PolygonNeighbors_analysis begin
INFO:root:PolygonNeighbors_analysis success
INFO:root:AddField_management success
INFO:root:开始时间:2016-07-01 14:30:04 结束时间:2016-07-01 14:37:15
INFO:root:delete exists ZJJ_DETAIL
INFO:root:PolygonNeighbors_analysis begin
INFO:root:PolygonNeighbors_analysis success
INFO:root:AddField_management success
INFO:root:开始时间:2016-07-02 14:30:04 结束时间:2016-07-02 14:37:20
INFO:root:delete exists ZJJ_DETAIL
INFO:root:PolygonNeighbors_analysis begin
INFO:root:PolygonNeighbors_analysis success
INFO:root:AddField_management success
INFO:root:开始时间:2016-07-03 14:30:04 结束时间:2016-07-03 14:37:12
INFO:root:delete exists ZJJ_DETAIL
INFO:root:PolygonNeighbors_analysis begin
INFO:root:PolygonNeighbors_analysis success
INFO:root:AddField_management success
INFO:root:开始时间:2016-07-04 14:30:04 结束时间:2016-07-04 14:37:16
INFO:root:delete exists ZJJ_DETAIL
INFO:root:PolygonNeighbors_analysis begin
INFO:root:PolygonNeighbors_analysis success
INFO:root:AddField_management success
INFO:root:开始时间:2016-07-05 14:30:04 结束时间:2016-07-05 14:37:24
INFO:root:delete exists ZJJ_DETAIL
INFO:root:PolygonNeighbors_analysis begin
INFO:root:PolygonNeighbors_analysis success
INFO:root:AddField_management success
INFO:root:开始时间:2016-07-06 14:30:04 结束时间:2016-07-06 14:37:16
INFO:root:delete exists ZJJ_DETAIL
INFO:root:PolygonNeighbors_analysis begin
INFO:root:PolygonNeighbors_analysis success
INFO:root:AddField_management success
INFO:root:开始时间:2016-07-07 14:30:04 结束时间:2016-07-07 14:37:28
INFO:root:delete exists ZJJ_DETAIL
INFO:root:PolygonNeighbors_analysis begin
INFO:root:PolygonNeighbors_analysis success
INFO:root:AddField_management success
INFO:root:开始时间:2016-07-08 14:30:04 结束时间:2016-07-08 14:37:22
INFO:root:delete exists ZJJ_DETAIL
INFO:root:PolygonNeighbors_analysis begin
INFO:root:PolygonNeighbors_analysis success
INFO:root:AddField_management success
INFO:root:开始时间:2016-07-09 14:30:05 结束时间:2016-07-09 14:37:27
INFO:root:delete exists ZJJ_DETAIL
INFO:root:PolygonNeighbors_analysis begin
INFO:root:PolygonNeighbors_analysis success
INFO:root:AddField_management success
INFO:root:开始时间:2016-07-10 14:30:04 结束时间:2016-07-10 14:37:18
INFO:root:delete exists ZJJ_DETAIL
INFO:root:PolygonNeighbors_analysis begin
INFO:root:PolygonNeighbors_analysis success
INFO:root:AddField_management success
INFO:root:开始时间:2016-07-11 14:30:04 结束时间:2016-07-11 14:37:18
INFO:root:delete exists ZJJ_DETAIL
INFO:root:PolygonNeighbors_analysis begin
INFO:root:PolygonNeighbors_analysis success
INFO:root:AddField_management success
INFO:root:开始时间:2016-07-12 14:30:04 结束时间:2016-07-12 14:37:20
INFO:root:delete exists ZJJ_DETAIL
INFO:root:PolygonNeighbors_analysis begin
INFO:root:PolygonNeighbors_analysis success
INFO:root:AddField_management success
INFO:root:开始时间:2016-07-13 14:30:04 结束时间:2016-07-13 14:37:28
INFO:root:delete exists ZJJ_DETAIL
INFO:root:PolygonNeighbors_analysis begin
INFO:root:PolygonNeighbors_analysis success
INFO:root:AddField_management success
INFO:root:开始时间:2016-07-14 14:30:04 结束时间:2016-07-14 14:37:23
INFO:root:delete exists ZJJ_DETAIL
INFO:root:PolygonNeighbors_analysis begin
INFO:root:PolygonNeighbors_analysis success
INFO:root:AddField_management success
INFO:root:开始时间:2016-07-15 14:30:04 结束时间:2016-07-15 14:37:22
INFO:root:delete exists ZJJ_DETAIL
INFO:root:PolygonNeighbors_analysis begin
INFO:root:PolygonNeighbors_analysis success
INFO:root:AddField_management success
INFO:root:开始时间:2016-07-16 14:30:04 结束时间:2016-07-16 14:37:18
INFO:root:delete exists ZJJ_DETAIL
INFO:root:PolygonNeighbors_analysis begin
INFO:root:PolygonNeighbors_analysis success
INFO:root:AddField_management success
INFO:root:开始时间:2016-07-17 14:30:04 结束时间:2016-07-17 14:37:26
INFO:root:delete exists ZJJ_DETAIL
INFO:root:PolygonNeighbors_analysis begin
INFO:root:PolygonNeighbors_analysis success
INFO:root:AddField_management success
INFO:root:开始时间:2016-07-18 14:30:04 结束时间:2016-07-18 14:37:24
INFO:root:delete exists ZJJ_DETAIL
INFO:root:PolygonNeighbors_analysis begin
INFO:root:PolygonNeighbors_analysis success
INFO:root:AddField_management success
INFO:root:开始时间:2016-07-19 14:30:04 结束时间:2016-07-19 14:37:30
INFO:root:delete exists ZJJ_DETAIL
INFO:root:PolygonNeighbors_analysis begin
INFO:root:PolygonNeighbors_analysis success
INFO:root:AddField_management success
INFO:root:开始时间:2016-07-20 14:30:04 结束时间:2016-07-20 14:37:18
INFO:root:delete exists ZJJ_DETAIL
INFO:root:PolygonNeighbors_analysis begin
INFO:root:PolygonNeighbors_analysis success
INFO:root:AddField_management success
INFO:root:开始时间:2016-07-21 14:30:04 结束时间:2016-07-21 14:37:29
INFO:root:delete exists ZJJ_DETAIL
INFO:root:PolygonNeighbors_analysis begin
INFO:root:PolygonNeighbors_analysis success
INFO:root:AddField_management success
INFO:root:开始时间:2016-07-22 14:30:04 结束时间:2016-07-22 14:37:27
INFO:root:delete exists ZJJ_DETAIL
INFO:root:PolygonNeighbors_analysis begin
INFO:root:PolygonNeighbors_analysis success
INFO:root:AddField_management success
INFO:root:开始时间:2016-07-23 14:30:04 结束时间:2016-07-23 14:37:25
INFO:root:delete exists ZJJ_DETAIL
INFO:root:PolygonNeighbors_analysis begin
INFO:root:PolygonNeighbors_analysis success
INFO:root:AddField_management success
INFO:root:开始时间:2016-07-24 14:30:05 结束时间:2016-07-24 14:37:29
INFO:root:delete exists ZJJ_DETAIL
INFO:root:PolygonNeighbors_analysis begin
INFO:root:PolygonNeighbors_analysis success
INFO:root:AddField_management success
INFO:root:开始时间:2016-07-25 14:30:04 结束时间:2016-07-25 14:37:31
INFO:root:delete exists ZJJ_DETAIL
INFO:root:PolygonNeighbors_analysis begin
INFO:root:PolygonNeighbors_analysis success
INFO:root:AddField_management success
INFO:root:开始时间:2016-07-26 14:30:04 结束时间:2016-07-26 14:37:26
INFO:root:delete exists ZJJ_DETAIL
INFO:root:PolygonNeighbors_analysis begin
INFO:root:PolygonNeighbors_analysis success
INFO:root:AddField_management success
INFO:root:开始时间:2016-07-27 14:30:04 结束时间:2016-07-27 14:37:19
INFO:root:delete exists ZJJ_DETAIL
INFO:root:PolygonNeighbors_analysis begin
INFO:root:PolygonNeighbors_analysis success
INFO:root:AddField_management success
INFO:root:开始时间:2016-07-28 14:30:04 结束时间:2016-07-28 14:37:19
INFO:root:delete exists ZJJ_DETAIL
INFO:root:PolygonNeighbors_analysis begin
INFO:root:PolygonNeighbors_analysis success
INFO:root:AddField_management success
INFO:root:开始时间:2016-07-29 14:30:05 结束时间:2016-07-29 14:37:28
INFO:root:delete exists ZJJ_DETAIL
INFO:root:PolygonNeighbors_analysis begin
INFO:root:PolygonNeighbors_analysis success
INFO:root:AddField_management success
INFO:root:开始时间:2016-07-31 14:30:05 结束时间:2016-07-31 14:37:30
INFO:root:delete exists ZJJ_DETAIL
INFO:root:PolygonNeighbors_analysis begin
INFO:root:PolygonNeighbors_analysis success
INFO:root:AddField_management success
INFO:root:开始时间:2016-08-01 14:30:05 结束时间:2016-08-01 14:37:29
INFO:root:delete exists ZJJ_DETAIL
INFO:root:PolygonNeighbors_analysis begin
INFO:root:PolygonNeighbors_analysis success
INFO:root:AddField_management success
INFO:root:开始时间:2016-08-02 14:30:04 结束时间:2016-08-02 14:37:29
INFO:root:delete exists ZJJ_DETAIL
INFO:root:PolygonNeighbors_analysis begin
INFO:root:PolygonNeighbors_analysis success
INFO:root:AddField_management success
INFO:root:开始时间:2016-08-03 14:30:05 结束时间:2016-08-03 14:37:32
INFO:root:delete exists ZJJ_DETAIL
INFO:root:PolygonNeighbors_analysis begin
INFO:root:PolygonNeighbors_analysis success
INFO:root:AddField_management success
INFO:root:开始时间:2016-08-04 14:30:05 结束时间:2016-08-04 14:37:31
INFO:root:delete exists ZJJ_DETAIL
INFO:root:PolygonNeighbors_analysis begin
INFO:root:PolygonNeighbors_analysis success
INFO:root:AddField_management success
INFO:root:开始时间:2016-08-05 14:30:04 结束时间:2016-08-05 14:37:47
INFO:root:delete exists ZJJ_DETAIL
INFO:root:PolygonNeighbors_analysis begin
INFO:root:PolygonNeighbors_analysis success
INFO:root:AddField_management success
INFO:root:开始时间:2016-08-06 14:30:04 结束时间:2016-08-06 14:37:50
INFO:root:delete exists ZJJ_DETAIL
INFO:root:PolygonNeighbors_analysis begin
INFO:root:PolygonNeighbors_analysis success
INFO:root:AddField_management success
INFO:root:开始时间:2016-08-07 14:30:05 结束时间:2016-08-07 14:37:46
INFO:root:delete exists ZJJ_DETAIL
INFO:root:PolygonNeighbors_analysis begin
INFO:root:PolygonNeighbors_analysis success
INFO:root:AddField_management success
INFO:root:开始时间:2016-08-08 14:30:04 结束时间:2016-08-08 14:37:51
INFO:root:delete exists ZJJ_DETAIL
INFO:root:PolygonNeighbors_analysis begin
INFO:root:PolygonNeighbors_analysis success
INFO:root:AddField_management success
INFO:root:开始时间:2016-08-09 14:30:04 结束时间:2016-08-09 14:37:44
INFO:root:delete exists ZJJ_DETAIL
INFO:root:PolygonNeighbors_analysis begin
INFO:root:PolygonNeighbors_analysis success
INFO:root:AddField_management success
INFO:root:开始时间:2016-08-10 14:30:05 结束时间:2016-08-10 14:37:33
INFO:root:delete exists ZJJ_DETAIL
INFO:root:PolygonNeighbors_analysis begin
INFO:root:PolygonNeighbors_analysis success
INFO:root:AddField_management success
INFO:root:开始时间:2016-08-11 14:30:04 结束时间:2016-08-11 14:37:51
INFO:root:delete exists ZJJ_DETAIL
INFO:root:PolygonNeighbors_analysis begin
INFO:root:PolygonNeighbors_analysis success
INFO:root:AddField_management success
INFO:root:开始时间:2016-08-12 14:30:04 结束时间:2016-08-12 14:37:36
INFO:root:delete exists ZJJ_DETAIL
INFO:root:PolygonNeighbors_analysis begin
INFO:root:PolygonNeighbors_analysis success
INFO:root:AddField_management success
INFO:root:开始时间:2016-08-13 14:30:04 结束时间:2016-08-13 14:37:32
INFO:root:delete exists ZJJ_DETAIL
INFO:root:PolygonNeighbors_analysis begin
INFO:root:PolygonNeighbors_analysis success
INFO:root:AddField_management success
INFO:root:开始时间:2016-08-14 14:30:04 结束时间:2016-08-14 14:37:40
INFO:root:delete exists ZJJ_DETAIL
INFO:root:PolygonNeighbors_analysis begin
INFO:root:PolygonNeighbors_analysis success
INFO:root:AddField_management success
INFO:root:开始时间:2016-08-15 14:30:04 结束时间:2016-08-15 14:37:37
INFO:root:delete exists ZJJ_DETAIL
INFO:root:PolygonNeighbors_analysis begin
INFO:root:PolygonNeighbors_analysis success
INFO:root:AddField_management success
INFO:root:开始时间:2016-08-16 14:30:04 结束时间:2016-08-16 14:37:38
INFO:root:delete exists ZJJ_DETAIL
INFO:root:PolygonNeighbors_analysis begin
INFO:root:PolygonNeighbors_analysis success
INFO:root:AddField_management success
INFO:root:开始时间:2016-08-17 14:30:04 结束时间:2016-08-17 14:37:29
INFO:root:delete exists ZJJ_DETAIL
INFO:root:PolygonNeighbors_analysis begin
INFO:root:PolygonNeighbors_analysis success
INFO:root:AddField_management success
INFO:root:开始时间:2016-08-18 14:30:04 结束时间:2016-08-18 14:37:41
INFO:root:delete exists ZJJ_DETAIL
INFO:root:PolygonNeighbors_analysis begin
INFO:root:PolygonNeighbors_analysis success
INFO:root:AddField_management success
INFO:root:开始时间:2016-08-19 14:30:04 结束时间:2016-08-19 14:37:54
INFO:root:delete exists ZJJ_DETAIL
INFO:root:PolygonNeighbors_analysis begin
INFO:root:PolygonNeighbors_analysis success
INFO:root:AddField_management success
INFO:root:开始时间:2016-08-20 14:30:04 结束时间:2016-08-20 14:37:48
INFO:root:delete exists ZJJ_DETAIL
INFO:root:PolygonNeighbors_analysis begin
INFO:root:PolygonNeighbors_analysis success
INFO:root:AddField_management success
INFO:root:开始时间:2016-08-21 14:30:04 结束时间:2016-08-21 14:37:50
INFO:root:delete exists ZJJ_DETAIL
INFO:root:PolygonNeighbors_analysis begin
INFO:root:PolygonNeighbors_analysis success
INFO:root:AddField_management success
INFO:root:开始时间:2016-08-22 14:30:04 结束时间:2016-08-22 14:37:38
INFO:root:delete exists ZJJ_DETAIL
INFO:root:PolygonNeighbors_analysis begin
INFO:root:PolygonNeighbors_analysis success
INFO:root:AddField_management success
INFO:root:开始时间:2016-08-23 14:30:05 结束时间:2016-08-23 14:37:38
INFO:root:delete exists ZJJ_DETAIL
INFO:root:PolygonNeighbors_analysis begin
INFO:root:PolygonNeighbors_analysis success
INFO:root:AddField_management success
INFO:root:开始时间:2016-08-24 14:30:04 结束时间:2016-08-24 14:37:57
INFO:root:delete exists ZJJ_DETAIL
INFO:root:PolygonNeighbors_analysis begin
INFO:root:PolygonNeighbors_analysis success
INFO:root:AddField_management success
INFO:root:开始时间:2016-08-25 14:30:04 结束时间:2016-08-25 14:37:47
INFO:root:delete exists ZJJ_DETAIL
INFO:root:PolygonNeighbors_analysis begin
INFO:root:PolygonNeighbors_analysis success
INFO:root:AddField_management success
INFO:root:开始时间:2016-08-26 14:30:04 结束时间:2016-08-26 14:37:47
INFO:root:delete exists ZJJ_DETAIL
INFO:root:PolygonNeighbors_analysis begin
INFO:root:PolygonNeighbors_analysis success
INFO:root:AddField_management success
INFO:root:开始时间:2016-08-27 14:30:04 结束时间:2016-08-27 14:37:36
INFO:root:delete exists ZJJ_DETAIL
INFO:root:PolygonNeighbors_analysis begin
INFO:root:PolygonNeighbors_analysis success
INFO:root:AddField_management success
INFO:root:开始时间:2016-08-28 14:30:04 结束时间:2016-08-28 14:37:46
INFO:root:delete exists ZJJ_DETAIL
INFO:root:PolygonNeighbors_analysis begin
INFO:root:PolygonNeighbors_analysis success
INFO:root:AddField_management success
INFO:root:开始时间:2016-08-29 14:30:04 结束时间:2016-08-29 14:38:01
INFO:root:delete exists ZJJ_DETAIL
INFO:root:PolygonNeighbors_analysis begin
INFO:root:PolygonNeighbors_analysis success
INFO:root:AddField_management success
INFO:root:开始时间:2016-08-31 14:30:04 结束时间:2016-08-31 14:37:13
INFO:root:delete exists ZJJ_DETAIL
INFO:root:PolygonNeighbors_analysis begin
INFO:root:PolygonNeighbors_analysis success
INFO:root:AddField_management success
INFO:root:开始时间:2016-09-01 14:30:04 结束时间:2016-09-01 14:37:38
INFO:root:delete exists ZJJ_DETAIL
INFO:root:PolygonNeighbors_analysis begin
INFO:root:PolygonNeighbors_analysis success
INFO:root:AddField_management success
INFO:root:开始时间:2016-09-02 14:30:04 结束时间:2016-09-02 14:37:41
INFO:root:delete exists ZJJ_DETAIL
INFO:root:PolygonNeighbors_analysis begin
INFO:root:PolygonNeighbors_analysis success
INFO:root:AddField_management success
INFO:root:开始时间:2016-09-03 14:30:04 结束时间:2016-09-03 14:37:42
INFO:root:delete exists ZJJ_DETAIL
INFO:root:PolygonNeighbors_analysis begin
INFO:root:PolygonNeighbors_analysis success
INFO:root:AddField_management success
INFO:root:开始时间:2016-09-04 14:30:04 结束时间:2016-09-04 14:37:47
INFO:root:delete exists ZJJ_DETAIL
INFO:root:PolygonNeighbors_analysis begin
INFO:root:PolygonNeighbors_analysis success
INFO:root:AddField_management success
INFO:root:开始时间:2016-09-05 14:30:04 结束时间:2016-09-05 14:37:58
INFO:root:delete exists ZJJ_DETAIL
INFO:root:PolygonNeighbors_analysis begin
INFO:root:PolygonNeighbors_analysis success
INFO:root:AddField_management success
INFO:root:开始时间:2016-09-06 14:30:04 结束时间:2016-09-06 14:36:19
INFO:root:delete exists ZJJ_DETAIL
INFO:root:PolygonNeighbors_analysis begin
INFO:root:PolygonNeighbors_analysis success
INFO:root:AddField_management success
INFO:root:开始时间:2016-09-07 14:30:04 结束时间:2016-09-07 14:36:16
INFO:root:delete exists ZJJ_DETAIL
INFO:root:PolygonNeighbors_analysis begin
INFO:root:PolygonNeighbors_analysis success
INFO:root:AddField_management success
INFO:root:开始时间:2016-09-08 14:30:04 结束时间:2016-09-08 14:36:24
INFO:root:delete exists ZJJ_DETAIL
INFO:root:PolygonNeighbors_analysis begin
INFO:root:PolygonNeighbors_analysis success
INFO:root:AddField_management success
INFO:root:开始时间:2016-09-09 14:30:04 结束时间:2016-09-09 14:36:16
INFO:root:delete exists ZJJ_DETAIL
INFO:root:PolygonNeighbors_analysis begin
INFO:root:PolygonNeighbors_analysis success
INFO:root:AddField_management success
INFO:root:开始时间:2016-09-10 14:30:04 结束时间:2016-09-10 14:36:28
INFO:root:delete exists ZJJ_DETAIL
INFO:root:PolygonNeighbors_analysis begin
INFO:root:PolygonNeighbors_analysis success
INFO:root:AddField_management success
INFO:root:开始时间:2016-09-11 14:30:04 结束时间:2016-09-11 14:36:55
INFO:root:delete exists ZJJ_DETAIL
INFO:root:PolygonNeighbors_analysis begin
INFO:root:PolygonNeighbors_analysis success
INFO:root:AddField_management success
INFO:root:开始时间:2016-09-12 14:30:04 结束时间:2016-09-12 14:36:32
INFO:root:delete exists ZJJ_DETAIL
INFO:root:PolygonNeighbors_analysis begin
INFO:root:PolygonNeighbors_analysis success
INFO:root:AddField_management success
INFO:root:开始时间:2016-09-13 14:30:04 结束时间:2016-09-13 14:36:27
INFO:root:delete exists ZJJ_DETAIL
INFO:root:PolygonNeighbors_analysis begin
INFO:root:PolygonNeighbors_analysis success
INFO:root:AddField_management success
INFO:root:开始时间:2016-09-14 14:30:04 结束时间:2016-09-14 14:36:19
INFO:root:delete exists ZJJ_DETAIL
INFO:root:PolygonNeighbors_analysis begin
INFO:root:PolygonNeighbors_analysis success
INFO:root:AddField_management success
INFO:root:开始时间:2016-09-15 14:30:04 结束时间:2016-09-15 14:36:20
INFO:root:delete exists ZJJ_DETAIL
INFO:root:PolygonNeighbors_analysis begin
INFO:root:PolygonNeighbors_analysis success
INFO:root:AddField_management success
INFO:root:开始时间:2016-09-16 14:30:04 结束时间:2016-09-16 14:36:19
INFO:root:delete exists ZJJ_DETAIL
INFO:root:PolygonNeighbors_analysis begin
INFO:root:PolygonNeighbors_analysis success
INFO:root:AddField_management success
INFO:root:开始时间:2016-09-17 14:30:04 结束时间:2016-09-17 14:36:30
INFO:root:delete exists ZJJ_DETAIL
INFO:root:PolygonNeighbors_analysis begin
INFO:root:PolygonNeighbors_analysis success
INFO:root:AddField_management success
INFO:root:开始时间:2016-09-18 14:30:04 结束时间:2016-09-18 14:36:26
INFO:root:delete exists ZJJ_DETAIL
INFO:root:PolygonNeighbors_analysis begin
INFO:root:PolygonNeighbors_analysis success
INFO:root:AddField_management success
INFO:root:开始时间:2016-09-19 14:30:04 结束时间:2016-09-19 14:36:31
INFO:root:delete exists ZJJ_DETAIL
INFO:root:PolygonNeighbors_analysis begin
INFO:root:PolygonNeighbors_analysis success
INFO:root:AddField_management success
INFO:root:开始时间:2016-09-20 14:30:04 结束时间:2016-09-20 14:36:32
INFO:root:delete exists ZJJ_DETAIL
INFO:root:PolygonNeighbors_analysis begin
INFO:root:PolygonNeighbors_analysis success
INFO:root:AddField_management success
INFO:root:开始时间:2016-09-21 14:30:04 结束时间:2016-09-21 14:36:33
INFO:root:delete exists ZJJ_DETAIL
INFO:root:PolygonNeighbors_analysis begin
INFO:root:PolygonNeighbors_analysis success
INFO:root:AddField_management success
INFO:root:开始时间:2016-09-22 14:30:04 结束时间:2016-09-22 14:36:22
INFO:root:delete exists ZJJ_DETAIL
INFO:root:PolygonNeighbors_analysis begin
INFO:root:PolygonNeighbors_analysis success
INFO:root:AddField_management success
INFO:root:开始时间:2016-09-23 14:30:04 结束时间:2016-09-23 14:36:26
INFO:root:delete exists ZJJ_DETAIL
INFO:root:PolygonNeighbors_analysis begin
INFO:root:PolygonNeighbors_analysis success
INFO:root:AddField_management success
INFO:root:开始时间:2016-09-24 14:30:04 结束时间:2016-09-24 14:36:24
INFO:root:delete exists ZJJ_DETAIL
INFO:root:PolygonNeighbors_analysis begin
INFO:root:PolygonNeighbors_analysis success
INFO:root:AddField_management success
INFO:root:开始时间:2016-09-25 14:30:04 结束时间:2016-09-25 14:36:25
INFO:root:delete exists ZJJ_DETAIL
INFO:root:PolygonNeighbors_analysis begin
INFO:root:PolygonNeighbors_analysis success
INFO:root:AddField_management success
INFO:root:开始时间:2016-09-26 14:30:04 结束时间:2016-09-26 14:36:15
INFO:root:delete exists ZJJ_DETAIL
INFO:root:PolygonNeighbors_analysis begin
INFO:root:PolygonNeighbors_analysis success
INFO:root:AddField_management success
INFO:root:开始时间:2016-09-27 14:30:04 结束时间:2016-09-27 14:36:27
INFO:root:delete exists ZJJ_DETAIL
INFO:root:PolygonNeighbors_analysis begin
INFO:root:PolygonNeighbors_analysis success
INFO:root:AddField_management success
INFO:root:开始时间:2016-09-28 14:30:04 结束时间:2016-09-28 14:36:25
INFO:root:delete exists ZJJ_DETAIL
INFO:root:PolygonNeighbors_analysis begin
INFO:root:PolygonNeighbors_analysis success
INFO:root:AddField_management success
INFO:root:开始时间:2016-09-29 14:30:04 结束时间:2016-09-29 14:36:25
INFO:root:delete exists ZJJ_DETAIL
INFO:root:PolygonNeighbors_analysis begin
INFO:root:PolygonNeighbors_analysis success
INFO:root:AddField_management success
INFO:root:开始时间:2016-09-30 14:30:04 结束时间:2016-09-30 14:36:26
INFO:root:delete exists ZJJ_DETAIL
INFO:root:PolygonNeighbors_analysis begin
INFO:root:PolygonNeighbors_analysis success
INFO:root:AddField_management success
INFO:root:开始时间:2016-10-01 14:30:04 结束时间:2016-10-01 14:36:32
INFO:root:delete exists ZJJ_DETAIL
INFO:root:PolygonNeighbors_analysis begin
INFO:root:PolygonNeighbors_analysis success
INFO:root:AddField_management success
INFO:root:开始时间:2016-10-02 14:30:04 结束时间:2016-10-02 14:36:27
INFO:root:delete exists ZJJ_DETAIL
INFO:root:PolygonNeighbors_analysis begin
INFO:root:PolygonNeighbors_analysis success
INFO:root:AddField_management success
INFO:root:开始时间:2016-10-03 14:30:04 结束时间:2016-10-03 14:36:31
INFO:root:delete exists ZJJ_DETAIL
INFO:root:PolygonNeighbors_analysis begin
INFO:root:PolygonNeighbors_analysis success
INFO:root:AddField_management success
INFO:root:开始时间:2016-10-05 14:30:04 结束时间:2016-10-05 14:36:35
INFO:root:delete exists ZJJ_DETAIL
INFO:root:PolygonNeighbors_analysis begin
INFO:root:PolygonNeighbors_analysis success
INFO:root:AddField_management success
INFO:root:开始时间:2016-10-06 14:30:04 结束时间:2016-10-06 14:36:29
INFO:root:delete exists ZJJ_DETAIL
INFO:root:PolygonNeighbors_analysis begin
INFO:root:PolygonNeighbors_analysis success
INFO:root:AddField_management success
INFO:root:开始时间:2016-10-07 14:30:04 结束时间:2016-10-07 14:36:35
INFO:root:delete exists ZJJ_DETAIL
INFO:root:PolygonNeighbors_analysis begin
INFO:root:PolygonNeighbors_analysis success
INFO:root:AddField_management success
INFO:root:开始时间:2016-10-08 14:30:04 结束时间:2016-10-08 14:36:29
INFO:root:delete exists ZJJ_DETAIL
INFO:root:PolygonNeighbors_analysis begin
INFO:root:PolygonNeighbors_analysis success
INFO:root:AddField_management success
INFO:root:开始时间:2016-10-09 14:30:04 结束时间:2016-10-09 14:36:24
INFO:root:delete exists ZJJ_DETAIL
INFO:root:PolygonNeighbors_analysis begin
INFO:root:PolygonNeighbors_analysis success
INFO:root:AddField_management success
INFO:root:开始时间:2016-10-10 14:30:04 结束时间:2016-10-10 14:36:33
INFO:root:delete exists ZJJ_DETAIL
INFO:root:PolygonNeighbors_analysis begin
INFO:root:PolygonNeighbors_analysis success
INFO:root:AddField_management success
INFO:root:开始时间:2016-10-11 14:30:04 结束时间:2016-10-11 14:36:50
INFO:root:delete exists ZJJ_DETAIL
INFO:root:PolygonNeighbors_analysis begin
INFO:root:PolygonNeighbors_analysis success
INFO:root:AddField_management success
INFO:root:开始时间:2016-10-12 14:30:04 结束时间:2016-10-12 14:36:33
INFO:root:delete exists ZJJ_DETAIL
INFO:root:PolygonNeighbors_analysis begin
INFO:root:PolygonNeighbors_analysis success
INFO:root:AddField_management success
INFO:root:开始时间:2016-10-13 14:30:04 结束时间:2016-10-13 14:36:35
INFO:root:delete exists ZJJ_DETAIL
INFO:root:PolygonNeighbors_analysis begin
INFO:root:PolygonNeighbors_analysis success
INFO:root:AddField_management success
INFO:root:开始时间:2016-10-14 14:30:04 结束时间:2016-10-14 14:36:44
INFO:root:delete exists ZJJ_DETAIL
INFO:root:PolygonNeighbors_analysis begin
INFO:root:PolygonNeighbors_analysis success
INFO:root:AddField_management success
INFO:root:开始时间:2016-10-15 14:30:04 结束时间:2016-10-15 14:36:33
INFO:root:delete exists ZJJ_DETAIL
INFO:root:PolygonNeighbors_analysis begin
INFO:root:PolygonNeighbors_analysis success
INFO:root:AddField_management success
INFO:root:开始时间:2016-10-16 14:30:04 结束时间:2016-10-16 14:36:39
INFO:root:delete exists ZJJ_DETAIL
INFO:root:PolygonNeighbors_analysis begin
INFO:root:PolygonNeighbors_analysis success
INFO:root:AddField_management success
INFO:root:开始时间:2016-10-17 14:30:04 结束时间:2016-10-17 14:36:44
INFO:root:delete exists ZJJ_DETAIL
INFO:root:PolygonNeighbors_analysis begin
INFO:root:PolygonNeighbors_analysis success
INFO:root:AddField_management success
INFO:root:开始时间:2016-10-18 14:30:04 结束时间:2016-10-18 14:36:41
INFO:root:delete exists ZJJ_DETAIL
INFO:root:PolygonNeighbors_analysis begin
INFO:root:PolygonNeighbors_analysis success
INFO:root:AddField_management success
INFO:root:开始时间:2016-10-19 14:30:04 结束时间:2016-10-19 14:36:37
INFO:root:delete exists ZJJ_DETAIL
INFO:root:PolygonNeighbors_analysis begin
INFO:root:PolygonNeighbors_analysis success
INFO:root:AddField_management success
INFO:root:开始时间:2016-10-20 14:30:04 结束时间:2016-10-20 14:36:37
INFO:root:delete exists ZJJ_DETAIL
INFO:root:PolygonNeighbors_analysis begin
INFO:root:PolygonNeighbors_analysis success
INFO:root:AddField_management success
INFO:root:开始时间:2016-10-21 14:30:04 结束时间:2016-10-21 14:36:36
INFO:root:delete exists ZJJ_DETAIL
INFO:root:PolygonNeighbors_analysis begin
INFO:root:PolygonNeighbors_analysis success
INFO:root:AddField_management success
INFO:root:开始时间:2016-10-22 14:30:04 结束时间:2016-10-22 14:36:40
INFO:root:delete exists ZJJ_DETAIL
INFO:root:PolygonNeighbors_analysis begin
INFO:root:PolygonNeighbors_analysis success
INFO:root:AddField_management success
INFO:root:开始时间:2016-10-23 14:30:04 结束时间:2016-10-23 14:36:42
INFO:root:delete exists ZJJ_DETAIL
INFO:root:PolygonNeighbors_analysis begin
INFO:root:PolygonNeighbors_analysis success
INFO:root:AddField_management success
INFO:root:开始时间:2016-10-24 14:30:04 结束时间:2016-10-24 14:36:39
INFO:root:delete exists ZJJ_DETAIL
INFO:root:PolygonNeighbors_analysis begin
INFO:root:PolygonNeighbors_analysis success
INFO:root:AddField_management success
INFO:root:开始时间:2016-10-25 14:30:04 结束时间:2016-10-25 14:36:34
INFO:root:delete exists ZJJ_DETAIL
INFO:root:PolygonNeighbors_analysis begin
INFO:root:PolygonNeighbors_analysis success
INFO:root:AddField_management success
INFO:root:开始时间:2016-10-26 14:30:04 结束时间:2016-10-26 14:36:42
INFO:root:delete exists ZJJ_DETAIL
INFO:root:PolygonNeighbors_analysis begin
INFO:root:PolygonNeighbors_analysis success
INFO:root:AddField_management success
INFO:root:开始时间:2016-10-27 14:30:04 结束时间:2016-10-27 14:36:36
INFO:root:delete exists ZJJ_DETAIL
INFO:root:PolygonNeighbors_analysis begin
INFO:root:PolygonNeighbors_analysis success
INFO:root:AddField_management success
INFO:root:开始时间:2016-10-28 14:30:05 结束时间:2016-10-28 14:36:12
INFO:root:delete exists ZJJ_DETAIL
INFO:root:PolygonNeighbors_analysis begin
INFO:root:PolygonNeighbors_analysis success
INFO:root:AddField_management success
INFO:root:开始时间:2016-10-29 14:30:04 结束时间:2016-10-29 14:36:31
INFO:root:delete exists ZJJ_DETAIL
INFO:root:PolygonNeighbors_analysis begin
INFO:root:PolygonNeighbors_analysis success
INFO:root:AddField_management success
INFO:root:开始时间:2016-10-30 14:30:04 结束时间:2016-10-30 14:36:47
INFO:root:delete exists ZJJ_DETAIL
INFO:root:PolygonNeighbors_analysis begin
INFO:root:PolygonNeighbors_analysis success
INFO:root:AddField_management success
INFO:root:开始时间:2016-10-31 14:30:04 结束时间:2016-10-31 14:36:30
INFO:root:delete exists ZJJ_DETAIL
INFO:root:PolygonNeighbors_analysis begin
INFO:root:PolygonNeighbors_analysis success
INFO:root:AddField_management success
INFO:root:开始时间:2016-11-01 14:30:04 结束时间:2016-11-01 14:36:45
INFO:root:delete exists ZJJ_DETAIL
INFO:root:PolygonNeighbors_analysis begin
INFO:root:PolygonNeighbors_analysis success
INFO:root:AddField_management success
INFO:root:开始时间:2016-11-02 14:30:04 结束时间:2016-11-02 14:36:44
INFO:root:delete exists ZJJ_DETAIL
INFO:root:PolygonNeighbors_analysis begin
INFO:root:PolygonNeighbors_analysis success
INFO:root:AddField_management success
INFO:root:开始时间:2016-11-03 14:30:04 结束时间:2016-11-03 14:36:46
INFO:root:delete exists ZJJ_DETAIL
INFO:root:PolygonNeighbors_analysis begin
INFO:root:PolygonNeighbors_analysis success
INFO:root:AddField_management success
INFO:root:开始时间:2016-11-04 14:30:04 结束时间:2016-11-04 14:36:28
INFO:root:delete exists ZJJ_DETAIL
INFO:root:PolygonNeighbors_analysis begin
INFO:root:PolygonNeighbors_analysis success
INFO:root:AddField_management success
INFO:root:开始时间:2016-11-05 14:30:04 结束时间:2016-11-05 14:36:51
INFO:root:delete exists ZJJ_DETAIL
INFO:root:PolygonNeighbors_analysis begin
INFO:root:PolygonNeighbors_analysis success
INFO:root:AddField_management success
INFO:root:开始时间:2016-11-06 14:30:04 结束时间:2016-11-06 14:36:44
INFO:root:delete exists ZJJ_DETAIL
INFO:root:PolygonNeighbors_analysis begin
INFO:root:PolygonNeighbors_analysis success
INFO:root:AddField_management success
INFO:root:开始时间:2016-11-07 14:30:04 结束时间:2016-11-07 14:37:03
INFO:root:delete exists ZJJ_DETAIL
INFO:root:PolygonNeighbors_analysis begin
INFO:root:PolygonNeighbors_analysis success
INFO:root:AddField_management success
INFO:root:开始时间:2016-11-08 14:30:04 结束时间:2016-11-08 14:36:48
INFO:root:delete exists ZJJ_DETAIL
INFO:root:PolygonNeighbors_analysis begin
INFO:root:PolygonNeighbors_analysis success
INFO:root:AddField_management success
INFO:root:开始时间:2016-11-09 14:30:04 结束时间:2016-11-09 14:36:50
INFO:root:delete exists ZJJ_DETAIL
INFO:root:PolygonNeighbors_analysis begin
INFO:root:PolygonNeighbors_analysis success
INFO:root:AddField_management success
INFO:root:开始时间:2016-11-10 14:30:04 结束时间:2016-11-10 14:36:49
INFO:root:delete exists ZJJ_DETAIL
INFO:root:PolygonNeighbors_analysis begin
INFO:root:PolygonNeighbors_analysis success
INFO:root:AddField_management success
INFO:root:开始时间:2016-11-11 14:30:04 结束时间:2016-11-11 14:36:47
INFO:root:delete exists ZJJ_DETAIL
INFO:root:PolygonNeighbors_analysis begin
INFO:root:PolygonNeighbors_analysis success
INFO:root:AddField_management success
INFO:root:开始时间:2016-11-12 14:30:04 结束时间:2016-11-12 14:36:36
INFO:root:delete exists ZJJ_DETAIL
INFO:root:PolygonNeighbors_analysis begin
INFO:root:PolygonNeighbors_analysis success
INFO:root:AddField_management success
INFO:root:开始时间:2016-11-13 14:30:04 结束时间:2016-11-13 14:36:58
INFO:root:delete exists ZJJ_DETAIL
INFO:root:PolygonNeighbors_analysis begin
INFO:root:PolygonNeighbors_analysis success
INFO:root:AddField_management success
INFO:root:开始时间:2016-11-14 14:30:04 结束时间:2016-11-14 14:36:34
INFO:root:delete exists ZJJ_DETAIL
INFO:root:PolygonNeighbors_analysis begin
INFO:root:PolygonNeighbors_analysis success
INFO:root:AddField_management success
INFO:root:开始时间:2016-11-15 14:30:04 结束时间:2016-11-15 14:36:53
INFO:root:delete exists ZJJ_DETAIL
INFO:root:PolygonNeighbors_analysis begin
ERROR:root:ERROR 000210: 无法创建输出 C:\Users\Administrator\AppData\Roaming\ESRI\Desktop10.3\ArcCatalog\JGYH_SQL97.sde\JGYH.DBO.GIS_CELL_TSSPOLY_LTE_D20161114
执行(PolygonNeighbors)失败。

INFO:root:delete exists ZJJ_DETAIL
INFO:root:PolygonNeighbors_analysis begin
INFO:root:PolygonNeighbors_analysis success
INFO:root:AddField_management success
INFO:root:开始时间:2016-11-17 14:30:04 结束时间:2016-11-17 14:36:52
INFO:root:delete exists ZJJ_DETAIL
INFO:root:PolygonNeighbors_analysis begin
INFO:root:PolygonNeighbors_analysis success
INFO:root:AddField_management success
INFO:root:开始时间:2016-11-18 14:30:04 结束时间:2016-11-18 14:36:38
INFO:root:delete exists ZJJ_DETAIL
INFO:root:PolygonNeighbors_analysis begin
INFO:root:PolygonNeighbors_analysis success
INFO:root:AddField_management success
INFO:root:开始时间:2016-11-19 14:30:04 结束时间:2016-11-19 14:36:49
INFO:root:delete exists ZJJ_DETAIL
INFO:root:PolygonNeighbors_analysis begin
INFO:root:PolygonNeighbors_analysis success
INFO:root:AddField_management success
INFO:root:开始时间:2016-11-20 14:30:04 结束时间:2016-11-20 14:36:53
INFO:root:delete exists ZJJ_DETAIL
INFO:root:PolygonNeighbors_analysis begin
INFO:root:PolygonNeighbors_analysis success
INFO:root:AddField_management success
INFO:root:开始时间:2016-11-21 14:30:04 结束时间:2016-11-21 14:36:36
INFO:root:delete exists ZJJ_DETAIL
INFO:root:PolygonNeighbors_analysis begin
INFO:root:PolygonNeighbors_analysis success
INFO:root:AddField_management success
INFO:root:开始时间:2016-11-22 14:30:04 结束时间:2016-11-22 14:36:50
INFO:root:delete exists ZJJ_DETAIL
INFO:root:PolygonNeighbors_analysis begin
INFO:root:PolygonNeighbors_analysis success
INFO:root:AddField_management success
INFO:root:开始时间:2016-11-23 14:30:04 结束时间:2016-11-23 14:36:59
INFO:root:delete exists ZJJ_DETAIL
INFO:root:PolygonNeighbors_analysis begin
INFO:root:PolygonNeighbors_analysis success
INFO:root:AddField_management success
INFO:root:开始时间:2016-11-24 14:30:04 结束时间:2016-11-24 14:37:00
INFO:root:delete exists ZJJ_DETAIL
INFO:root:PolygonNeighbors_analysis begin
INFO:root:PolygonNeighbors_analysis success
INFO:root:AddField_management success
INFO:root:开始时间:2016-11-25 14:30:04 结束时间:2016-11-25 14:36:44
INFO:root:delete exists ZJJ_DETAIL
INFO:root:PolygonNeighbors_analysis begin
INFO:root:PolygonNeighbors_analysis success
INFO:root:AddField_management success
INFO:root:开始时间:2016-11-26 14:30:04 结束时间:2016-11-26 14:36:47
INFO:root:delete exists ZJJ_DETAIL
INFO:root:PolygonNeighbors_analysis begin
INFO:root:PolygonNeighbors_analysis success
INFO:root:AddField_management success
INFO:root:开始时间:2016-11-27 14:30:04 结束时间:2016-11-27 14:36:52
INFO:root:delete exists ZJJ_DETAIL
INFO:root:PolygonNeighbors_analysis begin
INFO:root:PolygonNeighbors_analysis success
INFO:root:AddField_management success
INFO:root:开始时间:2016-11-28 14:30:04 结束时间:2016-11-28 14:36:46
INFO:root:delete exists ZJJ_DETAIL
INFO:root:PolygonNeighbors_analysis begin
INFO:root:PolygonNeighbors_analysis success
INFO:root:AddField_management success
INFO:root:开始时间:2016-11-29 14:30:04 结束时间:2016-11-29 14:37:03
INFO:root:delete exists ZJJ_DETAIL
INFO:root:PolygonNeighbors_analysis begin
INFO:root:PolygonNeighbors_analysis success
INFO:root:AddField_management success
INFO:root:开始时间:2016-11-30 14:30:04 结束时间:2016-11-30 14:38:36
INFO:root:delete exists ZJJ_DETAIL
INFO:root:PolygonNeighbors_analysis begin
INFO:root:PolygonNeighbors_analysis success
INFO:root:AddField_management success
INFO:root:开始时间:2016-12-01 14:30:04 结束时间:2016-12-01 14:36:48
INFO:root:delete exists ZJJ_DETAIL
INFO:root:PolygonNeighbors_analysis begin
INFO:root:PolygonNeighbors_analysis success
INFO:root:AddField_management success
INFO:root:开始时间:2016-12-02 14:30:04 结束时间:2016-12-02 14:36:43
INFO:root:delete exists ZJJ_DETAIL
INFO:root:PolygonNeighbors_analysis begin
INFO:root:PolygonNeighbors_analysis success
INFO:root:AddField_management success
INFO:root:开始时间:2016-12-03 14:30:04 结束时间:2016-12-03 14:36:55
INFO:root:delete exists ZJJ_DETAIL
INFO:root:PolygonNeighbors_analysis begin
INFO:root:PolygonNeighbors_analysis success
INFO:root:AddField_management success
INFO:root:开始时间:2016-12-04 14:30:04 结束时间:2016-12-04 14:37:01
INFO:root:delete exists ZJJ_DETAIL
INFO:root:PolygonNeighbors_analysis begin
INFO:root:PolygonNeighbors_analysis success
INFO:root:AddField_management success
INFO:root:开始时间:2016-12-05 14:30:04 结束时间:2016-12-05 14:37:01
INFO:root:delete exists ZJJ_DETAIL
INFO:root:PolygonNeighbors_analysis begin
INFO:root:PolygonNeighbors_analysis success
INFO:root:AddField_management success
INFO:root:开始时间:2016-12-06 14:30:04 结束时间:2016-12-06 14:36:41
INFO:root:delete exists ZJJ_DETAIL
INFO:root:PolygonNeighbors_analysis begin
INFO:root:PolygonNeighbors_analysis success
INFO:root:AddField_management success
INFO:root:开始时间:2016-12-07 14:30:04 结束时间:2016-12-07 14:37:04
INFO:root:delete exists ZJJ_DETAIL
INFO:root:PolygonNeighbors_analysis begin
INFO:root:PolygonNeighbors_analysis success
INFO:root:AddField_management success
INFO:root:开始时间:2016-12-08 14:30:04 结束时间:2016-12-08 14:37:07
INFO:root:delete exists ZJJ_DETAIL
INFO:root:PolygonNeighbors_analysis begin
INFO:root:PolygonNeighbors_analysis success
INFO:root:AddField_management success
INFO:root:开始时间:2016-12-09 14:30:04 结束时间:2016-12-09 14:37:13
INFO:root:delete exists ZJJ_DETAIL
INFO:root:PolygonNeighbors_analysis begin
INFO:root:PolygonNeighbors_analysis success
INFO:root:AddField_management success
INFO:root:开始时间:2016-12-10 14:30:04 结束时间:2016-12-10 14:37:06
INFO:root:delete exists ZJJ_DETAIL
INFO:root:PolygonNeighbors_analysis begin
INFO:root:PolygonNeighbors_analysis success
INFO:root:AddField_management success
INFO:root:开始时间:2016-12-11 14:30:05 结束时间:2016-12-11 14:37:18
INFO:root:delete exists ZJJ_DETAIL
INFO:root:PolygonNeighbors_analysis begin
INFO:root:PolygonNeighbors_analysis success
INFO:root:AddField_management success
INFO:root:开始时间:2016-12-12 14:30:05 结束时间:2016-12-12 14:37:10
INFO:root:delete exists ZJJ_DETAIL
INFO:root:PolygonNeighbors_analysis begin
INFO:root:PolygonNeighbors_analysis success
INFO:root:AddField_management success
INFO:root:开始时间:2016-12-13 14:30:04 结束时间:2016-12-13 14:37:25
INFO:root:delete exists ZJJ_DETAIL
INFO:root:PolygonNeighbors_analysis begin
INFO:root:PolygonNeighbors_analysis success
INFO:root:AddField_management success
INFO:root:开始时间:2016-12-14 14:30:04 结束时间:2016-12-14 14:37:06
INFO:root:delete exists ZJJ_DETAIL
INFO:root:PolygonNeighbors_analysis begin
INFO:root:PolygonNeighbors_analysis success
INFO:root:AddField_management success
INFO:root:开始时间:2016-12-15 14:30:04 结束时间:2016-12-15 14:37:26
INFO:root:delete exists ZJJ_DETAIL
INFO:root:PolygonNeighbors_analysis begin
INFO:root:PolygonNeighbors_analysis success
INFO:root:AddField_management success
INFO:root:开始时间:2016-12-16 14:30:05 结束时间:2016-12-16 14:37:26
INFO:root:delete exists ZJJ_DETAIL
INFO:root:PolygonNeighbors_analysis begin
INFO:root:PolygonNeighbors_analysis success
INFO:root:AddField_management success
INFO:root:开始时间:2016-12-17 14:30:04 结束时间:2016-12-17 14:36:44
ERROR:root:“C:\Users\Administrator\AppData\Roaming\ESRI\Desktop10.3\ArcCatalog\WangYouCellThiess60.sde\WangYouCellThiess.DBO.GIS_CELL_TSSPOLY_LTE20161216”不存在
INFO:root:delete exists ZJJ_DETAIL
INFO:root:PolygonNeighbors_analysis begin
INFO:root:PolygonNeighbors_analysis success
INFO:root:AddField_management success
INFO:root:开始时间:2016-12-19 14:30:04 结束时间:2016-12-19 14:36:51
INFO:root:delete exists ZJJ_DETAIL
INFO:root:PolygonNeighbors_analysis begin
INFO:root:PolygonNeighbors_analysis success
INFO:root:AddField_management success
INFO:root:开始时间:2016-12-20 14:30:04 结束时间:2016-12-20 14:37:11
INFO:root:delete exists ZJJ_DETAIL
INFO:root:PolygonNeighbors_analysis begin
INFO:root:PolygonNeighbors_analysis success
INFO:root:AddField_management success
INFO:root:开始时间:2016-12-21 14:30:05 结束时间:2016-12-21 14:37:01
INFO:root:delete exists ZJJ_DETAIL
INFO:root:PolygonNeighbors_analysis begin
INFO:root:PolygonNeighbors_analysis success
INFO:root:AddField_management success
INFO:root:开始时间:2016-12-22 14:30:05 结束时间:2016-12-22 14:37:16
INFO:root:delete exists ZJJ_DETAIL
INFO:root:PolygonNeighbors_analysis begin
INFO:root:PolygonNeighbors_analysis success
INFO:root:AddField_management success
INFO:root:开始时间:2016-12-23 14:30:04 结束时间:2016-12-23 14:37:28
ERROR:root:“C:\Users\Administrator\AppData\Roaming\ESRI\Desktop10.3\ArcCatalog\WangYouCellThiess60.sde\WangYouCellThiess.DBO.GIS_CELL_TSSPOLY_LTE20161222”不存在
INFO:root:delete exists ZJJ_DETAIL
INFO:root:PolygonNeighbors_analysis begin
INFO:root:PolygonNeighbors_analysis success
INFO:root:AddField_management success
INFO:root:开始时间:2016-12-25 14:30:04 结束时间:2016-12-25 14:36:57
INFO:root:delete exists ZJJ_DETAIL
INFO:root:PolygonNeighbors_analysis begin
INFO:root:PolygonNeighbors_analysis success
INFO:root:AddField_management success
INFO:root:开始时间:2016-12-26 14:30:05 结束时间:2016-12-26 14:37:37
INFO:root:delete exists ZJJ_DETAIL
INFO:root:PolygonNeighbors_analysis begin
INFO:root:PolygonNeighbors_analysis success
INFO:root:AddField_management success
INFO:root:开始时间:2016-12-27 14:30:05 结束时间:2016-12-27 14:37:36
INFO:root:delete exists ZJJ_DETAIL
INFO:root:PolygonNeighbors_analysis begin
INFO:root:PolygonNeighbors_analysis success
INFO:root:AddField_management success
INFO:root:开始时间:2016-12-28 14:30:04 结束时间:2016-12-28 14:37:48
INFO:root:delete exists ZJJ_DETAIL
INFO:root:PolygonNeighbors_analysis begin
INFO:root:PolygonNeighbors_analysis success
INFO:root:AddField_management success
INFO:root:开始时间:2016-12-29 14:30:04 结束时间:2016-12-29 14:37:43
INFO:root:delete exists ZJJ_DETAIL
INFO:root:PolygonNeighbors_analysis begin
INFO:root:PolygonNeighbors_analysis success
INFO:root:AddField_management success
INFO:root:开始时间:2016-12-30 14:30:05 结束时间:2016-12-30 14:37:46
INFO:root:delete exists ZJJ_DETAIL
INFO:root:PolygonNeighbors_analysis begin
INFO:root:PolygonNeighbors_analysis success
INFO:root:AddField_management success
INFO:root:开始时间:2016-12-31 14:30:04 结束时间:2016-12-31 14:37:38
INFO:root:delete exists ZJJ_DETAIL
INFO:root:PolygonNeighbors_analysis begin
INFO:root:PolygonNeighbors_analysis success
INFO:root:AddField_management success
INFO:root:开始时间:2017-01-01 14:30:04 结束时间:2017-01-01 14:37:40
ERROR:root:“C:\Users\Administrator\AppData\Roaming\ESRI\Desktop10.3\ArcCatalog\WangYouCellThiess60.sde\WangYouCellThiess.DBO.GIS_CELL_TSSPOLY_LTE20161231”不存在
INFO:root:delete exists ZJJ_DETAIL
INFO:root:PolygonNeighbors_analysis begin
INFO:root:PolygonNeighbors_analysis success
INFO:root:AddField_management success
INFO:root:开始时间:2017-01-03 14:30:04 结束时间:2017-01-03 14:37:58
INFO:root:delete exists ZJJ_DETAIL
INFO:root:PolygonNeighbors_analysis begin
INFO:root:PolygonNeighbors_analysis success
INFO:root:AddField_management success
INFO:root:开始时间:2017-01-04 14:30:04 结束时间:2017-01-04 14:37:42
INFO:root:delete exists ZJJ_DETAIL
INFO:root:PolygonNeighbors_analysis begin
INFO:root:PolygonNeighbors_analysis success
INFO:root:AddField_management success
INFO:root:开始时间:2017-01-05 14:30:04 结束时间:2017-01-05 14:37:51
INFO:root:delete exists ZJJ_DETAIL
INFO:root:PolygonNeighbors_analysis begin
INFO:root:PolygonNeighbors_analysis success
INFO:root:AddField_management success
INFO:root:开始时间:2017-01-06 14:30:04 结束时间:2017-01-06 14:37:46
INFO:root:delete exists ZJJ_DETAIL
INFO:root:PolygonNeighbors_analysis begin
INFO:root:PolygonNeighbors_analysis success
INFO:root:AddField_management success
INFO:root:开始时间:2017-01-07 14:30:05 结束时间:2017-01-07 14:37:51
INFO:root:delete exists ZJJ_DETAIL
INFO:root:PolygonNeighbors_analysis begin
INFO:root:PolygonNeighbors_analysis success
INFO:root:AddField_management success
INFO:root:开始时间:2017-01-08 14:30:04 结束时间:2017-01-08 14:37:50
INFO:root:delete exists ZJJ_DETAIL
INFO:root:PolygonNeighbors_analysis begin
INFO:root:PolygonNeighbors_analysis success
INFO:root:AddField_management success
INFO:root:开始时间:2017-01-09 14:30:06 结束时间:2017-01-09 14:37:26
INFO:root:delete exists ZJJ_DETAIL
INFO:root:PolygonNeighbors_analysis begin
INFO:root:PolygonNeighbors_analysis success
INFO:root:AddField_management success
INFO:root:开始时间:2017-01-10 14:30:05 结束时间:2017-01-10 14:37:47
INFO:root:delete exists ZJJ_DETAIL
INFO:root:PolygonNeighbors_analysis begin
INFO:root:PolygonNeighbors_analysis success
INFO:root:AddField_management success
INFO:root:开始时间:2017-01-11 14:30:04 结束时间:2017-01-11 14:37:25
INFO:root:delete exists ZJJ_DETAIL
INFO:root:PolygonNeighbors_analysis begin
INFO:root:PolygonNeighbors_analysis success
INFO:root:AddField_management success
INFO:root:开始时间:2017-01-12 14:30:08 结束时间:2017-01-12 14:38:01
INFO:root:delete exists ZJJ_DETAIL
INFO:root:PolygonNeighbors_analysis begin
INFO:root:PolygonNeighbors_analysis success
INFO:root:AddField_management success
INFO:root:开始时间:2017-01-13 14:30:08 结束时间:2017-01-13 14:38:01
INFO:root:delete exists ZJJ_DETAIL
INFO:root:PolygonNeighbors_analysis begin
INFO:root:PolygonNeighbors_analysis success
INFO:root:AddField_management success
INFO:root:开始时间:2017-01-14 14:30:06 结束时间:2017-01-14 14:38:01
INFO:root:delete exists ZJJ_DETAIL
INFO:root:PolygonNeighbors_analysis begin
INFO:root:PolygonNeighbors_analysis success
INFO:root:AddField_management success
INFO:root:开始时间:2017-01-15 14:30:06 结束时间:2017-01-15 14:37:17
INFO:root:delete exists ZJJ_DETAIL
INFO:root:PolygonNeighbors_analysis begin
INFO:root:PolygonNeighbors_analysis success
INFO:root:AddField_management success
INFO:root:开始时间:2017-01-16 14:30:07 结束时间:2017-01-16 14:37:57
INFO:root:delete exists ZJJ_DETAIL
INFO:root:PolygonNeighbors_analysis begin
INFO:root:PolygonNeighbors_analysis success
INFO:root:AddField_management success
INFO:root:开始时间:2017-01-17 14:30:08 结束时间:2017-01-17 14:38:14
INFO:root:delete exists ZJJ_DETAIL
INFO:root:PolygonNeighbors_analysis begin
INFO:root:PolygonNeighbors_analysis success
INFO:root:AddField_management success
INFO:root:开始时间:2017-01-18 14:30:04 结束时间:2017-01-18 14:38:09
INFO:root:delete exists ZJJ_DETAIL
INFO:root:PolygonNeighbors_analysis begin
INFO:root:PolygonNeighbors_analysis success
INFO:root:AddField_management success
INFO:root:开始时间:2017-01-19 14:30:05 结束时间:2017-01-19 14:38:08
INFO:root:delete exists ZJJ_DETAIL
INFO:root:PolygonNeighbors_analysis begin
INFO:root:PolygonNeighbors_analysis success
INFO:root:AddField_management success
INFO:root:开始时间:2017-01-20 14:30:08 结束时间:2017-01-20 14:38:05
INFO:root:delete exists ZJJ_DETAIL
INFO:root:PolygonNeighbors_analysis begin
INFO:root:PolygonNeighbors_analysis success
INFO:root:AddField_management success
INFO:root:开始时间:2017-01-21 14:30:06 结束时间:2017-01-21 14:37:20
INFO:root:delete exists ZJJ_DETAIL
INFO:root:PolygonNeighbors_analysis begin
INFO:root:PolygonNeighbors_analysis success
INFO:root:AddField_management success
INFO:root:开始时间:2017-01-22 14:30:04 结束时间:2017-01-22 14:37:51
INFO:root:delete exists ZJJ_DETAIL
INFO:root:PolygonNeighbors_analysis begin
INFO:root:PolygonNeighbors_analysis success
INFO:root:AddField_management success
INFO:root:开始时间:2017-01-23 14:30:04 结束时间:2017-01-23 14:37:55
INFO:root:delete exists ZJJ_DETAIL
INFO:root:PolygonNeighbors_analysis begin
INFO:root:PolygonNeighbors_analysis success
INFO:root:AddField_management success
INFO:root:开始时间:2017-01-24 14:30:05 结束时间:2017-01-24 14:37:48
INFO:root:delete exists ZJJ_DETAIL
INFO:root:PolygonNeighbors_analysis begin
INFO:root:PolygonNeighbors_analysis success
INFO:root:AddField_management success
INFO:root:开始时间:2017-01-25 14:30:04 结束时间:2017-01-25 14:38:08
INFO:root:delete exists ZJJ_DETAIL
INFO:root:PolygonNeighbors_analysis begin
INFO:root:PolygonNeighbors_analysis success
INFO:root:AddField_management success
INFO:root:开始时间:2017-01-26 14:30:04 结束时间:2017-01-26 14:38:13
INFO:root:delete exists ZJJ_DETAIL
INFO:root:PolygonNeighbors_analysis begin
INFO:root:PolygonNeighbors_analysis success
INFO:root:AddField_management success
INFO:root:开始时间:2017-01-27 14:30:04 结束时间:2017-01-27 14:37:59
INFO:root:delete exists ZJJ_DETAIL
INFO:root:PolygonNeighbors_analysis begin
INFO:root:PolygonNeighbors_analysis success
INFO:root:AddField_management success
INFO:root:开始时间:2017-01-28 14:30:04 结束时间:2017-01-28 14:38:19
INFO:root:delete exists ZJJ_DETAIL
INFO:root:PolygonNeighbors_analysis begin
INFO:root:PolygonNeighbors_analysis success
INFO:root:AddField_management success
INFO:root:开始时间:2017-01-29 14:30:04 结束时间:2017-01-29 14:38:25
INFO:root:delete exists ZJJ_DETAIL
INFO:root:PolygonNeighbors_analysis begin
INFO:root:PolygonNeighbors_analysis success
INFO:root:AddField_management success
INFO:root:开始时间:2017-01-30 14:30:04 结束时间:2017-01-30 14:38:21
INFO:root:delete exists ZJJ_DETAIL
INFO:root:PolygonNeighbors_analysis begin
INFO:root:PolygonNeighbors_analysis success
INFO:root:AddField_management success
INFO:root:开始时间:2017-01-31 14:30:04 结束时间:2017-01-31 14:38:20
INFO:root:delete exists ZJJ_DETAIL
INFO:root:PolygonNeighbors_analysis begin
INFO:root:PolygonNeighbors_analysis success
INFO:root:AddField_management success
INFO:root:开始时间:2017-02-01 14:30:04 结束时间:2017-02-01 14:38:29
INFO:root:delete exists ZJJ_DETAIL
INFO:root:PolygonNeighbors_analysis begin
INFO:root:PolygonNeighbors_analysis success
INFO:root:AddField_management success
INFO:root:开始时间:2017-02-02 14:30:04 结束时间:2017-02-02 14:38:22
INFO:root:delete exists ZJJ_DETAIL
INFO:root:PolygonNeighbors_analysis begin
INFO:root:PolygonNeighbors_analysis success
INFO:root:AddField_management success
INFO:root:开始时间:2017-02-03 14:30:04 结束时间:2017-02-03 14:38:26
INFO:root:delete exists ZJJ_DETAIL
INFO:root:PolygonNeighbors_analysis begin
INFO:root:PolygonNeighbors_analysis success
INFO:root:AddField_management success
INFO:root:开始时间:2017-02-04 14:30:07 结束时间:2017-02-04 14:38:27
INFO:root:delete exists ZJJ_DETAIL
INFO:root:PolygonNeighbors_analysis begin
INFO:root:PolygonNeighbors_analysis success
INFO:root:AddField_management success
INFO:root:开始时间:2017-02-05 14:30:06 结束时间:2017-02-05 14:38:18
INFO:root:delete exists ZJJ_DETAIL
INFO:root:PolygonNeighbors_analysis begin
INFO:root:PolygonNeighbors_analysis success
INFO:root:AddField_management success
INFO:root:开始时间:2017-02-06 14:30:08 结束时间:2017-02-06 14:38:26
INFO:root:delete exists ZJJ_DETAIL
INFO:root:PolygonNeighbors_analysis begin
INFO:root:PolygonNeighbors_analysis success
INFO:root:AddField_management success
INFO:root:开始时间:2017-02-07 14:30:10 结束时间:2017-02-07 14:38:43
INFO:root:delete exists ZJJ_DETAIL
INFO:root:PolygonNeighbors_analysis begin
INFO:root:PolygonNeighbors_analysis success
INFO:root:AddField_management success
INFO:root:开始时间:2017-02-08 14:30:04 结束时间:2017-02-08 14:38:14
INFO:root:delete exists ZJJ_DETAIL
INFO:root:PolygonNeighbors_analysis begin
INFO:root:PolygonNeighbors_analysis success
INFO:root:AddField_management success
INFO:root:开始时间:2017-02-09 14:30:04 结束时间:2017-02-09 14:38:16
INFO:root:delete exists ZJJ_DETAIL
INFO:root:PolygonNeighbors_analysis begin
INFO:root:PolygonNeighbors_analysis success
INFO:root:AddField_management success
INFO:root:开始时间:2017-02-10 14:30:09 结束时间:2017-02-10 14:38:43
INFO:root:delete exists ZJJ_DETAIL
INFO:root:PolygonNeighbors_analysis begin
INFO:root:PolygonNeighbors_analysis success
INFO:root:AddField_management success
INFO:root:开始时间:2017-02-11 14:30:07 结束时间:2017-02-11 14:38:43
INFO:root:delete exists ZJJ_DETAIL
INFO:root:PolygonNeighbors_analysis begin
INFO:root:PolygonNeighbors_analysis success
INFO:root:AddField_management success
INFO:root:开始时间:2017-02-12 14:30:11 结束时间:2017-02-12 14:38:35
INFO:root:delete exists ZJJ_DETAIL
INFO:root:PolygonNeighbors_analysis begin
INFO:root:PolygonNeighbors_analysis success
INFO:root:AddField_management success
INFO:root:开始时间:2017-02-13 14:30:08 结束时间:2017-02-13 14:38:41
INFO:root:delete exists ZJJ_DETAIL
INFO:root:PolygonNeighbors_analysis begin
INFO:root:PolygonNeighbors_analysis success
INFO:root:AddField_management success
INFO:root:开始时间:2017-02-14 14:30:04 结束时间:2017-02-14 14:38:17
ERROR:root:“C:\Users\Administrator\AppData\Roaming\ESRI\Desktop10.3\ArcCatalog\WangYouCellThiess60.sde\WangYouCellThiess.DBO.GIS_CELL_TSSPOLY_LTE20170213”不存在
INFO:root:delete exists ZJJ_DETAIL
INFO:root:PolygonNeighbors_analysis begin
INFO:root:PolygonNeighbors_analysis success
INFO:root:AddField_management success
INFO:root:开始时间:2017-02-16 14:30:04 结束时间:2017-02-16 14:38:29
INFO:root:delete exists ZJJ_DETAIL
INFO:root:PolygonNeighbors_analysis begin
INFO:root:PolygonNeighbors_analysis success
INFO:root:AddField_management success
INFO:root:开始时间:2017-02-17 14:30:07 结束时间:2017-02-17 14:37:48
INFO:root:delete exists ZJJ_DETAIL
INFO:root:PolygonNeighbors_analysis begin
INFO:root:PolygonNeighbors_analysis success
INFO:root:AddField_management success
INFO:root:开始时间:2017-02-18 14:30:06 结束时间:2017-02-18 14:38:29
INFO:root:delete exists ZJJ_DETAIL
INFO:root:PolygonNeighbors_analysis begin
INFO:root:PolygonNeighbors_analysis success
INFO:root:AddField_management success
INFO:root:开始时间:2017-02-19 14:30:05 结束时间:2017-02-19 14:38:14
INFO:root:delete exists ZJJ_DETAIL
INFO:root:PolygonNeighbors_analysis begin
INFO:root:PolygonNeighbors_analysis success
INFO:root:AddField_management success
INFO:root:开始时间:2017-02-20 14:30:05 结束时间:2017-02-20 14:38:37
INFO:root:delete exists ZJJ_DETAIL
INFO:root:PolygonNeighbors_analysis begin
INFO:root:PolygonNeighbors_analysis success
INFO:root:AddField_management success
INFO:root:开始时间:2017-02-21 14:30:12 结束时间:2017-02-21 14:38:54
INFO:root:delete exists ZJJ_DETAIL
INFO:root:PolygonNeighbors_analysis begin
INFO:root:PolygonNeighbors_analysis success
INFO:root:AddField_management success
INFO:root:开始时间:2017-02-22 14:30:05 结束时间:2017-02-22 14:38:36
INFO:root:delete exists ZJJ_DETAIL
INFO:root:PolygonNeighbors_analysis begin
INFO:root:PolygonNeighbors_analysis success
INFO:root:AddField_management success
INFO:root:开始时间:2017-02-23 14:30:04 结束时间:2017-02-23 14:38:48
INFO:root:delete exists ZJJ_DETAIL
INFO:root:PolygonNeighbors_analysis begin
INFO:root:PolygonNeighbors_analysis success
INFO:root:AddField_management success
INFO:root:开始时间:2017-02-24 14:30:05 结束时间:2017-02-24 14:38:39
INFO:root:delete exists ZJJ_DETAIL
INFO:root:PolygonNeighbors_analysis begin
INFO:root:PolygonNeighbors_analysis success
INFO:root:AddField_management success
INFO:root:开始时间:2017-02-25 14:30:04 结束时间:2017-02-25 14:38:32
INFO:root:delete exists ZJJ_DETAIL
INFO:root:PolygonNeighbors_analysis begin
INFO:root:PolygonNeighbors_analysis success
INFO:root:AddField_management success
INFO:root:开始时间:2017-02-26 14:30:04 结束时间:2017-02-26 14:38:48
INFO:root:delete exists ZJJ_DETAIL
INFO:root:PolygonNeighbors_analysis begin
INFO:root:PolygonNeighbors_analysis success
INFO:root:AddField_management success
INFO:root:开始时间:2017-02-27 14:30:05 结束时间:2017-02-27 14:38:38
INFO:root:delete exists ZJJ_DETAIL
INFO:root:PolygonNeighbors_analysis begin
INFO:root:PolygonNeighbors_analysis success
INFO:root:AddField_management success
INFO:root:开始时间:2017-02-28 14:30:04 结束时间:2017-02-28 14:39:15
INFO:root:delete exists ZJJ_DETAIL
INFO:root:PolygonNeighbors_analysis begin
INFO:root:PolygonNeighbors_analysis success
INFO:root:AddField_management success
INFO:root:开始时间:2017-03-01 14:30:05 结束时间:2017-03-01 14:38:39
INFO:root:delete exists ZJJ_DETAIL
INFO:root:PolygonNeighbors_analysis begin
INFO:root:PolygonNeighbors_analysis success
INFO:root:AddField_management success
INFO:root:开始时间:2017-03-02 14:30:04 结束时间:2017-03-02 14:38:49
ERROR:root:“C:\Users\Administrator\AppData\Roaming\ESRI\Desktop10.3\ArcCatalog\WangYouCellThiess60.sde\WangYouCellThiess.DBO.GIS_CELL_TSSPOLY_LTE20170301”不存在
INFO:root:delete exists ZJJ_DETAIL
INFO:root:PolygonNeighbors_analysis begin
INFO:root:PolygonNeighbors_analysis success
INFO:root:AddField_management success
INFO:root:开始时间:2017-03-04 14:30:04 结束时间:2017-03-04 14:38:24
INFO:root:delete exists ZJJ_DETAIL
INFO:root:PolygonNeighbors_analysis begin
INFO:root:PolygonNeighbors_analysis success
INFO:root:AddField_management success
INFO:root:开始时间:2017-03-05 14:30:04 结束时间:2017-03-05 14:37:56
INFO:root:delete exists ZJJ_DETAIL
INFO:root:PolygonNeighbors_analysis begin
INFO:root:PolygonNeighbors_analysis success
INFO:root:AddField_management success
INFO:root:开始时间:2017-03-06 14:30:04 结束时间:2017-03-06 14:39:03
INFO:root:delete exists ZJJ_DETAIL
INFO:root:PolygonNeighbors_analysis begin
INFO:root:PolygonNeighbors_analysis success
INFO:root:AddField_management success
INFO:root:开始时间:2017-03-07 14:30:04 结束时间:2017-03-07 14:39:00
INFO:root:delete exists ZJJ_DETAIL
INFO:root:PolygonNeighbors_analysis begin
INFO:root:PolygonNeighbors_analysis success
INFO:root:AddField_management success
INFO:root:开始时间:2017-03-08 14:30:05 结束时间:2017-03-08 14:38:24
INFO:root:delete exists ZJJ_DETAIL
INFO:root:PolygonNeighbors_analysis begin
INFO:root:PolygonNeighbors_analysis success
INFO:root:AddField_management success
INFO:root:开始时间:2017-03-09 14:30:04 结束时间:2017-03-09 14:38:13
INFO:root:delete exists ZJJ_DETAIL
INFO:root:PolygonNeighbors_analysis begin
INFO:root:PolygonNeighbors_analysis success
INFO:root:AddField_management success
INFO:root:开始时间:2017-03-10 14:30:07 结束时间:2017-03-10 14:38:18
INFO:root:delete exists ZJJ_DETAIL
INFO:root:PolygonNeighbors_analysis begin
INFO:root:PolygonNeighbors_analysis success
INFO:root:AddField_management success
INFO:root:开始时间:2017-03-11 14:30:04 结束时间:2017-03-11 14:38:26
INFO:root:delete exists ZJJ_DETAIL
INFO:root:PolygonNeighbors_analysis begin
INFO:root:PolygonNeighbors_analysis success
INFO:root:AddField_management success
INFO:root:开始时间:2017-03-12 14:30:04 结束时间:2017-03-12 14:38:15
INFO:root:delete exists ZJJ_DETAIL
INFO:root:PolygonNeighbors_analysis begin
INFO:root:PolygonNeighbors_analysis success
INFO:root:AddField_management success
INFO:root:开始时间:2017-03-13 14:30:04 结束时间:2017-03-13 14:38:24
INFO:root:delete exists ZJJ_DETAIL
INFO:root:PolygonNeighbors_analysis begin
INFO:root:PolygonNeighbors_analysis success
INFO:root:AddField_management success
INFO:root:开始时间:2017-03-14 14:30:05 结束时间:2017-03-14 14:38:22
INFO:root:delete exists ZJJ_DETAIL
INFO:root:PolygonNeighbors_analysis begin
INFO:root:PolygonNeighbors_analysis success
INFO:root:AddField_management success
INFO:root:开始时间:2017-03-15 14:30:04 结束时间:2017-03-15 14:38:18
ERROR:root:“C:\Users\Administrator\AppData\Roaming\ESRI\Desktop10.3\ArcCatalog\WangYouCellThiess60.sde\WangYouCellThiess.DBO.GIS_CELL_TSSPOLY_LTE20170314”不存在
INFO:root:delete exists ZJJ_DETAIL
INFO:root:PolygonNeighbors_analysis begin
INFO:root:PolygonNeighbors_analysis success
INFO:root:AddField_management success
INFO:root:开始时间:2017-03-17 14:30:04 结束时间:2017-03-17 14:38:17
INFO:root:delete exists ZJJ_DETAIL
INFO:root:PolygonNeighbors_analysis begin
INFO:root:PolygonNeighbors_analysis success
INFO:root:AddField_management success
INFO:root:开始时间:2017-03-18 14:30:04 结束时间:2017-03-18 14:38:17
INFO:root:delete exists ZJJ_DETAIL
INFO:root:PolygonNeighbors_analysis begin
INFO:root:PolygonNeighbors_analysis success
INFO:root:AddField_management success
INFO:root:开始时间:2017-03-19 14:30:04 结束时间:2017-03-19 14:38:16
INFO:root:delete exists ZJJ_DETAIL
INFO:root:PolygonNeighbors_analysis begin
INFO:root:PolygonNeighbors_analysis success
INFO:root:AddField_management success
INFO:root:开始时间:2017-03-20 14:30:04 结束时间:2017-03-20 14:38:20
INFO:root:delete exists ZJJ_DETAIL
INFO:root:PolygonNeighbors_analysis begin
INFO:root:PolygonNeighbors_analysis success
INFO:root:AddField_management success
INFO:root:开始时间:2017-03-21 14:30:04 结束时间:2017-03-21 14:38:32
INFO:root:delete exists ZJJ_DETAIL
INFO:root:PolygonNeighbors_analysis begin
INFO:root:PolygonNeighbors_analysis success
INFO:root:AddField_management success
INFO:root:开始时间:2017-03-22 14:30:04 结束时间:2017-03-22 14:38:22
INFO:root:delete exists ZJJ_DETAIL
INFO:root:PolygonNeighbors_analysis begin
INFO:root:PolygonNeighbors_analysis success
INFO:root:AddField_management success
INFO:root:开始时间:2017-03-23 14:30:05 结束时间:2017-03-23 14:39:48
INFO:root:delete exists ZJJ_DETAIL
INFO:root:PolygonNeighbors_analysis begin
INFO:root:PolygonNeighbors_analysis success
INFO:root:AddField_management success
INFO:root:开始时间:2017-03-24 14:30:04 结束时间:2017-03-24 14:38:30
INFO:root:delete exists ZJJ_DETAIL
INFO:root:PolygonNeighbors_analysis begin
INFO:root:PolygonNeighbors_analysis success
INFO:root:AddField_management success
INFO:root:开始时间:2017-03-25 14:30:04 结束时间:2017-03-25 14:38:40
INFO:root:delete exists ZJJ_DETAIL
INFO:root:PolygonNeighbors_analysis begin
INFO:root:PolygonNeighbors_analysis success
INFO:root:AddField_management success
INFO:root:开始时间:2017-03-26 14:30:04 结束时间:2017-03-26 14:38:36
INFO:root:delete exists ZJJ_DETAIL
INFO:root:PolygonNeighbors_analysis begin
INFO:root:PolygonNeighbors_analysis success
INFO:root:AddField_management success
INFO:root:开始时间:2017-03-27 14:30:04 结束时间:2017-03-27 14:38:27
INFO:root:delete exists ZJJ_DETAIL
INFO:root:PolygonNeighbors_analysis begin
INFO:root:PolygonNeighbors_analysis success
INFO:root:AddField_management success
INFO:root:开始时间:2017-03-28 14:30:04 结束时间:2017-03-28 14:38:26
INFO:root:delete exists ZJJ_DETAIL
INFO:root:PolygonNeighbors_analysis begin
INFO:root:PolygonNeighbors_analysis success
INFO:root:AddField_management success
INFO:root:开始时间:2017-03-29 14:30:04 结束时间:2017-03-29 14:38:35
INFO:root:delete exists ZJJ_DETAIL
INFO:root:PolygonNeighbors_analysis begin
INFO:root:PolygonNeighbors_analysis success
INFO:root:AddField_management success
INFO:root:开始时间:2017-03-30 14:30:04 结束时间:2017-03-30 14:38:32
INFO:root:delete exists ZJJ_DETAIL
INFO:root:PolygonNeighbors_analysis begin
INFO:root:PolygonNeighbors_analysis success
INFO:root:AddField_management success
INFO:root:开始时间:2017-03-31 14:30:04 结束时间:2017-03-31 14:38:36
INFO:root:delete exists ZJJ_DETAIL
INFO:root:PolygonNeighbors_analysis begin
INFO:root:PolygonNeighbors_analysis success
INFO:root:AddField_management success
INFO:root:开始时间:2017-04-01 14:30:04 结束时间:2017-04-01 14:38:45
INFO:root:delete exists ZJJ_DETAIL
INFO:root:PolygonNeighbors_analysis begin
INFO:root:PolygonNeighbors_analysis success
INFO:root:AddField_management success
INFO:root:开始时间:2017-04-02 14:30:04 结束时间:2017-04-02 14:38:51
INFO:root:delete exists ZJJ_DETAIL
INFO:root:PolygonNeighbors_analysis begin
INFO:root:PolygonNeighbors_analysis success
INFO:root:AddField_management success
INFO:root:开始时间:2017-04-03 14:30:04 结束时间:2017-04-03 14:38:37
INFO:root:delete exists ZJJ_DETAIL
INFO:root:PolygonNeighbors_analysis begin
INFO:root:PolygonNeighbors_analysis success
INFO:root:AddField_management success
INFO:root:开始时间:2017-04-04 14:30:04 结束时间:2017-04-04 14:38:41
ERROR:root:“C:\Users\Administrator\AppData\Roaming\ESRI\Desktop10.3\ArcCatalog\WangYouCellThiess60.sde\WangYouCellThiess.DBO.GIS_CELL_TSSPOLY_LTE20170403”不存在
INFO:root:delete exists ZJJ_DETAIL
INFO:root:PolygonNeighbors_analysis begin
INFO:root:PolygonNeighbors_analysis success
INFO:root:AddField_management success
INFO:root:开始时间:2017-04-06 14:30:04 结束时间:2017-04-06 14:38:37
INFO:root:delete exists ZJJ_DETAIL
INFO:root:PolygonNeighbors_analysis begin
INFO:root:PolygonNeighbors_analysis success
INFO:root:AddField_management success
INFO:root:开始时间:2017-04-07 14:30:04 结束时间:2017-04-07 14:38:40
INFO:root:delete exists ZJJ_DETAIL
INFO:root:PolygonNeighbors_analysis begin
INFO:root:PolygonNeighbors_analysis success
INFO:root:AddField_management success
INFO:root:开始时间:2017-04-08 14:30:04 结束时间:2017-04-08 14:38:54
INFO:root:delete exists ZJJ_DETAIL
INFO:root:PolygonNeighbors_analysis begin
INFO:root:PolygonNeighbors_analysis success
INFO:root:AddField_management success
INFO:root:开始时间:2017-04-09 14:30:04 结束时间:2017-04-09 14:38:46
INFO:root:delete exists ZJJ_DETAIL
INFO:root:PolygonNeighbors_analysis begin
INFO:root:PolygonNeighbors_analysis success
INFO:root:AddField_management success
INFO:root:开始时间:2017-04-10 14:30:04 结束时间:2017-04-10 14:39:04
INFO:root:delete exists ZJJ_DETAIL
INFO:root:PolygonNeighbors_analysis begin
INFO:root:PolygonNeighbors_analysis success
INFO:root:AddField_management success
INFO:root:开始时间:2017-04-11 14:30:04 结束时间:2017-04-11 14:39:11
INFO:root:delete exists ZJJ_DETAIL
INFO:root:PolygonNeighbors_analysis begin
INFO:root:PolygonNeighbors_analysis success
INFO:root:AddField_management success
INFO:root:开始时间:2017-04-12 14:30:04 结束时间:2017-04-12 14:38:19
INFO:root:delete exists ZJJ_DETAIL
INFO:root:PolygonNeighbors_analysis begin
INFO:root:PolygonNeighbors_analysis success
INFO:root:AddField_management success
INFO:root:开始时间:2017-04-13 14:30:04 结束时间:2017-04-13 14:38:50
INFO:root:delete exists ZJJ_DETAIL
INFO:root:PolygonNeighbors_analysis begin
INFO:root:PolygonNeighbors_analysis success
INFO:root:AddField_management success
INFO:root:开始时间:2017-04-14 14:30:04 结束时间:2017-04-14 14:38:47
INFO:root:delete exists ZJJ_DETAIL
INFO:root:PolygonNeighbors_analysis begin
INFO:root:PolygonNeighbors_analysis success
INFO:root:AddField_management success
INFO:root:开始时间:2017-04-15 14:30:04 结束时间:2017-04-15 14:38:50
INFO:root:delete exists ZJJ_DETAIL
INFO:root:PolygonNeighbors_analysis begin
INFO:root:PolygonNeighbors_analysis success
INFO:root:AddField_management success
INFO:root:开始时间:2017-04-16 14:30:04 结束时间:2017-04-16 14:38:53
INFO:root:delete exists ZJJ_DETAIL
INFO:root:PolygonNeighbors_analysis begin
INFO:root:PolygonNeighbors_analysis success
INFO:root:AddField_management success
INFO:root:开始时间:2017-04-17 14:30:04 结束时间:2017-04-17 14:38:52
INFO:root:delete exists ZJJ_DETAIL
INFO:root:PolygonNeighbors_analysis begin
INFO:root:PolygonNeighbors_analysis success
INFO:root:AddField_management success
INFO:root:开始时间:2017-04-18 14:30:04 结束时间:2017-04-18 14:38:14
INFO:root:delete exists ZJJ_DETAIL
INFO:root:PolygonNeighbors_analysis begin
INFO:root:PolygonNeighbors_analysis success
INFO:root:AddField_management success
INFO:root:开始时间:2017-04-19 14:30:04 结束时间:2017-04-19 14:38:58
INFO:root:delete exists ZJJ_DETAIL
INFO:root:PolygonNeighbors_analysis begin
INFO:root:PolygonNeighbors_analysis success
INFO:root:AddField_management success
INFO:root:开始时间:2017-04-20 14:30:04 结束时间:2017-04-20 14:39:03
INFO:root:delete exists ZJJ_DETAIL
INFO:root:PolygonNeighbors_analysis begin
INFO:root:PolygonNeighbors_analysis success
INFO:root:AddField_management success
INFO:root:开始时间:2017-04-21 14:30:04 结束时间:2017-04-21 14:39:28
INFO:root:delete exists ZJJ_DETAIL
INFO:root:PolygonNeighbors_analysis begin
INFO:root:PolygonNeighbors_analysis success
INFO:root:AddField_management success
INFO:root:开始时间:2017-04-22 14:30:04 结束时间:2017-04-22 14:39:13
INFO:root:delete exists ZJJ_DETAIL
INFO:root:PolygonNeighbors_analysis begin
INFO:root:PolygonNeighbors_analysis success
INFO:root:AddField_management success
INFO:root:开始时间:2017-04-23 14:30:04 结束时间:2017-04-23 14:39:02
INFO:root:delete exists ZJJ_DETAIL
INFO:root:PolygonNeighbors_analysis begin
INFO:root:PolygonNeighbors_analysis success
INFO:root:AddField_management success
INFO:root:开始时间:2017-04-24 14:30:04 结束时间:2017-04-24 14:38:57
INFO:root:delete exists ZJJ_DETAIL
INFO:root:PolygonNeighbors_analysis begin
INFO:root:PolygonNeighbors_analysis success
INFO:root:AddField_management success
INFO:root:开始时间:2017-04-25 14:30:04 结束时间:2017-04-25 14:39:07
INFO:root:delete exists ZJJ_DETAIL
INFO:root:PolygonNeighbors_analysis begin
INFO:root:PolygonNeighbors_analysis success
INFO:root:AddField_management success
INFO:root:开始时间:2017-04-26 14:30:04 结束时间:2017-04-26 14:39:05
INFO:root:delete exists ZJJ_DETAIL
INFO:root:PolygonNeighbors_analysis begin
INFO:root:PolygonNeighbors_analysis success
INFO:root:AddField_management success
INFO:root:开始时间:2017-04-27 14:30:04 结束时间:2017-04-27 14:39:07
INFO:root:delete exists ZJJ_DETAIL
INFO:root:PolygonNeighbors_analysis begin
INFO:root:PolygonNeighbors_analysis success
INFO:root:AddField_management success
INFO:root:开始时间:2017-04-28 14:30:04 结束时间:2017-04-28 14:39:01
INFO:root:delete exists ZJJ_DETAIL
INFO:root:PolygonNeighbors_analysis begin
INFO:root:PolygonNeighbors_analysis success
INFO:root:AddField_management success
INFO:root:开始时间:2017-04-29 14:30:04 结束时间:2017-04-29 14:39:21
ERROR:root:“C:\Users\Administrator\AppData\Roaming\ESRI\Desktop10.3\ArcCatalog\WangYouCellThiess60.sde\WangYouCellThiess.DBO.GIS_CELL_TSSPOLY_LTE20170428”不存在
INFO:root:delete exists ZJJ_DETAIL
INFO:root:PolygonNeighbors_analysis begin
INFO:root:PolygonNeighbors_analysis success
INFO:root:AddField_management success
INFO:root:开始时间:2017-05-01 14:30:04 结束时间:2017-05-01 14:38:52
INFO:root:delete exists ZJJ_DETAIL
INFO:root:PolygonNeighbors_analysis begin
INFO:root:PolygonNeighbors_analysis success
INFO:root:AddField_management success
INFO:root:开始时间:2017-05-02 14:30:04 结束时间:2017-05-02 14:39:26
INFO:root:delete exists ZJJ_DETAIL
INFO:root:PolygonNeighbors_analysis begin
INFO:root:PolygonNeighbors_analysis success
INFO:root:AddField_management success
INFO:root:开始时间:2017-05-03 14:30:05 结束时间:2017-05-03 14:39:01
INFO:root:delete exists ZJJ_DETAIL
INFO:root:PolygonNeighbors_analysis begin
INFO:root:PolygonNeighbors_analysis success
INFO:root:AddField_management success
INFO:root:开始时间:2017-05-04 14:30:05 结束时间:2017-05-04 14:39:00
INFO:root:delete exists ZJJ_DETAIL
INFO:root:PolygonNeighbors_analysis begin
INFO:root:PolygonNeighbors_analysis success
INFO:root:AddField_management success
INFO:root:开始时间:2017-05-05 14:30:04 结束时间:2017-05-05 14:39:05
INFO:root:delete exists ZJJ_DETAIL
INFO:root:PolygonNeighbors_analysis begin
INFO:root:PolygonNeighbors_analysis success
INFO:root:AddField_management success
INFO:root:开始时间:2017-05-06 14:30:04 结束时间:2017-05-06 14:39:02
INFO:root:delete exists ZJJ_DETAIL
INFO:root:PolygonNeighbors_analysis begin
INFO:root:PolygonNeighbors_analysis success
INFO:root:AddField_management success
INFO:root:开始时间:2017-05-07 14:30:04 结束时间:2017-05-07 14:38:58
INFO:root:delete exists ZJJ_DETAIL
INFO:root:PolygonNeighbors_analysis begin
INFO:root:PolygonNeighbors_analysis success
INFO:root:AddField_management success
INFO:root:开始时间:2017-05-08 14:30:04 结束时间:2017-05-08 14:38:50
INFO:root:delete exists ZJJ_DETAIL
INFO:root:PolygonNeighbors_analysis begin
INFO:root:PolygonNeighbors_analysis success
INFO:root:AddField_management success
INFO:root:开始时间:2017-05-09 14:30:04 结束时间:2017-05-09 14:38:56
INFO:root:delete exists ZJJ_DETAIL
INFO:root:PolygonNeighbors_analysis begin
INFO:root:PolygonNeighbors_analysis success
INFO:root:AddField_management success
INFO:root:开始时间:2017-05-10 14:30:04 结束时间:2017-05-10 14:38:57
INFO:root:delete exists ZJJ_DETAIL
INFO:root:PolygonNeighbors_analysis begin
ERROR:root:ERROR 000210: 无法创建输出 C:\Users\Administrator\AppData\Roaming\ESRI\Desktop10.3\ArcCatalog\JGYH_SQL97.sde\JGYH.DBO.GIS_CELL_TSSPOLY_LTE_D20170509
执行(PolygonNeighbors)失败。

INFO:root:delete exists ZJJ_DETAIL
INFO:root:PolygonNeighbors_analysis begin
ERROR:root:ERROR 000210: 无法创建输出 C:\Users\Administrator\AppData\Roaming\ESRI\Desktop10.3\ArcCatalog\JGYH_SQL97.sde\JGYH.DBO.GIS_CELL_TSSPOLY_LTE_D20170510
执行(PolygonNeighbors)失败。

ERROR:root:“C:\Users\Administrator\AppData\Roaming\ESRI\Desktop10.3\ArcCatalog\WangYouCellThiess60.sde\WangYouCellThiess.DBO.GIS_CELL_TSSPOLY_LTE20170511”不存在
ERROR:root:“C:\Users\Administrator\AppData\Roaming\ESRI\Desktop10.3\ArcCatalog\WangYouCellThiess60.sde\WangYouCellThiess.DBO.GIS_CELL_TSSPOLY_LTE20170512”不存在
ERROR:root:“C:\Users\Administrator\AppData\Roaming\ESRI\Desktop10.3\ArcCatalog\WangYouCellThiess60.sde\WangYouCellThiess.DBO.GIS_CELL_TSSPOLY_LTE20170513”不存在
INFO:root:delete exists ZJJ_DETAIL
INFO:root:PolygonNeighbors_analysis begin
ERROR:root:ERROR 000210: 无法创建输出 C:\Users\Administrator\AppData\Roaming\ESRI\Desktop10.3\ArcCatalog\JGYH_SQL97.sde\JGYH.DBO.GIS_CELL_TSSPOLY_LTE_D20170514
执行(PolygonNeighbors)失败。

INFO:root:delete exists ZJJ_DETAIL
INFO:root:PolygonNeighbors_analysis begin
ERROR:root:ERROR 000210: 无法创建输出 C:\Users\Administrator\AppData\Roaming\ESRI\Desktop10.3\ArcCatalog\JGYH_SQL97.sde\JGYH.DBO.GIS_CELL_TSSPOLY_LTE_D20170515
执行(PolygonNeighbors)失败。

INFO:root:delete exists ZJJ_DETAIL
INFO:root:PolygonNeighbors_analysis begin
ERROR:root:ERROR 000210: 无法创建输出 C:\Users\Administrator\AppData\Roaming\ESRI\Desktop10.3\ArcCatalog\JGYH_SQL97.sde\JGYH.DBO.GIS_CELL_TSSPOLY_LTE_D20170516
执行(PolygonNeighbors)失败。

INFO:root:delete exists ZJJ_DETAIL
INFO:root:PolygonNeighbors_analysis begin
ERROR:root:ERROR 000210: 无法创建输出 C:\Users\Administrator\AppData\Roaming\ESRI\Desktop10.3\ArcCatalog\JGYH_SQL97.sde\JGYH.DBO.GIS_CELL_TSSPOLY_LTE_D20170517
执行(PolygonNeighbors)失败。

INFO:root:delete exists ZJJ_DETAIL
INFO:root:PolygonNeighbors_analysis begin
ERROR:root:ERROR 000210: 无法创建输出 C:\Users\Administrator\AppData\Roaming\ESRI\Desktop10.3\ArcCatalog\JGYH_SQL97.sde\JGYH.DBO.GIS_CELL_TSSPOLY_LTE_D20170518
执行(PolygonNeighbors)失败。

INFO:root:delete exists ZJJ_DETAIL
INFO:root:PolygonNeighbors_analysis begin
ERROR:root:ERROR 000210: 无法创建输出 C:\Users\Administrator\AppData\Roaming\ESRI\Desktop10.3\ArcCatalog\JGYH_SQL97.sde\JGYH.DBO.GIS_CELL_TSSPOLY_LTE_D20170519
执行(PolygonNeighbors)失败。

INFO:root:delete exists ZJJ_DETAIL
INFO:root:PolygonNeighbors_analysis begin
ERROR:root:ERROR 000210: 无法创建输出 C:\Users\Administrator\AppData\Roaming\ESRI\Desktop10.3\ArcCatalog\JGYH_SQL97.sde\JGYH.DBO.GIS_CELL_TSSPOLY_LTE_D20170520
执行(PolygonNeighbors)失败。

INFO:root:delete exists ZJJ_DETAIL
INFO:root:PolygonNeighbors_analysis begin
ERROR:root:ERROR 000210: 无法创建输出 C:\Users\Administrator\AppData\Roaming\ESRI\Desktop10.3\ArcCatalog\JGYH_SQL97.sde\JGYH.DBO.GIS_CELL_TSSPOLY_LTE_D20170521
执行(PolygonNeighbors)失败。

INFO:root:delete exists ZJJ_DETAIL
INFO:root:PolygonNeighbors_analysis begin
ERROR:root:ERROR 000210: 无法创建输出 C:\Users\Administrator\AppData\Roaming\ESRI\Desktop10.3\ArcCatalog\JGYH_SQL97.sde\JGYH.DBO.GIS_CELL_TSSPOLY_LTE_D20170522
执行(PolygonNeighbors)失败。

INFO:root:delete exists ZJJ_DETAIL
INFO:root:PolygonNeighbors_analysis begin
ERROR:root:ERROR 000210: 无法创建输出 C:\Users\Administrator\AppData\Roaming\ESRI\Desktop10.3\ArcCatalog\JGYH_SQL97.sde\JGYH.DBO.GIS_CELL_TSSPOLY_LTE_D20170523
执行(PolygonNeighbors)失败。

INFO:root:delete exists ZJJ_DETAIL
INFO:root:PolygonNeighbors_analysis begin
ERROR:root:ERROR 000210: 无法创建输出 C:\Users\Administrator\AppData\Roaming\ESRI\Desktop10.3\ArcCatalog\JGYH_SQL97.sde\JGYH.DBO.GIS_CELL_TSSPOLY_LTE_D20170524
执行(PolygonNeighbors)失败。

INFO:root:delete exists ZJJ_DETAIL
INFO:root:PolygonNeighbors_analysis begin
ERROR:root:ERROR 000210: 无法创建输出 C:\Users\Administrator\AppData\Roaming\ESRI\Desktop10.3\ArcCatalog\JGYH_SQL97.sde\JGYH.DBO.GIS_CELL_TSSPOLY_LTE_D20170525
执行(PolygonNeighbors)失败。

INFO:root:delete exists ZJJ_DETAIL
INFO:root:PolygonNeighbors_analysis begin
ERROR:root:ERROR 000210: 无法创建输出 C:\Users\Administrator\AppData\Roaming\ESRI\Desktop10.3\ArcCatalog\JGYH_SQL97.sde\JGYH.DBO.GIS_CELL_TSSPOLY_LTE_D20170526
执行(PolygonNeighbors)失败。

INFO:root:delete exists ZJJ_DETAIL
INFO:root:PolygonNeighbors_analysis begin
ERROR:root:ERROR 000210: 无法创建输出 C:\Users\Administrator\AppData\Roaming\ESRI\Desktop10.3\ArcCatalog\JGYH_SQL97.sde\JGYH.DBO.GIS_CELL_TSSPOLY_LTE_D20170527
执行(PolygonNeighbors)失败。

INFO:root:delete exists ZJJ_DETAIL
INFO:root:PolygonNeighbors_analysis begin
ERROR:root:ERROR 000210: 无法创建输出 C:\Users\Administrator\AppData\Roaming\ESRI\Desktop10.3\ArcCatalog\JGYH_SQL97.sde\JGYH.DBO.GIS_CELL_TSSPOLY_LTE_D20170528
执行(PolygonNeighbors)失败。

INFO:root:delete exists ZJJ_DETAIL
INFO:root:PolygonNeighbors_analysis begin
ERROR:root:ERROR 000210: 无法创建输出 C:\Users\Administrator\AppData\Roaming\ESRI\Desktop10.3\ArcCatalog\JGYH_SQL97.sde\JGYH.DBO.GIS_CELL_TSSPOLY_LTE_D20170529
执行(PolygonNeighbors)失败。

INFO:root:delete exists ZJJ_DETAIL
INFO:root:PolygonNeighbors_analysis begin
ERROR:root:ERROR 000210: 无法创建输出 C:\Users\Administrator\AppData\Roaming\ESRI\Desktop10.3\ArcCatalog\JGYH_SQL97.sde\JGYH.DBO.GIS_CELL_TSSPOLY_LTE_D20170530
执行(PolygonNeighbors)失败。

INFO:root:delete exists ZJJ_DETAIL
INFO:root:PolygonNeighbors_analysis begin
ERROR:root:ERROR 000210: 无法创建输出 C:\Users\Administrator\AppData\Roaming\ESRI\Desktop10.3\ArcCatalog\JGYH_SQL97.sde\JGYH.DBO.GIS_CELL_TSSPOLY_LTE_D20170531
执行(PolygonNeighbors)失败。

INFO:root:delete exists ZJJ_DETAIL
INFO:root:PolygonNeighbors_analysis begin
ERROR:root:ERROR 000210: 无法创建输出 C:\Users\Administrator\AppData\Roaming\ESRI\Desktop10.3\ArcCatalog\JGYH_SQL97.sde\JGYH.DBO.GIS_CELL_TSSPOLY_LTE_D20170601
执行(PolygonNeighbors)失败。

INFO:root:delete exists ZJJ_DETAIL
INFO:root:PolygonNeighbors_analysis begin
INFO:root:PolygonNeighbors_analysis success
INFO:root:AddField_management success
INFO:root:开始时间:2017-06-04 14:30:04 结束时间:2017-06-04 14:39:28
INFO:root:delete exists ZJJ_DETAIL
INFO:root:PolygonNeighbors_analysis begin
INFO:root:PolygonNeighbors_analysis success
INFO:root:AddField_management success
INFO:root:开始时间:2017-06-05 14:30:04 结束时间:2017-06-05 14:39:38
INFO:root:delete exists ZJJ_DETAIL
INFO:root:PolygonNeighbors_analysis begin
INFO:root:PolygonNeighbors_analysis success
INFO:root:AddField_management success
ERROR:root:('21S01', '[21S01] [Microsoft][ODBC SQL Server Driver][SQL Server]\xc1\xd0\xc3\xfb\xbb\xf2\xcb\xf9\xcc\xe1\xb9\xa9\xd6\xb5\xb5\xc4\xca\xfd\xc4\xbf\xd3\xeb\xb1\xed\xb6\xa8\xd2\xe5\xb2\xbb\xc6\xa5\xc5\xe4\xa1\xa3 (213) (SQLExecDirectW)')
INFO:root:delete exists ZJJ_DETAIL
INFO:root:PolygonNeighbors_analysis begin
INFO:root:delete exists ZJJ_DETAIL
ERROR:root:ERROR 000464: 无法获取独占方案锁。它正被其他应用程序编辑或使用。
执行(Delete)失败。

INFO:root:delete exists ZJJ_DETAIL
ERROR:root:ERROR 000464: 无法获取独占方案锁。它正被其他应用程序编辑或使用。
执行(Delete)失败。

INFO:root:PolygonNeighbors_analysis success
INFO:root:AddField_management success
ERROR:root:('21S01', '[21S01] [Microsoft][ODBC SQL Server Driver][SQL Server]\xc1\xd0\xc3\xfb\xbb\xf2\xcb\xf9\xcc\xe1\xb9\xa9\xd6\xb5\xb5\xc4\xca\xfd\xc4\xbf\xd3\xeb\xb1\xed\xb6\xa8\xd2\xe5\xb2\xbb\xc6\xa5\xc5\xe4\xa1\xa3 (213) (SQLExecDirectW)')
INFO:root:delete exists ZJJ_DETAIL
INFO:root:PolygonNeighbors_analysis begin
INFO:root:PolygonNeighbors_analysis success
INFO:root:AddField_management success
INFO:root:开始时间:2017-06-06 15:48:41 结束时间:2017-06-06 15:57:34
INFO:root:delete exists ZJJ_DETAIL
INFO:root:PolygonNeighbors_analysis begin
INFO:root:PolygonNeighbors_analysis success
INFO:root:AddField_management success
INFO:root:开始时间:2017-06-07 14:30:04 结束时间:2017-06-07 14:39:17
INFO:root:delete exists ZJJ_DETAIL
INFO:root:PolygonNeighbors_analysis begin
INFO:root:PolygonNeighbors_analysis success
INFO:root:AddField_management success
INFO:root:开始时间:2017-06-08 14:30:04 结束时间:2017-06-08 14:39:17
INFO:root:delete exists ZJJ_DETAIL
INFO:root:PolygonNeighbors_analysis begin
INFO:root:PolygonNeighbors_analysis success
INFO:root:AddField_management success
INFO:root:开始时间:2017-06-09 14:30:04 结束时间:2017-06-09 14:39:31
INFO:root:delete exists ZJJ_DETAIL
INFO:root:PolygonNeighbors_analysis begin
INFO:root:PolygonNeighbors_analysis success
INFO:root:AddField_management success
INFO:root:开始时间:2017-06-10 14:30:04 结束时间:2017-06-10 14:39:28
INFO:root:delete exists ZJJ_DETAIL
INFO:root:PolygonNeighbors_analysis begin
INFO:root:PolygonNeighbors_analysis success
INFO:root:AddField_management success
INFO:root:开始时间:2017-06-11 14:30:04 结束时间:2017-06-11 14:39:40
INFO:root:delete exists ZJJ_DETAIL
INFO:root:PolygonNeighbors_analysis begin
INFO:root:PolygonNeighbors_analysis success
INFO:root:AddField_management success
INFO:root:开始时间:2017-06-12 14:30:04 结束时间:2017-06-12 14:39:33
INFO:root:delete exists ZJJ_DETAIL
INFO:root:PolygonNeighbors_analysis begin
INFO:root:PolygonNeighbors_analysis success
INFO:root:AddField_management success
INFO:root:开始时间:2017-06-13 14:30:04 结束时间:2017-06-13 14:39:30
INFO:root:delete exists ZJJ_DETAIL
INFO:root:PolygonNeighbors_analysis begin
INFO:root:PolygonNeighbors_analysis success
INFO:root:AddField_management success
INFO:root:开始时间:2017-06-14 14:30:04 结束时间:2017-06-14 14:39:30
INFO:root:delete exists ZJJ_DETAIL
INFO:root:PolygonNeighbors_analysis begin
INFO:root:PolygonNeighbors_analysis success
INFO:root:AddField_management success
INFO:root:开始时间:2017-06-15 14:30:04 结束时间:2017-06-15 14:39:25
INFO:root:delete exists ZJJ_DETAIL
INFO:root:PolygonNeighbors_analysis begin
INFO:root:PolygonNeighbors_analysis success
INFO:root:AddField_management success
INFO:root:开始时间:2017-06-16 14:30:04 结束时间:2017-06-16 14:39:33
INFO:root:delete exists ZJJ_DETAIL
INFO:root:PolygonNeighbors_analysis begin
INFO:root:PolygonNeighbors_analysis success
INFO:root:AddField_management success
INFO:root:开始时间:2017-06-17 14:30:04 结束时间:2017-06-17 14:39:20
INFO:root:delete exists ZJJ_DETAIL
INFO:root:PolygonNeighbors_analysis begin
ERROR:root:ERROR 000210: 无法创建输出 C:\Users\Administrator\AppData\Roaming\ESRI\Desktop10.3\ArcCatalog\JGYH_SQL97.sde\JGYH.DBO.GIS_CELL_TSSPOLY_LTE_D20170616
执行(PolygonNeighbors)失败。

INFO:root:delete exists ZJJ_DETAIL
INFO:root:PolygonNeighbors_analysis begin
INFO:root:PolygonNeighbors_analysis success
INFO:root:AddField_management success
INFO:root:开始时间:2017-06-19 14:30:05 结束时间:2017-06-19 14:39:33
INFO:root:delete exists ZJJ_DETAIL
INFO:root:PolygonNeighbors_analysis begin
INFO:root:PolygonNeighbors_analysis success
INFO:root:AddField_management success
INFO:root:开始时间:2017-06-20 14:30:04 结束时间:2017-06-20 14:39:23
INFO:root:delete exists ZJJ_DETAIL
INFO:root:PolygonNeighbors_analysis begin
INFO:root:PolygonNeighbors_analysis success
INFO:root:AddField_management success
INFO:root:开始时间:2017-06-21 14:30:04 结束时间:2017-06-21 14:39:14
INFO:root:delete exists ZJJ_DETAIL
INFO:root:PolygonNeighbors_analysis begin
INFO:root:PolygonNeighbors_analysis success
INFO:root:AddField_management success
INFO:root:开始时间:2017-06-22 14:30:04 结束时间:2017-06-22 14:38:58
INFO:root:delete exists ZJJ_DETAIL
INFO:root:PolygonNeighbors_analysis begin
INFO:root:PolygonNeighbors_analysis success
INFO:root:AddField_management success
INFO:root:开始时间:2017-06-23 14:30:04 结束时间:2017-06-23 14:39:51
INFO:root:delete exists ZJJ_DETAIL
INFO:root:PolygonNeighbors_analysis begin
INFO:root:PolygonNeighbors_analysis success
INFO:root:AddField_management success
INFO:root:开始时间:2017-06-24 14:30:04 结束时间:2017-06-24 14:39:42
INFO:root:delete exists ZJJ_DETAIL
INFO:root:PolygonNeighbors_analysis begin
INFO:root:PolygonNeighbors_analysis success
INFO:root:AddField_management success
INFO:root:开始时间:2017-06-25 14:30:04 结束时间:2017-06-25 14:40:10
INFO:root:delete exists ZJJ_DETAIL
INFO:root:PolygonNeighbors_analysis begin
INFO:root:PolygonNeighbors_analysis success
INFO:root:AddField_management success
INFO:root:开始时间:2017-06-26 14:30:04 结束时间:2017-06-26 14:39:27
INFO:root:delete exists ZJJ_DETAIL
INFO:root:PolygonNeighbors_analysis begin
INFO:root:PolygonNeighbors_analysis success
INFO:root:AddField_management success
INFO:root:开始时间:2017-06-27 14:30:04 结束时间:2017-06-27 14:39:35
INFO:root:delete exists ZJJ_DETAIL
INFO:root:PolygonNeighbors_analysis begin
INFO:root:PolygonNeighbors_analysis success
INFO:root:AddField_management success
INFO:root:开始时间:2017-06-28 14:30:04 结束时间:2017-06-28 14:39:32
INFO:root:delete exists ZJJ_DETAIL
INFO:root:PolygonNeighbors_analysis begin
INFO:root:PolygonNeighbors_analysis success
INFO:root:AddField_management success
INFO:root:开始时间:2017-06-29 14:30:04 结束时间:2017-06-29 14:39:34
INFO:root:delete exists ZJJ_DETAIL
INFO:root:PolygonNeighbors_analysis begin
INFO:root:PolygonNeighbors_analysis success
INFO:root:AddField_management success
INFO:root:开始时间:2017-06-30 14:30:04 结束时间:2017-06-30 14:39:34
INFO:root:delete exists ZJJ_DETAIL
INFO:root:PolygonNeighbors_analysis begin
INFO:root:PolygonNeighbors_analysis success
INFO:root:AddField_management success
INFO:root:开始时间:2017-07-01 14:30:05 结束时间:2017-07-01 14:39:17
INFO:root:delete exists ZJJ_DETAIL
INFO:root:PolygonNeighbors_analysis begin
INFO:root:PolygonNeighbors_analysis success
INFO:root:AddField_management success
INFO:root:开始时间:2017-07-02 14:30:04 结束时间:2017-07-02 14:39:05
INFO:root:delete exists ZJJ_DETAIL
INFO:root:PolygonNeighbors_analysis begin
INFO:root:PolygonNeighbors_analysis success
INFO:root:AddField_management success
INFO:root:开始时间:2017-07-03 14:30:04 结束时间:2017-07-03 14:39:15
INFO:root:delete exists ZJJ_DETAIL
INFO:root:PolygonNeighbors_analysis begin
INFO:root:PolygonNeighbors_analysis success
INFO:root:AddField_management success
INFO:root:开始时间:2017-07-04 14:30:04 结束时间:2017-07-04 14:39:28
INFO:root:delete exists ZJJ_DETAIL
INFO:root:PolygonNeighbors_analysis begin
INFO:root:PolygonNeighbors_analysis success
INFO:root:AddField_management success
INFO:root:开始时间:2017-07-05 14:30:04 结束时间:2017-07-05 14:39:25
INFO:root:delete exists ZJJ_DETAIL
INFO:root:PolygonNeighbors_analysis begin
INFO:root:PolygonNeighbors_analysis success
INFO:root:AddField_management success
INFO:root:开始时间:2017-07-06 14:30:04 结束时间:2017-07-06 14:39:25
INFO:root:delete exists ZJJ_DETAIL
INFO:root:PolygonNeighbors_analysis begin
INFO:root:PolygonNeighbors_analysis success
INFO:root:AddField_management success
INFO:root:开始时间:2017-07-07 14:30:04 结束时间:2017-07-07 14:39:45
INFO:root:delete exists ZJJ_DETAIL
INFO:root:PolygonNeighbors_analysis begin
INFO:root:PolygonNeighbors_analysis success
INFO:root:AddField_management success
INFO:root:开始时间:2017-07-08 14:30:04 结束时间:2017-07-08 14:39:37
INFO:root:delete exists ZJJ_DETAIL
INFO:root:PolygonNeighbors_analysis begin
INFO:root:PolygonNeighbors_analysis success
INFO:root:AddField_management success
INFO:root:开始时间:2017-07-09 14:30:04 结束时间:2017-07-09 14:39:36
ERROR:root:“C:\Users\Administrator\AppData\Roaming\ESRI\Desktop10.3\ArcCatalog\WangYouCellThiess60.sde\WangYouCellThiess.DBO.GIS_CELL_TSSPOLY_LTE20170708”不存在
INFO:root:delete exists ZJJ_DETAIL
INFO:root:PolygonNeighbors_analysis begin
INFO:root:PolygonNeighbors_analysis success
INFO:root:AddField_management success
INFO:root:开始时间:2017-07-11 14:30:04 结束时间:2017-07-11 14:40:12
INFO:root:delete exists ZJJ_DETAIL
INFO:root:PolygonNeighbors_analysis begin
INFO:root:PolygonNeighbors_analysis success
INFO:root:AddField_management success
INFO:root:开始时间:2017-07-12 14:30:04 结束时间:2017-07-12 14:40:04
INFO:root:delete exists ZJJ_DETAIL
INFO:root:PolygonNeighbors_analysis begin
INFO:root:PolygonNeighbors_analysis success
INFO:root:AddField_management success
INFO:root:开始时间:2017-07-13 14:30:04 结束时间:2017-07-13 14:39:31
INFO:root:delete exists ZJJ_DETAIL
INFO:root:PolygonNeighbors_analysis begin
INFO:root:PolygonNeighbors_analysis success
INFO:root:AddField_management success
INFO:root:开始时间:2017-07-14 14:30:04 结束时间:2017-07-14 14:39:42
INFO:root:delete exists ZJJ_DETAIL
INFO:root:PolygonNeighbors_analysis begin
INFO:root:PolygonNeighbors_analysis success
INFO:root:AddField_management success
INFO:root:开始时间:2017-07-15 14:30:04 结束时间:2017-07-15 14:40:14
INFO:root:delete exists ZJJ_DETAIL
INFO:root:PolygonNeighbors_analysis begin
INFO:root:PolygonNeighbors_analysis success
INFO:root:AddField_management success
INFO:root:开始时间:2017-07-16 14:30:04 结束时间:2017-07-16 14:40:12
INFO:root:delete exists ZJJ_DETAIL
INFO:root:PolygonNeighbors_analysis begin
INFO:root:PolygonNeighbors_analysis success
INFO:root:AddField_management success
INFO:root:开始时间:2017-07-17 14:30:04 结束时间:2017-07-17 14:40:11
INFO:root:delete exists ZJJ_DETAIL
INFO:root:PolygonNeighbors_analysis begin
INFO:root:PolygonNeighbors_analysis success
INFO:root:AddField_management success
INFO:root:开始时间:2017-07-18 14:30:04 结束时间:2017-07-18 14:39:48
INFO:root:delete exists ZJJ_DETAIL
INFO:root:PolygonNeighbors_analysis begin
INFO:root:PolygonNeighbors_analysis success
INFO:root:AddField_management success
INFO:root:开始时间:2017-07-19 14:30:05 结束时间:2017-07-19 14:40:39
INFO:root:delete exists ZJJ_DETAIL
INFO:root:PolygonNeighbors_analysis begin
INFO:root:PolygonNeighbors_analysis success
INFO:root:AddField_management success
INFO:root:开始时间:2017-07-20 14:30:04 结束时间:2017-07-20 14:40:07
