INFO:root:2016-05-03 21:59:02
INFO:root:(TSLB_ID='网络覆盖' or TSLB_ID='手机上网' or TSLB_ID='数据卡（含MIFI）' or TSLB_ID='通话质量') and (TSRQ >= '2016-04-01 00:00:00' and  TSRQ <= '2016-04-30 23:59:59')
INFO:root:Process: 创建C:\Users\Administrator\AppData\Roaming\ESRI\Desktop10.3\ArcCatalog\WangYouTouSu60.sde\WangYouTouSu.DBO.COMPLAIN_TOUSU_SHEET_MONTH_TMP
INFO:root:Process: 筛选
INFO:root:Process: 点转栅格
INFO:root:Process: 栅格转点
INFO:root:Process: 点转栅格 (2)
INFO:root:Process: 栅格转面
INFO:root:Process: 空间连接 (2)
INFO:root:清理内存~~
INFO:root:2016-06-02 09:10:10
INFO:root:(TSLB_ID='网络覆盖' or TSLB_ID='手机上网' or TSLB_ID='数据卡（含MIFI）' or TSLB_ID='通话质量') and (TSRQ >= '2016-05-01 00:00:00' and  TSRQ <= '2016-05-31 23:59:59')
INFO:root:Process: 创建C:\Users\Administrator\AppData\Roaming\ESRI\Desktop10.3\ArcCatalog\WangYouTouSu60.sde\WangYouTouSu.DBO.COMPLAIN_TOUSU_SHEET_MONTH_TMP
INFO:root:Process: 筛选
INFO:root:Process: 点转栅格
INFO:root:Process: 栅格转点
INFO:root:Process: 点转栅格 (2)
INFO:root:Process: 栅格转面
INFO:root:Process: 空间连接 (2)
INFO:root:清理内存~~
INFO:root:2016-07-02 09:10:10
INFO:root:(TSLB_ID='网络覆盖' or TSLB_ID='手机上网' or TSLB_ID='数据卡（含MIFI）' or TSLB_ID='通话质量') and (TSRQ >= '2016-06-01 00:00:00' and  TSRQ <= '2016-06-30 23:59:59')
INFO:root:Process: 创建C:\Users\Administrator\AppData\Roaming\ESRI\Desktop10.3\ArcCatalog\WangYouTouSu60.sde\WangYouTouSu.DBO.COMPLAIN_TOUSU_SHEET_MONTH_TMP
INFO:root:Process: 筛选
INFO:root:Process: 点转栅格
INFO:root:Process: 栅格转点
INFO:root:Process: 点转栅格 (2)
INFO:root:Process: 栅格转面
INFO:root:Process: 空间连接 (2)
INFO:root:清理内存~~
INFO:root:2016-08-02 09:10:11
INFO:root:(TSLB_ID='网络覆盖' or TSLB_ID='手机上网' or TSLB_ID='数据卡（含MIFI）' or TSLB_ID='通话质量') and (TSRQ >= '2016-07-01 00:00:00' and  TSRQ <= '2016-07-31 23:59:59')
INFO:root:Process: 创建C:\Users\Administrator\AppData\Roaming\ESRI\Desktop10.3\ArcCatalog\WangYouTouSu60.sde\WangYouTouSu.DBO.COMPLAIN_TOUSU_SHEET_MONTH_TMP
INFO:root:Process: 筛选
INFO:root:Process: 点转栅格
INFO:root:Process: 栅格转点
INFO:root:Process: 点转栅格 (2)
INFO:root:Process: 栅格转面
INFO:root:Process: 空间连接 (2)
INFO:root:清理内存~~
INFO:root:2016-09-02 09:10:10
INFO:root:(TSLB_ID='网络覆盖' or TSLB_ID='手机上网' or TSLB_ID='数据卡（含MIFI）' or TSLB_ID='通话质量') and (TSRQ >= '2016-08-01 00:00:00' and  TSRQ <= '2016-08-31 23:59:59')
INFO:root:Process: 创建C:\Users\Administrator\AppData\Roaming\ESRI\Desktop10.3\ArcCatalog\WangYouTouSu60.sde\WangYouTouSu.DBO.COMPLAIN_TOUSU_SHEET_MONTH_TMP
INFO:root:Process: 筛选
INFO:root:Process: 点转栅格
INFO:root:Process: 栅格转点
INFO:root:Process: 点转栅格 (2)
INFO:root:Process: 栅格转面
INFO:root:Process: 空间连接 (2)
INFO:root:清理内存~~
INFO:root:2016-10-02 09:10:10
INFO:root:(TSLB_ID='网络覆盖' or TSLB_ID='手机上网' or TSLB_ID='数据卡（含MIFI）' or TSLB_ID='通话质量') and (TSRQ >= '2016-09-01 00:00:00' and  TSRQ <= '2016-09-30 23:59:59')
INFO:root:Process: 创建C:\Users\Administrator\AppData\Roaming\ESRI\Desktop10.3\ArcCatalog\WangYouTouSu60.sde\WangYouTouSu.DBO.COMPLAIN_TOUSU_SHEET_MONTH_TMP
INFO:root:Process: 筛选
INFO:root:Process: 点转栅格
INFO:root:Process: 栅格转点
INFO:root:Process: 点转栅格 (2)
INFO:root:Process: 栅格转面
INFO:root:Process: 空间连接 (2)
INFO:root:清理内存~~
INFO:root:2016-11-02 09:10:10
INFO:root:(TSLB_ID='网络覆盖' or TSLB_ID='手机上网' or TSLB_ID='数据卡（含MIFI）' or TSLB_ID='通话质量') and (TSRQ >= '2016-10-01 00:00:00' and  TSRQ <= '2016-10-31 23:59:59')
INFO:root:Process: 创建C:\Users\Administrator\AppData\Roaming\ESRI\Desktop10.3\ArcCatalog\WangYouTouSu60.sde\WangYouTouSu.DBO.COMPLAIN_TOUSU_SHEET_MONTH_TMP
INFO:root:Process: 筛选
INFO:root:Process: 点转栅格
INFO:root:Process: 栅格转点
INFO:root:Process: 点转栅格 (2)
INFO:root:Process: 栅格转面
INFO:root:Process: 空间连接 (2)
INFO:root:清理内存~~
INFO:root:2016-12-02 09:10:10
INFO:root:(TSLB_ID='网络覆盖' or TSLB_ID='手机上网' or TSLB_ID='数据卡（含MIFI）' or TSLB_ID='通话质量') and (TSRQ >= '2016-11-01 00:00:00' and  TSRQ <= '2016-11-30 23:59:59')
INFO:root:Process: 创建C:\Users\Administrator\AppData\Roaming\ESRI\Desktop10.3\ArcCatalog\WangYouTouSu60.sde\WangYouTouSu.DBO.COMPLAIN_TOUSU_SHEET_MONTH_TMP
INFO:root:Process: 筛选
INFO:root:Process: 点转栅格
INFO:root:Process: 栅格转点
INFO:root:Process: 点转栅格 (2)
INFO:root:Process: 栅格转面
INFO:root:Process: 空间连接 (2)
INFO:root:清理内存~~
INFO:root:2017-01-02 09:10:10
INFO:root:(TSLB_ID='网络覆盖' or TSLB_ID='手机上网' or TSLB_ID='数据卡（含MIFI）' or TSLB_ID='通话质量') and (TSRQ >= '2016-12-01 00:00:00' and  TSRQ <= '2016-12-31 23:59:59')
INFO:root:Process: 创建C:\Users\Administrator\AppData\Roaming\ESRI\Desktop10.3\ArcCatalog\WangYouTouSu60.sde\WangYouTouSu.DBO.COMPLAIN_TOUSU_SHEET_MONTH_TMP
INFO:root:Process: 筛选
INFO:root:Process: 点转栅格
INFO:root:Process: 栅格转点
INFO:root:Process: 点转栅格 (2)
INFO:root:Process: 栅格转面
INFO:root:Process: 空间连接 (2)
INFO:root:清理内存~~
INFO:root:2017-02-02 09:10:10
INFO:root:(TSLB_ID='网络覆盖' or TSLB_ID='手机上网' or TSLB_ID='数据卡（含MIFI）' or TSLB_ID='通话质量') and (TSRQ >= '2017-01-01 00:00:00' and  TSRQ <= '2017-01-31 23:59:59')
INFO:root:Process: 创建C:\Users\Administrator\AppData\Roaming\ESRI\Desktop10.3\ArcCatalog\WangYouTouSu60.sde\WangYouTouSu.DBO.COMPLAIN_TOUSU_SHEET_MONTH_TMP
INFO:root:Process: 筛选
INFO:root:Process: 点转栅格
INFO:root:Process: 栅格转点
INFO:root:Process: 点转栅格 (2)
INFO:root:Process: 栅格转面
INFO:root:Process: 空间连接 (2)
INFO:root:清理内存~~
INFO:root:2017-03-02 09:10:10
INFO:root:(TSLB_ID='网络覆盖' or TSLB_ID='手机上网' or TSLB_ID='数据卡（含MIFI）' or TSLB_ID='通话质量') and (TSRQ >= '2017-02-01 00:00:00' and  TSRQ <= '2017-02-28 23:59:59')
INFO:root:Process: 创建C:\Users\Administrator\AppData\Roaming\ESRI\Desktop10.3\ArcCatalog\WangYouTouSu60.sde\WangYouTouSu.DBO.COMPLAIN_TOUSU_SHEET_MONTH_TMP
INFO:root:Process: 筛选
INFO:root:Process: 点转栅格
INFO:root:Process: 栅格转点
INFO:root:Process: 点转栅格 (2)
INFO:root:Process: 栅格转面
INFO:root:Process: 空间连接 (2)
INFO:root:清理内存~~
INFO:root:2017-04-02 09:10:10
INFO:root:(TSLB_ID='网络覆盖' or TSLB_ID='手机上网' or TSLB_ID='数据卡（含MIFI）' or TSLB_ID='通话质量') and (TSRQ >= '2017-03-01 00:00:00' and  TSRQ <= '2017-03-31 23:59:59')
INFO:root:Process: 创建C:\Users\Administrator\AppData\Roaming\ESRI\Desktop10.3\ArcCatalog\WangYouTouSu60.sde\WangYouTouSu.DBO.COMPLAIN_TOUSU_SHEET_MONTH_TMP
INFO:root:Process: 筛选
INFO:root:Process: 点转栅格
INFO:root:Process: 栅格转点
INFO:root:Process: 点转栅格 (2)
INFO:root:Process: 栅格转面
INFO:root:Process: 空间连接 (2)
INFO:root:清理内存~~
INFO:root:2017-05-02 09:10:10
INFO:root:(TSLB_ID='网络覆盖' or TSLB_ID='手机上网' or TSLB_ID='数据卡（含MIFI）' or TSLB_ID='通话质量') and (TSRQ >= '2017-04-01 00:00:00' and  TSRQ <= '2017-04-30 23:59:59')
INFO:root:Process: 创建C:\Users\Administrator\AppData\Roaming\ESRI\Desktop10.3\ArcCatalog\WangYouTouSu60.sde\WangYouTouSu.DBO.COMPLAIN_TOUSU_SHEET_MONTH_TMP
INFO:root:Process: 筛选
INFO:root:Process: 点转栅格
INFO:root:Process: 栅格转点
INFO:root:Process: 点转栅格 (2)
INFO:root:Process: 栅格转面
INFO:root:Process: 空间连接 (2)
INFO:root:清理内存~~
INFO:root:2017-06-02 09:10:10
INFO:root:(TSLB_ID='网络覆盖' or TSLB_ID='手机上网' or TSLB_ID='数据卡（含MIFI）' or TSLB_ID='通话质量') and (TSRQ >= '2017-05-01 00:00:00' and  TSRQ <= '2017-05-31 23:59:59')
INFO:root:Process: 创建C:\Users\Administrator\AppData\Roaming\ESRI\Desktop10.3\ArcCatalog\WangYouTouSu60.sde\WangYouTouSu.DBO.COMPLAIN_TOUSU_SHEET_MONTH_TMP
INFO:root:Process: 筛选
INFO:root:Process: 点转栅格
INFO:root:Process: 栅格转点
INFO:root:Process: 点转栅格 (2)
INFO:root:Process: 栅格转面
INFO:root:Process: 空间连接 (2)
INFO:root:清理内存~~
INFO:root:2017-07-02 09:10:10
INFO:root:(TSLB_ID='网络覆盖' or TSLB_ID='手机上网' or TSLB_ID='数据卡（含MIFI）' or TSLB_ID='通话质量') and (TSRQ >= '2017-06-01 00:00:00' and  TSRQ <= '2017-06-30 23:59:59')
INFO:root:Process: 创建C:\Users\Administrator\AppData\Roaming\ESRI\Desktop10.3\ArcCatalog\WangYouTouSu60.sde\WangYouTouSu.DBO.COMPLAIN_TOUSU_SHEET_MONTH_TMP
INFO:root:Process: 筛选
INFO:root:Process: 点转栅格
INFO:root:Process: 栅格转点
INFO:root:Process: 点转栅格 (2)
INFO:root:Process: 栅格转面
INFO:root:Process: 空间连接 (2)
INFO:root:清理内存~~
