INFO:root:delete exists PointInCache
INFO:root:开始时间:2016-05-04 17:32:14 结束时间:2016-05-04 17:45:41
INFO:root:delete exists PointInCache
INFO:root:开始时间:2016-05-05 10:34:52 结束时间:2016-05-05 10:47:00
INFO:root:delete exists PointInCache
INFO:root:开始时间:2016-05-06 08:00:04 结束时间:2016-05-06 08:14:28
INFO:root:delete exists PointInCache
INFO:root:开始时间:2016-05-07 08:00:05 结束时间:2016-05-07 08:13:53
INFO:root:delete exists PointInCache
INFO:root:开始时间:2016-05-08 08:00:04 结束时间:2016-05-08 08:13:17
INFO:root:delete exists PointInCache
INFO:root:开始时间:2016-05-09 08:00:04 结束时间:2016-05-09 08:13:51
INFO:root:delete exists PointInCache
INFO:root:开始时间:2016-05-10 08:00:04 结束时间:2016-05-10 08:13:47
INFO:root:delete exists PointInCache
INFO:root:开始时间:2016-05-11 08:00:04 结束时间:2016-05-11 08:13:53
INFO:root:delete exists PointInCache
INFO:root:开始时间:2016-05-12 08:00:04 结束时间:2016-05-12 08:13:49
INFO:root:delete exists PointInCache
INFO:root:开始时间:2016-05-13 09:21:14 结束时间:2016-05-13 10:08:07
INFO:root:delete exists PointInCache
INFO:root:开始时间:2016-05-14 08:00:04 结束时间:2016-05-14 08:12:56
INFO:root:delete exists PointInCache
INFO:root:开始时间:2016-05-15 08:00:04 结束时间:2016-05-15 08:13:10
INFO:root:delete exists PointInCache
INFO:root:开始时间:2016-05-16 08:00:04 结束时间:2016-05-16 08:13:10
INFO:root:delete exists PointInCache
INFO:root:开始时间:2016-05-17 08:00:04 结束时间:2016-05-17 08:13:23
INFO:root:delete exists PointInCache
INFO:root:开始时间:2016-05-18 08:00:04 结束时间:2016-05-18 08:12:55
INFO:root:delete exists PointInCache
INFO:root:开始时间:2016-05-19 08:00:04 结束时间:2016-05-19 08:13:19
INFO:root:delete exists PointInCache
INFO:root:开始时间:2016-05-20 08:00:04 结束时间:2016-05-20 08:13:23
INFO:root:delete exists PointInCache
INFO:root:开始时间:2016-05-21 08:00:04 结束时间:2016-05-21 08:12:51
INFO:root:delete exists PointInCache
INFO:root:开始时间:2016-05-22 08:00:04 结束时间:2016-05-22 08:13:13
INFO:root:delete exists PointInCache
INFO:root:开始时间:2016-05-23 08:00:04 结束时间:2016-05-23 08:12:57
INFO:root:delete exists PointInCache
INFO:root:开始时间:2016-05-24 08:00:04 结束时间:2016-05-24 08:13:02
INFO:root:delete exists PointInCache
INFO:root:开始时间:2016-05-25 08:00:04 结束时间:2016-05-25 08:13:55
INFO:root:delete exists PointInCache
INFO:root:开始时间:2016-05-26 08:00:04 结束时间:2016-05-26 08:13:50
INFO:root:delete exists PointInCache
INFO:root:开始时间:2016-05-27 08:00:04 结束时间:2016-05-27 08:13:01
INFO:root:delete exists PointInCache
INFO:root:开始时间:2016-05-28 08:00:04 结束时间:2016-05-28 08:13:22
INFO:root:delete exists PointInCache
INFO:root:开始时间:2016-05-29 08:00:04 结束时间:2016-05-29 08:13:16
INFO:root:delete exists PointInCache
INFO:root:开始时间:2016-05-30 08:00:04 结束时间:2016-05-30 08:13:08
INFO:root:delete exists PointInCache
INFO:root:开始时间:2016-05-31 08:00:04 结束时间:2016-05-31 08:13:17
INFO:root:delete exists PointInCache
INFO:root:开始时间:2016-06-01 08:00:04 结束时间:2016-06-01 08:13:14
INFO:root:delete exists PointInCache
INFO:root:开始时间:2016-06-02 08:00:04 结束时间:2016-06-02 08:13:51
INFO:root:delete exists PointInCache
INFO:root:开始时间:2016-06-03 08:00:04 结束时间:2016-06-03 08:13:28
INFO:root:delete exists PointInCache
INFO:root:开始时间:2016-06-04 08:00:04 结束时间:2016-06-04 08:13:46
INFO:root:delete exists PointInCache
INFO:root:开始时间:2016-06-05 08:00:04 结束时间:2016-06-05 08:13:17
INFO:root:delete exists PointInCache
INFO:root:开始时间:2016-06-06 08:00:04 结束时间:2016-06-06 08:13:18
INFO:root:delete exists PointInCache
INFO:root:开始时间:2016-06-07 08:00:04 结束时间:2016-06-07 08:13:34
INFO:root:delete exists PointInCache
INFO:root:开始时间:2016-06-08 08:00:04 结束时间:2016-06-08 08:13:33
INFO:root:delete exists PointInCache
INFO:root:开始时间:2016-06-09 08:00:04 结束时间:2016-06-09 08:13:31
INFO:root:delete exists PointInCache
INFO:root:开始时间:2016-06-10 08:00:04 结束时间:2016-06-10 08:13:20
INFO:root:delete exists PointInCache
INFO:root:开始时间:2016-06-11 08:00:04 结束时间:2016-06-11 08:13:38
INFO:root:delete exists PointInCache
INFO:root:开始时间:2016-06-12 08:00:04 结束时间:2016-06-12 08:14:00
INFO:root:delete exists PointInCache
INFO:root:开始时间:2016-06-13 08:00:04 结束时间:2016-06-13 08:13:24
INFO:root:delete exists PointInCache
INFO:root:开始时间:2016-06-14 08:00:04 结束时间:2016-06-14 08:13:46
INFO:root:delete exists PointInCache
INFO:root:开始时间:2016-06-15 08:00:04 结束时间:2016-06-15 08:14:05
INFO:root:delete exists PointInCache
INFO:root:开始时间:2016-06-16 08:00:04 结束时间:2016-06-16 08:14:15
INFO:root:delete exists PointInCache
INFO:root:开始时间:2016-06-17 08:00:04 结束时间:2016-06-17 08:13:37
INFO:root:delete exists PointInCache
INFO:root:开始时间:2016-06-18 08:00:04 结束时间:2016-06-18 08:13:33
INFO:root:delete exists PointInCache
INFO:root:开始时间:2016-06-19 08:00:04 结束时间:2016-06-19 08:13:28
INFO:root:delete exists PointInCache
INFO:root:开始时间:2016-06-20 08:00:04 结束时间:2016-06-20 08:14:05
INFO:root:delete exists PointInCache
INFO:root:开始时间:2016-06-21 08:00:04 结束时间:2016-06-21 08:13:35
INFO:root:delete exists PointInCache
INFO:root:开始时间:2016-06-22 08:00:04 结束时间:2016-06-22 08:14:34
INFO:root:delete exists PointInCache
INFO:root:开始时间:2016-06-23 08:00:04 结束时间:2016-06-23 08:14:17
INFO:root:delete exists PointInCache
INFO:root:开始时间:2016-06-24 08:00:04 结束时间:2016-06-24 08:14:14
INFO:root:delete exists PointInCache
INFO:root:开始时间:2016-06-25 08:00:04 结束时间:2016-06-25 08:02:06
INFO:root:delete exists PointInCache
INFO:root:开始时间:2016-06-26 08:00:04 结束时间:2016-06-26 08:11:39
INFO:root:delete exists PointInCache
INFO:root:开始时间:2016-06-27 08:00:04 结束时间:2016-06-27 08:14:00
INFO:root:delete exists PointInCache
INFO:root:开始时间:2016-06-28 08:00:04 结束时间:2016-06-28 08:14:02
INFO:root:delete exists PointInCache
INFO:root:开始时间:2016-06-29 08:00:04 结束时间:2016-06-29 08:14:01
INFO:root:delete exists PointInCache
INFO:root:开始时间:2016-06-30 08:00:04 结束时间:2016-06-30 08:13:52
INFO:root:delete exists PointInCache
INFO:root:开始时间:2016-07-01 08:00:04 结束时间:2016-07-01 08:14:01
INFO:root:delete exists PointInCache
INFO:root:开始时间:2016-07-02 08:00:04 结束时间:2016-07-02 08:14:07
INFO:root:delete exists PointInCache
INFO:root:开始时间:2016-07-03 08:00:04 结束时间:2016-07-03 08:13:49
INFO:root:delete exists PointInCache
INFO:root:开始时间:2016-07-04 08:00:04 结束时间:2016-07-04 08:14:10
INFO:root:delete exists PointInCache
INFO:root:开始时间:2016-07-05 08:00:04 结束时间:2016-07-05 08:13:49
INFO:root:delete exists PointInCache
INFO:root:开始时间:2016-07-06 08:00:04 结束时间:2016-07-06 08:14:19
INFO:root:delete exists PointInCache
INFO:root:开始时间:2016-07-07 08:00:04 结束时间:2016-07-07 08:13:38
INFO:root:delete exists PointInCache
INFO:root:开始时间:2016-07-08 08:00:04 结束时间:2016-07-08 08:13:52
INFO:root:delete exists PointInCache
INFO:root:开始时间:2016-07-09 08:00:04 结束时间:2016-07-09 08:14:30
INFO:root:delete exists PointInCache
INFO:root:开始时间:2016-07-10 08:00:04 结束时间:2016-07-10 08:13:56
INFO:root:delete exists PointInCache
INFO:root:开始时间:2016-07-11 08:00:04 结束时间:2016-07-11 08:14:00
INFO:root:delete exists PointInCache
INFO:root:开始时间:2016-07-12 08:00:04 结束时间:2016-07-12 08:13:57
INFO:root:delete exists PointInCache
INFO:root:开始时间:2016-07-13 08:00:04 结束时间:2016-07-13 08:13:44
INFO:root:delete exists PointInCache
INFO:root:开始时间:2016-07-14 08:00:04 结束时间:2016-07-14 08:13:38
INFO:root:delete exists PointInCache
INFO:root:开始时间:2016-07-15 08:00:04 结束时间:2016-07-15 08:13:59
INFO:root:delete exists PointInCache
INFO:root:开始时间:2016-07-16 08:00:04 结束时间:2016-07-16 08:14:37
INFO:root:delete exists PointInCache
INFO:root:开始时间:2016-07-17 08:00:04 结束时间:2016-07-17 08:14:27
INFO:root:delete exists PointInCache
INFO:root:开始时间:2016-07-18 08:00:04 结束时间:2016-07-18 08:14:11
INFO:root:delete exists PointInCache
INFO:root:开始时间:2016-07-19 08:00:04 结束时间:2016-07-19 08:14:04
INFO:root:delete exists PointInCache
INFO:root:开始时间:2016-07-20 08:00:04 结束时间:2016-07-20 08:14:54
INFO:root:delete exists PointInCache
INFO:root:开始时间:2016-07-21 08:00:04 结束时间:2016-07-21 08:14:10
INFO:root:delete exists PointInCache
INFO:root:开始时间:2016-07-22 08:00:04 结束时间:2016-07-22 08:14:35
INFO:root:delete exists PointInCache
INFO:root:开始时间:2016-07-23 08:00:04 结束时间:2016-07-23 08:14:34
INFO:root:delete exists PointInCache
INFO:root:开始时间:2016-07-24 08:00:04 结束时间:2016-07-24 08:14:26
INFO:root:delete exists PointInCache
INFO:root:开始时间:2016-07-25 08:00:04 结束时间:2016-07-25 08:14:43
INFO:root:delete exists PointInCache
INFO:root:开始时间:2016-07-26 08:00:04 结束时间:2016-07-26 08:14:10
INFO:root:delete exists PointInCache
INFO:root:开始时间:2016-07-27 08:00:04 结束时间:2016-07-27 08:14:21
INFO:root:delete exists PointInCache
INFO:root:开始时间:2016-07-28 08:00:04 结束时间:2016-07-28 08:14:15
INFO:root:delete exists PointInCache
INFO:root:开始时间:2016-07-29 08:00:04 结束时间:2016-07-29 08:13:43
INFO:root:delete exists PointInCache
INFO:root:开始时间:2016-07-30 08:00:04 结束时间:2016-07-30 08:14:23
INFO:root:delete exists PointInCache
INFO:root:开始时间:2016-07-31 08:00:04 结束时间:2016-07-31 08:14:31
INFO:root:delete exists PointInCache
INFO:root:开始时间:2016-08-01 08:00:05 结束时间:2016-08-01 08:14:09
INFO:root:delete exists PointInCache
INFO:root:开始时间:2016-08-02 08:00:05 结束时间:2016-08-02 08:14:23
INFO:root:delete exists PointInCache
INFO:root:开始时间:2016-08-03 08:00:04 结束时间:2016-08-03 08:14:35
INFO:root:delete exists PointInCache
INFO:root:开始时间:2016-08-04 08:00:04 结束时间:2016-08-04 08:14:11
INFO:root:delete exists PointInCache
INFO:root:开始时间:2016-08-05 08:00:04 结束时间:2016-08-05 08:13:49
INFO:root:delete exists PointInCache
INFO:root:开始时间:2016-08-06 08:00:04 结束时间:2016-08-06 08:14:19
INFO:root:delete exists PointInCache
INFO:root:开始时间:2016-08-07 08:00:04 结束时间:2016-08-07 08:14:45
INFO:root:delete exists PointInCache
INFO:root:开始时间:2016-08-08 08:00:05 结束时间:2016-08-08 08:13:59
INFO:root:delete exists PointInCache
INFO:root:开始时间:2016-08-09 08:00:04 结束时间:2016-08-09 08:14:37
INFO:root:delete exists PointInCache
INFO:root:开始时间:2016-08-10 08:00:04 结束时间:2016-08-10 08:14:32
INFO:root:delete exists PointInCache
INFO:root:开始时间:2016-08-11 08:00:05 结束时间:2016-08-11 08:14:08
INFO:root:delete exists PointInCache
INFO:root:开始时间:2016-08-12 08:00:05 结束时间:2016-08-12 08:14:36
INFO:root:delete exists PointInCache
INFO:root:开始时间:2016-08-13 08:00:05 结束时间:2016-08-13 08:14:11
INFO:root:delete exists PointInCache
INFO:root:开始时间:2016-08-14 08:00:05 结束时间:2016-08-14 08:14:50
INFO:root:delete exists PointInCache
INFO:root:开始时间:2016-08-15 08:00:05 结束时间:2016-08-15 08:14:23
INFO:root:delete exists PointInCache
INFO:root:开始时间:2016-08-16 08:00:04 结束时间:2016-08-16 08:14:21
INFO:root:delete exists PointInCache
INFO:root:开始时间:2016-08-17 08:00:04 结束时间:2016-08-17 08:14:41
INFO:root:delete exists PointInCache
INFO:root:开始时间:2016-08-18 08:00:04 结束时间:2016-08-18 08:14:38
INFO:root:delete exists PointInCache
INFO:root:开始时间:2016-08-19 08:00:04 结束时间:2016-08-19 08:14:36
INFO:root:delete exists PointInCache
INFO:root:开始时间:2016-08-20 08:00:05 结束时间:2016-08-20 08:14:39
INFO:root:delete exists PointInCache
INFO:root:开始时间:2016-08-21 08:00:05 结束时间:2016-08-21 08:14:33
INFO:root:delete exists PointInCache
INFO:root:开始时间:2016-08-22 08:00:04 结束时间:2016-08-22 08:14:39
INFO:root:delete exists PointInCache
INFO:root:开始时间:2016-08-23 08:00:04 结束时间:2016-08-23 08:14:41
INFO:root:delete exists PointInCache
INFO:root:开始时间:2016-08-24 08:00:04 结束时间:2016-08-24 08:15:03
INFO:root:delete exists PointInCache
INFO:root:开始时间:2016-08-25 08:00:04 结束时间:2016-08-25 08:14:29
INFO:root:delete exists PointInCache
INFO:root:开始时间:2016-08-26 08:00:04 结束时间:2016-08-26 08:14:24
INFO:root:delete exists PointInCache
INFO:root:开始时间:2016-08-27 08:00:04 结束时间:2016-08-27 08:14:14
INFO:root:delete exists PointInCache
INFO:root:开始时间:2016-08-28 08:00:04 结束时间:2016-08-28 08:16:17
INFO:root:delete exists PointInCache
INFO:root:开始时间:2016-08-29 08:00:04 结束时间:2016-08-29 08:14:27
INFO:root:delete exists PointInCache
INFO:root:delete exists PointInCache
INFO:root:delete exists PointInCache
INFO:root:delete exists PointInCache
ERROR:root:ERROR 000601: 无法删除 C:\Users\Administrator\AppData\Roaming\ESRI\Desktop10.3\ArcCatalog\JGYH_SQL97.sde\JGYH.DBO.GIS_OBJECT_LTEPNT_ZJJ_FWJ。可能已被其他应用程序锁定。
基础 DBMS 错误[Underlying DBMS error] 
执行(Delete)失败。

ERROR:root:ERROR 000258: 输出 C:\Users\Administrator\AppData\Roaming\ESRI\Desktop10.3\ArcCatalog\JGYH_SQL97.sde\JGYH.DBO.GIS_OBJECT_LTEPNT_ZJJ_FWJ 已存在
执行(CreateFeatureclass)失败。

ERROR:root:ERROR 000601: 无法删除 C:\Users\Administrator\AppData\Roaming\ESRI\Desktop10.3\ArcCatalog\JGYH_SQL97.sde\JGYH.DBO.GIS_OBJECT_LTEPNT_ZJJ_FWJ。可能已被其他应用程序锁定。
执行(Delete)失败。

INFO:root:delete exists PointInCache
INFO:root:delete exists PointInCache
INFO:root:delete exists PointInCache
INFO:root:开始时间:2016-09-06 11:31:35 结束时间:2016-09-06 11:44:44
INFO:root:delete exists PointInCache
INFO:root:开始时间:2016-09-07 08:00:04 结束时间:2016-09-07 08:13:15
INFO:root:delete exists PointInCache
INFO:root:开始时间:2016-09-08 08:00:04 结束时间:2016-09-08 08:13:28
INFO:root:delete exists PointInCache
INFO:root:开始时间:2016-09-09 08:00:04 结束时间:2016-09-09 08:13:26
INFO:root:delete exists PointInCache
INFO:root:开始时间:2016-09-10 08:00:04 结束时间:2016-09-10 08:13:19
INFO:root:delete exists PointInCache
INFO:root:开始时间:2016-09-11 08:00:04 结束时间:2016-09-11 08:00:45
INFO:root:delete exists PointInCache
INFO:root:开始时间:2016-09-12 08:00:04 结束时间:2016-09-12 08:13:23
INFO:root:delete exists PointInCache
INFO:root:开始时间:2016-09-13 08:00:04 结束时间:2016-09-13 08:13:31
INFO:root:delete exists PointInCache
INFO:root:开始时间:2016-09-14 08:00:04 结束时间:2016-09-14 08:13:10
INFO:root:delete exists PointInCache
INFO:root:开始时间:2016-09-15 08:00:04 结束时间:2016-09-15 08:13:04
INFO:root:delete exists PointInCache
INFO:root:开始时间:2016-09-16 08:00:04 结束时间:2016-09-16 08:13:05
INFO:root:delete exists PointInCache
INFO:root:开始时间:2016-09-17 08:00:04 结束时间:2016-09-17 08:13:35
INFO:root:delete exists PointInCache
INFO:root:delete exists PointInCache
INFO:root:开始时间:2016-09-18 16:01:34 结束时间:2016-09-18 16:14:41
INFO:root:delete exists PointInCache
INFO:root:开始时间:2016-09-19 08:00:04 结束时间:2016-09-19 08:13:22
INFO:root:delete exists PointInCache
INFO:root:开始时间:2016-09-20 08:00:04 结束时间:2016-09-20 08:13:32
INFO:root:delete exists PointInCache
INFO:root:开始时间:2016-09-21 08:00:04 结束时间:2016-09-21 08:13:29
INFO:root:delete exists PointInCache
INFO:root:开始时间:2016-09-22 08:00:04 结束时间:2016-09-22 08:13:43
INFO:root:delete exists PointInCache
INFO:root:开始时间:2016-09-23 08:00:04 结束时间:2016-09-23 08:14:13
INFO:root:delete exists PointInCache
INFO:root:开始时间:2016-09-24 08:00:04 结束时间:2016-09-24 08:13:37
INFO:root:delete exists PointInCache
INFO:root:开始时间:2016-09-25 08:00:04 结束时间:2016-09-25 08:13:50
INFO:root:delete exists PointInCache
INFO:root:开始时间:2016-09-26 08:00:04 结束时间:2016-09-26 08:14:07
INFO:root:delete exists PointInCache
INFO:root:开始时间:2016-09-27 08:00:04 结束时间:2016-09-27 08:14:01
INFO:root:delete exists PointInCache
INFO:root:开始时间:2016-09-28 08:00:04 结束时间:2016-09-28 08:13:57
INFO:root:delete exists PointInCache
INFO:root:开始时间:2016-09-29 08:00:04 结束时间:2016-09-29 08:13:54
INFO:root:delete exists PointInCache
INFO:root:开始时间:2016-09-30 08:00:04 结束时间:2016-09-30 08:13:57
INFO:root:delete exists PointInCache
INFO:root:开始时间:2016-10-01 08:00:04 结束时间:2016-10-01 08:13:36
INFO:root:delete exists PointInCache
INFO:root:开始时间:2016-10-02 08:00:04 结束时间:2016-10-02 08:14:52
INFO:root:delete exists PointInCache
INFO:root:开始时间:2016-10-03 08:00:04 结束时间:2016-10-03 08:13:32
INFO:root:delete exists PointInCache
INFO:root:开始时间:2016-10-04 08:00:04 结束时间:2016-10-04 08:13:17
INFO:root:delete exists PointInCache
INFO:root:开始时间:2016-10-05 08:00:04 结束时间:2016-10-05 08:13:31
INFO:root:delete exists PointInCache
INFO:root:开始时间:2016-10-06 08:00:04 结束时间:2016-10-06 08:13:49
INFO:root:delete exists PointInCache
INFO:root:开始时间:2016-10-07 08:00:04 结束时间:2016-10-07 08:13:59
INFO:root:delete exists PointInCache
INFO:root:开始时间:2016-10-08 08:00:04 结束时间:2016-10-08 08:14:07
INFO:root:delete exists PointInCache
INFO:root:开始时间:2016-10-09 08:00:04 结束时间:2016-10-09 08:13:39
INFO:root:delete exists PointInCache
INFO:root:开始时间:2016-10-10 08:00:04 结束时间:2016-10-10 08:13:39
INFO:root:delete exists PointInCache
INFO:root:开始时间:2016-10-11 08:00:04 结束时间:2016-10-11 08:14:07
INFO:root:delete exists PointInCache
INFO:root:开始时间:2016-10-12 08:00:04 结束时间:2016-10-12 08:14:09
INFO:root:delete exists PointInCache
INFO:root:开始时间:2016-10-13 08:00:04 结束时间:2016-10-13 08:14:10
INFO:root:delete exists PointInCache
INFO:root:开始时间:2016-10-14 08:00:04 结束时间:2016-10-14 08:14:02
INFO:root:delete exists PointInCache
INFO:root:开始时间:2016-10-15 08:00:04 结束时间:2016-10-15 08:13:46
INFO:root:delete exists PointInCache
INFO:root:开始时间:2016-10-16 08:00:04 结束时间:2016-10-16 08:14:05
INFO:root:delete exists PointInCache
INFO:root:开始时间:2016-10-17 08:00:04 结束时间:2016-10-17 08:13:58
INFO:root:delete exists PointInCache
INFO:root:开始时间:2016-10-18 08:00:04 结束时间:2016-10-18 08:13:42
INFO:root:delete exists PointInCache
INFO:root:开始时间:2016-10-19 08:00:04 结束时间:2016-10-19 08:13:43
INFO:root:delete exists PointInCache
INFO:root:开始时间:2016-10-20 08:00:04 结束时间:2016-10-20 08:14:13
INFO:root:delete exists PointInCache
INFO:root:开始时间:2016-10-21 08:00:04 结束时间:2016-10-21 08:13:59
INFO:root:delete exists PointInCache
INFO:root:开始时间:2016-10-22 08:00:04 结束时间:2016-10-22 08:13:44
INFO:root:delete exists PointInCache
INFO:root:开始时间:2016-10-23 08:00:04 结束时间:2016-10-23 08:13:56
INFO:root:delete exists PointInCache
INFO:root:开始时间:2016-10-24 08:00:04 结束时间:2016-10-24 08:14:05
INFO:root:delete exists PointInCache
INFO:root:开始时间:2016-10-25 08:00:04 结束时间:2016-10-25 08:13:41
INFO:root:delete exists PointInCache
INFO:root:开始时间:2016-10-26 08:00:04 结束时间:2016-10-26 08:14:06
INFO:root:delete exists PointInCache
INFO:root:开始时间:2016-10-27 08:00:04 结束时间:2016-10-27 08:13:53
INFO:root:delete exists PointInCache
INFO:root:开始时间:2016-10-28 08:00:04 结束时间:2016-10-28 08:13:48
INFO:root:delete exists PointInCache
INFO:root:开始时间:2016-10-29 08:00:04 结束时间:2016-10-29 08:13:44
INFO:root:delete exists PointInCache
INFO:root:开始时间:2016-10-30 08:00:04 结束时间:2016-10-30 08:14:05
INFO:root:delete exists PointInCache
INFO:root:开始时间:2016-10-31 08:00:04 结束时间:2016-10-31 08:13:43
INFO:root:delete exists PointInCache
INFO:root:开始时间:2016-11-01 08:00:04 结束时间:2016-11-01 08:14:10
INFO:root:delete exists PointInCache
INFO:root:开始时间:2016-11-02 08:00:04 结束时间:2016-11-02 08:14:04
INFO:root:delete exists PointInCache
INFO:root:开始时间:2016-11-03 08:00:04 结束时间:2016-11-03 08:14:27
INFO:root:delete exists PointInCache
INFO:root:开始时间:2016-11-04 08:00:04 结束时间:2016-11-04 08:14:11
INFO:root:delete exists PointInCache
INFO:root:开始时间:2016-11-05 08:00:04 结束时间:2016-11-05 08:14:24
INFO:root:delete exists PointInCache
INFO:root:开始时间:2016-11-06 08:00:04 结束时间:2016-11-06 08:14:00
INFO:root:delete exists PointInCache
INFO:root:开始时间:2016-11-07 08:00:04 结束时间:2016-11-07 08:14:02
INFO:root:delete exists PointInCache
INFO:root:开始时间:2016-11-08 08:00:12 结束时间:2016-11-08 08:14:15
INFO:root:delete exists PointInCache
INFO:root:开始时间:2016-11-09 08:00:04 结束时间:2016-11-09 08:13:49
INFO:root:delete exists PointInCache
INFO:root:开始时间:2016-11-10 08:00:04 结束时间:2016-11-10 08:00:35
INFO:root:delete exists PointInCache
INFO:root:开始时间:2016-11-11 08:00:04 结束时间:2016-11-11 08:13:57
INFO:root:delete exists PointInCache
INFO:root:开始时间:2016-11-12 08:00:04 结束时间:2016-11-12 08:14:18
INFO:root:delete exists PointInCache
INFO:root:开始时间:2016-11-13 08:00:04 结束时间:2016-11-13 08:14:27
INFO:root:delete exists PointInCache
INFO:root:开始时间:2016-11-14 08:00:04 结束时间:2016-11-14 08:14:48
INFO:root:delete exists PointInCache
INFO:root:开始时间:2016-11-15 08:00:04 结束时间:2016-11-15 08:14:15
INFO:root:delete exists PointInCache
INFO:root:开始时间:2016-11-16 08:00:04 结束时间:2016-11-16 08:14:51
INFO:root:delete exists PointInCache
INFO:root:开始时间:2016-11-17 08:00:04 结束时间:2016-11-17 08:14:07
INFO:root:delete exists PointInCache
INFO:root:开始时间:2016-11-18 08:00:04 结束时间:2016-11-18 08:14:19
INFO:root:delete exists PointInCache
INFO:root:开始时间:2016-11-19 08:00:04 结束时间:2016-11-19 08:14:18
INFO:root:delete exists PointInCache
INFO:root:开始时间:2016-11-20 08:00:04 结束时间:2016-11-20 08:14:11
INFO:root:delete exists PointInCache
INFO:root:开始时间:2016-11-21 08:00:04 结束时间:2016-11-21 08:14:16
INFO:root:delete exists PointInCache
INFO:root:开始时间:2016-11-22 08:00:04 结束时间:2016-11-22 08:14:00
INFO:root:delete exists PointInCache
INFO:root:开始时间:2016-11-23 08:00:04 结束时间:2016-11-23 08:14:29
INFO:root:delete exists PointInCache
INFO:root:开始时间:2016-11-24 08:00:04 结束时间:2016-11-24 08:14:39
INFO:root:delete exists PointInCache
INFO:root:开始时间:2016-11-25 08:00:04 结束时间:2016-11-25 08:14:33
INFO:root:delete exists PointInCache
INFO:root:开始时间:2016-11-26 08:00:04 结束时间:2016-11-26 08:13:51
INFO:root:delete exists PointInCache
INFO:root:开始时间:2016-11-27 08:00:04 结束时间:2016-11-27 08:14:35
INFO:root:delete exists PointInCache
INFO:root:开始时间:2016-11-28 08:00:04 结束时间:2016-11-28 08:14:19
INFO:root:delete exists PointInCache
INFO:root:开始时间:2016-11-29 08:00:04 结束时间:2016-11-29 08:14:32
INFO:root:delete exists PointInCache
INFO:root:开始时间:2016-11-30 08:00:04 结束时间:2016-11-30 08:14:28
INFO:root:delete exists PointInCache
INFO:root:开始时间:2016-12-01 08:00:04 结束时间:2016-12-01 08:14:38
INFO:root:delete exists PointInCache
INFO:root:开始时间:2016-12-02 08:00:04 结束时间:2016-12-02 08:14:46
INFO:root:delete exists PointInCache
INFO:root:开始时间:2016-12-03 08:00:04 结束时间:2016-12-03 08:14:28
INFO:root:delete exists PointInCache
INFO:root:开始时间:2016-12-04 08:00:04 结束时间:2016-12-04 08:14:44
INFO:root:delete exists PointInCache
INFO:root:开始时间:2016-12-05 08:00:04 结束时间:2016-12-05 08:14:46
INFO:root:delete exists PointInCache
INFO:root:开始时间:2016-12-06 08:00:04 结束时间:2016-12-06 08:15:05
INFO:root:delete exists PointInCache
INFO:root:开始时间:2016-12-07 08:00:04 结束时间:2016-12-07 08:14:50
INFO:root:delete exists PointInCache
INFO:root:开始时间:2016-12-08 08:00:04 结束时间:2016-12-08 08:16:05
INFO:root:delete exists PointInCache
INFO:root:开始时间:2016-12-09 08:00:04 结束时间:2016-12-09 08:17:12
INFO:root:delete exists PointInCache
INFO:root:开始时间:2016-12-10 08:00:04 结束时间:2016-12-10 08:16:06
INFO:root:delete exists PointInCache
INFO:root:开始时间:2016-12-11 08:00:04 结束时间:2016-12-11 08:16:35
INFO:root:delete exists PointInCache
INFO:root:开始时间:2016-12-12 08:00:04 结束时间:2016-12-12 08:16:18
INFO:root:delete exists PointInCache
INFO:root:开始时间:2016-12-13 08:00:04 结束时间:2016-12-13 08:16:35
INFO:root:delete exists PointInCache
INFO:root:开始时间:2016-12-14 08:00:04 结束时间:2016-12-14 08:16:10
INFO:root:delete exists PointInCache
INFO:root:开始时间:2016-12-15 08:00:04 结束时间:2016-12-15 08:16:54
INFO:root:delete exists PointInCache
INFO:root:开始时间:2016-12-16 08:00:04 结束时间:2016-12-16 08:16:15
INFO:root:delete exists PointInCache
INFO:root:开始时间:2016-12-17 08:00:04 结束时间:2016-12-17 08:16:09
INFO:root:delete exists PointInCache
INFO:root:开始时间:2016-12-18 08:00:04 结束时间:2016-12-18 08:16:14
INFO:root:delete exists PointInCache
INFO:root:开始时间:2016-12-19 08:00:04 结束时间:2016-12-19 08:16:57
INFO:root:delete exists PointInCache
INFO:root:开始时间:2016-12-20 08:00:04 结束时间:2016-12-20 08:16:14
INFO:root:delete exists PointInCache
INFO:root:开始时间:2016-12-21 08:00:04 结束时间:2016-12-21 08:16:35
INFO:root:delete exists PointInCache
INFO:root:开始时间:2016-12-22 08:00:04 结束时间:2016-12-22 08:16:59
INFO:root:delete exists PointInCache
INFO:root:开始时间:2016-12-23 08:00:04 结束时间:2016-12-23 08:16:13
INFO:root:delete exists PointInCache
INFO:root:开始时间:2016-12-24 08:00:04 结束时间:2016-12-24 08:16:44
INFO:root:delete exists PointInCache
INFO:root:开始时间:2016-12-25 08:00:04 结束时间:2016-12-25 08:16:47
INFO:root:delete exists PointInCache
INFO:root:开始时间:2016-12-26 08:00:04 结束时间:2016-12-26 08:16:29
INFO:root:delete exists PointInCache
INFO:root:开始时间:2016-12-27 08:00:04 结束时间:2016-12-27 08:17:11
INFO:root:delete exists PointInCache
INFO:root:开始时间:2016-12-28 08:00:05 结束时间:2016-12-28 08:17:17
INFO:root:delete exists PointInCache
INFO:root:开始时间:2016-12-29 08:00:04 结束时间:2016-12-29 08:16:19
INFO:root:delete exists PointInCache
INFO:root:开始时间:2016-12-30 08:00:04 结束时间:2016-12-30 08:16:48
INFO:root:delete exists PointInCache
INFO:root:开始时间:2016-12-31 08:00:04 结束时间:2016-12-31 08:16:58
INFO:root:delete exists PointInCache
INFO:root:开始时间:2017-01-01 08:00:04 结束时间:2017-01-01 08:17:03
INFO:root:delete exists PointInCache
INFO:root:开始时间:2017-01-02 08:00:05 结束时间:2017-01-02 08:17:01
INFO:root:delete exists PointInCache
INFO:root:开始时间:2017-01-03 08:00:04 结束时间:2017-01-03 08:17:16
INFO:root:delete exists PointInCache
INFO:root:开始时间:2017-01-04 08:00:04 结束时间:2017-01-04 08:16:51
INFO:root:delete exists PointInCache
INFO:root:开始时间:2017-01-05 08:00:04 结束时间:2017-01-05 08:17:23
INFO:root:delete exists PointInCache
INFO:root:开始时间:2017-01-06 08:00:05 结束时间:2017-01-06 08:16:59
INFO:root:delete exists PointInCache
INFO:root:开始时间:2017-01-07 08:00:05 结束时间:2017-01-07 08:17:12
INFO:root:delete exists PointInCache
INFO:root:开始时间:2017-01-08 08:00:05 结束时间:2017-01-08 08:17:52
INFO:root:delete exists PointInCache
INFO:root:开始时间:2017-01-09 08:00:05 结束时间:2017-01-09 08:17:17
INFO:root:delete exists PointInCache
INFO:root:开始时间:2017-01-10 08:00:05 结束时间:2017-01-10 08:16:50
INFO:root:delete exists PointInCache
INFO:root:开始时间:2017-01-11 08:00:04 结束时间:2017-01-11 08:17:55
INFO:root:delete exists PointInCache
INFO:root:开始时间:2017-01-12 08:00:04 结束时间:2017-01-12 08:17:37
INFO:root:delete exists PointInCache
INFO:root:开始时间:2017-01-13 08:00:04 结束时间:2017-01-13 08:17:09
INFO:root:delete exists PointInCache
INFO:root:开始时间:2017-01-14 08:00:05 结束时间:2017-01-14 08:17:55
INFO:root:delete exists PointInCache
INFO:root:开始时间:2017-01-15 08:00:04 结束时间:2017-01-15 08:18:10
INFO:root:delete exists PointInCache
INFO:root:开始时间:2017-01-16 08:00:05 结束时间:2017-01-16 08:17:33
INFO:root:delete exists PointInCache
INFO:root:开始时间:2017-01-17 08:00:04 结束时间:2017-01-17 08:17:47
INFO:root:delete exists PointInCache
INFO:root:开始时间:2017-01-18 08:00:04 结束时间:2017-01-18 08:16:47
INFO:root:delete exists PointInCache
INFO:root:开始时间:2017-01-19 08:00:04 结束时间:2017-01-19 08:17:33
INFO:root:delete exists PointInCache
INFO:root:开始时间:2017-01-20 08:00:04 结束时间:2017-01-20 08:17:31
INFO:root:delete exists PointInCache
INFO:root:开始时间:2017-01-21 08:00:04 结束时间:2017-01-21 08:17:32
INFO:root:delete exists PointInCache
INFO:root:开始时间:2017-01-22 08:00:04 结束时间:2017-01-22 08:18:24
INFO:root:delete exists PointInCache
INFO:root:开始时间:2017-01-23 08:00:04 结束时间:2017-01-23 08:17:37
INFO:root:delete exists PointInCache
INFO:root:开始时间:2017-01-24 08:00:04 结束时间:2017-01-24 08:17:53
INFO:root:delete exists PointInCache
INFO:root:开始时间:2017-01-25 08:00:04 结束时间:2017-01-25 08:17:22
INFO:root:delete exists PointInCache
INFO:root:开始时间:2017-01-26 08:00:04 结束时间:2017-01-26 08:17:37
INFO:root:delete exists PointInCache
INFO:root:开始时间:2017-01-27 08:00:04 结束时间:2017-01-27 08:17:34
INFO:root:delete exists PointInCache
INFO:root:开始时间:2017-01-28 08:00:04 结束时间:2017-01-28 08:18:12
INFO:root:delete exists PointInCache
INFO:root:开始时间:2017-01-29 08:00:04 结束时间:2017-01-29 08:17:24
INFO:root:delete exists PointInCache
INFO:root:开始时间:2017-01-30 08:00:04 结束时间:2017-01-30 08:17:40
INFO:root:delete exists PointInCache
INFO:root:开始时间:2017-01-31 08:00:04 结束时间:2017-01-31 08:17:23
INFO:root:delete exists PointInCache
INFO:root:开始时间:2017-02-01 08:00:05 结束时间:2017-02-01 08:17:33
INFO:root:delete exists PointInCache
INFO:root:开始时间:2017-02-02 08:00:04 结束时间:2017-02-02 08:18:07
INFO:root:delete exists PointInCache
INFO:root:开始时间:2017-02-03 08:00:04 结束时间:2017-02-03 08:17:37
INFO:root:delete exists PointInCache
INFO:root:开始时间:2017-02-04 08:00:04 结束时间:2017-02-04 08:18:10
INFO:root:delete exists PointInCache
INFO:root:开始时间:2017-02-05 08:00:04 结束时间:2017-02-05 08:17:57
INFO:root:delete exists PointInCache
INFO:root:开始时间:2017-02-06 08:00:04 结束时间:2017-02-06 08:17:56
INFO:root:delete exists PointInCache
INFO:root:开始时间:2017-02-07 08:00:04 结束时间:2017-02-07 08:18:08
INFO:root:delete exists PointInCache
INFO:root:开始时间:2017-02-08 08:00:04 结束时间:2017-02-08 08:18:03
INFO:root:delete exists PointInCache
INFO:root:开始时间:2017-02-09 08:00:04 结束时间:2017-02-09 08:17:56
INFO:root:delete exists PointInCache
INFO:root:开始时间:2017-02-10 08:00:04 结束时间:2017-02-10 08:18:08
INFO:root:delete exists PointInCache
INFO:root:开始时间:2017-02-11 08:00:04 结束时间:2017-02-11 08:18:24
INFO:root:delete exists PointInCache
INFO:root:开始时间:2017-02-12 08:00:04 结束时间:2017-02-12 08:19:28
INFO:root:delete exists PointInCache
INFO:root:开始时间:2017-02-13 08:00:04 结束时间:2017-02-13 08:18:56
INFO:root:delete exists PointInCache
INFO:root:开始时间:2017-02-14 08:00:04 结束时间:2017-02-14 08:01:42
INFO:root:delete exists PointInCache
INFO:root:开始时间:2017-02-15 08:00:04 结束时间:2017-02-15 08:01:31
INFO:root:delete exists PointInCache
INFO:root:开始时间:2017-02-16 08:00:04 结束时间:2017-02-16 08:18:11
INFO:root:delete exists PointInCache
INFO:root:开始时间:2017-02-17 08:00:04 结束时间:2017-02-17 08:17:23
INFO:root:delete exists PointInCache
INFO:root:开始时间:2017-02-18 08:00:04 结束时间:2017-02-18 08:17:19
INFO:root:delete exists PointInCache
INFO:root:开始时间:2017-02-19 08:00:04 结束时间:2017-02-19 08:17:14
INFO:root:delete exists PointInCache
INFO:root:开始时间:2017-02-20 08:00:05 结束时间:2017-02-20 08:17:37
INFO:root:delete exists PointInCache
INFO:root:开始时间:2017-02-21 08:00:04 结束时间:2017-02-21 08:17:29
INFO:root:delete exists PointInCache
INFO:root:开始时间:2017-02-22 08:00:04 结束时间:2017-02-22 08:17:42
INFO:root:delete exists PointInCache
INFO:root:开始时间:2017-02-23 08:00:04 结束时间:2017-02-23 08:16:55
INFO:root:delete exists PointInCache
INFO:root:开始时间:2017-02-24 08:00:04 结束时间:2017-02-24 08:17:08
INFO:root:delete exists PointInCache
INFO:root:开始时间:2017-02-25 08:00:04 结束时间:2017-02-25 08:16:54
INFO:root:delete exists PointInCache
INFO:root:开始时间:2017-02-26 08:00:04 结束时间:2017-02-26 08:16:58
INFO:root:delete exists PointInCache
INFO:root:开始时间:2017-02-27 08:00:04 结束时间:2017-02-27 08:17:41
INFO:root:delete exists PointInCache
INFO:root:开始时间:2017-02-28 08:00:04 结束时间:2017-02-28 08:17:15
INFO:root:delete exists PointInCache
INFO:root:开始时间:2017-03-01 08:00:04 结束时间:2017-03-01 08:18:00
INFO:root:delete exists PointInCache
INFO:root:开始时间:2017-03-02 08:00:04 结束时间:2017-03-02 08:17:05
INFO:root:delete exists PointInCache
INFO:root:开始时间:2017-03-03 08:00:04 结束时间:2017-03-03 08:17:24
INFO:root:delete exists PointInCache
INFO:root:开始时间:2017-03-04 08:00:04 结束时间:2017-03-04 08:16:59
INFO:root:delete exists PointInCache
INFO:root:开始时间:2017-03-05 08:00:04 结束时间:2017-03-05 08:17:46
INFO:root:delete exists PointInCache
INFO:root:开始时间:2017-03-06 08:00:04 结束时间:2017-03-06 08:16:49
INFO:root:delete exists PointInCache
INFO:root:开始时间:2017-03-07 08:00:04 结束时间:2017-03-07 08:17:24
INFO:root:delete exists PointInCache
INFO:root:开始时间:2017-03-08 08:00:05 结束时间:2017-03-08 08:17:47
INFO:root:delete exists PointInCache
INFO:root:开始时间:2017-03-09 08:00:04 结束时间:2017-03-09 08:17:23
INFO:root:delete exists PointInCache
INFO:root:开始时间:2017-03-10 08:00:04 结束时间:2017-03-10 08:17:20
INFO:root:delete exists PointInCache
INFO:root:开始时间:2017-03-11 08:00:04 结束时间:2017-03-11 08:18:04
INFO:root:delete exists PointInCache
INFO:root:开始时间:2017-03-12 08:00:04 结束时间:2017-03-12 08:17:32
INFO:root:delete exists PointInCache
INFO:root:开始时间:2017-03-13 08:00:04 结束时间:2017-03-13 08:17:59
INFO:root:delete exists PointInCache
INFO:root:开始时间:2017-03-14 08:00:04 结束时间:2017-03-14 08:17:57
INFO:root:delete exists PointInCache
INFO:root:开始时间:2017-03-15 08:00:04 结束时间:2017-03-15 08:17:16
INFO:root:delete exists PointInCache
INFO:root:开始时间:2017-03-16 08:00:04 结束时间:2017-03-16 08:17:47
INFO:root:delete exists PointInCache
INFO:root:开始时间:2017-03-17 08:00:04 结束时间:2017-03-17 08:17:46
INFO:root:delete exists PointInCache
INFO:root:开始时间:2017-03-18 08:00:04 结束时间:2017-03-18 08:17:59
INFO:root:delete exists PointInCache
INFO:root:开始时间:2017-03-19 08:00:04 结束时间:2017-03-19 08:17:15
INFO:root:delete exists PointInCache
INFO:root:开始时间:2017-03-20 08:00:04 结束时间:2017-03-20 08:17:52
INFO:root:delete exists PointInCache
INFO:root:开始时间:2017-03-21 08:00:05 结束时间:2017-03-21 08:18:38
INFO:root:delete exists PointInCache
INFO:root:开始时间:2017-03-22 08:00:04 结束时间:2017-03-22 08:18:05
INFO:root:delete exists PointInCache
INFO:root:开始时间:2017-03-23 08:00:04 结束时间:2017-03-23 08:18:04
INFO:root:delete exists PointInCache
INFO:root:开始时间:2017-03-24 08:00:04 结束时间:2017-03-24 08:18:09
INFO:root:delete exists PointInCache
INFO:root:开始时间:2017-03-25 08:00:04 结束时间:2017-03-25 08:17:35
INFO:root:delete exists PointInCache
INFO:root:开始时间:2017-03-26 08:00:04 结束时间:2017-03-26 08:17:55
INFO:root:delete exists PointInCache
INFO:root:开始时间:2017-03-27 08:00:04 结束时间:2017-03-27 08:17:54
INFO:root:delete exists PointInCache
INFO:root:开始时间:2017-03-28 08:00:04 结束时间:2017-03-28 08:17:54
INFO:root:delete exists PointInCache
INFO:root:开始时间:2017-03-29 08:00:04 结束时间:2017-03-29 08:17:47
INFO:root:delete exists PointInCache
INFO:root:开始时间:2017-03-30 08:00:04 结束时间:2017-03-30 08:17:52
INFO:root:delete exists PointInCache
INFO:root:开始时间:2017-03-31 08:00:04 结束时间:2017-03-31 08:18:07
INFO:root:delete exists PointInCache
INFO:root:开始时间:2017-04-01 08:00:04 结束时间:2017-04-01 08:18:13
INFO:root:delete exists PointInCache
INFO:root:开始时间:2017-04-02 08:00:04 结束时间:2017-04-02 08:18:37
INFO:root:delete exists PointInCache
INFO:root:开始时间:2017-04-03 08:00:05 结束时间:2017-04-03 08:18:05
INFO:root:delete exists PointInCache
INFO:root:开始时间:2017-04-04 08:00:04 结束时间:2017-04-04 08:17:51
INFO:root:delete exists PointInCache
INFO:root:开始时间:2017-04-05 08:00:04 结束时间:2017-04-05 08:18:05
INFO:root:delete exists PointInCache
INFO:root:开始时间:2017-04-06 08:00:04 结束时间:2017-04-06 08:17:45
INFO:root:delete exists PointInCache
INFO:root:开始时间:2017-04-07 08:00:04 结束时间:2017-04-07 08:18:10
INFO:root:delete exists PointInCache
INFO:root:开始时间:2017-04-08 08:00:04 结束时间:2017-04-08 08:19:23
INFO:root:delete exists PointInCache
INFO:root:开始时间:2017-04-09 08:00:04 结束时间:2017-04-09 08:18:40
INFO:root:delete exists PointInCache
INFO:root:开始时间:2017-04-10 08:00:04 结束时间:2017-04-10 08:18:41
INFO:root:delete exists PointInCache
INFO:root:开始时间:2017-04-11 08:00:04 结束时间:2017-04-11 08:18:08
INFO:root:delete exists PointInCache
INFO:root:开始时间:2017-04-12 08:00:04 结束时间:2017-04-12 08:19:02
INFO:root:delete exists PointInCache
INFO:root:开始时间:2017-04-13 08:00:04 结束时间:2017-04-13 08:19:35
INFO:root:delete exists PointInCache
INFO:root:开始时间:2017-04-14 08:00:04 结束时间:2017-04-14 08:18:59
INFO:root:delete exists PointInCache
INFO:root:开始时间:2017-04-15 08:00:04 结束时间:2017-04-15 08:21:49
INFO:root:delete exists PointInCache
INFO:root:开始时间:2017-04-16 08:00:04 结束时间:2017-04-16 08:20:02
INFO:root:delete exists PointInCache
INFO:root:开始时间:2017-04-17 08:00:04 结束时间:2017-04-17 08:18:13
INFO:root:delete exists PointInCache
INFO:root:开始时间:2017-04-18 08:00:04 结束时间:2017-04-18 08:18:40
INFO:root:delete exists PointInCache
INFO:root:开始时间:2017-04-19 08:00:04 结束时间:2017-04-19 08:18:21
INFO:root:delete exists PointInCache
INFO:root:开始时间:2017-04-20 08:00:04 结束时间:2017-04-20 08:18:15
INFO:root:delete exists PointInCache
INFO:root:开始时间:2017-04-21 08:00:04 结束时间:2017-04-21 08:18:01
INFO:root:delete exists PointInCache
INFO:root:开始时间:2017-04-22 08:00:04 结束时间:2017-04-22 08:20:32
INFO:root:delete exists PointInCache
INFO:root:开始时间:2017-04-23 08:00:04 结束时间:2017-04-23 08:18:58
INFO:root:delete exists PointInCache
INFO:root:开始时间:2017-04-24 08:00:05 结束时间:2017-04-24 08:18:21
INFO:root:delete exists PointInCache
INFO:root:开始时间:2017-04-25 08:00:04 结束时间:2017-04-25 08:18:37
INFO:root:delete exists PointInCache
INFO:root:开始时间:2017-04-26 08:00:04 结束时间:2017-04-26 08:18:04
INFO:root:delete exists PointInCache
INFO:root:开始时间:2017-04-27 08:00:04 结束时间:2017-04-27 08:19:15
INFO:root:delete exists PointInCache
INFO:root:开始时间:2017-04-28 08:00:04 结束时间:2017-04-28 08:19:01
INFO:root:delete exists PointInCache
INFO:root:开始时间:2017-04-29 08:00:04 结束时间:2017-04-29 08:18:13
INFO:root:delete exists PointInCache
INFO:root:开始时间:2017-04-30 08:00:04 结束时间:2017-04-30 08:19:08
INFO:root:delete exists PointInCache
INFO:root:开始时间:2017-05-01 08:00:04 结束时间:2017-05-01 08:19:02
INFO:root:delete exists PointInCache
INFO:root:开始时间:2017-05-02 08:00:04 结束时间:2017-05-02 08:19:41
INFO:root:delete exists PointInCache
INFO:root:开始时间:2017-05-03 08:00:04 结束时间:2017-05-03 08:19:15
INFO:root:delete exists PointInCache
INFO:root:开始时间:2017-05-04 08:00:04 结束时间:2017-05-04 08:18:23
INFO:root:delete exists PointInCache
INFO:root:开始时间:2017-05-05 08:00:04 结束时间:2017-05-05 08:20:23
INFO:root:delete exists PointInCache
INFO:root:开始时间:2017-05-06 08:00:04 结束时间:2017-05-06 08:18:59
INFO:root:delete exists PointInCache
INFO:root:开始时间:2017-05-07 08:00:04 结束时间:2017-05-07 08:18:43
INFO:root:delete exists PointInCache
INFO:root:开始时间:2017-05-08 08:00:04 结束时间:2017-05-08 08:18:45
INFO:root:delete exists PointInCache
INFO:root:开始时间:2017-05-09 08:00:04 结束时间:2017-05-09 08:19:15
INFO:root:delete exists PointInCache
INFO:root:开始时间:2017-05-10 08:00:04 结束时间:2017-05-10 08:19:24
INFO:root:delete exists PointInCache
INFO:root:开始时间:2017-05-11 08:00:04 结束时间:2017-05-11 08:23:00
INFO:root:delete exists PointInCache
ERROR:root:ERROR 999999: 执行函数时出错。
执行(CreateFeatureclass)失败。

INFO:root:delete exists PointInCache
ERROR:root:ERROR 999999: 执行函数时出错。
执行(CreateFeatureclass)失败。

INFO:root:delete exists PointInCache
ERROR:root:ERROR 999999: 执行函数时出错。
执行(CreateFeatureclass)失败。

INFO:root:delete exists PointInCache
ERROR:root:ERROR 999999: 执行函数时出错。
执行(CreateFeatureclass)失败。

INFO:root:delete exists PointInCache
ERROR:root:ERROR 999999: 执行函数时出错。
执行(CreateFeatureclass)失败。

INFO:root:delete exists PointInCache
ERROR:root:ERROR 999999: 执行函数时出错。
执行(CreateFeatureclass)失败。

INFO:root:delete exists PointInCache
ERROR:root:ERROR 999999: 执行函数时出错。
执行(CreateFeatureclass)失败。

INFO:root:delete exists PointInCache
ERROR:root:ERROR 999999: 执行函数时出错。
执行(CreateFeatureclass)失败。

INFO:root:delete exists PointInCache
ERROR:root:ERROR 999999: 执行函数时出错。
执行(CreateFeatureclass)失败。

INFO:root:delete exists PointInCache
ERROR:root:ERROR 999999: 执行函数时出错。
执行(CreateFeatureclass)失败。

INFO:root:delete exists PointInCache
ERROR:root:ERROR 999999: 执行函数时出错。
执行(CreateFeatureclass)失败。

INFO:root:delete exists PointInCache
ERROR:root:ERROR 999999: 执行函数时出错。
执行(CreateFeatureclass)失败。

INFO:root:delete exists PointInCache
ERROR:root:ERROR 999999: 执行函数时出错。
执行(CreateFeatureclass)失败。

INFO:root:delete exists PointInCache
ERROR:root:ERROR 999999: 执行函数时出错。
执行(CreateFeatureclass)失败。

INFO:root:delete exists PointInCache
ERROR:root:ERROR 999999: 执行函数时出错。
执行(CreateFeatureclass)失败。

INFO:root:delete exists PointInCache
ERROR:root:ERROR 999999: 执行函数时出错。
执行(CreateFeatureclass)失败。

INFO:root:delete exists PointInCache
ERROR:root:ERROR 999999: 执行函数时出错。
执行(CreateFeatureclass)失败。

INFO:root:delete exists PointInCache
ERROR:root:ERROR 999999: 执行函数时出错。
执行(CreateFeatureclass)失败。

INFO:root:delete exists PointInCache
ERROR:root:ERROR 999999: 执行函数时出错。
执行(CreateFeatureclass)失败。

INFO:root:delete exists PointInCache
ERROR:root:ERROR 999999: 执行函数时出错。
执行(CreateFeatureclass)失败。

INFO:root:delete exists PointInCache
ERROR:root:ERROR 999999: 执行函数时出错。
执行(CreateFeatureclass)失败。

INFO:root:delete exists PointInCache
ERROR:root:ERROR 999999: 执行函数时出错。
执行(CreateFeatureclass)失败。

INFO:root:delete exists PointInCache
ERROR:root:ERROR 999999: 执行函数时出错。
执行(CreateFeatureclass)失败。

INFO:root:delete exists PointInCache
INFO:root:开始时间:2017-06-04 08:00:04 结束时间:2017-06-04 08:19:22
INFO:root:delete exists PointInCache
INFO:root:开始时间:2017-06-05 08:00:04 结束时间:2017-06-05 08:19:35
INFO:root:delete exists PointInCache
ERROR:root:ERROR 999999: 执行函数时出错。
执行(CreateFeatureclass)失败。

INFO:root:delete exists PointInCache
INFO:root:开始时间:2017-06-07 08:00:04 结束时间:2017-06-07 08:19:17
INFO:root:delete exists PointInCache
ERROR:root:ERROR 000464: 无法获取独占方案锁。它正被其他应用程序编辑或使用。
执行(Delete)失败。

INFO:root:delete exists PointInCache
ERROR:root:ERROR 000464: 无法获取独占方案锁。它正被其他应用程序编辑或使用。
执行(Delete)失败。

INFO:root:delete exists PointInCache
ERROR:root:ERROR 000464: 无法获取独占方案锁。它正被其他应用程序编辑或使用。
执行(Delete)失败。

INFO:root:delete exists PointInCache
ERROR:root:ERROR 000464: 无法获取独占方案锁。它正被其他应用程序编辑或使用。
执行(Delete)失败。

INFO:root:delete exists PointInCache
ERROR:root:ERROR 000464: 无法获取独占方案锁。它正被其他应用程序编辑或使用。
执行(Delete)失败。

INFO:root:delete exists PointInCache
ERROR:root:ERROR 000464: 无法获取独占方案锁。它正被其他应用程序编辑或使用。
执行(Delete)失败。

INFO:root:delete exists PointInCache
ERROR:root:ERROR 000464: 无法获取独占方案锁。它正被其他应用程序编辑或使用。
执行(Delete)失败。

INFO:root:delete exists PointInCache
ERROR:root:ERROR 000464: 无法获取独占方案锁。它正被其他应用程序编辑或使用。
执行(Delete)失败。

INFO:root:delete exists PointInCache
ERROR:root:ERROR 000464: 无法获取独占方案锁。它正被其他应用程序编辑或使用。
执行(Delete)失败。

INFO:root:delete exists PointInCache
ERROR:root:ERROR 000464: 无法获取独占方案锁。它正被其他应用程序编辑或使用。
执行(Delete)失败。

INFO:root:delete exists PointInCache
ERROR:root:ERROR 999999: 执行函数时出错。
执行(CreateFeatureclass)失败。

INFO:root:delete exists PointInCache
ERROR:root:ERROR 999999: 执行函数时出错。
执行(CreateFeatureclass)失败。

INFO:root:delete exists PointInCache
INFO:root:开始时间:2017-06-20 08:00:04 结束时间:2017-06-20 08:19:43
INFO:root:delete exists PointInCache
INFO:root:开始时间:2017-06-21 08:00:04 结束时间:2017-06-21 08:19:17
INFO:root:delete exists PointInCache
INFO:root:开始时间:2017-06-22 08:00:04 结束时间:2017-06-22 08:20:01
INFO:root:delete exists PointInCache
ERROR:root:ERROR 000464: 无法获取独占方案锁。它正被其他应用程序编辑或使用。
执行(Delete)失败。

INFO:root:delete exists PointInCache
ERROR:root:ERROR 000464: 无法获取独占方案锁。它正被其他应用程序编辑或使用。
执行(Delete)失败。

INFO:root:delete exists PointInCache
ERROR:root:ERROR 000464: 无法获取独占方案锁。它正被其他应用程序编辑或使用。
执行(Delete)失败。

INFO:root:delete exists PointInCache
ERROR:root:ERROR 000464: 无法获取独占方案锁。它正被其他应用程序编辑或使用。
执行(Delete)失败。

INFO:root:delete exists PointInCache
INFO:root:开始时间:2017-06-27 08:00:04 结束时间:2017-06-27 08:20:08
INFO:root:delete exists PointInCache
ERROR:root:ERROR 000464: 无法获取独占方案锁。它正被其他应用程序编辑或使用。
执行(Delete)失败。

INFO:root:delete exists PointInCache
ERROR:root:ERROR 000464: 无法获取独占方案锁。它正被其他应用程序编辑或使用。
执行(Delete)失败。

INFO:root:delete exists PointInCache
ERROR:root:ERROR 000464: 无法获取独占方案锁。它正被其他应用程序编辑或使用。
执行(Delete)失败。

INFO:root:delete exists PointInCache
ERROR:root:ERROR 000464: 无法获取独占方案锁。它正被其他应用程序编辑或使用。
执行(Delete)失败。

INFO:root:delete exists PointInCache
ERROR:root:ERROR 000464: 无法获取独占方案锁。它正被其他应用程序编辑或使用。
执行(Delete)失败。

INFO:root:delete exists PointInCache
INFO:root:开始时间:2017-07-03 08:00:04 结束时间:2017-07-03 08:18:55
INFO:root:delete exists PointInCache
INFO:root:开始时间:2017-07-04 08:00:04 结束时间:2017-07-04 08:19:42
INFO:root:delete exists PointInCache
INFO:root:开始时间:2017-07-05 08:00:04 结束时间:2017-07-05 08:19:43
INFO:root:delete exists PointInCache
INFO:root:开始时间:2017-07-06 08:00:05 结束时间:2017-07-06 08:20:08
INFO:root:delete exists PointInCache
INFO:root:开始时间:2017-07-07 08:00:05 结束时间:2017-07-07 08:19:53
INFO:root:delete exists PointInCache
INFO:root:开始时间:2017-07-08 08:00:05 结束时间:2017-07-08 08:19:51
INFO:root:delete exists PointInCache
INFO:root:开始时间:2017-07-09 08:00:05 结束时间:2017-07-09 08:20:11
INFO:root:delete exists PointInCache
INFO:root:开始时间:2017-07-10 08:00:05 结束时间:2017-07-10 08:20:23
INFO:root:delete exists PointInCache
INFO:root:开始时间:2017-07-11 08:00:04 结束时间:2017-07-11 08:19:52
INFO:root:delete exists PointInCache
INFO:root:开始时间:2017-07-12 08:00:04 结束时间:2017-07-12 08:19:42
INFO:root:delete exists PointInCache
INFO:root:开始时间:2017-07-13 08:00:04 结束时间:2017-07-13 08:20:30
INFO:root:delete exists PointInCache
INFO:root:开始时间:2017-07-14 08:00:04 结束时间:2017-07-14 08:20:12
INFO:root:delete exists PointInCache
INFO:root:开始时间:2017-07-15 08:00:04 结束时间:2017-07-15 08:20:28
INFO:root:delete exists PointInCache
INFO:root:开始时间:2017-07-16 08:00:04 结束时间:2017-07-16 08:20:19
INFO:root:delete exists PointInCache
INFO:root:开始时间:2017-07-17 08:00:04 结束时间:2017-07-17 08:20:13
INFO:root:delete exists PointInCache
INFO:root:开始时间:2017-07-18 08:00:04 结束时间:2017-07-18 08:20:50
INFO:root:delete exists PointInCache
INFO:root:开始时间:2017-07-19 08:00:04 结束时间:2017-07-19 08:20:13
INFO:root:delete exists PointInCache
INFO:root:开始时间:2017-07-20 08:00:04 结束时间:2017-07-20 08:20:47
