INFO:root:delete exists PointInCache
INFO:root:开始时间:2016-05-04 17:48:21 结束时间:2016-05-04 17:55:51
INFO:root:delete exists PointInCache
INFO:root:开始时间:2016-05-05 10:34:56 结束时间:2016-05-05 10:41:44
INFO:root:delete exists PointInCache
INFO:root:开始时间:2016-05-06 08:10:04 结束时间:2016-05-06 08:18:45
INFO:root:delete exists PointInCache
INFO:root:开始时间:2016-05-07 08:10:04 结束时间:2016-05-07 08:17:17
INFO:root:delete exists PointInCache
INFO:root:开始时间:2016-05-08 08:10:04 结束时间:2016-05-08 08:17:17
INFO:root:delete exists PointInCache
INFO:root:开始时间:2016-05-09 08:10:04 结束时间:2016-05-09 08:17:19
INFO:root:delete exists PointInCache
INFO:root:开始时间:2016-05-10 08:10:04 结束时间:2016-05-10 08:17:12
INFO:root:delete exists PointInCache
INFO:root:开始时间:2016-05-11 08:10:04 结束时间:2016-05-11 08:17:03
INFO:root:delete exists PointInCache
INFO:root:开始时间:2016-05-12 08:10:05 结束时间:2016-05-12 08:17:15
INFO:root:delete exists PointInCache
INFO:root:开始时间:2016-05-13 09:21:00 结束时间:2016-05-13 09:36:04
INFO:root:delete exists PointInCache
INFO:root:开始时间:2016-05-14 08:10:05 结束时间:2016-05-14 08:16:29
INFO:root:delete exists PointInCache
INFO:root:开始时间:2016-05-15 08:10:05 结束时间:2016-05-15 08:16:36
INFO:root:delete exists PointInCache
INFO:root:开始时间:2016-05-16 08:10:05 结束时间:2016-05-16 08:16:44
INFO:root:delete exists PointInCache
INFO:root:开始时间:2016-05-17 08:10:04 结束时间:2016-05-17 08:16:47
INFO:root:delete exists PointInCache
INFO:root:开始时间:2016-05-18 08:10:04 结束时间:2016-05-18 08:17:09
INFO:root:delete exists PointInCache
INFO:root:开始时间:2016-05-19 08:10:05 结束时间:2016-05-19 08:16:45
INFO:root:delete exists PointInCache
INFO:root:开始时间:2016-05-20 08:10:04 结束时间:2016-05-20 08:16:49
INFO:root:delete exists PointInCache
INFO:root:开始时间:2016-05-21 08:10:04 结束时间:2016-05-21 08:16:46
INFO:root:delete exists PointInCache
INFO:root:开始时间:2016-05-22 08:10:05 结束时间:2016-05-22 08:16:47
INFO:root:delete exists PointInCache
INFO:root:开始时间:2016-05-23 08:10:05 结束时间:2016-05-23 08:16:43
INFO:root:delete exists PointInCache
INFO:root:开始时间:2016-05-24 08:10:04 结束时间:2016-05-24 08:16:54
INFO:root:delete exists PointInCache
INFO:root:开始时间:2016-05-25 08:10:05 结束时间:2016-05-25 08:16:41
INFO:root:delete exists PointInCache
INFO:root:开始时间:2016-05-26 08:10:04 结束时间:2016-05-26 08:16:53
INFO:root:delete exists PointInCache
INFO:root:开始时间:2016-05-27 08:10:05 结束时间:2016-05-27 08:16:44
INFO:root:delete exists PointInCache
INFO:root:开始时间:2016-05-28 08:10:04 结束时间:2016-05-28 08:16:59
INFO:root:delete exists PointInCache
INFO:root:开始时间:2016-05-29 08:10:04 结束时间:2016-05-29 08:16:49
INFO:root:delete exists PointInCache
INFO:root:开始时间:2016-05-30 08:10:05 结束时间:2016-05-30 08:16:59
INFO:root:delete exists PointInCache
INFO:root:开始时间:2016-05-31 08:10:05 结束时间:2016-05-31 08:16:49
INFO:root:delete exists PointInCache
INFO:root:开始时间:2016-06-01 08:10:05 结束时间:2016-06-01 08:16:47
INFO:root:delete exists PointInCache
INFO:root:开始时间:2016-06-02 08:10:04 结束时间:2016-06-02 08:17:14
INFO:root:delete exists PointInCache
INFO:root:开始时间:2016-06-03 08:10:04 结束时间:2016-06-03 08:16:54
INFO:root:delete exists PointInCache
INFO:root:开始时间:2016-06-04 08:10:05 结束时间:2016-06-04 08:16:48
INFO:root:delete exists PointInCache
INFO:root:开始时间:2016-06-05 08:10:04 结束时间:2016-06-05 08:16:43
INFO:root:delete exists PointInCache
INFO:root:开始时间:2016-06-06 08:10:05 结束时间:2016-06-06 08:16:51
INFO:root:delete exists PointInCache
INFO:root:开始时间:2016-06-07 08:10:04 结束时间:2016-06-07 08:16:53
INFO:root:delete exists PointInCache
INFO:root:开始时间:2016-06-08 08:10:05 结束时间:2016-06-08 08:16:45
INFO:root:delete exists PointInCache
INFO:root:开始时间:2016-06-09 08:10:05 结束时间:2016-06-09 08:16:48
INFO:root:delete exists PointInCache
INFO:root:开始时间:2016-06-10 08:10:05 结束时间:2016-06-10 08:16:31
INFO:root:delete exists PointInCache
INFO:root:开始时间:2016-06-11 08:10:05 结束时间:2016-06-11 08:16:47
INFO:root:delete exists PointInCache
INFO:root:开始时间:2016-06-12 08:10:04 结束时间:2016-06-12 08:17:02
INFO:root:delete exists PointInCache
INFO:root:开始时间:2016-06-13 08:10:05 结束时间:2016-06-13 08:16:36
INFO:root:delete exists PointInCache
INFO:root:开始时间:2016-06-14 08:10:05 结束时间:2016-06-14 08:16:47
INFO:root:delete exists PointInCache
INFO:root:开始时间:2016-06-15 08:10:05 结束时间:2016-06-15 08:16:50
INFO:root:delete exists PointInCache
INFO:root:开始时间:2016-06-16 08:10:05 结束时间:2016-06-16 08:16:53
INFO:root:delete exists PointInCache
INFO:root:开始时间:2016-06-17 08:10:04 结束时间:2016-06-17 08:16:49
INFO:root:delete exists PointInCache
INFO:root:开始时间:2016-06-18 08:10:04 结束时间:2016-06-18 08:16:55
INFO:root:delete exists PointInCache
INFO:root:开始时间:2016-06-19 08:10:05 结束时间:2016-06-19 08:16:30
INFO:root:delete exists PointInCache
INFO:root:开始时间:2016-06-20 08:10:05 结束时间:2016-06-20 08:16:47
INFO:root:delete exists PointInCache
INFO:root:开始时间:2016-06-21 08:10:04 结束时间:2016-06-21 08:16:35
INFO:root:delete exists PointInCache
INFO:root:开始时间:2016-06-22 08:10:04 结束时间:2016-06-22 08:16:59
INFO:root:delete exists PointInCache
INFO:root:开始时间:2016-06-23 08:10:05 结束时间:2016-06-23 08:16:41
INFO:root:delete exists PointInCache
INFO:root:开始时间:2016-06-24 08:10:04 结束时间:2016-06-24 08:16:40
INFO:root:delete exists PointInCache
INFO:root:delete exists PointInCache
INFO:root:开始时间:2016-06-26 08:10:04 结束时间:2016-06-26 08:15:52
INFO:root:delete exists PointInCache
INFO:root:开始时间:2016-06-27 08:10:04 结束时间:2016-06-27 08:16:42
INFO:root:delete exists PointInCache
INFO:root:开始时间:2016-06-28 08:10:04 结束时间:2016-06-28 08:16:34
INFO:root:delete exists PointInCache
INFO:root:开始时间:2016-06-29 08:10:04 结束时间:2016-06-29 08:16:53
INFO:root:delete exists PointInCache
INFO:root:开始时间:2016-06-30 08:10:04 结束时间:2016-06-30 08:16:30
INFO:root:delete exists PointInCache
INFO:root:开始时间:2016-07-01 08:10:05 结束时间:2016-07-01 08:16:42
INFO:root:delete exists PointInCache
INFO:root:开始时间:2016-07-02 08:10:05 结束时间:2016-07-02 08:16:44
INFO:root:delete exists PointInCache
INFO:root:开始时间:2016-07-03 08:10:05 结束时间:2016-07-03 08:16:37
INFO:root:delete exists PointInCache
INFO:root:开始时间:2016-07-04 08:10:05 结束时间:2016-07-04 08:16:33
INFO:root:delete exists PointInCache
INFO:root:开始时间:2016-07-05 08:10:04 结束时间:2016-07-05 08:16:40
INFO:root:delete exists PointInCache
INFO:root:开始时间:2016-07-06 08:10:05 结束时间:2016-07-06 08:16:55
INFO:root:delete exists PointInCache
INFO:root:开始时间:2016-07-07 08:10:05 结束时间:2016-07-07 08:16:52
INFO:root:delete exists PointInCache
INFO:root:开始时间:2016-07-08 08:10:04 结束时间:2016-07-08 08:16:42
INFO:root:delete exists PointInCache
INFO:root:开始时间:2016-07-09 08:10:04 结束时间:2016-07-09 08:16:35
INFO:root:delete exists PointInCache
INFO:root:开始时间:2016-07-10 08:10:04 结束时间:2016-07-10 08:16:57
INFO:root:delete exists PointInCache
INFO:root:开始时间:2016-07-11 08:10:05 结束时间:2016-07-11 08:16:48
INFO:root:delete exists PointInCache
INFO:root:开始时间:2016-07-12 08:10:04 结束时间:2016-07-12 08:16:45
INFO:root:delete exists PointInCache
INFO:root:开始时间:2016-07-13 08:10:05 结束时间:2016-07-13 08:16:42
INFO:root:delete exists PointInCache
INFO:root:开始时间:2016-07-14 08:10:05 结束时间:2016-07-14 08:16:42
INFO:root:delete exists PointInCache
INFO:root:开始时间:2016-07-15 08:10:05 结束时间:2016-07-15 08:16:43
INFO:root:delete exists PointInCache
INFO:root:开始时间:2016-07-16 08:10:05 结束时间:2016-07-16 08:17:02
INFO:root:delete exists PointInCache
INFO:root:开始时间:2016-07-17 08:10:05 结束时间:2016-07-17 08:16:54
INFO:root:delete exists PointInCache
INFO:root:开始时间:2016-07-18 08:10:05 结束时间:2016-07-18 08:18:07
INFO:root:delete exists PointInCache
INFO:root:开始时间:2016-07-19 08:10:05 结束时间:2016-07-19 08:16:46
INFO:root:delete exists PointInCache
INFO:root:开始时间:2016-07-20 08:10:05 结束时间:2016-07-20 08:16:54
INFO:root:delete exists PointInCache
INFO:root:开始时间:2016-07-21 08:10:05 结束时间:2016-07-21 08:16:48
INFO:root:delete exists PointInCache
INFO:root:开始时间:2016-07-22 08:10:05 结束时间:2016-07-22 08:16:50
INFO:root:delete exists PointInCache
INFO:root:开始时间:2016-07-23 08:10:05 结束时间:2016-07-23 08:16:57
INFO:root:delete exists PointInCache
INFO:root:开始时间:2016-07-24 08:10:04 结束时间:2016-07-24 08:16:48
INFO:root:delete exists PointInCache
INFO:root:开始时间:2016-07-25 08:10:05 结束时间:2016-07-25 08:16:52
INFO:root:delete exists PointInCache
INFO:root:开始时间:2016-07-26 08:10:05 结束时间:2016-07-26 08:16:46
INFO:root:delete exists PointInCache
INFO:root:开始时间:2016-07-27 08:10:05 结束时间:2016-07-27 08:16:35
INFO:root:delete exists PointInCache
INFO:root:开始时间:2016-07-28 08:10:05 结束时间:2016-07-28 08:16:40
INFO:root:delete exists PointInCache
INFO:root:开始时间:2016-07-29 08:10:04 结束时间:2016-07-29 08:16:29
INFO:root:delete exists PointInCache
INFO:root:开始时间:2016-07-30 08:10:05 结束时间:2016-07-30 08:16:43
INFO:root:delete exists PointInCache
INFO:root:开始时间:2016-07-31 08:10:04 结束时间:2016-07-31 08:16:39
INFO:root:delete exists PointInCache
INFO:root:开始时间:2016-08-01 08:10:05 结束时间:2016-08-01 08:16:43
INFO:root:delete exists PointInCache
INFO:root:开始时间:2016-08-02 08:10:05 结束时间:2016-08-02 08:16:48
INFO:root:delete exists PointInCache
INFO:root:开始时间:2016-08-03 08:10:05 结束时间:2016-08-03 08:17:08
INFO:root:delete exists PointInCache
INFO:root:开始时间:2016-08-04 08:10:04 结束时间:2016-08-04 08:16:39
INFO:root:delete exists PointInCache
INFO:root:开始时间:2016-08-05 08:10:04 结束时间:2016-08-05 08:16:38
INFO:root:delete exists PointInCache
INFO:root:开始时间:2016-08-06 08:10:05 结束时间:2016-08-06 08:16:46
INFO:root:delete exists PointInCache
INFO:root:开始时间:2016-08-07 08:10:05 结束时间:2016-08-07 08:16:38
INFO:root:delete exists PointInCache
INFO:root:开始时间:2016-08-08 08:10:04 结束时间:2016-08-08 08:16:36
INFO:root:delete exists PointInCache
INFO:root:开始时间:2016-08-09 08:10:05 结束时间:2016-08-09 08:16:43
INFO:root:delete exists PointInCache
INFO:root:开始时间:2016-08-10 08:10:04 结束时间:2016-08-10 08:16:37
INFO:root:delete exists PointInCache
INFO:root:开始时间:2016-08-11 08:10:05 结束时间:2016-08-11 08:16:42
INFO:root:delete exists PointInCache
INFO:root:开始时间:2016-08-12 08:10:05 结束时间:2016-08-12 08:16:41
INFO:root:delete exists PointInCache
INFO:root:开始时间:2016-08-13 08:10:05 结束时间:2016-08-13 08:16:51
INFO:root:delete exists PointInCache
INFO:root:开始时间:2016-08-14 08:10:05 结束时间:2016-08-14 08:16:48
INFO:root:delete exists PointInCache
INFO:root:开始时间:2016-08-15 08:10:05 结束时间:2016-08-15 08:16:51
INFO:root:delete exists PointInCache
INFO:root:开始时间:2016-08-16 08:10:04 结束时间:2016-08-16 08:16:44
INFO:root:delete exists PointInCache
INFO:root:开始时间:2016-08-17 08:10:05 结束时间:2016-08-17 08:16:59
INFO:root:delete exists PointInCache
INFO:root:开始时间:2016-08-18 08:10:04 结束时间:2016-08-18 08:16:35
INFO:root:delete exists PointInCache
INFO:root:开始时间:2016-08-19 08:10:04 结束时间:2016-08-19 08:16:41
INFO:root:delete exists PointInCache
INFO:root:开始时间:2016-08-20 08:10:05 结束时间:2016-08-20 08:16:43
INFO:root:delete exists PointInCache
INFO:root:开始时间:2016-08-21 08:10:05 结束时间:2016-08-21 08:16:46
INFO:root:delete exists PointInCache
INFO:root:开始时间:2016-08-22 08:10:05 结束时间:2016-08-22 08:16:40
INFO:root:delete exists PointInCache
INFO:root:开始时间:2016-08-23 08:10:05 结束时间:2016-08-23 08:16:34
INFO:root:delete exists PointInCache
INFO:root:开始时间:2016-08-24 08:10:05 结束时间:2016-08-24 08:16:47
INFO:root:delete exists PointInCache
INFO:root:开始时间:2016-08-25 08:10:04 结束时间:2016-08-25 08:16:39
INFO:root:delete exists PointInCache
INFO:root:开始时间:2016-08-26 08:10:05 结束时间:2016-08-26 08:16:41
INFO:root:delete exists PointInCache
INFO:root:开始时间:2016-08-27 08:10:05 结束时间:2016-08-27 08:16:43
INFO:root:delete exists PointInCache
INFO:root:开始时间:2016-08-28 08:10:05 结束时间:2016-08-28 08:16:52
INFO:root:delete exists PointInCache
INFO:root:开始时间:2016-08-29 08:10:05 结束时间:2016-08-29 08:16:35
INFO:root:delete exists PointInCache
INFO:root:开始时间:2016-08-31 09:54:40 结束时间:2016-08-31 10:01:49
INFO:root:delete exists PointInCache
INFO:root:开始时间:2016-09-01 08:10:05 结束时间:2016-09-01 08:16:30
INFO:root:delete exists PointInCache
INFO:root:开始时间:2016-09-02 08:10:04 结束时间:2016-09-02 08:16:44
INFO:root:delete exists PointInCache
INFO:root:开始时间:2016-09-03 08:10:04 结束时间:2016-09-03 08:16:51
INFO:root:delete exists PointInCache
INFO:root:开始时间:2016-09-04 08:10:04 结束时间:2016-09-04 08:16:39
INFO:root:delete exists PointInCache
INFO:root:开始时间:2016-09-05 08:10:04 结束时间:2016-09-05 08:16:39
INFO:root:delete exists PointInCache
INFO:root:开始时间:2016-09-06 08:10:04 结束时间:2016-09-06 08:16:34
INFO:root:delete exists PointInCache
INFO:root:开始时间:2016-09-07 08:10:04 结束时间:2016-09-07 08:16:47
INFO:root:delete exists PointInCache
INFO:root:开始时间:2016-09-08 08:10:04 结束时间:2016-09-08 08:15:54
INFO:root:delete exists PointInCache
INFO:root:开始时间:2016-09-09 08:10:04 结束时间:2016-09-09 08:16:01
INFO:root:delete exists PointInCache
INFO:root:开始时间:2016-09-10 08:10:04 结束时间:2016-09-10 08:15:58
INFO:root:delete exists PointInCache
INFO:root:开始时间:2016-09-11 08:10:04 结束时间:2016-09-11 08:10:11
INFO:root:delete exists PointInCache
INFO:root:开始时间:2016-09-12 08:10:04 结束时间:2016-09-12 08:16:08
INFO:root:delete exists PointInCache
INFO:root:开始时间:2016-09-13 08:10:04 结束时间:2016-09-13 08:16:05
INFO:root:delete exists PointInCache
INFO:root:开始时间:2016-09-14 08:10:04 结束时间:2016-09-14 08:16:00
INFO:root:delete exists PointInCache
INFO:root:开始时间:2016-09-15 08:10:04 结束时间:2016-09-15 08:15:52
INFO:root:delete exists PointInCache
INFO:root:开始时间:2016-09-16 08:10:04 结束时间:2016-09-16 08:16:00
INFO:root:delete exists PointInCache
INFO:root:开始时间:2016-09-17 08:10:04 结束时间:2016-09-17 08:15:57
INFO:root:delete exists PointInCache
INFO:root:delete exists PointInCache
INFO:root:开始时间:2016-09-18 16:01:57 结束时间:2016-09-18 16:08:08
INFO:root:delete exists PointInCache
INFO:root:开始时间:2016-09-19 08:10:04 结束时间:2016-09-19 08:16:05
INFO:root:delete exists PointInCache
INFO:root:开始时间:2016-09-20 08:10:05 结束时间:2016-09-20 08:16:10
INFO:root:delete exists PointInCache
INFO:root:开始时间:2016-09-21 08:10:04 结束时间:2016-09-21 08:16:10
INFO:root:delete exists PointInCache
INFO:root:开始时间:2016-09-22 08:10:05 结束时间:2016-09-22 08:16:12
INFO:root:delete exists PointInCache
INFO:root:开始时间:2016-09-23 08:10:04 结束时间:2016-09-23 08:16:13
INFO:root:delete exists PointInCache
INFO:root:开始时间:2016-09-24 08:10:04 结束时间:2016-09-24 08:15:52
INFO:root:delete exists PointInCache
INFO:root:开始时间:2016-09-25 08:10:04 结束时间:2016-09-25 08:16:01
INFO:root:delete exists PointInCache
INFO:root:开始时间:2016-09-26 08:10:04 结束时间:2016-09-26 08:16:11
INFO:root:delete exists PointInCache
INFO:root:开始时间:2016-09-27 08:10:04 结束时间:2016-09-27 08:16:16
INFO:root:delete exists PointInCache
INFO:root:开始时间:2016-09-28 08:10:04 结束时间:2016-09-28 08:16:09
INFO:root:delete exists PointInCache
INFO:root:开始时间:2016-09-29 08:10:04 结束时间:2016-09-29 08:16:23
INFO:root:delete exists PointInCache
INFO:root:开始时间:2016-09-30 08:10:05 结束时间:2016-09-30 08:16:15
INFO:root:delete exists PointInCache
INFO:root:开始时间:2016-10-01 08:10:05 结束时间:2016-10-01 08:16:07
INFO:root:delete exists PointInCache
INFO:root:开始时间:2016-10-02 08:10:04 结束时间:2016-10-02 08:16:22
INFO:root:delete exists PointInCache
INFO:root:开始时间:2016-10-03 08:10:05 结束时间:2016-10-03 08:16:12
INFO:root:delete exists PointInCache
INFO:root:开始时间:2016-10-04 08:10:05 结束时间:2016-10-04 08:16:11
INFO:root:delete exists PointInCache
INFO:root:开始时间:2016-10-05 08:10:05 结束时间:2016-10-05 08:16:12
INFO:root:delete exists PointInCache
INFO:root:开始时间:2016-10-06 08:10:05 结束时间:2016-10-06 08:16:03
INFO:root:delete exists PointInCache
INFO:root:开始时间:2016-10-07 08:10:05 结束时间:2016-10-07 08:15:59
INFO:root:delete exists PointInCache
INFO:root:开始时间:2016-10-08 08:10:05 结束时间:2016-10-08 08:15:56
INFO:root:delete exists PointInCache
INFO:root:开始时间:2016-10-09 08:10:04 结束时间:2016-10-09 08:16:09
INFO:root:delete exists PointInCache
INFO:root:开始时间:2016-10-10 08:10:05 结束时间:2016-10-10 08:16:12
INFO:root:delete exists PointInCache
INFO:root:开始时间:2016-10-11 08:10:04 结束时间:2016-10-11 08:16:05
INFO:root:delete exists PointInCache
INFO:root:开始时间:2016-10-12 08:10:05 结束时间:2016-10-12 08:16:12
INFO:root:delete exists PointInCache
INFO:root:开始时间:2016-10-13 08:10:05 结束时间:2016-10-13 08:16:08
INFO:root:delete exists PointInCache
INFO:root:开始时间:2016-10-14 08:10:05 结束时间:2016-10-14 08:16:02
INFO:root:delete exists PointInCache
INFO:root:开始时间:2016-10-15 08:10:05 结束时间:2016-10-15 08:16:01
INFO:root:delete exists PointInCache
INFO:root:开始时间:2016-10-16 08:10:04 结束时间:2016-10-16 08:16:03
INFO:root:delete exists PointInCache
INFO:root:开始时间:2016-10-17 08:10:04 结束时间:2016-10-17 08:15:55
INFO:root:delete exists PointInCache
INFO:root:开始时间:2016-10-18 08:10:05 结束时间:2016-10-18 08:16:00
INFO:root:delete exists PointInCache
INFO:root:开始时间:2016-10-19 08:10:05 结束时间:2016-10-19 08:16:14
INFO:root:delete exists PointInCache
INFO:root:开始时间:2016-10-20 08:10:05 结束时间:2016-10-20 08:16:10
INFO:root:delete exists PointInCache
INFO:root:开始时间:2016-10-21 08:10:05 结束时间:2016-10-21 08:16:02
INFO:root:delete exists PointInCache
INFO:root:开始时间:2016-10-22 08:10:05 结束时间:2016-10-22 08:16:12
INFO:root:delete exists PointInCache
INFO:root:开始时间:2016-10-23 08:10:05 结束时间:2016-10-23 08:16:09
INFO:root:delete exists PointInCache
INFO:root:开始时间:2016-10-24 08:10:04 结束时间:2016-10-24 08:15:57
INFO:root:delete exists PointInCache
INFO:root:开始时间:2016-10-25 08:10:04 结束时间:2016-10-25 08:15:57
INFO:root:delete exists PointInCache
INFO:root:开始时间:2016-10-26 08:10:04 结束时间:2016-10-26 08:16:02
INFO:root:delete exists PointInCache
INFO:root:开始时间:2016-10-27 08:10:05 结束时间:2016-10-27 08:16:06
INFO:root:delete exists PointInCache
INFO:root:开始时间:2016-10-28 08:10:04 结束时间:2016-10-28 08:16:05
INFO:root:delete exists PointInCache
INFO:root:开始时间:2016-10-29 08:10:04 结束时间:2016-10-29 08:16:10
INFO:root:delete exists PointInCache
INFO:root:开始时间:2016-10-30 08:10:05 结束时间:2016-10-30 08:16:05
INFO:root:delete exists PointInCache
INFO:root:开始时间:2016-10-31 08:10:05 结束时间:2016-10-31 08:16:02
INFO:root:delete exists PointInCache
INFO:root:开始时间:2016-11-01 08:10:05 结束时间:2016-11-01 08:16:06
INFO:root:delete exists PointInCache
INFO:root:开始时间:2016-11-02 08:10:05 结束时间:2016-11-02 08:16:04
INFO:root:delete exists PointInCache
INFO:root:开始时间:2016-11-03 08:10:05 结束时间:2016-11-03 08:16:03
INFO:root:delete exists PointInCache
INFO:root:开始时间:2016-11-04 08:10:05 结束时间:2016-11-04 08:16:02
INFO:root:delete exists PointInCache
INFO:root:开始时间:2016-11-05 08:10:04 结束时间:2016-11-05 08:16:08
INFO:root:delete exists PointInCache
INFO:root:开始时间:2016-11-06 08:10:04 结束时间:2016-11-06 08:16:03
INFO:root:delete exists PointInCache
INFO:root:开始时间:2016-11-07 08:10:05 结束时间:2016-11-07 08:16:02
INFO:root:delete exists PointInCache
INFO:root:开始时间:2016-11-08 08:10:05 结束时间:2016-11-08 08:16:11
INFO:root:delete exists PointInCache
INFO:root:开始时间:2016-11-09 08:10:05 结束时间:2016-11-09 08:16:03
INFO:root:delete exists PointInCache
INFO:root:开始时间:2016-11-10 08:10:04 结束时间:2016-11-10 08:10:14
INFO:root:delete exists PointInCache
INFO:root:开始时间:2016-11-11 08:10:05 结束时间:2016-11-11 08:15:57
INFO:root:delete exists PointInCache
INFO:root:开始时间:2016-11-12 08:10:04 结束时间:2016-11-12 08:16:04
INFO:root:delete exists PointInCache
INFO:root:开始时间:2016-11-13 08:10:04 结束时间:2016-11-13 08:16:12
INFO:root:delete exists PointInCache
INFO:root:开始时间:2016-11-14 08:10:05 结束时间:2016-11-14 08:16:02
INFO:root:delete exists PointInCache
INFO:root:开始时间:2016-11-15 08:10:05 结束时间:2016-11-15 08:16:09
INFO:root:delete exists PointInCache
INFO:root:开始时间:2016-11-16 08:10:04 结束时间:2016-11-16 08:16:09
INFO:root:delete exists PointInCache
INFO:root:开始时间:2016-11-17 08:10:04 结束时间:2016-11-17 08:16:04
INFO:root:delete exists PointInCache
INFO:root:开始时间:2016-11-18 08:10:05 结束时间:2016-11-18 08:16:00
INFO:root:delete exists PointInCache
INFO:root:开始时间:2016-11-19 08:10:04 结束时间:2016-11-19 08:15:53
INFO:root:delete exists PointInCache
INFO:root:开始时间:2016-11-20 08:10:05 结束时间:2016-11-20 08:15:59
INFO:root:delete exists PointInCache
INFO:root:开始时间:2016-11-21 08:10:05 结束时间:2016-11-21 08:16:19
INFO:root:delete exists PointInCache
INFO:root:开始时间:2016-11-22 08:10:04 结束时间:2016-11-22 08:15:59
INFO:root:delete exists PointInCache
INFO:root:开始时间:2016-11-23 08:10:04 结束时间:2016-11-23 08:16:01
INFO:root:delete exists PointInCache
INFO:root:开始时间:2016-11-24 08:10:05 结束时间:2016-11-24 08:16:02
INFO:root:delete exists PointInCache
INFO:root:开始时间:2016-11-25 08:10:04 结束时间:2016-11-25 08:16:09
INFO:root:delete exists PointInCache
INFO:root:开始时间:2016-11-26 08:10:04 结束时间:2016-11-26 08:16:03
INFO:root:delete exists PointInCache
INFO:root:开始时间:2016-11-27 08:10:05 结束时间:2016-11-27 08:16:00
INFO:root:delete exists PointInCache
INFO:root:开始时间:2016-11-28 08:10:05 结束时间:2016-11-28 08:16:06
INFO:root:delete exists PointInCache
INFO:root:开始时间:2016-11-29 08:10:05 结束时间:2016-11-29 08:15:55
INFO:root:delete exists PointInCache
INFO:root:开始时间:2016-11-30 08:10:04 结束时间:2016-11-30 08:15:59
INFO:root:delete exists PointInCache
INFO:root:开始时间:2016-12-01 08:10:05 结束时间:2016-12-01 08:16:17
INFO:root:delete exists PointInCache
INFO:root:开始时间:2016-12-02 08:10:05 结束时间:2016-12-02 08:16:10
INFO:root:delete exists PointInCache
INFO:root:开始时间:2016-12-03 08:10:04 结束时间:2016-12-03 08:16:12
INFO:root:delete exists PointInCache
INFO:root:开始时间:2016-12-04 08:10:05 结束时间:2016-12-04 08:16:08
INFO:root:delete exists PointInCache
INFO:root:开始时间:2016-12-05 08:10:05 结束时间:2016-12-05 08:16:09
INFO:root:delete exists PointInCache
INFO:root:开始时间:2016-12-06 08:10:04 结束时间:2016-12-06 08:16:04
INFO:root:delete exists PointInCache
INFO:root:开始时间:2016-12-07 08:10:05 结束时间:2016-12-07 08:17:01
INFO:root:delete exists PointInCache
INFO:root:开始时间:2016-12-08 08:10:05 结束时间:2016-12-08 08:16:38
INFO:root:delete exists PointInCache
INFO:root:开始时间:2016-12-09 08:10:04 结束时间:2016-12-09 08:16:45
INFO:root:delete exists PointInCache
INFO:root:开始时间:2016-12-10 08:10:05 结束时间:2016-12-10 08:16:44
INFO:root:delete exists PointInCache
INFO:root:开始时间:2016-12-11 08:10:05 结束时间:2016-12-11 08:16:58
INFO:root:delete exists PointInCache
INFO:root:开始时间:2016-12-12 08:10:05 结束时间:2016-12-12 08:16:32
INFO:root:delete exists PointInCache
INFO:root:开始时间:2016-12-13 08:10:04 结束时间:2016-12-13 08:16:31
INFO:root:delete exists PointInCache
INFO:root:开始时间:2016-12-14 08:10:04 结束时间:2016-12-14 08:16:53
INFO:root:delete exists PointInCache
INFO:root:开始时间:2016-12-15 08:10:04 结束时间:2016-12-15 08:16:40
INFO:root:delete exists PointInCache
INFO:root:开始时间:2016-12-16 08:10:04 结束时间:2016-12-16 08:17:01
INFO:root:delete exists PointInCache
INFO:root:开始时间:2016-12-17 08:10:04 结束时间:2016-12-17 08:16:45
INFO:root:delete exists PointInCache
INFO:root:开始时间:2016-12-18 08:10:05 结束时间:2016-12-18 08:22:10
INFO:root:delete exists PointInCache
INFO:root:开始时间:2016-12-19 08:10:04 结束时间:2016-12-19 08:16:28
INFO:root:delete exists PointInCache
INFO:root:开始时间:2016-12-20 08:10:05 结束时间:2016-12-20 08:16:38
INFO:root:delete exists PointInCache
INFO:root:开始时间:2016-12-21 08:10:04 结束时间:2016-12-21 08:16:21
INFO:root:delete exists PointInCache
INFO:root:开始时间:2016-12-22 08:10:04 结束时间:2016-12-22 08:16:23
INFO:root:delete exists PointInCache
INFO:root:开始时间:2016-12-23 08:10:05 结束时间:2016-12-23 08:16:26
INFO:root:delete exists PointInCache
INFO:root:开始时间:2016-12-24 08:10:04 结束时间:2016-12-24 08:17:13
INFO:root:delete exists PointInCache
INFO:root:开始时间:2016-12-25 08:10:05 结束时间:2016-12-25 08:16:40
INFO:root:delete exists PointInCache
INFO:root:开始时间:2016-12-26 08:10:05 结束时间:2016-12-26 08:16:16
INFO:root:delete exists PointInCache
INFO:root:开始时间:2016-12-27 08:10:04 结束时间:2016-12-27 08:16:32
INFO:root:delete exists PointInCache
INFO:root:开始时间:2016-12-28 08:10:05 结束时间:2016-12-28 08:16:41
INFO:root:delete exists PointInCache
INFO:root:开始时间:2016-12-29 08:10:04 结束时间:2016-12-29 08:16:43
INFO:root:delete exists PointInCache
INFO:root:开始时间:2016-12-30 08:10:04 结束时间:2016-12-30 08:16:42
INFO:root:delete exists PointInCache
INFO:root:开始时间:2016-12-31 08:10:05 结束时间:2016-12-31 08:16:23
INFO:root:delete exists PointInCache
INFO:root:开始时间:2017-01-01 08:10:05 结束时间:2017-01-01 08:16:20
INFO:root:delete exists PointInCache
INFO:root:开始时间:2017-01-02 08:10:05 结束时间:2017-01-02 08:16:26
INFO:root:delete exists PointInCache
INFO:root:开始时间:2017-01-03 08:10:05 结束时间:2017-01-03 08:16:28
INFO:root:delete exists PointInCache
INFO:root:开始时间:2017-01-04 08:10:05 结束时间:2017-01-04 08:16:25
INFO:root:delete exists PointInCache
INFO:root:开始时间:2017-01-05 08:10:05 结束时间:2017-01-05 08:16:29
INFO:root:delete exists PointInCache
INFO:root:开始时间:2017-01-06 08:10:05 结束时间:2017-01-06 08:16:48
INFO:root:delete exists PointInCache
INFO:root:开始时间:2017-01-07 08:10:05 结束时间:2017-01-07 08:16:17
INFO:root:delete exists PointInCache
INFO:root:开始时间:2017-01-08 08:10:04 结束时间:2017-01-08 08:16:21
INFO:root:delete exists PointInCache
INFO:root:开始时间:2017-01-09 08:10:05 结束时间:2017-01-09 08:16:09
INFO:root:delete exists PointInCache
INFO:root:开始时间:2017-01-10 08:10:05 结束时间:2017-01-10 08:16:15
INFO:root:delete exists PointInCache
INFO:root:开始时间:2017-01-11 08:10:04 结束时间:2017-01-11 08:16:52
INFO:root:delete exists PointInCache
INFO:root:开始时间:2017-01-12 08:10:05 结束时间:2017-01-12 08:16:18
INFO:root:delete exists PointInCache
INFO:root:开始时间:2017-01-13 08:10:05 结束时间:2017-01-13 08:16:21
INFO:root:delete exists PointInCache
INFO:root:开始时间:2017-01-14 08:10:04 结束时间:2017-01-14 08:16:31
INFO:root:delete exists PointInCache
INFO:root:开始时间:2017-01-15 08:10:05 结束时间:2017-01-15 08:16:35
INFO:root:delete exists PointInCache
INFO:root:开始时间:2017-01-16 08:10:05 结束时间:2017-01-16 08:16:34
INFO:root:delete exists PointInCache
INFO:root:开始时间:2017-01-17 08:10:05 结束时间:2017-01-17 08:16:14
INFO:root:delete exists PointInCache
INFO:root:开始时间:2017-01-18 08:10:05 结束时间:2017-01-18 08:16:28
INFO:root:delete exists PointInCache
INFO:root:开始时间:2017-01-19 08:10:05 结束时间:2017-01-19 08:16:15
INFO:root:delete exists PointInCache
INFO:root:开始时间:2017-01-20 08:10:04 结束时间:2017-01-20 08:16:20
INFO:root:delete exists PointInCache
INFO:root:开始时间:2017-01-21 08:10:04 结束时间:2017-01-21 08:16:15
INFO:root:delete exists PointInCache
INFO:root:开始时间:2017-01-22 08:10:05 结束时间:2017-01-22 08:16:17
INFO:root:delete exists PointInCache
INFO:root:开始时间:2017-01-23 08:10:05 结束时间:2017-01-23 08:16:10
INFO:root:delete exists PointInCache
INFO:root:开始时间:2017-01-24 08:10:05 结束时间:2017-01-24 08:16:24
INFO:root:delete exists PointInCache
INFO:root:开始时间:2017-01-25 08:10:04 结束时间:2017-01-25 08:16:16
INFO:root:delete exists PointInCache
INFO:root:开始时间:2017-01-26 08:10:04 结束时间:2017-01-26 08:16:14
INFO:root:delete exists PointInCache
INFO:root:开始时间:2017-01-27 08:10:04 结束时间:2017-01-27 08:16:15
INFO:root:delete exists PointInCache
INFO:root:开始时间:2017-01-28 08:10:04 结束时间:2017-01-28 08:16:22
INFO:root:delete exists PointInCache
INFO:root:开始时间:2017-01-29 08:10:04 结束时间:2017-01-29 08:16:23
INFO:root:delete exists PointInCache
INFO:root:开始时间:2017-01-30 08:10:05 结束时间:2017-01-30 08:16:32
INFO:root:delete exists PointInCache
INFO:root:开始时间:2017-01-31 08:10:05 结束时间:2017-01-31 08:16:14
INFO:root:delete exists PointInCache
INFO:root:开始时间:2017-02-01 08:10:05 结束时间:2017-02-01 08:16:23
INFO:root:delete exists PointInCache
INFO:root:开始时间:2017-02-02 08:10:04 结束时间:2017-02-02 08:16:25
INFO:root:delete exists PointInCache
INFO:root:开始时间:2017-02-03 08:10:05 结束时间:2017-02-03 08:16:19
INFO:root:delete exists PointInCache
INFO:root:开始时间:2017-02-04 08:10:04 结束时间:2017-02-04 08:16:43
INFO:root:delete exists PointInCache
INFO:root:开始时间:2017-02-05 08:10:05 结束时间:2017-02-05 08:16:14
INFO:root:delete exists PointInCache
INFO:root:开始时间:2017-02-06 08:10:05 结束时间:2017-02-06 08:16:27
INFO:root:delete exists PointInCache
INFO:root:开始时间:2017-02-07 08:10:04 结束时间:2017-02-07 08:16:30
INFO:root:delete exists PointInCache
INFO:root:开始时间:2017-02-08 08:10:05 结束时间:2017-02-08 08:16:33
INFO:root:delete exists PointInCache
INFO:root:开始时间:2017-02-09 08:10:05 结束时间:2017-02-09 08:16:27
INFO:root:delete exists PointInCache
INFO:root:开始时间:2017-02-10 08:10:05 结束时间:2017-02-10 08:16:26
INFO:root:delete exists PointInCache
INFO:root:开始时间:2017-02-11 08:10:04 结束时间:2017-02-11 08:16:38
INFO:root:delete exists PointInCache
INFO:root:开始时间:2017-02-12 08:10:04 结束时间:2017-02-12 08:16:46
INFO:root:delete exists PointInCache
INFO:root:开始时间:2017-02-13 08:10:04 结束时间:2017-02-13 08:17:06
INFO:root:delete exists PointInCache
INFO:root:开始时间:2017-02-14 08:10:05 结束时间:2017-02-14 08:10:59
INFO:root:delete exists PointInCache
INFO:root:开始时间:2017-02-15 08:10:04 结束时间:2017-02-15 08:12:56
INFO:root:delete exists PointInCache
INFO:root:开始时间:2017-02-16 08:10:04 结束时间:2017-02-16 08:17:09
INFO:root:delete exists PointInCache
INFO:root:开始时间:2017-02-17 08:10:05 结束时间:2017-02-17 08:16:04
INFO:root:delete exists PointInCache
INFO:root:开始时间:2017-02-18 08:10:05 结束时间:2017-02-18 08:16:05
INFO:root:delete exists PointInCache
INFO:root:开始时间:2017-02-19 08:10:04 结束时间:2017-02-19 08:16:16
INFO:root:delete exists PointInCache
INFO:root:开始时间:2017-02-20 08:10:05 结束时间:2017-02-20 08:16:04
INFO:root:delete exists PointInCache
INFO:root:开始时间:2017-02-21 08:10:05 结束时间:2017-02-21 08:16:02
INFO:root:delete exists PointInCache
INFO:root:开始时间:2017-02-22 08:10:04 结束时间:2017-02-22 08:15:56
INFO:root:delete exists PointInCache
INFO:root:开始时间:2017-02-23 08:10:05 结束时间:2017-02-23 08:15:58
INFO:root:delete exists PointInCache
INFO:root:开始时间:2017-02-24 08:10:05 结束时间:2017-02-24 08:15:46
INFO:root:delete exists PointInCache
INFO:root:开始时间:2017-02-25 08:10:04 结束时间:2017-02-25 08:15:44
INFO:root:delete exists PointInCache
INFO:root:开始时间:2017-02-26 08:10:05 结束时间:2017-02-26 08:15:51
INFO:root:delete exists PointInCache
INFO:root:开始时间:2017-02-27 08:10:04 结束时间:2017-02-27 08:15:47
INFO:root:delete exists PointInCache
INFO:root:开始时间:2017-02-28 08:10:05 结束时间:2017-02-28 08:15:49
INFO:root:delete exists PointInCache
INFO:root:开始时间:2017-03-01 08:10:04 结束时间:2017-03-01 08:15:56
INFO:root:delete exists PointInCache
INFO:root:开始时间:2017-03-02 08:10:04 结束时间:2017-03-02 08:15:42
INFO:root:delete exists PointInCache
INFO:root:开始时间:2017-03-03 08:10:05 结束时间:2017-03-03 08:15:58
INFO:root:delete exists PointInCache
INFO:root:开始时间:2017-03-04 08:10:05 结束时间:2017-03-04 08:15:51
INFO:root:delete exists PointInCache
INFO:root:开始时间:2017-03-05 08:10:05 结束时间:2017-03-05 08:15:57
INFO:root:delete exists PointInCache
INFO:root:开始时间:2017-03-06 08:10:05 结束时间:2017-03-06 08:15:54
INFO:root:delete exists PointInCache
INFO:root:开始时间:2017-03-07 08:10:05 结束时间:2017-03-07 08:16:02
INFO:root:delete exists PointInCache
INFO:root:开始时间:2017-03-08 08:10:05 结束时间:2017-03-08 08:15:53
INFO:root:delete exists PointInCache
INFO:root:开始时间:2017-03-09 08:10:04 结束时间:2017-03-09 08:15:59
INFO:root:delete exists PointInCache
INFO:root:开始时间:2017-03-10 08:10:05 结束时间:2017-03-10 08:15:56
INFO:root:delete exists PointInCache
INFO:root:开始时间:2017-03-11 08:10:05 结束时间:2017-03-11 08:16:03
INFO:root:delete exists PointInCache
INFO:root:开始时间:2017-03-12 08:10:05 结束时间:2017-03-12 08:15:51
INFO:root:delete exists PointInCache
INFO:root:开始时间:2017-03-13 08:10:05 结束时间:2017-03-13 08:15:58
INFO:root:delete exists PointInCache
INFO:root:开始时间:2017-03-14 08:10:05 结束时间:2017-03-14 08:15:59
INFO:root:delete exists PointInCache
INFO:root:开始时间:2017-03-15 08:10:05 结束时间:2017-03-15 08:15:50
INFO:root:delete exists PointInCache
INFO:root:开始时间:2017-03-16 08:10:05 结束时间:2017-03-16 08:16:05
INFO:root:delete exists PointInCache
INFO:root:开始时间:2017-03-17 08:10:05 结束时间:2017-03-17 08:16:04
INFO:root:delete exists PointInCache
INFO:root:开始时间:2017-03-18 08:10:05 结束时间:2017-03-18 08:15:55
INFO:root:delete exists PointInCache
INFO:root:开始时间:2017-03-19 08:10:05 结束时间:2017-03-19 08:15:54
INFO:root:delete exists PointInCache
INFO:root:开始时间:2017-03-20 08:10:05 结束时间:2017-03-20 08:15:52
INFO:root:delete exists PointInCache
INFO:root:开始时间:2017-03-21 08:10:05 结束时间:2017-03-21 08:16:09
INFO:root:delete exists PointInCache
INFO:root:开始时间:2017-03-22 08:10:05 结束时间:2017-03-22 08:15:59
INFO:root:delete exists PointInCache
INFO:root:开始时间:2017-03-23 08:10:04 结束时间:2017-03-23 08:16:06
INFO:root:delete exists PointInCache
INFO:root:开始时间:2017-03-24 08:10:04 结束时间:2017-03-24 08:16:03
INFO:root:delete exists PointInCache
INFO:root:开始时间:2017-03-25 08:10:05 结束时间:2017-03-25 08:15:38
INFO:root:delete exists PointInCache
INFO:root:开始时间:2017-03-26 08:10:05 结束时间:2017-03-26 08:15:53
INFO:root:delete exists PointInCache
INFO:root:开始时间:2017-03-27 08:10:05 结束时间:2017-03-27 08:16:03
INFO:root:delete exists PointInCache
INFO:root:开始时间:2017-03-28 08:10:05 结束时间:2017-03-28 08:15:58
INFO:root:delete exists PointInCache
INFO:root:开始时间:2017-03-29 08:10:04 结束时间:2017-03-29 08:16:32
INFO:root:delete exists PointInCache
INFO:root:开始时间:2017-03-30 08:10:04 结束时间:2017-03-30 08:16:04
INFO:root:delete exists PointInCache
INFO:root:开始时间:2017-03-31 08:10:04 结束时间:2017-03-31 08:16:13
INFO:root:delete exists PointInCache
INFO:root:开始时间:2017-04-01 08:10:05 结束时间:2017-04-01 08:15:58
INFO:root:delete exists PointInCache
INFO:root:开始时间:2017-04-02 08:10:05 结束时间:2017-04-02 08:15:58
INFO:root:delete exists PointInCache
INFO:root:开始时间:2017-04-03 08:10:05 结束时间:2017-04-03 08:15:51
INFO:root:delete exists PointInCache
INFO:root:开始时间:2017-04-04 08:10:04 结束时间:2017-04-04 08:15:53
INFO:root:delete exists PointInCache
INFO:root:开始时间:2017-04-05 08:10:04 结束时间:2017-04-05 08:16:02
INFO:root:delete exists PointInCache
INFO:root:开始时间:2017-04-06 08:10:05 结束时间:2017-04-06 08:15:58
INFO:root:delete exists PointInCache
INFO:root:开始时间:2017-04-07 08:10:05 结束时间:2017-04-07 08:16:01
INFO:root:delete exists PointInCache
INFO:root:开始时间:2017-04-08 08:10:04 结束时间:2017-04-08 08:15:50
INFO:root:delete exists PointInCache
INFO:root:开始时间:2017-04-09 08:10:05 结束时间:2017-04-09 08:15:58
INFO:root:delete exists PointInCache
INFO:root:开始时间:2017-04-10 08:10:05 结束时间:2017-04-10 08:15:53
INFO:root:delete exists PointInCache
INFO:root:开始时间:2017-04-11 08:10:04 结束时间:2017-04-11 08:16:11
INFO:root:delete exists PointInCache
INFO:root:开始时间:2017-04-12 08:10:04 结束时间:2017-04-12 08:16:34
INFO:root:delete exists PointInCache
INFO:root:开始时间:2017-04-13 08:10:05 结束时间:2017-04-13 08:16:31
INFO:root:delete exists PointInCache
INFO:root:开始时间:2017-04-14 08:10:05 结束时间:2017-04-14 08:15:54
INFO:root:delete exists PointInCache
INFO:root:开始时间:2017-04-15 08:10:04 结束时间:2017-04-15 08:18:42
INFO:root:delete exists PointInCache
INFO:root:开始时间:2017-04-16 08:10:05 结束时间:2017-04-16 08:15:51
INFO:root:delete exists PointInCache
INFO:root:开始时间:2017-04-17 08:10:05 结束时间:2017-04-17 08:16:08
INFO:root:delete exists PointInCache
INFO:root:开始时间:2017-04-18 08:10:04 结束时间:2017-04-18 08:16:01
INFO:root:delete exists PointInCache
INFO:root:开始时间:2017-04-19 08:10:04 结束时间:2017-04-19 08:15:58
INFO:root:delete exists PointInCache
INFO:root:开始时间:2017-04-20 08:10:05 结束时间:2017-04-20 08:15:59
INFO:root:delete exists PointInCache
INFO:root:开始时间:2017-04-21 08:10:05 结束时间:2017-04-21 08:15:44
INFO:root:delete exists PointInCache
INFO:root:开始时间:2017-04-22 08:10:04 结束时间:2017-04-22 08:16:25
INFO:root:delete exists PointInCache
INFO:root:开始时间:2017-04-23 08:10:05 结束时间:2017-04-23 08:16:02
INFO:root:delete exists PointInCache
INFO:root:开始时间:2017-04-24 08:10:05 结束时间:2017-04-24 08:16:06
INFO:root:delete exists PointInCache
INFO:root:开始时间:2017-04-25 08:10:05 结束时间:2017-04-25 08:16:06
INFO:root:delete exists PointInCache
INFO:root:开始时间:2017-04-26 08:10:05 结束时间:2017-04-26 08:15:56
INFO:root:delete exists PointInCache
INFO:root:开始时间:2017-04-27 08:10:04 结束时间:2017-04-27 08:15:56
INFO:root:delete exists PointInCache
INFO:root:开始时间:2017-04-28 08:10:05 结束时间:2017-04-28 08:15:52
INFO:root:delete exists PointInCache
INFO:root:开始时间:2017-04-29 08:10:05 结束时间:2017-04-29 08:15:56
INFO:root:delete exists PointInCache
INFO:root:开始时间:2017-04-30 08:10:04 结束时间:2017-04-30 08:15:57
INFO:root:delete exists PointInCache
INFO:root:开始时间:2017-05-01 08:10:05 结束时间:2017-05-01 08:16:12
INFO:root:delete exists PointInCache
INFO:root:开始时间:2017-05-02 08:10:05 结束时间:2017-05-02 08:16:06
INFO:root:delete exists PointInCache
INFO:root:开始时间:2017-05-03 08:10:05 结束时间:2017-05-03 08:16:09
INFO:root:delete exists PointInCache
INFO:root:开始时间:2017-05-04 08:10:05 结束时间:2017-05-04 08:15:55
INFO:root:delete exists PointInCache
INFO:root:开始时间:2017-05-05 08:10:04 结束时间:2017-05-05 08:15:54
INFO:root:delete exists PointInCache
INFO:root:开始时间:2017-05-06 08:10:05 结束时间:2017-05-06 08:15:51
INFO:root:delete exists PointInCache
INFO:root:开始时间:2017-05-07 08:10:04 结束时间:2017-05-07 08:15:59
INFO:root:delete exists PointInCache
INFO:root:开始时间:2017-05-08 08:10:05 结束时间:2017-05-08 08:15:56
INFO:root:delete exists PointInCache
INFO:root:开始时间:2017-05-09 08:10:04 结束时间:2017-05-09 08:16:12
INFO:root:delete exists PointInCache
INFO:root:开始时间:2017-05-10 08:10:05 结束时间:2017-05-10 08:16:08
INFO:root:delete exists PointInCache
INFO:root:开始时间:2017-05-11 08:10:04 结束时间:2017-05-11 08:16:21
INFO:root:delete exists PointInCache
ERROR:root:ERROR 999999: 执行函数时出错。
执行(CreateFeatureclass)失败。

INFO:root:delete exists PointInCache
ERROR:root:ERROR 999999: 执行函数时出错。
执行(CreateFeatureclass)失败。

INFO:root:delete exists PointInCache
ERROR:root:ERROR 999999: 执行函数时出错。
执行(CreateFeatureclass)失败。

INFO:root:delete exists PointInCache
ERROR:root:ERROR 999999: 执行函数时出错。
执行(CreateFeatureclass)失败。

INFO:root:delete exists PointInCache
ERROR:root:ERROR 999999: 执行函数时出错。
执行(CreateFeatureclass)失败。

INFO:root:delete exists PointInCache
ERROR:root:ERROR 999999: 执行函数时出错。
执行(CreateFeatureclass)失败。

INFO:root:delete exists PointInCache
ERROR:root:ERROR 999999: 执行函数时出错。
执行(CreateFeatureclass)失败。

INFO:root:delete exists PointInCache
ERROR:root:ERROR 999999: 执行函数时出错。
执行(CreateFeatureclass)失败。

INFO:root:delete exists PointInCache
ERROR:root:ERROR 999999: 执行函数时出错。
执行(CreateFeatureclass)失败。

INFO:root:delete exists PointInCache
ERROR:root:ERROR 999999: 执行函数时出错。
执行(CreateFeatureclass)失败。

INFO:root:delete exists PointInCache
ERROR:root:ERROR 999999: 执行函数时出错。
执行(CreateFeatureclass)失败。

INFO:root:delete exists PointInCache
ERROR:root:ERROR 999999: 执行函数时出错。
执行(CreateFeatureclass)失败。

INFO:root:delete exists PointInCache
ERROR:root:ERROR 999999: 执行函数时出错。
执行(CreateFeatureclass)失败。

INFO:root:delete exists PointInCache
ERROR:root:ERROR 999999: 执行函数时出错。
执行(CreateFeatureclass)失败。

INFO:root:delete exists PointInCache
ERROR:root:ERROR 999999: 执行函数时出错。
执行(CreateFeatureclass)失败。

INFO:root:delete exists PointInCache
ERROR:root:ERROR 999999: 执行函数时出错。
执行(CreateFeatureclass)失败。

INFO:root:delete exists PointInCache
ERROR:root:ERROR 999999: 执行函数时出错。
执行(CreateFeatureclass)失败。

INFO:root:delete exists PointInCache
ERROR:root:ERROR 999999: 执行函数时出错。
执行(CreateFeatureclass)失败。

INFO:root:delete exists PointInCache
ERROR:root:ERROR 999999: 执行函数时出错。
执行(CreateFeatureclass)失败。

INFO:root:delete exists PointInCache
ERROR:root:ERROR 999999: 执行函数时出错。
执行(CreateFeatureclass)失败。

INFO:root:delete exists PointInCache
ERROR:root:ERROR 999999: 执行函数时出错。
执行(CreateFeatureclass)失败。

INFO:root:delete exists PointInCache
ERROR:root:ERROR 999999: 执行函数时出错。
执行(CreateFeatureclass)失败。

INFO:root:delete exists PointInCache
ERROR:root:ERROR 999999: 执行函数时出错。
执行(CreateFeatureclass)失败。

INFO:root:delete exists PointInCache
INFO:root:开始时间:2017-06-04 08:10:05 结束时间:2017-06-04 08:16:17
INFO:root:delete exists PointInCache
INFO:root:开始时间:2017-06-05 08:10:05 结束时间:2017-06-05 08:17:35
INFO:root:delete exists PointInCache
ERROR:root:ERROR 999999: 执行函数时出错。
执行(CreateFeatureclass)失败。

INFO:root:delete exists PointInCache
INFO:root:开始时间:2017-06-07 08:10:05 结束时间:2017-06-07 08:15:47
INFO:root:delete exists PointInCache
INFO:root:开始时间:2017-06-08 08:10:04 结束时间:2017-06-08 08:15:55
INFO:root:delete exists PointInCache
INFO:root:开始时间:2017-06-09 08:10:05 结束时间:2017-06-09 08:15:52
INFO:root:delete exists PointInCache
INFO:root:开始时间:2017-06-10 08:10:05 结束时间:2017-06-10 08:15:52
INFO:root:delete exists PointInCache
INFO:root:开始时间:2017-06-11 08:10:04 结束时间:2017-06-11 08:15:55
INFO:root:delete exists PointInCache
INFO:root:开始时间:2017-06-12 08:10:05 结束时间:2017-06-12 08:15:47
INFO:root:delete exists PointInCache
INFO:root:开始时间:2017-06-13 08:10:05 结束时间:2017-06-13 08:15:58
INFO:root:delete exists PointInCache
INFO:root:开始时间:2017-06-14 08:10:05 结束时间:2017-06-14 08:15:57
INFO:root:delete exists PointInCache
INFO:root:开始时间:2017-06-15 08:10:05 结束时间:2017-06-15 08:15:59
INFO:root:delete exists PointInCache
INFO:root:开始时间:2017-06-16 08:10:04 结束时间:2017-06-16 08:16:04
INFO:root:delete exists PointInCache
INFO:root:开始时间:2017-06-17 08:10:05 结束时间:2017-06-17 08:16:06
INFO:root:delete exists PointInCache
ERROR:root:ERROR 999999: 执行函数时出错。
执行(CreateFeatureclass)失败。

INFO:root:delete exists PointInCache
ERROR:root:ERROR 999999: 执行函数时出错。
执行(CreateFeatureclass)失败。

INFO:root:delete exists PointInCache
INFO:root:开始时间:2017-06-20 08:10:05 结束时间:2017-06-20 08:15:56
INFO:root:delete exists PointInCache
INFO:root:开始时间:2017-06-21 08:10:05 结束时间:2017-06-21 08:15:50
INFO:root:delete exists PointInCache
INFO:root:开始时间:2017-06-22 08:10:04 结束时间:2017-06-22 08:15:50
INFO:root:delete exists PointInCache
INFO:root:开始时间:2017-06-23 08:10:05 结束时间:2017-06-23 08:16:05
INFO:root:delete exists PointInCache
INFO:root:开始时间:2017-06-24 08:10:04 结束时间:2017-06-24 08:15:54
INFO:root:delete exists PointInCache
INFO:root:开始时间:2017-06-25 08:10:05 结束时间:2017-06-25 08:15:59
INFO:root:delete exists PointInCache
INFO:root:开始时间:2017-06-26 08:10:05 结束时间:2017-06-26 08:16:06
INFO:root:delete exists PointInCache
INFO:root:开始时间:2017-06-27 08:10:05 结束时间:2017-06-27 08:15:54
INFO:root:delete exists PointInCache
INFO:root:开始时间:2017-06-28 08:10:05 结束时间:2017-06-28 08:16:05
INFO:root:delete exists PointInCache
INFO:root:开始时间:2017-06-29 08:10:04 结束时间:2017-06-29 08:15:53
INFO:root:delete exists PointInCache
INFO:root:开始时间:2017-06-30 08:10:05 结束时间:2017-06-30 08:16:05
INFO:root:delete exists PointInCache
INFO:root:开始时间:2017-07-01 08:10:06 结束时间:2017-07-01 08:16:01
INFO:root:delete exists PointInCache
INFO:root:开始时间:2017-07-02 08:10:05 结束时间:2017-07-02 08:15:56
INFO:root:delete exists PointInCache
INFO:root:开始时间:2017-07-03 08:10:05 结束时间:2017-07-03 08:15:48
INFO:root:delete exists PointInCache
INFO:root:开始时间:2017-07-04 08:10:04 结束时间:2017-07-04 08:15:48
INFO:root:delete exists PointInCache
INFO:root:开始时间:2017-07-05 08:10:04 结束时间:2017-07-05 08:15:47
INFO:root:delete exists PointInCache
INFO:root:开始时间:2017-07-06 08:10:05 结束时间:2017-07-06 08:15:49
INFO:root:delete exists PointInCache
INFO:root:开始时间:2017-07-07 08:10:04 结束时间:2017-07-07 08:15:55
INFO:root:delete exists PointInCache
INFO:root:开始时间:2017-07-08 08:10:05 结束时间:2017-07-08 08:16:15
INFO:root:delete exists PointInCache
INFO:root:开始时间:2017-07-09 08:10:04 结束时间:2017-07-09 08:16:27
INFO:root:delete exists PointInCache
INFO:root:开始时间:2017-07-10 08:10:04 结束时间:2017-07-10 08:15:55
INFO:root:delete exists PointInCache
INFO:root:开始时间:2017-07-11 08:10:04 结束时间:2017-07-11 08:15:51
INFO:root:delete exists PointInCache
INFO:root:开始时间:2017-07-12 08:10:05 结束时间:2017-07-12 08:15:55
INFO:root:delete exists PointInCache
INFO:root:开始时间:2017-07-13 08:10:04 结束时间:2017-07-13 08:15:53
INFO:root:delete exists PointInCache
INFO:root:开始时间:2017-07-14 08:10:05 结束时间:2017-07-14 08:15:55
INFO:root:delete exists PointInCache
INFO:root:开始时间:2017-07-15 08:10:05 结束时间:2017-07-15 08:16:03
INFO:root:delete exists PointInCache
INFO:root:开始时间:2017-07-16 08:10:04 结束时间:2017-07-16 08:15:49
INFO:root:delete exists PointInCache
INFO:root:开始时间:2017-07-17 08:10:04 结束时间:2017-07-17 08:16:00
INFO:root:delete exists PointInCache
INFO:root:开始时间:2017-07-18 08:10:04 结束时间:2017-07-18 08:16:05
INFO:root:delete exists PointInCache
INFO:root:开始时间:2017-07-19 08:10:05 结束时间:2017-07-19 08:15:58
INFO:root:delete exists PointInCache
INFO:root:开始时间:2017-07-20 08:10:04 结束时间:2017-07-20 08:15:50
