INFO:root:2016-05-04 17:16:01
INFO:root:(TSLB_ID='网络覆盖' or TSLB_ID='手机上网' or TSLB_ID='数据卡（含MIFI）' or TSLB_ID='通话质量') and (TSRQ >= '2016-05-01 00:00:00' and  TSRQ <= '2016-05-01 23:59:59')
INFO:root:Process: 创建C:\Users\Administrator\AppData\Roaming\ESRI\Desktop10.3\ArcCatalog\WangYouTouSu60.sde\WangYouTouSu.DBO.COMPLAIN_TOUSU_SHEET_WEEK_TMP
INFO:root:Process: 筛选
INFO:root:清理内存~~
ERROR:root:“C:\Users\Administrator\AppData\Roaming\ESRI\Desktop10.3\ArcCatalog\WangYouTouSu60.sde\WangYouTouSu.DBO.COMPLAIN_TOUSU_SHEET_WEEK_TMP”不存在
INFO:root:2016-05-04 17:17:21
INFO:root:(TSLB_ID='网络覆盖' or TSLB_ID='手机上网' or TSLB_ID='数据卡（含MIFI）' or TSLB_ID='通话质量') and (TSRQ >= '2016-05-01 00:00:00' and  TSRQ <= '2016-05-01 23:59:59')
INFO:root:Process: 创建C:\Users\Administrator\AppData\Roaming\ESRI\Desktop10.3\ArcCatalog\WangYouTouSu60.sde\WangYouTouSu.DBO.COMPLAIN_TOUSU_SHEET_WEEK_TMP
INFO:root:Process: 筛选
INFO:root:清理内存~~
ERROR:root:“C:\Users\Administrator\AppData\Roaming\ESRI\Desktop10.3\ArcCatalog\WangYouTouSu60.sde\WangYouTouSu.DBO.COMPLAIN_TOUSU_SHEET_WEEK_TMP”不存在
INFO:root:2016-05-09 07:14:39
INFO:root:(TSLB_ID='网络覆盖' or TSLB_ID='手机上网' or TSLB_ID='数据卡（含MIFI）' or TSLB_ID='通话质量') and (TSRQ >= '2016-05-01 00:00:00' and  TSRQ <= '2016-05-08 23:59:59')
INFO:root:Process: 创建C:\Users\Administrator\AppData\Roaming\ESRI\Desktop10.3\ArcCatalog\WangYouTouSu60.sde\WangYouTouSu.DBO.COMPLAIN_TOUSU_SHEET_WEEK_TMP
INFO:root:Process: 筛选
INFO:root:Process: 点转栅格
INFO:root:Process: 栅格转点
INFO:root:Process: 点转栅格 (2)
INFO:root:Process: 栅格转面
INFO:root:Process: 空间连接 (2)
INFO:root:清理内存~~
INFO:root:2016-05-16 07:14:39
INFO:root:(TSLB_ID='网络覆盖' or TSLB_ID='手机上网' or TSLB_ID='数据卡（含MIFI）' or TSLB_ID='通话质量') and (TSRQ >= '2016-05-01 00:00:00' and  TSRQ <= '2016-05-15 23:59:59')
INFO:root:Process: 创建C:\Users\Administrator\AppData\Roaming\ESRI\Desktop10.3\ArcCatalog\WangYouTouSu60.sde\WangYouTouSu.DBO.COMPLAIN_TOUSU_SHEET_WEEK_TMP
INFO:root:Process: 筛选
INFO:root:Process: 点转栅格
INFO:root:Process: 栅格转点
INFO:root:Process: 点转栅格 (2)
INFO:root:Process: 栅格转面
INFO:root:Process: 空间连接 (2)
INFO:root:清理内存~~
INFO:root:2016-05-23 07:14:39
INFO:root:(TSLB_ID='网络覆盖' or TSLB_ID='手机上网' or TSLB_ID='数据卡（含MIFI）' or TSLB_ID='通话质量') and (TSRQ >= '2016-05-01 00:00:00' and  TSRQ <= '2016-05-22 23:59:59')
INFO:root:Process: 创建C:\Users\Administrator\AppData\Roaming\ESRI\Desktop10.3\ArcCatalog\WangYouTouSu60.sde\WangYouTouSu.DBO.COMPLAIN_TOUSU_SHEET_WEEK_TMP
INFO:root:Process: 筛选
INFO:root:Process: 点转栅格
INFO:root:Process: 栅格转点
INFO:root:Process: 点转栅格 (2)
INFO:root:Process: 栅格转面
INFO:root:Process: 空间连接 (2)
INFO:root:清理内存~~
INFO:root:2016-05-30 07:14:39
INFO:root:(TSLB_ID='网络覆盖' or TSLB_ID='手机上网' or TSLB_ID='数据卡（含MIFI）' or TSLB_ID='通话质量') and (TSRQ >= '2016-05-01 00:00:00' and  TSRQ <= '2016-05-29 23:59:59')
INFO:root:Process: 创建C:\Users\Administrator\AppData\Roaming\ESRI\Desktop10.3\ArcCatalog\WangYouTouSu60.sde\WangYouTouSu.DBO.COMPLAIN_TOUSU_SHEET_WEEK_TMP
INFO:root:Process: 筛选
INFO:root:Process: 点转栅格
INFO:root:Process: 栅格转点
INFO:root:Process: 点转栅格 (2)
INFO:root:Process: 栅格转面
INFO:root:Process: 空间连接 (2)
INFO:root:清理内存~~
INFO:root:2016-06-06 07:14:39
INFO:root:(TSLB_ID='网络覆盖' or TSLB_ID='手机上网' or TSLB_ID='数据卡（含MIFI）' or TSLB_ID='通话质量') and (TSRQ >= '2016-06-01 00:00:00' and  TSRQ <= '2016-06-05 23:59:59')
INFO:root:Process: 创建C:\Users\Administrator\AppData\Roaming\ESRI\Desktop10.3\ArcCatalog\WangYouTouSu60.sde\WangYouTouSu.DBO.COMPLAIN_TOUSU_SHEET_WEEK_TMP
INFO:root:Process: 筛选
INFO:root:Process: 点转栅格
INFO:root:Process: 栅格转点
INFO:root:Process: 点转栅格 (2)
INFO:root:Process: 栅格转面
INFO:root:Process: 空间连接 (2)
INFO:root:清理内存~~
INFO:root:2016-06-13 07:14:39
INFO:root:(TSLB_ID='网络覆盖' or TSLB_ID='手机上网' or TSLB_ID='数据卡（含MIFI）' or TSLB_ID='通话质量') and (TSRQ >= '2016-06-01 00:00:00' and  TSRQ <= '2016-06-12 23:59:59')
INFO:root:Process: 创建C:\Users\Administrator\AppData\Roaming\ESRI\Desktop10.3\ArcCatalog\WangYouTouSu60.sde\WangYouTouSu.DBO.COMPLAIN_TOUSU_SHEET_WEEK_TMP
INFO:root:Process: 筛选
INFO:root:Process: 点转栅格
INFO:root:Process: 栅格转点
INFO:root:Process: 点转栅格 (2)
INFO:root:Process: 栅格转面
INFO:root:Process: 空间连接 (2)
INFO:root:清理内存~~
INFO:root:2016-06-20 07:14:39
INFO:root:(TSLB_ID='网络覆盖' or TSLB_ID='手机上网' or TSLB_ID='数据卡（含MIFI）' or TSLB_ID='通话质量') and (TSRQ >= '2016-06-01 00:00:00' and  TSRQ <= '2016-06-19 23:59:59')
INFO:root:Process: 创建C:\Users\Administrator\AppData\Roaming\ESRI\Desktop10.3\ArcCatalog\WangYouTouSu60.sde\WangYouTouSu.DBO.COMPLAIN_TOUSU_SHEET_WEEK_TMP
INFO:root:Process: 筛选
INFO:root:Process: 点转栅格
INFO:root:Process: 栅格转点
INFO:root:Process: 点转栅格 (2)
INFO:root:Process: 栅格转面
INFO:root:Process: 空间连接 (2)
INFO:root:清理内存~~
INFO:root:2016-06-27 07:14:39
INFO:root:(TSLB_ID='网络覆盖' or TSLB_ID='手机上网' or TSLB_ID='数据卡（含MIFI）' or TSLB_ID='通话质量') and (TSRQ >= '2016-06-01 00:00:00' and  TSRQ <= '2016-06-26 23:59:59')
INFO:root:Process: 创建C:\Users\Administrator\AppData\Roaming\ESRI\Desktop10.3\ArcCatalog\WangYouTouSu60.sde\WangYouTouSu.DBO.COMPLAIN_TOUSU_SHEET_WEEK_TMP
INFO:root:Process: 筛选
INFO:root:Process: 点转栅格
INFO:root:Process: 栅格转点
INFO:root:Process: 点转栅格 (2)
INFO:root:Process: 栅格转面
INFO:root:Process: 空间连接 (2)
INFO:root:清理内存~~
INFO:root:2016-07-04 07:14:40
INFO:root:(TSLB_ID='网络覆盖' or TSLB_ID='手机上网' or TSLB_ID='数据卡（含MIFI）' or TSLB_ID='通话质量') and (TSRQ >= '2016-07-01 00:00:00' and  TSRQ <= '2016-07-03 23:59:59')
INFO:root:Process: 创建C:\Users\Administrator\AppData\Roaming\ESRI\Desktop10.3\ArcCatalog\WangYouTouSu60.sde\WangYouTouSu.DBO.COMPLAIN_TOUSU_SHEET_WEEK_TMP
INFO:root:Process: 筛选
INFO:root:Process: 点转栅格
INFO:root:Process: 栅格转点
INFO:root:Process: 点转栅格 (2)
INFO:root:Process: 栅格转面
INFO:root:Process: 空间连接 (2)
INFO:root:清理内存~~
INFO:root:2016-07-11 07:14:39
INFO:root:(TSLB_ID='网络覆盖' or TSLB_ID='手机上网' or TSLB_ID='数据卡（含MIFI）' or TSLB_ID='通话质量') and (TSRQ >= '2016-07-01 00:00:00' and  TSRQ <= '2016-07-10 23:59:59')
INFO:root:Process: 创建C:\Users\Administrator\AppData\Roaming\ESRI\Desktop10.3\ArcCatalog\WangYouTouSu60.sde\WangYouTouSu.DBO.COMPLAIN_TOUSU_SHEET_WEEK_TMP
INFO:root:Process: 筛选
INFO:root:Process: 点转栅格
INFO:root:Process: 栅格转点
INFO:root:Process: 点转栅格 (2)
INFO:root:Process: 栅格转面
INFO:root:Process: 空间连接 (2)
INFO:root:清理内存~~
INFO:root:2016-07-18 07:14:39
INFO:root:(TSLB_ID='网络覆盖' or TSLB_ID='手机上网' or TSLB_ID='数据卡（含MIFI）' or TSLB_ID='通话质量') and (TSRQ >= '2016-07-01 00:00:00' and  TSRQ <= '2016-07-17 23:59:59')
INFO:root:Process: 创建C:\Users\Administrator\AppData\Roaming\ESRI\Desktop10.3\ArcCatalog\WangYouTouSu60.sde\WangYouTouSu.DBO.COMPLAIN_TOUSU_SHEET_WEEK_TMP
INFO:root:Process: 筛选
INFO:root:Process: 点转栅格
INFO:root:Process: 栅格转点
INFO:root:Process: 点转栅格 (2)
INFO:root:Process: 栅格转面
INFO:root:Process: 空间连接 (2)
INFO:root:清理内存~~
INFO:root:2016-07-25 07:14:39
INFO:root:(TSLB_ID='网络覆盖' or TSLB_ID='手机上网' or TSLB_ID='数据卡（含MIFI）' or TSLB_ID='通话质量') and (TSRQ >= '2016-07-01 00:00:00' and  TSRQ <= '2016-07-24 23:59:59')
INFO:root:Process: 创建C:\Users\Administrator\AppData\Roaming\ESRI\Desktop10.3\ArcCatalog\WangYouTouSu60.sde\WangYouTouSu.DBO.COMPLAIN_TOUSU_SHEET_WEEK_TMP
INFO:root:Process: 筛选
INFO:root:Process: 点转栅格
INFO:root:Process: 栅格转点
INFO:root:Process: 点转栅格 (2)
INFO:root:Process: 栅格转面
INFO:root:Process: 空间连接 (2)
INFO:root:清理内存~~
INFO:root:2016-08-01 07:14:39
INFO:root:(TSLB_ID='网络覆盖' or TSLB_ID='手机上网' or TSLB_ID='数据卡（含MIFI）' or TSLB_ID='通话质量') and (TSRQ >= '2016-07-01 00:00:00' and  TSRQ <= '2016-07-31 23:59:59')
INFO:root:Process: 创建C:\Users\Administrator\AppData\Roaming\ESRI\Desktop10.3\ArcCatalog\WangYouTouSu60.sde\WangYouTouSu.DBO.COMPLAIN_TOUSU_SHEET_WEEK_TMP
INFO:root:Process: 筛选
INFO:root:Process: 点转栅格
INFO:root:Process: 栅格转点
INFO:root:Process: 点转栅格 (2)
INFO:root:Process: 栅格转面
INFO:root:Process: 空间连接 (2)
INFO:root:清理内存~~
INFO:root:2016-08-08 07:14:40
INFO:root:(TSLB_ID='网络覆盖' or TSLB_ID='手机上网' or TSLB_ID='数据卡（含MIFI）' or TSLB_ID='通话质量') and (TSRQ >= '2016-08-01 00:00:00' and  TSRQ <= '2016-08-07 23:59:59')
INFO:root:Process: 创建C:\Users\Administrator\AppData\Roaming\ESRI\Desktop10.3\ArcCatalog\WangYouTouSu60.sde\WangYouTouSu.DBO.COMPLAIN_TOUSU_SHEET_WEEK_TMP
INFO:root:Process: 筛选
INFO:root:Process: 点转栅格
INFO:root:Process: 栅格转点
INFO:root:Process: 点转栅格 (2)
INFO:root:Process: 栅格转面
INFO:root:Process: 空间连接 (2)
INFO:root:清理内存~~
INFO:root:2016-08-15 07:14:39
INFO:root:(TSLB_ID='网络覆盖' or TSLB_ID='手机上网' or TSLB_ID='数据卡（含MIFI）' or TSLB_ID='通话质量') and (TSRQ >= '2016-08-01 00:00:00' and  TSRQ <= '2016-08-14 23:59:59')
INFO:root:Process: 创建C:\Users\Administrator\AppData\Roaming\ESRI\Desktop10.3\ArcCatalog\WangYouTouSu60.sde\WangYouTouSu.DBO.COMPLAIN_TOUSU_SHEET_WEEK_TMP
INFO:root:Process: 筛选
INFO:root:Process: 点转栅格
INFO:root:Process: 栅格转点
INFO:root:Process: 点转栅格 (2)
INFO:root:Process: 栅格转面
INFO:root:Process: 空间连接 (2)
INFO:root:清理内存~~
INFO:root:2016-08-22 07:14:39
INFO:root:(TSLB_ID='网络覆盖' or TSLB_ID='手机上网' or TSLB_ID='数据卡（含MIFI）' or TSLB_ID='通话质量') and (TSRQ >= '2016-08-01 00:00:00' and  TSRQ <= '2016-08-21 23:59:59')
INFO:root:Process: 创建C:\Users\Administrator\AppData\Roaming\ESRI\Desktop10.3\ArcCatalog\WangYouTouSu60.sde\WangYouTouSu.DBO.COMPLAIN_TOUSU_SHEET_WEEK_TMP
INFO:root:Process: 筛选
INFO:root:Process: 点转栅格
INFO:root:Process: 栅格转点
INFO:root:Process: 点转栅格 (2)
INFO:root:Process: 栅格转面
INFO:root:Process: 空间连接 (2)
INFO:root:清理内存~~
INFO:root:2016-08-29 07:14:39
INFO:root:(TSLB_ID='网络覆盖' or TSLB_ID='手机上网' or TSLB_ID='数据卡（含MIFI）' or TSLB_ID='通话质量') and (TSRQ >= '2016-08-01 00:00:00' and  TSRQ <= '2016-08-28 23:59:59')
INFO:root:Process: 创建C:\Users\Administrator\AppData\Roaming\ESRI\Desktop10.3\ArcCatalog\WangYouTouSu60.sde\WangYouTouSu.DBO.COMPLAIN_TOUSU_SHEET_WEEK_TMP
INFO:root:Process: 筛选
INFO:root:Process: 点转栅格
INFO:root:Process: 栅格转点
INFO:root:Process: 点转栅格 (2)
INFO:root:Process: 栅格转面
INFO:root:Process: 空间连接 (2)
INFO:root:清理内存~~
INFO:root:2016-09-05 07:14:39
INFO:root:(TSLB_ID='网络覆盖' or TSLB_ID='手机上网' or TSLB_ID='数据卡（含MIFI）' or TSLB_ID='通话质量') and (TSRQ >= '2016-09-01 00:00:00' and  TSRQ <= '2016-09-04 23:59:59')
INFO:root:Process: 创建C:\Users\Administrator\AppData\Roaming\ESRI\Desktop10.3\ArcCatalog\WangYouTouSu60.sde\WangYouTouSu.DBO.COMPLAIN_TOUSU_SHEET_WEEK_TMP
INFO:root:Process: 筛选
INFO:root:Process: 点转栅格
INFO:root:Process: 栅格转点
INFO:root:Process: 点转栅格 (2)
INFO:root:Process: 栅格转面
INFO:root:Process: 空间连接 (2)
INFO:root:清理内存~~
INFO:root:2016-09-12 07:14:39
INFO:root:(TSLB_ID='网络覆盖' or TSLB_ID='手机上网' or TSLB_ID='数据卡（含MIFI）' or TSLB_ID='通话质量') and (TSRQ >= '2016-09-01 00:00:00' and  TSRQ <= '2016-09-11 23:59:59')
INFO:root:Process: 创建C:\Users\Administrator\AppData\Roaming\ESRI\Desktop10.3\ArcCatalog\WangYouTouSu60.sde\WangYouTouSu.DBO.COMPLAIN_TOUSU_SHEET_WEEK_TMP
INFO:root:Process: 筛选
INFO:root:Process: 点转栅格
INFO:root:Process: 栅格转点
INFO:root:Process: 点转栅格 (2)
INFO:root:Process: 栅格转面
INFO:root:Process: 空间连接 (2)
INFO:root:清理内存~~
INFO:root:2016-09-19 07:14:39
INFO:root:(TSLB_ID='网络覆盖' or TSLB_ID='手机上网' or TSLB_ID='数据卡（含MIFI）' or TSLB_ID='通话质量') and (TSRQ >= '2016-09-01 00:00:00' and  TSRQ <= '2016-09-18 23:59:59')
INFO:root:Process: 创建C:\Users\Administrator\AppData\Roaming\ESRI\Desktop10.3\ArcCatalog\WangYouTouSu60.sde\WangYouTouSu.DBO.COMPLAIN_TOUSU_SHEET_WEEK_TMP
INFO:root:Process: 筛选
INFO:root:Process: 点转栅格
INFO:root:Process: 栅格转点
INFO:root:Process: 点转栅格 (2)
INFO:root:Process: 栅格转面
INFO:root:Process: 空间连接 (2)
INFO:root:清理内存~~
INFO:root:2016-09-26 07:14:39
INFO:root:(TSLB_ID='网络覆盖' or TSLB_ID='手机上网' or TSLB_ID='数据卡（含MIFI）' or TSLB_ID='通话质量') and (TSRQ >= '2016-09-01 00:00:00' and  TSRQ <= '2016-09-25 23:59:59')
INFO:root:Process: 创建C:\Users\Administrator\AppData\Roaming\ESRI\Desktop10.3\ArcCatalog\WangYouTouSu60.sde\WangYouTouSu.DBO.COMPLAIN_TOUSU_SHEET_WEEK_TMP
INFO:root:Process: 筛选
INFO:root:Process: 点转栅格
INFO:root:Process: 栅格转点
INFO:root:Process: 点转栅格 (2)
INFO:root:Process: 栅格转面
INFO:root:Process: 空间连接 (2)
INFO:root:清理内存~~
INFO:root:2016-10-03 07:14:39
INFO:root:(TSLB_ID='网络覆盖' or TSLB_ID='手机上网' or TSLB_ID='数据卡（含MIFI）' or TSLB_ID='通话质量') and (TSRQ >= '2016-10-01 00:00:00' and  TSRQ <= '2016-10-02 23:59:59')
INFO:root:Process: 创建C:\Users\Administrator\AppData\Roaming\ESRI\Desktop10.3\ArcCatalog\WangYouTouSu60.sde\WangYouTouSu.DBO.COMPLAIN_TOUSU_SHEET_WEEK_TMP
INFO:root:Process: 筛选
INFO:root:Process: 点转栅格
INFO:root:Process: 栅格转点
INFO:root:Process: 点转栅格 (2)
INFO:root:Process: 栅格转面
INFO:root:Process: 空间连接 (2)
INFO:root:清理内存~~
INFO:root:2016-10-10 07:14:39
INFO:root:(TSLB_ID='网络覆盖' or TSLB_ID='手机上网' or TSLB_ID='数据卡（含MIFI）' or TSLB_ID='通话质量') and (TSRQ >= '2016-10-01 00:00:00' and  TSRQ <= '2016-10-09 23:59:59')
INFO:root:Process: 创建C:\Users\Administrator\AppData\Roaming\ESRI\Desktop10.3\ArcCatalog\WangYouTouSu60.sde\WangYouTouSu.DBO.COMPLAIN_TOUSU_SHEET_WEEK_TMP
INFO:root:Process: 筛选
INFO:root:Process: 点转栅格
INFO:root:Process: 栅格转点
INFO:root:Process: 点转栅格 (2)
INFO:root:Process: 栅格转面
INFO:root:Process: 空间连接 (2)
INFO:root:清理内存~~
INFO:root:2016-10-17 07:14:39
INFO:root:(TSLB_ID='网络覆盖' or TSLB_ID='手机上网' or TSLB_ID='数据卡（含MIFI）' or TSLB_ID='通话质量') and (TSRQ >= '2016-10-01 00:00:00' and  TSRQ <= '2016-10-16 23:59:59')
INFO:root:Process: 创建C:\Users\Administrator\AppData\Roaming\ESRI\Desktop10.3\ArcCatalog\WangYouTouSu60.sde\WangYouTouSu.DBO.COMPLAIN_TOUSU_SHEET_WEEK_TMP
INFO:root:Process: 筛选
INFO:root:Process: 点转栅格
INFO:root:Process: 栅格转点
INFO:root:Process: 点转栅格 (2)
INFO:root:Process: 栅格转面
INFO:root:Process: 空间连接 (2)
INFO:root:清理内存~~
INFO:root:2016-10-24 07:14:39
INFO:root:(TSLB_ID='网络覆盖' or TSLB_ID='手机上网' or TSLB_ID='数据卡（含MIFI）' or TSLB_ID='通话质量') and (TSRQ >= '2016-10-01 00:00:00' and  TSRQ <= '2016-10-23 23:59:59')
INFO:root:Process: 创建C:\Users\Administrator\AppData\Roaming\ESRI\Desktop10.3\ArcCatalog\WangYouTouSu60.sde\WangYouTouSu.DBO.COMPLAIN_TOUSU_SHEET_WEEK_TMP
INFO:root:Process: 筛选
INFO:root:Process: 点转栅格
INFO:root:Process: 栅格转点
INFO:root:Process: 点转栅格 (2)
INFO:root:Process: 栅格转面
INFO:root:Process: 空间连接 (2)
INFO:root:清理内存~~
INFO:root:2016-10-31 07:14:39
INFO:root:(TSLB_ID='网络覆盖' or TSLB_ID='手机上网' or TSLB_ID='数据卡（含MIFI）' or TSLB_ID='通话质量') and (TSRQ >= '2016-10-01 00:00:00' and  TSRQ <= '2016-10-30 23:59:59')
INFO:root:Process: 创建C:\Users\Administrator\AppData\Roaming\ESRI\Desktop10.3\ArcCatalog\WangYouTouSu60.sde\WangYouTouSu.DBO.COMPLAIN_TOUSU_SHEET_WEEK_TMP
INFO:root:Process: 筛选
INFO:root:Process: 点转栅格
INFO:root:Process: 栅格转点
INFO:root:Process: 点转栅格 (2)
INFO:root:Process: 栅格转面
INFO:root:Process: 空间连接 (2)
INFO:root:清理内存~~
INFO:root:2016-11-07 07:14:39
INFO:root:(TSLB_ID='网络覆盖' or TSLB_ID='手机上网' or TSLB_ID='数据卡（含MIFI）' or TSLB_ID='通话质量') and (TSRQ >= '2016-11-01 00:00:00' and  TSRQ <= '2016-11-06 23:59:59')
INFO:root:Process: 创建C:\Users\Administrator\AppData\Roaming\ESRI\Desktop10.3\ArcCatalog\WangYouTouSu60.sde\WangYouTouSu.DBO.COMPLAIN_TOUSU_SHEET_WEEK_TMP
INFO:root:Process: 筛选
INFO:root:Process: 点转栅格
INFO:root:Process: 栅格转点
INFO:root:Process: 点转栅格 (2)
INFO:root:Process: 栅格转面
INFO:root:Process: 空间连接 (2)
INFO:root:清理内存~~
INFO:root:2016-11-14 07:14:39
INFO:root:(TSLB_ID='网络覆盖' or TSLB_ID='手机上网' or TSLB_ID='数据卡（含MIFI）' or TSLB_ID='通话质量') and (TSRQ >= '2016-11-01 00:00:00' and  TSRQ <= '2016-11-13 23:59:59')
INFO:root:Process: 创建C:\Users\Administrator\AppData\Roaming\ESRI\Desktop10.3\ArcCatalog\WangYouTouSu60.sde\WangYouTouSu.DBO.COMPLAIN_TOUSU_SHEET_WEEK_TMP
INFO:root:Process: 筛选
INFO:root:Process: 点转栅格
INFO:root:Process: 栅格转点
INFO:root:Process: 点转栅格 (2)
INFO:root:Process: 栅格转面
INFO:root:Process: 空间连接 (2)
INFO:root:清理内存~~
INFO:root:2016-11-21 07:14:39
INFO:root:(TSLB_ID='网络覆盖' or TSLB_ID='手机上网' or TSLB_ID='数据卡（含MIFI）' or TSLB_ID='通话质量') and (TSRQ >= '2016-11-01 00:00:00' and  TSRQ <= '2016-11-20 23:59:59')
INFO:root:Process: 创建C:\Users\Administrator\AppData\Roaming\ESRI\Desktop10.3\ArcCatalog\WangYouTouSu60.sde\WangYouTouSu.DBO.COMPLAIN_TOUSU_SHEET_WEEK_TMP
INFO:root:Process: 筛选
INFO:root:Process: 点转栅格
INFO:root:Process: 栅格转点
INFO:root:Process: 点转栅格 (2)
INFO:root:Process: 栅格转面
INFO:root:Process: 空间连接 (2)
INFO:root:清理内存~~
INFO:root:2016-11-28 07:14:39
INFO:root:(TSLB_ID='网络覆盖' or TSLB_ID='手机上网' or TSLB_ID='数据卡（含MIFI）' or TSLB_ID='通话质量') and (TSRQ >= '2016-11-01 00:00:00' and  TSRQ <= '2016-11-27 23:59:59')
INFO:root:Process: 创建C:\Users\Administrator\AppData\Roaming\ESRI\Desktop10.3\ArcCatalog\WangYouTouSu60.sde\WangYouTouSu.DBO.COMPLAIN_TOUSU_SHEET_WEEK_TMP
INFO:root:Process: 筛选
INFO:root:Process: 点转栅格
INFO:root:Process: 栅格转点
INFO:root:Process: 点转栅格 (2)
INFO:root:Process: 栅格转面
INFO:root:Process: 空间连接 (2)
INFO:root:清理内存~~
INFO:root:2016-12-05 07:14:39
INFO:root:(TSLB_ID='网络覆盖' or TSLB_ID='手机上网' or TSLB_ID='数据卡（含MIFI）' or TSLB_ID='通话质量') and (TSRQ >= '2016-12-01 00:00:00' and  TSRQ <= '2016-12-04 23:59:59')
INFO:root:Process: 创建C:\Users\Administrator\AppData\Roaming\ESRI\Desktop10.3\ArcCatalog\WangYouTouSu60.sde\WangYouTouSu.DBO.COMPLAIN_TOUSU_SHEET_WEEK_TMP
INFO:root:Process: 筛选
INFO:root:Process: 点转栅格
INFO:root:Process: 栅格转点
INFO:root:Process: 点转栅格 (2)
INFO:root:Process: 栅格转面
INFO:root:Process: 空间连接 (2)
INFO:root:清理内存~~
INFO:root:2016-12-12 07:14:39
INFO:root:(TSLB_ID='网络覆盖' or TSLB_ID='手机上网' or TSLB_ID='数据卡（含MIFI）' or TSLB_ID='通话质量') and (TSRQ >= '2016-12-01 00:00:00' and  TSRQ <= '2016-12-11 23:59:59')
INFO:root:Process: 创建C:\Users\Administrator\AppData\Roaming\ESRI\Desktop10.3\ArcCatalog\WangYouTouSu60.sde\WangYouTouSu.DBO.COMPLAIN_TOUSU_SHEET_WEEK_TMP
INFO:root:Process: 筛选
INFO:root:Process: 点转栅格
INFO:root:Process: 栅格转点
INFO:root:Process: 点转栅格 (2)
INFO:root:Process: 栅格转面
INFO:root:Process: 空间连接 (2)
INFO:root:清理内存~~
INFO:root:2016-12-19 07:14:39
INFO:root:(TSLB_ID='网络覆盖' or TSLB_ID='手机上网' or TSLB_ID='数据卡（含MIFI）' or TSLB_ID='通话质量') and (TSRQ >= '2016-12-01 00:00:00' and  TSRQ <= '2016-12-18 23:59:59')
INFO:root:Process: 创建C:\Users\Administrator\AppData\Roaming\ESRI\Desktop10.3\ArcCatalog\WangYouTouSu60.sde\WangYouTouSu.DBO.COMPLAIN_TOUSU_SHEET_WEEK_TMP
INFO:root:Process: 筛选
INFO:root:Process: 点转栅格
INFO:root:Process: 栅格转点
INFO:root:Process: 点转栅格 (2)
INFO:root:Process: 栅格转面
INFO:root:Process: 空间连接 (2)
INFO:root:清理内存~~
INFO:root:2016-12-26 07:14:39
INFO:root:(TSLB_ID='网络覆盖' or TSLB_ID='手机上网' or TSLB_ID='数据卡（含MIFI）' or TSLB_ID='通话质量') and (TSRQ >= '2016-12-01 00:00:00' and  TSRQ <= '2016-12-25 23:59:59')
INFO:root:Process: 创建C:\Users\Administrator\AppData\Roaming\ESRI\Desktop10.3\ArcCatalog\WangYouTouSu60.sde\WangYouTouSu.DBO.COMPLAIN_TOUSU_SHEET_WEEK_TMP
INFO:root:Process: 筛选
INFO:root:Process: 点转栅格
INFO:root:Process: 栅格转点
INFO:root:Process: 点转栅格 (2)
INFO:root:Process: 栅格转面
INFO:root:Process: 空间连接 (2)
INFO:root:清理内存~~
INFO:root:2017-01-02 07:14:39
INFO:root:(TSLB_ID='网络覆盖' or TSLB_ID='手机上网' or TSLB_ID='数据卡（含MIFI）' or TSLB_ID='通话质量') and (TSRQ >= '2017-01-01 00:00:00' and  TSRQ <= '2017-01-01 23:59:59')
INFO:root:Process: 创建C:\Users\Administrator\AppData\Roaming\ESRI\Desktop10.3\ArcCatalog\WangYouTouSu60.sde\WangYouTouSu.DBO.COMPLAIN_TOUSU_SHEET_WEEK_TMP
INFO:root:Process: 筛选
INFO:root:清理内存~~
ERROR:root:“C:\Users\Administrator\AppData\Roaming\ESRI\Desktop10.3\ArcCatalog\WangYouTouSu60.sde\WangYouTouSu.DBO.COMPLAIN_TOUSU_SHEET_WEEK_TMP”不存在
INFO:root:2017-01-09 07:14:39
INFO:root:(TSLB_ID='网络覆盖' or TSLB_ID='手机上网' or TSLB_ID='数据卡（含MIFI）' or TSLB_ID='通话质量') and (TSRQ >= '2017-01-01 00:00:00' and  TSRQ <= '2017-01-08 23:59:59')
INFO:root:Process: 创建C:\Users\Administrator\AppData\Roaming\ESRI\Desktop10.3\ArcCatalog\WangYouTouSu60.sde\WangYouTouSu.DBO.COMPLAIN_TOUSU_SHEET_WEEK_TMP
INFO:root:Process: 筛选
INFO:root:Process: 点转栅格
INFO:root:Process: 栅格转点
INFO:root:Process: 点转栅格 (2)
INFO:root:Process: 栅格转面
INFO:root:Process: 空间连接 (2)
INFO:root:清理内存~~
INFO:root:2017-01-16 07:14:39
INFO:root:(TSLB_ID='网络覆盖' or TSLB_ID='手机上网' or TSLB_ID='数据卡（含MIFI）' or TSLB_ID='通话质量') and (TSRQ >= '2017-01-01 00:00:00' and  TSRQ <= '2017-01-15 23:59:59')
INFO:root:Process: 创建C:\Users\Administrator\AppData\Roaming\ESRI\Desktop10.3\ArcCatalog\WangYouTouSu60.sde\WangYouTouSu.DBO.COMPLAIN_TOUSU_SHEET_WEEK_TMP
INFO:root:Process: 筛选
INFO:root:Process: 点转栅格
INFO:root:Process: 栅格转点
INFO:root:Process: 点转栅格 (2)
INFO:root:Process: 栅格转面
INFO:root:Process: 空间连接 (2)
INFO:root:清理内存~~
INFO:root:2017-01-23 07:14:39
INFO:root:(TSLB_ID='网络覆盖' or TSLB_ID='手机上网' or TSLB_ID='数据卡（含MIFI）' or TSLB_ID='通话质量') and (TSRQ >= '2017-01-01 00:00:00' and  TSRQ <= '2017-01-22 23:59:59')
INFO:root:Process: 创建C:\Users\Administrator\AppData\Roaming\ESRI\Desktop10.3\ArcCatalog\WangYouTouSu60.sde\WangYouTouSu.DBO.COMPLAIN_TOUSU_SHEET_WEEK_TMP
INFO:root:Process: 筛选
INFO:root:Process: 点转栅格
INFO:root:Process: 栅格转点
INFO:root:Process: 点转栅格 (2)
INFO:root:Process: 栅格转面
INFO:root:Process: 空间连接 (2)
INFO:root:清理内存~~
INFO:root:2017-01-30 07:14:39
INFO:root:(TSLB_ID='网络覆盖' or TSLB_ID='手机上网' or TSLB_ID='数据卡（含MIFI）' or TSLB_ID='通话质量') and (TSRQ >= '2017-01-01 00:00:00' and  TSRQ <= '2017-01-29 23:59:59')
INFO:root:Process: 创建C:\Users\Administrator\AppData\Roaming\ESRI\Desktop10.3\ArcCatalog\WangYouTouSu60.sde\WangYouTouSu.DBO.COMPLAIN_TOUSU_SHEET_WEEK_TMP
INFO:root:Process: 筛选
INFO:root:Process: 点转栅格
INFO:root:Process: 栅格转点
INFO:root:Process: 点转栅格 (2)
INFO:root:Process: 栅格转面
INFO:root:Process: 空间连接 (2)
INFO:root:清理内存~~
INFO:root:2017-02-06 07:14:39
INFO:root:(TSLB_ID='网络覆盖' or TSLB_ID='手机上网' or TSLB_ID='数据卡（含MIFI）' or TSLB_ID='通话质量') and (TSRQ >= '2017-02-01 00:00:00' and  TSRQ <= '2017-02-05 23:59:59')
INFO:root:Process: 创建C:\Users\Administrator\AppData\Roaming\ESRI\Desktop10.3\ArcCatalog\WangYouTouSu60.sde\WangYouTouSu.DBO.COMPLAIN_TOUSU_SHEET_WEEK_TMP
INFO:root:Process: 筛选
INFO:root:Process: 点转栅格
INFO:root:Process: 栅格转点
INFO:root:Process: 点转栅格 (2)
INFO:root:Process: 栅格转面
INFO:root:Process: 空间连接 (2)
INFO:root:清理内存~~
INFO:root:2017-02-13 07:14:39
INFO:root:(TSLB_ID='网络覆盖' or TSLB_ID='手机上网' or TSLB_ID='数据卡（含MIFI）' or TSLB_ID='通话质量') and (TSRQ >= '2017-02-01 00:00:00' and  TSRQ <= '2017-02-12 23:59:59')
INFO:root:Process: 创建C:\Users\Administrator\AppData\Roaming\ESRI\Desktop10.3\ArcCatalog\WangYouTouSu60.sde\WangYouTouSu.DBO.COMPLAIN_TOUSU_SHEET_WEEK_TMP
INFO:root:Process: 筛选
INFO:root:Process: 点转栅格
INFO:root:Process: 栅格转点
INFO:root:Process: 点转栅格 (2)
INFO:root:Process: 栅格转面
INFO:root:Process: 空间连接 (2)
INFO:root:清理内存~~
INFO:root:2017-02-20 07:14:39
INFO:root:(TSLB_ID='网络覆盖' or TSLB_ID='手机上网' or TSLB_ID='数据卡（含MIFI）' or TSLB_ID='通话质量') and (TSRQ >= '2017-02-01 00:00:00' and  TSRQ <= '2017-02-19 23:59:59')
INFO:root:Process: 创建C:\Users\Administrator\AppData\Roaming\ESRI\Desktop10.3\ArcCatalog\WangYouTouSu60.sde\WangYouTouSu.DBO.COMPLAIN_TOUSU_SHEET_WEEK_TMP
INFO:root:Process: 筛选
INFO:root:Process: 点转栅格
INFO:root:Process: 栅格转点
INFO:root:Process: 点转栅格 (2)
INFO:root:Process: 栅格转面
INFO:root:Process: 空间连接 (2)
INFO:root:清理内存~~
INFO:root:2017-02-27 07:14:39
INFO:root:(TSLB_ID='网络覆盖' or TSLB_ID='手机上网' or TSLB_ID='数据卡（含MIFI）' or TSLB_ID='通话质量') and (TSRQ >= '2017-02-01 00:00:00' and  TSRQ <= '2017-02-26 23:59:59')
INFO:root:Process: 创建C:\Users\Administrator\AppData\Roaming\ESRI\Desktop10.3\ArcCatalog\WangYouTouSu60.sde\WangYouTouSu.DBO.COMPLAIN_TOUSU_SHEET_WEEK_TMP
INFO:root:Process: 筛选
INFO:root:Process: 点转栅格
INFO:root:Process: 栅格转点
INFO:root:Process: 点转栅格 (2)
INFO:root:Process: 栅格转面
INFO:root:Process: 空间连接 (2)
INFO:root:清理内存~~
INFO:root:2017-03-06 07:14:39
INFO:root:(TSLB_ID='网络覆盖' or TSLB_ID='手机上网' or TSLB_ID='数据卡（含MIFI）' or TSLB_ID='通话质量') and (TSRQ >= '2017-03-01 00:00:00' and  TSRQ <= '2017-03-05 23:59:59')
INFO:root:Process: 创建C:\Users\Administrator\AppData\Roaming\ESRI\Desktop10.3\ArcCatalog\WangYouTouSu60.sde\WangYouTouSu.DBO.COMPLAIN_TOUSU_SHEET_WEEK_TMP
INFO:root:Process: 筛选
INFO:root:Process: 点转栅格
INFO:root:Process: 栅格转点
INFO:root:Process: 点转栅格 (2)
INFO:root:Process: 栅格转面
INFO:root:Process: 空间连接 (2)
INFO:root:清理内存~~
INFO:root:2017-03-13 07:14:39
INFO:root:(TSLB_ID='网络覆盖' or TSLB_ID='手机上网' or TSLB_ID='数据卡（含MIFI）' or TSLB_ID='通话质量') and (TSRQ >= '2017-03-01 00:00:00' and  TSRQ <= '2017-03-12 23:59:59')
INFO:root:Process: 创建C:\Users\Administrator\AppData\Roaming\ESRI\Desktop10.3\ArcCatalog\WangYouTouSu60.sde\WangYouTouSu.DBO.COMPLAIN_TOUSU_SHEET_WEEK_TMP
INFO:root:Process: 筛选
INFO:root:Process: 点转栅格
INFO:root:Process: 栅格转点
INFO:root:Process: 点转栅格 (2)
INFO:root:Process: 栅格转面
INFO:root:Process: 空间连接 (2)
INFO:root:清理内存~~
INFO:root:2017-03-20 07:14:39
INFO:root:(TSLB_ID='网络覆盖' or TSLB_ID='手机上网' or TSLB_ID='数据卡（含MIFI）' or TSLB_ID='通话质量') and (TSRQ >= '2017-03-01 00:00:00' and  TSRQ <= '2017-03-19 23:59:59')
INFO:root:Process: 创建C:\Users\Administrator\AppData\Roaming\ESRI\Desktop10.3\ArcCatalog\WangYouTouSu60.sde\WangYouTouSu.DBO.COMPLAIN_TOUSU_SHEET_WEEK_TMP
INFO:root:Process: 筛选
INFO:root:Process: 点转栅格
INFO:root:Process: 栅格转点
INFO:root:Process: 点转栅格 (2)
INFO:root:Process: 栅格转面
INFO:root:Process: 空间连接 (2)
INFO:root:清理内存~~
INFO:root:2017-03-27 07:14:40
INFO:root:(TSLB_ID='网络覆盖' or TSLB_ID='手机上网' or TSLB_ID='数据卡（含MIFI）' or TSLB_ID='通话质量') and (TSRQ >= '2017-03-01 00:00:00' and  TSRQ <= '2017-03-26 23:59:59')
INFO:root:Process: 创建C:\Users\Administrator\AppData\Roaming\ESRI\Desktop10.3\ArcCatalog\WangYouTouSu60.sde\WangYouTouSu.DBO.COMPLAIN_TOUSU_SHEET_WEEK_TMP
INFO:root:Process: 筛选
INFO:root:Process: 点转栅格
INFO:root:Process: 栅格转点
INFO:root:Process: 点转栅格 (2)
INFO:root:Process: 栅格转面
INFO:root:Process: 空间连接 (2)
INFO:root:清理内存~~
INFO:root:2017-04-03 07:14:39
INFO:root:(TSLB_ID='网络覆盖' or TSLB_ID='手机上网' or TSLB_ID='数据卡（含MIFI）' or TSLB_ID='通话质量') and (TSRQ >= '2017-04-01 00:00:00' and  TSRQ <= '2017-04-02 23:59:59')
INFO:root:Process: 创建C:\Users\Administrator\AppData\Roaming\ESRI\Desktop10.3\ArcCatalog\WangYouTouSu60.sde\WangYouTouSu.DBO.COMPLAIN_TOUSU_SHEET_WEEK_TMP
INFO:root:Process: 筛选
INFO:root:Process: 点转栅格
INFO:root:Process: 栅格转点
INFO:root:Process: 点转栅格 (2)
INFO:root:Process: 栅格转面
INFO:root:Process: 空间连接 (2)
INFO:root:清理内存~~
INFO:root:2017-04-10 07:14:39
INFO:root:(TSLB_ID='网络覆盖' or TSLB_ID='手机上网' or TSLB_ID='数据卡（含MIFI）' or TSLB_ID='通话质量') and (TSRQ >= '2017-04-01 00:00:00' and  TSRQ <= '2017-04-09 23:59:59')
INFO:root:Process: 创建C:\Users\Administrator\AppData\Roaming\ESRI\Desktop10.3\ArcCatalog\WangYouTouSu60.sde\WangYouTouSu.DBO.COMPLAIN_TOUSU_SHEET_WEEK_TMP
INFO:root:Process: 筛选
INFO:root:Process: 点转栅格
INFO:root:Process: 栅格转点
INFO:root:Process: 点转栅格 (2)
INFO:root:Process: 栅格转面
INFO:root:Process: 空间连接 (2)
INFO:root:清理内存~~
INFO:root:2017-04-17 07:14:39
INFO:root:(TSLB_ID='网络覆盖' or TSLB_ID='手机上网' or TSLB_ID='数据卡（含MIFI）' or TSLB_ID='通话质量') and (TSRQ >= '2017-04-01 00:00:00' and  TSRQ <= '2017-04-16 23:59:59')
INFO:root:Process: 创建C:\Users\Administrator\AppData\Roaming\ESRI\Desktop10.3\ArcCatalog\WangYouTouSu60.sde\WangYouTouSu.DBO.COMPLAIN_TOUSU_SHEET_WEEK_TMP
INFO:root:Process: 筛选
INFO:root:Process: 点转栅格
INFO:root:Process: 栅格转点
INFO:root:Process: 点转栅格 (2)
INFO:root:Process: 栅格转面
INFO:root:Process: 空间连接 (2)
INFO:root:清理内存~~
INFO:root:2017-04-24 07:14:39
INFO:root:(TSLB_ID='网络覆盖' or TSLB_ID='手机上网' or TSLB_ID='数据卡（含MIFI）' or TSLB_ID='通话质量') and (TSRQ >= '2017-04-01 00:00:00' and  TSRQ <= '2017-04-23 23:59:59')
INFO:root:Process: 创建C:\Users\Administrator\AppData\Roaming\ESRI\Desktop10.3\ArcCatalog\WangYouTouSu60.sde\WangYouTouSu.DBO.COMPLAIN_TOUSU_SHEET_WEEK_TMP
INFO:root:Process: 筛选
INFO:root:Process: 点转栅格
INFO:root:Process: 栅格转点
INFO:root:Process: 点转栅格 (2)
INFO:root:Process: 栅格转面
INFO:root:Process: 空间连接 (2)
INFO:root:清理内存~~
INFO:root:2017-05-01 07:14:39
INFO:root:(TSLB_ID='网络覆盖' or TSLB_ID='手机上网' or TSLB_ID='数据卡（含MIFI）' or TSLB_ID='通话质量') and (TSRQ >= '2017-04-01 00:00:00' and  TSRQ <= '2017-04-30 23:59:59')
INFO:root:Process: 创建C:\Users\Administrator\AppData\Roaming\ESRI\Desktop10.3\ArcCatalog\WangYouTouSu60.sde\WangYouTouSu.DBO.COMPLAIN_TOUSU_SHEET_WEEK_TMP
INFO:root:Process: 筛选
INFO:root:Process: 点转栅格
INFO:root:Process: 栅格转点
INFO:root:Process: 点转栅格 (2)
INFO:root:Process: 栅格转面
INFO:root:Process: 空间连接 (2)
INFO:root:清理内存~~
INFO:root:2017-05-08 07:14:39
INFO:root:(TSLB_ID='网络覆盖' or TSLB_ID='手机上网' or TSLB_ID='数据卡（含MIFI）' or TSLB_ID='通话质量') and (TSRQ >= '2017-05-01 00:00:00' and  TSRQ <= '2017-05-07 23:59:59')
INFO:root:Process: 创建C:\Users\Administrator\AppData\Roaming\ESRI\Desktop10.3\ArcCatalog\WangYouTouSu60.sde\WangYouTouSu.DBO.COMPLAIN_TOUSU_SHEET_WEEK_TMP
INFO:root:Process: 筛选
INFO:root:Process: 点转栅格
INFO:root:Process: 栅格转点
INFO:root:Process: 点转栅格 (2)
INFO:root:Process: 栅格转面
INFO:root:Process: 空间连接 (2)
INFO:root:清理内存~~
INFO:root:2017-05-15 07:14:39
INFO:root:(TSLB_ID='网络覆盖' or TSLB_ID='手机上网' or TSLB_ID='数据卡（含MIFI）' or TSLB_ID='通话质量') and (TSRQ >= '2017-05-01 00:00:00' and  TSRQ <= '2017-05-14 23:59:59')
INFO:root:Process: 创建C:\Users\Administrator\AppData\Roaming\ESRI\Desktop10.3\ArcCatalog\WangYouTouSu60.sde\WangYouTouSu.DBO.COMPLAIN_TOUSU_SHEET_WEEK_TMP
INFO:root:Process: 筛选
INFO:root:Process: 点转栅格
INFO:root:Process: 栅格转点
INFO:root:Process: 点转栅格 (2)
INFO:root:Process: 栅格转面
INFO:root:Process: 空间连接 (2)
INFO:root:清理内存~~
INFO:root:2017-05-22 07:14:39
INFO:root:(TSLB_ID='网络覆盖' or TSLB_ID='手机上网' or TSLB_ID='数据卡（含MIFI）' or TSLB_ID='通话质量') and (TSRQ >= '2017-05-01 00:00:00' and  TSRQ <= '2017-05-21 23:59:59')
INFO:root:Process: 创建C:\Users\Administrator\AppData\Roaming\ESRI\Desktop10.3\ArcCatalog\WangYouTouSu60.sde\WangYouTouSu.DBO.COMPLAIN_TOUSU_SHEET_WEEK_TMP
INFO:root:Process: 筛选
INFO:root:Process: 点转栅格
INFO:root:Process: 栅格转点
INFO:root:Process: 点转栅格 (2)
INFO:root:Process: 栅格转面
INFO:root:Process: 空间连接 (2)
INFO:root:清理内存~~
INFO:root:2017-05-29 07:14:39
INFO:root:(TSLB_ID='网络覆盖' or TSLB_ID='手机上网' or TSLB_ID='数据卡（含MIFI）' or TSLB_ID='通话质量') and (TSRQ >= '2017-05-01 00:00:00' and  TSRQ <= '2017-05-28 23:59:59')
INFO:root:Process: 创建C:\Users\Administrator\AppData\Roaming\ESRI\Desktop10.3\ArcCatalog\WangYouTouSu60.sde\WangYouTouSu.DBO.COMPLAIN_TOUSU_SHEET_WEEK_TMP
INFO:root:Process: 筛选
INFO:root:Process: 点转栅格
INFO:root:Process: 栅格转点
INFO:root:Process: 点转栅格 (2)
INFO:root:Process: 栅格转面
INFO:root:Process: 空间连接 (2)
INFO:root:清理内存~~
INFO:root:2017-06-05 07:14:39
INFO:root:(TSLB_ID='网络覆盖' or TSLB_ID='手机上网' or TSLB_ID='数据卡（含MIFI）' or TSLB_ID='通话质量') and (TSRQ >= '2017-06-01 00:00:00' and  TSRQ <= '2017-06-04 23:59:59')
INFO:root:Process: 创建C:\Users\Administrator\AppData\Roaming\ESRI\Desktop10.3\ArcCatalog\WangYouTouSu60.sde\WangYouTouSu.DBO.COMPLAIN_TOUSU_SHEET_WEEK_TMP
INFO:root:Process: 筛选
INFO:root:Process: 点转栅格
INFO:root:Process: 栅格转点
INFO:root:Process: 点转栅格 (2)
INFO:root:Process: 栅格转面
INFO:root:Process: 空间连接 (2)
INFO:root:清理内存~~
INFO:root:2017-06-12 07:14:39
INFO:root:(TSLB_ID='网络覆盖' or TSLB_ID='手机上网' or TSLB_ID='数据卡（含MIFI）' or TSLB_ID='通话质量') and (TSRQ >= '2017-06-01 00:00:00' and  TSRQ <= '2017-06-11 23:59:59')
INFO:root:Process: 创建C:\Users\Administrator\AppData\Roaming\ESRI\Desktop10.3\ArcCatalog\WangYouTouSu60.sde\WangYouTouSu.DBO.COMPLAIN_TOUSU_SHEET_WEEK_TMP
INFO:root:Process: 筛选
INFO:root:Process: 点转栅格
INFO:root:Process: 栅格转点
INFO:root:Process: 点转栅格 (2)
INFO:root:Process: 栅格转面
INFO:root:Process: 空间连接 (2)
INFO:root:清理内存~~
INFO:root:2017-06-19 07:14:39
INFO:root:(TSLB_ID='网络覆盖' or TSLB_ID='手机上网' or TSLB_ID='数据卡（含MIFI）' or TSLB_ID='通话质量') and (TSRQ >= '2017-06-01 00:00:00' and  TSRQ <= '2017-06-18 23:59:59')
INFO:root:Process: 创建C:\Users\Administrator\AppData\Roaming\ESRI\Desktop10.3\ArcCatalog\WangYouTouSu60.sde\WangYouTouSu.DBO.COMPLAIN_TOUSU_SHEET_WEEK_TMP
INFO:root:Process: 筛选
INFO:root:Process: 点转栅格
INFO:root:Process: 栅格转点
INFO:root:Process: 点转栅格 (2)
INFO:root:Process: 栅格转面
INFO:root:Process: 空间连接 (2)
INFO:root:清理内存~~
INFO:root:2017-06-26 07:14:39
INFO:root:(TSLB_ID='网络覆盖' or TSLB_ID='手机上网' or TSLB_ID='数据卡（含MIFI）' or TSLB_ID='通话质量') and (TSRQ >= '2017-06-01 00:00:00' and  TSRQ <= '2017-06-25 23:59:59')
INFO:root:Process: 创建C:\Users\Administrator\AppData\Roaming\ESRI\Desktop10.3\ArcCatalog\WangYouTouSu60.sde\WangYouTouSu.DBO.COMPLAIN_TOUSU_SHEET_WEEK_TMP
INFO:root:Process: 筛选
INFO:root:Process: 点转栅格
INFO:root:Process: 栅格转点
INFO:root:Process: 点转栅格 (2)
INFO:root:Process: 栅格转面
INFO:root:Process: 空间连接 (2)
INFO:root:清理内存~~
INFO:root:2017-07-03 07:14:39
INFO:root:(TSLB_ID='网络覆盖' or TSLB_ID='手机上网' or TSLB_ID='数据卡（含MIFI）' or TSLB_ID='通话质量') and (TSRQ >= '2017-07-01 00:00:00' and  TSRQ <= '2017-07-02 23:59:59')
INFO:root:Process: 创建C:\Users\Administrator\AppData\Roaming\ESRI\Desktop10.3\ArcCatalog\WangYouTouSu60.sde\WangYouTouSu.DBO.COMPLAIN_TOUSU_SHEET_WEEK_TMP
INFO:root:Process: 筛选
INFO:root:Process: 点转栅格
INFO:root:Process: 栅格转点
INFO:root:Process: 点转栅格 (2)
INFO:root:Process: 栅格转面
INFO:root:Process: 空间连接 (2)
INFO:root:清理内存~~
INFO:root:2017-07-10 07:14:40
INFO:root:(TSLB_ID='网络覆盖' or TSLB_ID='手机上网' or TSLB_ID='数据卡（含MIFI）' or TSLB_ID='通话质量') and (TSRQ >= '2017-07-01 00:00:00' and  TSRQ <= '2017-07-09 23:59:59')
INFO:root:Process: 创建C:\Users\Administrator\AppData\Roaming\ESRI\Desktop10.3\ArcCatalog\WangYouTouSu60.sde\WangYouTouSu.DBO.COMPLAIN_TOUSU_SHEET_WEEK_TMP
INFO:root:Process: 筛选
INFO:root:Process: 点转栅格
INFO:root:Process: 栅格转点
INFO:root:Process: 点转栅格 (2)
INFO:root:Process: 栅格转面
INFO:root:Process: 空间连接 (2)
INFO:root:清理内存~~
INFO:root:2017-07-17 07:14:39
INFO:root:(TSLB_ID='网络覆盖' or TSLB_ID='手机上网' or TSLB_ID='数据卡（含MIFI）' or TSLB_ID='通话质量') and (TSRQ >= '2017-07-01 00:00:00' and  TSRQ <= '2017-07-16 23:59:59')
INFO:root:Process: 创建C:\Users\Administrator\AppData\Roaming\ESRI\Desktop10.3\ArcCatalog\WangYouTouSu60.sde\WangYouTouSu.DBO.COMPLAIN_TOUSU_SHEET_WEEK_TMP
INFO:root:Process: 筛选
INFO:root:Process: 点转栅格
INFO:root:Process: 栅格转点
INFO:root:Process: 点转栅格 (2)
INFO:root:Process: 栅格转面
INFO:root:Process: 空间连接 (2)
INFO:root:清理内存~~
