INFO:root:¿ªÊ¼Ê±¼ä:2016-08-31 15:35:49
ERROR:root:ERROR 000464: æ— æ³•è·å–ç‹¬å æ–¹æ¡ˆé”ã€‚å®ƒæ­£è¢«å…¶ä»–åº”ç”¨ç¨‹åºç¼–è¾‘æˆ–ä½¿ç”¨ã€‚
æ‰§è¡Œ(Delete)å¤±è´¥ã€‚

INFO:root:¿ªÊ¼Ê±¼ä:2016-08-31 15:36:41
INFO:root:¿ªÊ¼Ê±¼ä:2016-08-31 15:38:29
INFO:root:¿ªÊ¼Ê±¼ä:2016-08-31 15:40:40
INFO:root:¿ªÊ¼Ê±¼ä:2016-08-31 15:42:18
INFO:root:¿ªÊ¼Ê±¼ä:2016-08-31 15:51:46
INFO:root:¿ªÊ¼Ê±¼ä:2016-08-31 15:52:25
ERROR:root:ERROR 999999: æ‰§è¡Œå‡½æ•°æ—¶å‡ºé”™ã€‚
INFO:root:¿ªÊ¼Ê±¼ä:2016-08-31 15:55:31
INFO:root:½áÊøÊ±¼ä:2016-08-31 15:55:42
INFO:root:¿ªÊ¼Ê±¼ä:2016-08-31 16:04:14
ERROR:root:ERROR 000464: æ— æ³•è·å–ç‹¬å æ–¹æ¡ˆé”ã€‚å®ƒæ­£è¢«å…¶ä»–åº”ç”¨ç¨‹åºç¼–è¾‘æˆ–ä½¿ç”¨ã€‚
æ‰§è¡Œ(Delete)å¤±è´¥ã€‚

INFO:root:¿ªÊ¼Ê±¼ä:2016-08-31 16:05:14
ERROR:root:global name 'OutputExcel' is not defined
INFO:root:¿ªÊ¼Ê±¼ä:2016-08-31 16:22:48
INFO:root:1.Process:AggregatePoints
INFO:root:2.Process:PointClusterinsert
INFO:root:¿ªÊ¼Ê±¼ä:2016-08-31 16:27:43
INFO:root:1.Process:AggregatePoints
ERROR:root:ERROR 000258: è¾“å‡º E:\PointsClusterDir\cachedb.gdb\cacheAggregatePoints2_Tbl å·²å­˜åœ¨
æ‰§è¡Œ(AggregatePoints)å¤±è´¥ã€‚

INFO:root:¿ªÊ¼Ê±¼ä:2016-08-31 16:30:23
ERROR:root:ERROR 000464: æ— æ³•è·å–ç‹¬å æ–¹æ¡ˆé”ã€‚å®ƒæ­£è¢«å…¶ä»–åº”ç”¨ç¨‹åºç¼–è¾‘æˆ–ä½¿ç”¨ã€‚
æ‰§è¡Œ(Delete)å¤±è´¥ã€‚

INFO:root:¿ªÊ¼Ê±¼ä:2016-08-31 16:31:30
INFO:root:1.Process:AggregatePoints
INFO:root:2.Process:PointClusterinsert
INFO:root:¿ªÊ¼Ê±¼ä:2016-08-31 16:35:20
INFO:root:1.Process:AggregatePoints
INFO:root:2.Process:PointClusterinsert
INFO:root:3.Process:Dissolve
INFO:root:4.Process:SpatialJoin
INFO:root:5.Process:FeatureToPoint
INFO:root:6.Process:SpatialJoin
INFO:root:7.Process:JoinField
INFO:root:8.Process:delete no user field
INFO:root:9.Process:TableToExcel
INFO:root:½áÊøÊ±¼ä:2016-08-31 16:36:06
INFO:root:¿ªÊ¼Ê±¼ä:2016-08-31 16:53:45
ERROR:root:ERROR 000464: æ— æ³•è·å–ç‹¬å æ–¹æ¡ˆé”ã€‚å®ƒæ­£è¢«å…¶ä»–åº”ç”¨ç¨‹åºç¼–è¾‘æˆ–ä½¿ç”¨ã€‚
æ‰§è¡Œ(Delete)å¤±è´¥ã€‚

INFO:root:¿ªÊ¼Ê±¼ä:2016-08-31 16:54:05
ERROR:root:ERROR 000464: æ— æ³•è·å–ç‹¬å æ–¹æ¡ˆé”ã€‚å®ƒæ­£è¢«å…¶ä»–åº”ç”¨ç¨‹åºç¼–è¾‘æˆ–ä½¿ç”¨ã€‚
æ‰§è¡Œ(Delete)å¤±è´¥ã€‚

INFO:root:¿ªÊ¼Ê±¼ä:2016-08-31 16:55:42
INFO:root:1.Process:AggregatePoints
INFO:root:2.Process:PointClusterinsert
INFO:root:3.Process:Dissolve
INFO:root:4.Process:SpatialJoin
INFO:root:5.Process:FeatureToPoint
INFO:root:6.Process:SpatialJoin
INFO:root:7.Process:JoinField
INFO:root:8.Process:delete no user field
INFO:root:9.Process:TableToExcel
INFO:root:½áÊøÊ±¼ä:2016-08-31 16:56:31
INFO:root:¿ªÊ¼Ê±¼ä:2016-08-31 17:08:59
INFO:root:1.Process:AggregatePoints
INFO:root:2.Process:PointClusterinsert
INFO:root:3.Process:Dissolve
INFO:root:4.Process:SpatialJoin
INFO:root:5.Process:FeatureToPoint
INFO:root:6.Process:SpatialJoin
INFO:root:7.Process:JoinField
INFO:root:8.Process:delete no user field
INFO:root:9.Process:TableToExcel
INFO:root:½áÊøÊ±¼ä:2016-08-31 17:10:10
INFO:root:¿ªÊ¼Ê±¼ä:2016-09-01 15:17:24
INFO:root:1.Process:AggregatePoints
INFO:root:2.Process:PointClusterinsert
INFO:root:3.Process:Dissolve
INFO:root:4.Process:SpatialJoin
INFO:root:5.Process:FeatureToPoint
INFO:root:6.Process:SpatialJoin
INFO:root:7.Process:JoinField
INFO:root:8.Process:delete no user field
INFO:root:9.Process:TableToExcel
INFO:root:½áÊøÊ±¼ä:2016-09-01 15:18:55
INFO:root:¿ªÊ¼Ê±¼ä:2016-09-05 11:32:47
INFO:root:1.Process:AggregatePoints
INFO:root:2.Process:PointClusterinsert
INFO:root:3.Process:Dissolve
INFO:root:4.Process:SpatialJoin
INFO:root:5.Process:FeatureToPoint
INFO:root:6.Process:SpatialJoin
INFO:root:7.Process:JoinField
INFO:root:8.Process:delete no user field
INFO:root:½áÊøÊ±¼ä:2016-09-05 11:52:35
INFO:root:¿ªÊ¼Ê±¼ä:2016-09-07 15:55:28
INFO:root:1.Process:AggregatePoints
INFO:root:2.Process:PointClusterinsert
INFO:root:3.Process:Dissolve
INFO:root:4.Process:SpatialJoin
INFO:root:5.Process:FeatureToPoint
INFO:root:6.Process:SpatialJoin
INFO:root:7.Process:JoinField
INFO:root:8.Process:delete no user field
ERROR:root:æ‰§è¡Œå¤±è´¥ã€‚å‚æ•°æ— æ•ˆã€‚
ERROR 000732: è¾“å…¥è¡¨: æ•°æ®é›† C:\Users\Administrator\AppData\Roaming\ESRI\Desktop10.3\ArcCatalog\PDB_PMSDB.sde\SDE.WNPM_PORT_XQMX_CLUSTER ä¸å­˜åœ¨æˆ–ä¸å—æ”¯æŒ
æ‰§è¡Œ(DeleteField)å¤±è´¥ã€‚

INFO:root:¿ªÊ¼Ê±¼ä:2016-09-08 12:02:22
ERROR:root:ERROR 000464: æ— æ³•è·å–ç‹¬å æ–¹æ¡ˆé”ã€‚å®ƒæ­£è¢«å…¶ä»–åº”ç”¨ç¨‹åºç¼–è¾‘æˆ–ä½¿ç”¨ã€‚
æ‰§è¡Œ(Delete)å¤±è´¥ã€‚

INFO:root:¿ªÊ¼Ê±¼ä:2016-09-08 12:06:43
ERROR:root:ERROR 000464: æ— æ³•è·å–ç‹¬å æ–¹æ¡ˆé”ã€‚å®ƒæ­£è¢«å…¶ä»–åº”ç”¨ç¨‹åºç¼–è¾‘æˆ–ä½¿ç”¨ã€‚
æ‰§è¡Œ(Delete)å¤±è´¥ã€‚

INFO:root:¿ªÊ¼Ê±¼ä:2016-09-08 12:10:50
INFO:root:1.Process:AggregatePoints
INFO:root:2.Process:PointClusterinsert
INFO:root:3.Process:Dissolve
INFO:root:4.Process:SpatialJoin
INFO:root:5.Process:FeatureToPoint
INFO:root:6.Process:SpatialJoin
INFO:root:7.Process:JoinField
INFO:root:8.Process:delete no user field
INFO:root:½áÊøÊ±¼ä:2016-09-08 12:30:18
INFO:root:¿ªÊ¼Ê±¼ä:2016-09-10 05:00:07
INFO:root:1.Process:AggregatePoints
INFO:root:2.Process:PointClusterinsert
INFO:root:3.Process:Dissolve
INFO:root:4.Process:SpatialJoin
INFO:root:5.Process:FeatureToPoint
INFO:root:6.Process:SpatialJoin
INFO:root:7.Process:JoinField
INFO:root:8.Process:delete no user field
INFO:root:½áÊøÊ±¼ä:2016-09-10 05:22:54
INFO:root:¿ªÊ¼Ê±¼ä:2016-09-17 05:00:08
INFO:root:1.Process:AggregatePoints
INFO:root:2.Process:PointClusterinsert
INFO:root:3.Process:Dissolve
INFO:root:4.Process:SpatialJoin
INFO:root:5.Process:FeatureToPoint
INFO:root:6.Process:SpatialJoin
INFO:root:7.Process:JoinField
INFO:root:8.Process:delete no user field
INFO:root:½áÊøÊ±¼ä:2016-09-17 05:23:25
INFO:root:¿ªÊ¼Ê±¼ä:2016-09-24 05:00:08
INFO:root:1.Process:AggregatePoints
INFO:root:2.Process:PointClusterinsert
INFO:root:3.Process:Dissolve
INFO:root:4.Process:SpatialJoin
INFO:root:5.Process:FeatureToPoint
INFO:root:6.Process:SpatialJoin
INFO:root:7.Process:JoinField
INFO:root:8.Process:delete no user field
INFO:root:½áÊøÊ±¼ä:2016-09-24 05:23:47
INFO:root:¿ªÊ¼Ê±¼ä:2016-10-01 05:00:08
INFO:root:1.Process:AggregatePoints
INFO:root:2.Process:PointClusterinsert
INFO:root:3.Process:Dissolve
INFO:root:4.Process:SpatialJoin
INFO:root:5.Process:FeatureToPoint
INFO:root:6.Process:SpatialJoin
INFO:root:7.Process:JoinField
INFO:root:8.Process:delete no user field
INFO:root:½áÊøÊ±¼ä:2016-10-01 05:23:10
INFO:root:¿ªÊ¼Ê±¼ä:2016-10-08 05:00:07
INFO:root:1.Process:AggregatePoints
INFO:root:2.Process:PointClusterinsert
INFO:root:3.Process:Dissolve
INFO:root:4.Process:SpatialJoin
INFO:root:5.Process:FeatureToPoint
INFO:root:6.Process:SpatialJoin
INFO:root:7.Process:JoinField
INFO:root:8.Process:delete no user field
INFO:root:½áÊøÊ±¼ä:2016-10-08 05:23:19
INFO:root:¿ªÊ¼Ê±¼ä:2016-10-15 05:00:07
INFO:root:1.Process:AggregatePoints
INFO:root:2.Process:PointClusterinsert
INFO:root:3.Process:Dissolve
INFO:root:4.Process:SpatialJoin
INFO:root:5.Process:FeatureToPoint
INFO:root:6.Process:SpatialJoin
INFO:root:7.Process:JoinField
INFO:root:8.Process:delete no user field
INFO:root:½áÊøÊ±¼ä:2016-10-15 05:19:51
INFO:root:¿ªÊ¼Ê±¼ä:2016-10-22 05:00:08
INFO:root:1.Process:AggregatePoints
INFO:root:2.Process:PointClusterinsert
INFO:root:3.Process:Dissolve
INFO:root:4.Process:SpatialJoin
INFO:root:5.Process:FeatureToPoint
INFO:root:6.Process:SpatialJoin
INFO:root:7.Process:JoinField
INFO:root:8.Process:delete no user field
INFO:root:½áÊøÊ±¼ä:2016-10-22 05:01:06
INFO:root:¿ªÊ¼Ê±¼ä:2016-10-29 05:00:08
INFO:root:1.Process:AggregatePoints
INFO:root:2.Process:PointClusterinsert
INFO:root:3.Process:Dissolve
INFO:root:4.Process:SpatialJoin
INFO:root:5.Process:FeatureToPoint
INFO:root:6.Process:SpatialJoin
INFO:root:7.Process:JoinField
INFO:root:8.Process:delete no user field
INFO:root:½áÊøÊ±¼ä:2016-10-29 05:41:54
INFO:root:¿ªÊ¼Ê±¼ä:2016-11-05 05:00:08
INFO:root:1.Process:AggregatePoints
INFO:root:2.Process:PointClusterinsert
INFO:root:3.Process:Dissolve
INFO:root:4.Process:SpatialJoin
INFO:root:5.Process:FeatureToPoint
INFO:root:6.Process:SpatialJoin
INFO:root:7.Process:JoinField
INFO:root:8.Process:delete no user field
INFO:root:½áÊøÊ±¼ä:2016-11-05 05:38:29
INFO:root:¿ªÊ¼Ê±¼ä:2016-11-12 05:00:08
INFO:root:1.Process:AggregatePoints
INFO:root:2.Process:PointClusterinsert
INFO:root:3.Process:Dissolve
INFO:root:4.Process:SpatialJoin
INFO:root:5.Process:FeatureToPoint
INFO:root:6.Process:SpatialJoin
INFO:root:7.Process:JoinField
INFO:root:8.Process:delete no user field
INFO:root:½áÊøÊ±¼ä:2016-11-12 05:38:38
INFO:root:¿ªÊ¼Ê±¼ä:2016-11-19 05:00:07
INFO:root:1.Process:AggregatePoints
INFO:root:2.Process:PointClusterinsert
INFO:root:3.Process:Dissolve
INFO:root:4.Process:SpatialJoin
INFO:root:5.Process:FeatureToPoint
INFO:root:6.Process:SpatialJoin
INFO:root:7.Process:JoinField
INFO:root:8.Process:delete no user field
INFO:root:½áÊøÊ±¼ä:2016-11-19 05:38:46
INFO:root:¿ªÊ¼Ê±¼ä:2016-11-26 05:00:07
INFO:root:1.Process:AggregatePoints
INFO:root:2.Process:PointClusterinsert
INFO:root:3.Process:Dissolve
INFO:root:4.Process:SpatialJoin
INFO:root:5.Process:FeatureToPoint
INFO:root:6.Process:SpatialJoin
INFO:root:7.Process:JoinField
INFO:root:8.Process:delete no user field
INFO:root:½áÊøÊ±¼ä:2016-11-26 05:40:24
INFO:root:¿ªÊ¼Ê±¼ä:2016-12-03 05:00:08
INFO:root:1.Process:AggregatePoints
INFO:root:2.Process:PointClusterinsert
INFO:root:3.Process:Dissolve
INFO:root:4.Process:SpatialJoin
INFO:root:5.Process:FeatureToPoint
INFO:root:6.Process:SpatialJoin
INFO:root:7.Process:JoinField
INFO:root:8.Process:delete no user field
INFO:root:½áÊøÊ±¼ä:2016-12-03 05:41:23
INFO:root:¿ªÊ¼Ê±¼ä:2016-12-10 05:00:08
INFO:root:1.Process:AggregatePoints
INFO:root:2.Process:PointClusterinsert
INFO:root:3.Process:Dissolve
INFO:root:4.Process:SpatialJoin
INFO:root:5.Process:FeatureToPoint
INFO:root:6.Process:SpatialJoin
INFO:root:7.Process:JoinField
INFO:root:8.Process:delete no user field
INFO:root:½áÊøÊ±¼ä:2016-12-10 05:50:39
INFO:root:¿ªÊ¼Ê±¼ä:2016-12-17 05:00:08
INFO:root:1.Process:AggregatePoints
INFO:root:2.Process:PointClusterinsert
INFO:root:3.Process:Dissolve
INFO:root:4.Process:SpatialJoin
INFO:root:5.Process:FeatureToPoint
INFO:root:6.Process:SpatialJoin
INFO:root:7.Process:JoinField
INFO:root:8.Process:delete no user field
INFO:root:½áÊøÊ±¼ä:2016-12-17 05:36:28
INFO:root:¿ªÊ¼Ê±¼ä:2016-12-24 05:00:08
INFO:root:1.Process:AggregatePoints
INFO:root:2.Process:PointClusterinsert
INFO:root:3.Process:Dissolve
INFO:root:4.Process:SpatialJoin
INFO:root:5.Process:FeatureToPoint
INFO:root:6.Process:SpatialJoin
INFO:root:7.Process:JoinField
INFO:root:8.Process:delete no user field
INFO:root:½áÊøÊ±¼ä:2016-12-24 05:38:23
INFO:root:¿ªÊ¼Ê±¼ä:2016-12-31 05:00:08
ERROR:root:ERROR 999999: æ‰§è¡Œå‡½æ•°æ—¶å‡ºé”™ã€‚
å€¼ç±»å‹ä¸å­—æ®µç±»å‹ä¸å…¼å®¹ã€‚ [SQE_NO]
INFO:root:¿ªÊ¼Ê±¼ä:2017-01-07 05:00:08
ERROR:root:ERROR 999999: æ‰§è¡Œå‡½æ•°æ—¶å‡ºé”™ã€‚
å€¼ç±»å‹ä¸å­—æ®µç±»å‹ä¸å…¼å®¹ã€‚ [SQE_NO]
INFO:root:¿ªÊ¼Ê±¼ä:2017-01-14 05:00:08
ERROR:root:ERROR 999999: æ‰§è¡Œå‡½æ•°æ—¶å‡ºé”™ã€‚
å€¼ç±»å‹ä¸å­—æ®µç±»å‹ä¸å…¼å®¹ã€‚ [SQE_NO]
INFO:root:¿ªÊ¼Ê±¼ä:2017-01-21 05:00:08
ERROR:root:ERROR 999999: æ‰§è¡Œå‡½æ•°æ—¶å‡ºé”™ã€‚
å€¼ç±»å‹ä¸å­—æ®µç±»å‹ä¸å…¼å®¹ã€‚ [SQE_NO]
INFO:root:¿ªÊ¼Ê±¼ä:2017-01-28 05:00:07
ERROR:root:ERROR 999999: æ‰§è¡Œå‡½æ•°æ—¶å‡ºé”™ã€‚
å€¼ç±»å‹ä¸å­—æ®µç±»å‹ä¸å…¼å®¹ã€‚ [SQE_NO]
INFO:root:¿ªÊ¼Ê±¼ä:2017-02-04 05:00:08
ERROR:root:ERROR 999999: æ‰§è¡Œå‡½æ•°æ—¶å‡ºé”™ã€‚
å€¼ç±»å‹ä¸å­—æ®µç±»å‹ä¸å…¼å®¹ã€‚ [SQE_NO]
INFO:root:¿ªÊ¼Ê±¼ä:2017-02-11 05:00:08
ERROR:root:ERROR 999999: æ‰§è¡Œå‡½æ•°æ—¶å‡ºé”™ã€‚
å€¼ç±»å‹ä¸å­—æ®µç±»å‹ä¸å…¼å®¹ã€‚ [SQE_NO]
INFO:root:¿ªÊ¼Ê±¼ä:2017-02-18 05:00:08
ERROR:root:ERROR 999999: æ‰§è¡Œå‡½æ•°æ—¶å‡ºé”™ã€‚
å€¼ç±»å‹ä¸å­—æ®µç±»å‹ä¸å…¼å®¹ã€‚ [SQE_NO]
INFO:root:¿ªÊ¼Ê±¼ä:2017-02-25 05:00:08
ERROR:root:ERROR 999999: æ‰§è¡Œå‡½æ•°æ—¶å‡ºé”™ã€‚
å€¼ç±»å‹ä¸å­—æ®µç±»å‹ä¸å…¼å®¹ã€‚ [SQE_NO]
INFO:root:¿ªÊ¼Ê±¼ä:2017-03-04 05:00:08
ERROR:root:ERROR 999999: æ‰§è¡Œå‡½æ•°æ—¶å‡ºé”™ã€‚
å€¼ç±»å‹ä¸å­—æ®µç±»å‹ä¸å…¼å®¹ã€‚ [SQE_NO]
INFO:root:¿ªÊ¼Ê±¼ä:2017-03-11 05:00:08
ERROR:root:ERROR 999999: æ‰§è¡Œå‡½æ•°æ—¶å‡ºé”™ã€‚
å€¼ç±»å‹ä¸å­—æ®µç±»å‹ä¸å…¼å®¹ã€‚ [SQE_NO]
INFO:root:¿ªÊ¼Ê±¼ä:2017-03-18 05:00:08
ERROR:root:ERROR 999999: æ‰§è¡Œå‡½æ•°æ—¶å‡ºé”™ã€‚
INFO:root:¿ªÊ¼Ê±¼ä:2017-03-25 05:00:08
ERROR:root:ERROR 999999: æ‰§è¡Œå‡½æ•°æ—¶å‡ºé”™ã€‚
INFO:root:¿ªÊ¼Ê±¼ä:2017-04-01 05:00:08
ERROR:root:ERROR 999999: æ‰§è¡Œå‡½æ•°æ—¶å‡ºé”™ã€‚
INFO:root:¿ªÊ¼Ê±¼ä:2017-04-08 05:00:08
ERROR:root:ERROR 999999: æ‰§è¡Œå‡½æ•°æ—¶å‡ºé”™ã€‚
INFO:root:¿ªÊ¼Ê±¼ä:2017-04-15 05:00:08
ERROR:root:ERROR 999999: æ‰§è¡Œå‡½æ•°æ—¶å‡ºé”™ã€‚
INFO:root:¿ªÊ¼Ê±¼ä:2017-04-22 05:00:08
ERROR:root:ERROR 999999: æ‰§è¡Œå‡½æ•°æ—¶å‡ºé”™ã€‚
INFO:root:¿ªÊ¼Ê±¼ä:2017-04-29 05:00:08
ERROR:root:ERROR 999999: æ‰§è¡Œå‡½æ•°æ—¶å‡ºé”™ã€‚
INFO:root:¿ªÊ¼Ê±¼ä:2017-05-06 05:00:08
ERROR:root:ERROR 999999: æ‰§è¡Œå‡½æ•°æ—¶å‡ºé”™ã€‚
INFO:root:¿ªÊ¼Ê±¼ä:2017-05-13 05:00:08
ERROR:root:ERROR 999999: æ‰§è¡Œå‡½æ•°æ—¶å‡ºé”™ã€‚
INFO:root:¿ªÊ¼Ê±¼ä:2017-05-20 05:00:08
ERROR:root:ERROR 999999: æ‰§è¡Œå‡½æ•°æ—¶å‡ºé”™ã€‚
INFO:root:¿ªÊ¼Ê±¼ä:2017-05-27 05:00:08
ERROR:root:ERROR 999999: æ‰§è¡Œå‡½æ•°æ—¶å‡ºé”™ã€‚
INFO:root:¿ªÊ¼Ê±¼ä:2017-06-03 05:00:07
ERROR:root:ERROR 999999: æ‰§è¡Œå‡½æ•°æ—¶å‡ºé”™ã€‚
INFO:root:¿ªÊ¼Ê±¼ä:2017-06-10 05:00:08
ERROR:root:ERROR 999999: æ‰§è¡Œå‡½æ•°æ—¶å‡ºé”™ã€‚
INFO:root:¿ªÊ¼Ê±¼ä:2017-06-17 05:00:08
ERROR:root:ERROR 999999: æ‰§è¡Œå‡½æ•°æ—¶å‡ºé”™ã€‚
INFO:root:¿ªÊ¼Ê±¼ä:2017-06-24 05:00:08
ERROR:root:ERROR 999999: æ‰§è¡Œå‡½æ•°æ—¶å‡ºé”™ã€‚
INFO:root:¿ªÊ¼Ê±¼ä:2017-07-01 05:00:39
ERROR:root:ERROR 999999: æ‰§è¡Œå‡½æ•°æ—¶å‡ºé”™ã€‚
INFO:root:¿ªÊ¼Ê±¼ä:2017-07-08 05:00:08
ERROR:root:ERROR 999999: æ‰§è¡Œå‡½æ•°æ—¶å‡ºé”™ã€‚
INFO:root:¿ªÊ¼Ê±¼ä:2017-07-15 05:00:08
ERROR:root:ERROR 999999: æ‰§è¡Œå‡½æ•°æ—¶å‡ºé”™ã€‚
